[2025-05-08T16:11:06.643+0000] {processor.py:157} INFO - Started process (PID=63) to work on /opt/airflow/dags/Ejemplo.py
[2025-05-08T16:11:06.652+0000] {processor.py:829} INFO - Processing file /opt/airflow/dags/Ejemplo.py for tasks to queue
[2025-05-08T16:11:06.673+0000] {logging_mixin.py:154} INFO - [2025-05-08T16:11:06.672+0000] {dagbag.py:536} INFO - Filling up the DagBag from /opt/airflow/dags/Ejemplo.py
[2025-05-08T16:11:06.851+0000] {processor.py:839} INFO - DAG(s) dict_keys(['example_trading_dag']) retrieved from /opt/airflow/dags/Ejemplo.py
[2025-05-08T16:11:07.502+0000] {logging_mixin.py:154} INFO - [2025-05-08T16:11:07.502+0000] {manager.py:499} INFO - Created Permission View: %s
[2025-05-08T16:11:07.531+0000] {logging_mixin.py:154} INFO - [2025-05-08T16:11:07.531+0000] {manager.py:499} INFO - Created Permission View: %s
[2025-05-08T16:11:07.554+0000] {logging_mixin.py:154} INFO - [2025-05-08T16:11:07.554+0000] {manager.py:499} INFO - Created Permission View: %s
[2025-05-08T16:11:07.555+0000] {logging_mixin.py:154} INFO - [2025-05-08T16:11:07.555+0000] {dag.py:2941} INFO - Sync 1 DAGs
[2025-05-08T16:11:07.596+0000] {logging_mixin.py:154} INFO - [2025-05-08T16:11:07.596+0000] {dag.py:2963} INFO - Creating ORM DAG for example_trading_dag
[2025-05-08T16:11:07.678+0000] {logging_mixin.py:154} INFO - [2025-05-08T16:11:07.678+0000] {dag.py:3722} INFO - Setting next_dagrun for example_trading_dag to 2025-05-07T00:00:00+00:00, run_after=2025-05-08T00:00:00+00:00
[2025-05-08T16:11:07.710+0000] {processor.py:179} INFO - Processing /opt/airflow/dags/Ejemplo.py took 1.082 seconds
[2025-05-08T16:11:37.914+0000] {processor.py:157} INFO - Started process (PID=125) to work on /opt/airflow/dags/Ejemplo.py
[2025-05-08T16:11:37.917+0000] {processor.py:829} INFO - Processing file /opt/airflow/dags/Ejemplo.py for tasks to queue
[2025-05-08T16:11:37.921+0000] {logging_mixin.py:154} INFO - [2025-05-08T16:11:37.921+0000] {dagbag.py:536} INFO - Filling up the DagBag from /opt/airflow/dags/Ejemplo.py
[2025-05-08T16:11:37.937+0000] {processor.py:839} INFO - DAG(s) dict_keys(['example_trading_dag']) retrieved from /opt/airflow/dags/Ejemplo.py
[2025-05-08T16:11:37.981+0000] {logging_mixin.py:154} INFO - [2025-05-08T16:11:37.981+0000] {dag.py:2941} INFO - Sync 1 DAGs
[2025-05-08T16:11:38.024+0000] {logging_mixin.py:154} INFO - [2025-05-08T16:11:38.023+0000] {dag.py:3722} INFO - Setting next_dagrun for example_trading_dag to 2025-05-07T00:00:00+00:00, run_after=2025-05-08T00:00:00+00:00
[2025-05-08T16:11:38.057+0000] {processor.py:179} INFO - Processing /opt/airflow/dags/Ejemplo.py took 0.148 seconds
[2025-05-08T16:12:08.400+0000] {processor.py:157} INFO - Started process (PID=180) to work on /opt/airflow/dags/Ejemplo.py
[2025-05-08T16:12:08.401+0000] {processor.py:829} INFO - Processing file /opt/airflow/dags/Ejemplo.py for tasks to queue
[2025-05-08T16:12:08.404+0000] {logging_mixin.py:154} INFO - [2025-05-08T16:12:08.404+0000] {dagbag.py:536} INFO - Filling up the DagBag from /opt/airflow/dags/Ejemplo.py
[2025-05-08T16:12:08.428+0000] {processor.py:839} INFO - DAG(s) dict_keys(['example_trading_dag']) retrieved from /opt/airflow/dags/Ejemplo.py
[2025-05-08T16:12:08.462+0000] {logging_mixin.py:154} INFO - [2025-05-08T16:12:08.462+0000] {dag.py:2941} INFO - Sync 1 DAGs
[2025-05-08T16:12:08.495+0000] {logging_mixin.py:154} INFO - [2025-05-08T16:12:08.495+0000] {dag.py:3722} INFO - Setting next_dagrun for example_trading_dag to 2025-05-07T00:00:00+00:00, run_after=2025-05-08T00:00:00+00:00
[2025-05-08T16:12:08.530+0000] {processor.py:179} INFO - Processing /opt/airflow/dags/Ejemplo.py took 0.136 seconds
[2025-05-08T16:12:38.856+0000] {processor.py:157} INFO - Started process (PID=235) to work on /opt/airflow/dags/Ejemplo.py
[2025-05-08T16:12:38.857+0000] {processor.py:829} INFO - Processing file /opt/airflow/dags/Ejemplo.py for tasks to queue
[2025-05-08T16:12:38.860+0000] {logging_mixin.py:154} INFO - [2025-05-08T16:12:38.860+0000] {dagbag.py:536} INFO - Filling up the DagBag from /opt/airflow/dags/Ejemplo.py
[2025-05-08T16:12:38.881+0000] {processor.py:839} INFO - DAG(s) dict_keys(['example_trading_dag']) retrieved from /opt/airflow/dags/Ejemplo.py
[2025-05-08T16:12:38.913+0000] {logging_mixin.py:154} INFO - [2025-05-08T16:12:38.913+0000] {dag.py:2941} INFO - Sync 1 DAGs
[2025-05-08T16:12:38.969+0000] {logging_mixin.py:154} INFO - [2025-05-08T16:12:38.968+0000] {dag.py:3722} INFO - Setting next_dagrun for example_trading_dag to 2025-05-07T00:00:00+00:00, run_after=2025-05-08T00:00:00+00:00
[2025-05-08T16:12:39.015+0000] {processor.py:179} INFO - Processing /opt/airflow/dags/Ejemplo.py took 0.164 seconds
[2025-05-08T16:13:09.358+0000] {processor.py:157} INFO - Started process (PID=290) to work on /opt/airflow/dags/Ejemplo.py
[2025-05-08T16:13:09.360+0000] {processor.py:829} INFO - Processing file /opt/airflow/dags/Ejemplo.py for tasks to queue
[2025-05-08T16:13:09.363+0000] {logging_mixin.py:154} INFO - [2025-05-08T16:13:09.363+0000] {dagbag.py:536} INFO - Filling up the DagBag from /opt/airflow/dags/Ejemplo.py
[2025-05-08T16:13:09.381+0000] {processor.py:839} INFO - DAG(s) dict_keys(['example_trading_dag']) retrieved from /opt/airflow/dags/Ejemplo.py
[2025-05-08T16:13:09.418+0000] {logging_mixin.py:154} INFO - [2025-05-08T16:13:09.418+0000] {dag.py:2941} INFO - Sync 1 DAGs
[2025-05-08T16:13:09.458+0000] {logging_mixin.py:154} INFO - [2025-05-08T16:13:09.457+0000] {dag.py:3722} INFO - Setting next_dagrun for example_trading_dag to 2025-05-07T00:00:00+00:00, run_after=2025-05-08T00:00:00+00:00
[2025-05-08T16:13:09.491+0000] {processor.py:179} INFO - Processing /opt/airflow/dags/Ejemplo.py took 0.139 seconds
[2025-05-08T16:13:39.640+0000] {processor.py:157} INFO - Started process (PID=345) to work on /opt/airflow/dags/Ejemplo.py
[2025-05-08T16:13:39.641+0000] {processor.py:829} INFO - Processing file /opt/airflow/dags/Ejemplo.py for tasks to queue
[2025-05-08T16:13:39.644+0000] {logging_mixin.py:154} INFO - [2025-05-08T16:13:39.643+0000] {dagbag.py:536} INFO - Filling up the DagBag from /opt/airflow/dags/Ejemplo.py
[2025-05-08T16:13:39.662+0000] {processor.py:839} INFO - DAG(s) dict_keys(['example_trading_dag']) retrieved from /opt/airflow/dags/Ejemplo.py
[2025-05-08T16:13:39.694+0000] {logging_mixin.py:154} INFO - [2025-05-08T16:13:39.694+0000] {dag.py:2941} INFO - Sync 1 DAGs
[2025-05-08T16:13:39.728+0000] {logging_mixin.py:154} INFO - [2025-05-08T16:13:39.727+0000] {dag.py:3722} INFO - Setting next_dagrun for example_trading_dag to 2025-05-07T00:00:00+00:00, run_after=2025-05-08T00:00:00+00:00
[2025-05-08T16:13:39.762+0000] {processor.py:179} INFO - Processing /opt/airflow/dags/Ejemplo.py took 0.126 seconds
[2025-05-08T16:14:09.911+0000] {processor.py:157} INFO - Started process (PID=400) to work on /opt/airflow/dags/Ejemplo.py
[2025-05-08T16:14:09.912+0000] {processor.py:829} INFO - Processing file /opt/airflow/dags/Ejemplo.py for tasks to queue
[2025-05-08T16:14:09.915+0000] {logging_mixin.py:154} INFO - [2025-05-08T16:14:09.915+0000] {dagbag.py:536} INFO - Filling up the DagBag from /opt/airflow/dags/Ejemplo.py
[2025-05-08T16:14:09.934+0000] {processor.py:839} INFO - DAG(s) dict_keys(['example_trading_dag']) retrieved from /opt/airflow/dags/Ejemplo.py
[2025-05-08T16:14:09.962+0000] {logging_mixin.py:154} INFO - [2025-05-08T16:14:09.962+0000] {dag.py:2941} INFO - Sync 1 DAGs
[2025-05-08T16:14:10.003+0000] {logging_mixin.py:154} INFO - [2025-05-08T16:14:10.003+0000] {dag.py:3722} INFO - Setting next_dagrun for example_trading_dag to 2025-05-07T00:00:00+00:00, run_after=2025-05-08T00:00:00+00:00
[2025-05-08T16:14:10.035+0000] {processor.py:179} INFO - Processing /opt/airflow/dags/Ejemplo.py took 0.130 seconds
[2025-05-08T16:14:40.287+0000] {processor.py:157} INFO - Started process (PID=455) to work on /opt/airflow/dags/Ejemplo.py
[2025-05-08T16:14:40.288+0000] {processor.py:829} INFO - Processing file /opt/airflow/dags/Ejemplo.py for tasks to queue
[2025-05-08T16:14:40.292+0000] {logging_mixin.py:154} INFO - [2025-05-08T16:14:40.291+0000] {dagbag.py:536} INFO - Filling up the DagBag from /opt/airflow/dags/Ejemplo.py
[2025-05-08T16:14:40.303+0000] {processor.py:839} INFO - DAG(s) dict_keys(['example_trading_dag']) retrieved from /opt/airflow/dags/Ejemplo.py
[2025-05-08T16:14:40.335+0000] {logging_mixin.py:154} INFO - [2025-05-08T16:14:40.334+0000] {dag.py:2941} INFO - Sync 1 DAGs
[2025-05-08T16:14:40.366+0000] {logging_mixin.py:154} INFO - [2025-05-08T16:14:40.366+0000] {dag.py:3722} INFO - Setting next_dagrun for example_trading_dag to 2025-05-07T00:00:00+00:00, run_after=2025-05-08T00:00:00+00:00
[2025-05-08T16:14:40.395+0000] {processor.py:179} INFO - Processing /opt/airflow/dags/Ejemplo.py took 0.113 seconds
[2025-05-08T16:15:10.739+0000] {processor.py:157} INFO - Started process (PID=510) to work on /opt/airflow/dags/Ejemplo.py
[2025-05-08T16:15:10.742+0000] {processor.py:829} INFO - Processing file /opt/airflow/dags/Ejemplo.py for tasks to queue
[2025-05-08T16:15:10.748+0000] {logging_mixin.py:154} INFO - [2025-05-08T16:15:10.747+0000] {dagbag.py:536} INFO - Filling up the DagBag from /opt/airflow/dags/Ejemplo.py
[2025-05-08T16:15:10.863+0000] {processor.py:839} INFO - DAG(s) dict_keys(['example_trading_dag']) retrieved from /opt/airflow/dags/Ejemplo.py
[2025-05-08T16:15:10.961+0000] {logging_mixin.py:154} INFO - [2025-05-08T16:15:10.959+0000] {dag.py:2941} INFO - Sync 1 DAGs
[2025-05-08T16:15:11.049+0000] {logging_mixin.py:154} INFO - [2025-05-08T16:15:11.049+0000] {dag.py:3722} INFO - Setting next_dagrun for example_trading_dag to 2025-05-07T00:00:00+00:00, run_after=2025-05-08T00:00:00+00:00
[2025-05-08T16:15:11.099+0000] {processor.py:179} INFO - Processing /opt/airflow/dags/Ejemplo.py took 0.369 seconds
[2025-05-08T16:15:41.364+0000] {processor.py:157} INFO - Started process (PID=565) to work on /opt/airflow/dags/Ejemplo.py
[2025-05-08T16:15:41.365+0000] {processor.py:829} INFO - Processing file /opt/airflow/dags/Ejemplo.py for tasks to queue
[2025-05-08T16:15:41.368+0000] {logging_mixin.py:154} INFO - [2025-05-08T16:15:41.368+0000] {dagbag.py:536} INFO - Filling up the DagBag from /opt/airflow/dags/Ejemplo.py
[2025-05-08T16:15:41.385+0000] {processor.py:839} INFO - DAG(s) dict_keys(['example_trading_dag']) retrieved from /opt/airflow/dags/Ejemplo.py
[2025-05-08T16:15:41.414+0000] {logging_mixin.py:154} INFO - [2025-05-08T16:15:41.413+0000] {dag.py:2941} INFO - Sync 1 DAGs
[2025-05-08T16:15:41.443+0000] {logging_mixin.py:154} INFO - [2025-05-08T16:15:41.443+0000] {dag.py:3722} INFO - Setting next_dagrun for example_trading_dag to 2025-05-07T00:00:00+00:00, run_after=2025-05-08T00:00:00+00:00
[2025-05-08T16:15:41.481+0000] {processor.py:179} INFO - Processing /opt/airflow/dags/Ejemplo.py took 0.121 seconds
[2025-05-08T16:16:11.519+0000] {processor.py:157} INFO - Started process (PID=620) to work on /opt/airflow/dags/Ejemplo.py
[2025-05-08T16:16:11.520+0000] {processor.py:829} INFO - Processing file /opt/airflow/dags/Ejemplo.py for tasks to queue
[2025-05-08T16:16:11.525+0000] {logging_mixin.py:154} INFO - [2025-05-08T16:16:11.524+0000] {dagbag.py:536} INFO - Filling up the DagBag from /opt/airflow/dags/Ejemplo.py
[2025-05-08T16:16:11.547+0000] {processor.py:839} INFO - DAG(s) dict_keys(['example_trading_dag']) retrieved from /opt/airflow/dags/Ejemplo.py
[2025-05-08T16:16:11.584+0000] {logging_mixin.py:154} INFO - [2025-05-08T16:16:11.583+0000] {dag.py:2941} INFO - Sync 1 DAGs
[2025-05-08T16:16:11.621+0000] {logging_mixin.py:154} INFO - [2025-05-08T16:16:11.620+0000] {dag.py:3722} INFO - Setting next_dagrun for example_trading_dag to 2025-05-07T00:00:00+00:00, run_after=2025-05-08T00:00:00+00:00
[2025-05-08T16:16:11.671+0000] {processor.py:179} INFO - Processing /opt/airflow/dags/Ejemplo.py took 0.157 seconds
[2025-05-08T16:16:41.912+0000] {processor.py:157} INFO - Started process (PID=675) to work on /opt/airflow/dags/Ejemplo.py
[2025-05-08T16:16:41.914+0000] {processor.py:829} INFO - Processing file /opt/airflow/dags/Ejemplo.py for tasks to queue
[2025-05-08T16:16:41.916+0000] {logging_mixin.py:154} INFO - [2025-05-08T16:16:41.916+0000] {dagbag.py:536} INFO - Filling up the DagBag from /opt/airflow/dags/Ejemplo.py
[2025-05-08T16:16:41.929+0000] {processor.py:839} INFO - DAG(s) dict_keys(['example_trading_dag']) retrieved from /opt/airflow/dags/Ejemplo.py
[2025-05-08T16:16:41.954+0000] {logging_mixin.py:154} INFO - [2025-05-08T16:16:41.954+0000] {dag.py:2941} INFO - Sync 1 DAGs
[2025-05-08T16:16:41.982+0000] {logging_mixin.py:154} INFO - [2025-05-08T16:16:41.981+0000] {dag.py:3722} INFO - Setting next_dagrun for example_trading_dag to 2025-05-07T00:00:00+00:00, run_after=2025-05-08T00:00:00+00:00
[2025-05-08T16:16:42.020+0000] {processor.py:179} INFO - Processing /opt/airflow/dags/Ejemplo.py took 0.113 seconds
[2025-05-08T16:17:12.252+0000] {processor.py:157} INFO - Started process (PID=730) to work on /opt/airflow/dags/Ejemplo.py
[2025-05-08T16:17:12.253+0000] {processor.py:829} INFO - Processing file /opt/airflow/dags/Ejemplo.py for tasks to queue
[2025-05-08T16:17:12.257+0000] {logging_mixin.py:154} INFO - [2025-05-08T16:17:12.256+0000] {dagbag.py:536} INFO - Filling up the DagBag from /opt/airflow/dags/Ejemplo.py
[2025-05-08T16:17:12.276+0000] {processor.py:839} INFO - DAG(s) dict_keys(['example_trading_dag']) retrieved from /opt/airflow/dags/Ejemplo.py
[2025-05-08T16:17:12.309+0000] {logging_mixin.py:154} INFO - [2025-05-08T16:17:12.309+0000] {dag.py:2941} INFO - Sync 1 DAGs
[2025-05-08T16:17:12.344+0000] {logging_mixin.py:154} INFO - [2025-05-08T16:17:12.343+0000] {dag.py:3722} INFO - Setting next_dagrun for example_trading_dag to 2025-05-07T00:00:00+00:00, run_after=2025-05-08T00:00:00+00:00
[2025-05-08T16:17:12.371+0000] {processor.py:179} INFO - Processing /opt/airflow/dags/Ejemplo.py took 0.125 seconds
[2025-05-08T16:17:42.405+0000] {processor.py:157} INFO - Started process (PID=785) to work on /opt/airflow/dags/Ejemplo.py
[2025-05-08T16:17:42.406+0000] {processor.py:829} INFO - Processing file /opt/airflow/dags/Ejemplo.py for tasks to queue
[2025-05-08T16:17:42.409+0000] {logging_mixin.py:154} INFO - [2025-05-08T16:17:42.408+0000] {dagbag.py:536} INFO - Filling up the DagBag from /opt/airflow/dags/Ejemplo.py
[2025-05-08T16:17:42.420+0000] {processor.py:839} INFO - DAG(s) dict_keys(['example_trading_dag']) retrieved from /opt/airflow/dags/Ejemplo.py
[2025-05-08T16:17:42.453+0000] {logging_mixin.py:154} INFO - [2025-05-08T16:17:42.452+0000] {dag.py:2941} INFO - Sync 1 DAGs
[2025-05-08T16:17:42.487+0000] {logging_mixin.py:154} INFO - [2025-05-08T16:17:42.487+0000] {dag.py:3722} INFO - Setting next_dagrun for example_trading_dag to 2025-05-07T00:00:00+00:00, run_after=2025-05-08T00:00:00+00:00
[2025-05-08T16:17:42.516+0000] {processor.py:179} INFO - Processing /opt/airflow/dags/Ejemplo.py took 0.115 seconds
[2025-05-08T16:19:34.469+0000] {processor.py:157} INFO - Started process (PID=75) to work on /opt/airflow/dags/Ejemplo.py
[2025-05-08T16:19:34.472+0000] {processor.py:829} INFO - Processing file /opt/airflow/dags/Ejemplo.py for tasks to queue
[2025-05-08T16:19:34.477+0000] {logging_mixin.py:154} INFO - [2025-05-08T16:19:34.476+0000] {dagbag.py:536} INFO - Filling up the DagBag from /opt/airflow/dags/Ejemplo.py
[2025-05-08T16:19:34.576+0000] {processor.py:839} INFO - DAG(s) dict_keys(['example_trading_dag']) retrieved from /opt/airflow/dags/Ejemplo.py
[2025-05-08T16:19:35.300+0000] {logging_mixin.py:154} INFO - [2025-05-08T16:19:35.299+0000] {dag.py:2941} INFO - Sync 1 DAGs
[2025-05-08T16:19:35.400+0000] {logging_mixin.py:154} INFO - [2025-05-08T16:19:35.399+0000] {dag.py:3722} INFO - Setting next_dagrun for example_trading_dag to 2025-05-07T00:00:00+00:00, run_after=2025-05-08T00:00:00+00:00
[2025-05-08T16:19:35.440+0000] {processor.py:179} INFO - Processing /opt/airflow/dags/Ejemplo.py took 0.978 seconds
[2025-05-08T16:20:05.684+0000] {processor.py:157} INFO - Started process (PID=83) to work on /opt/airflow/dags/Ejemplo.py
[2025-05-08T16:20:05.687+0000] {processor.py:829} INFO - Processing file /opt/airflow/dags/Ejemplo.py for tasks to queue
[2025-05-08T16:20:05.691+0000] {logging_mixin.py:154} INFO - [2025-05-08T16:20:05.691+0000] {dagbag.py:536} INFO - Filling up the DagBag from /opt/airflow/dags/Ejemplo.py
[2025-05-08T16:20:05.715+0000] {processor.py:839} INFO - DAG(s) dict_keys(['example_trading_dag']) retrieved from /opt/airflow/dags/Ejemplo.py
[2025-05-08T16:20:05.759+0000] {logging_mixin.py:154} INFO - [2025-05-08T16:20:05.759+0000] {dag.py:2941} INFO - Sync 1 DAGs
[2025-05-08T16:20:05.805+0000] {logging_mixin.py:154} INFO - [2025-05-08T16:20:05.805+0000] {dag.py:3722} INFO - Setting next_dagrun for example_trading_dag to 2025-05-07T00:00:00+00:00, run_after=2025-05-08T00:00:00+00:00
[2025-05-08T16:20:05.838+0000] {processor.py:179} INFO - Processing /opt/airflow/dags/Ejemplo.py took 0.159 seconds
[2025-05-08T16:20:36.123+0000] {processor.py:157} INFO - Started process (PID=91) to work on /opt/airflow/dags/Ejemplo.py
[2025-05-08T16:20:36.124+0000] {processor.py:829} INFO - Processing file /opt/airflow/dags/Ejemplo.py for tasks to queue
[2025-05-08T16:20:36.128+0000] {logging_mixin.py:154} INFO - [2025-05-08T16:20:36.128+0000] {dagbag.py:536} INFO - Filling up the DagBag from /opt/airflow/dags/Ejemplo.py
[2025-05-08T16:20:36.145+0000] {processor.py:839} INFO - DAG(s) dict_keys(['example_trading_dag']) retrieved from /opt/airflow/dags/Ejemplo.py
[2025-05-08T16:20:36.179+0000] {logging_mixin.py:154} INFO - [2025-05-08T16:20:36.179+0000] {dag.py:2941} INFO - Sync 1 DAGs
[2025-05-08T16:20:36.212+0000] {logging_mixin.py:154} INFO - [2025-05-08T16:20:36.212+0000] {dag.py:3722} INFO - Setting next_dagrun for example_trading_dag to 2025-05-07T00:00:00+00:00, run_after=2025-05-08T00:00:00+00:00
[2025-05-08T16:20:36.236+0000] {processor.py:179} INFO - Processing /opt/airflow/dags/Ejemplo.py took 0.118 seconds
[2025-05-08T16:21:06.363+0000] {processor.py:157} INFO - Started process (PID=98) to work on /opt/airflow/dags/Ejemplo.py
[2025-05-08T16:21:06.364+0000] {processor.py:829} INFO - Processing file /opt/airflow/dags/Ejemplo.py for tasks to queue
[2025-05-08T16:21:06.368+0000] {logging_mixin.py:154} INFO - [2025-05-08T16:21:06.367+0000] {dagbag.py:536} INFO - Filling up the DagBag from /opt/airflow/dags/Ejemplo.py
[2025-05-08T16:21:06.387+0000] {processor.py:839} INFO - DAG(s) dict_keys(['example_trading_dag']) retrieved from /opt/airflow/dags/Ejemplo.py
[2025-05-08T16:21:06.427+0000] {logging_mixin.py:154} INFO - [2025-05-08T16:21:06.427+0000] {dag.py:2941} INFO - Sync 1 DAGs
[2025-05-08T16:21:06.462+0000] {logging_mixin.py:154} INFO - [2025-05-08T16:21:06.462+0000] {dag.py:3722} INFO - Setting next_dagrun for example_trading_dag to 2025-05-07T00:00:00+00:00, run_after=2025-05-08T00:00:00+00:00
[2025-05-08T16:21:06.491+0000] {processor.py:179} INFO - Processing /opt/airflow/dags/Ejemplo.py took 0.135 seconds
[2025-05-08T16:21:36.737+0000] {processor.py:157} INFO - Started process (PID=106) to work on /opt/airflow/dags/Ejemplo.py
[2025-05-08T16:21:36.738+0000] {processor.py:829} INFO - Processing file /opt/airflow/dags/Ejemplo.py for tasks to queue
[2025-05-08T16:21:36.741+0000] {logging_mixin.py:154} INFO - [2025-05-08T16:21:36.741+0000] {dagbag.py:536} INFO - Filling up the DagBag from /opt/airflow/dags/Ejemplo.py
[2025-05-08T16:21:36.763+0000] {processor.py:839} INFO - DAG(s) dict_keys(['example_trading_dag']) retrieved from /opt/airflow/dags/Ejemplo.py
[2025-05-08T16:21:36.822+0000] {logging_mixin.py:154} INFO - [2025-05-08T16:21:36.821+0000] {dag.py:2941} INFO - Sync 1 DAGs
[2025-05-08T16:21:36.873+0000] {logging_mixin.py:154} INFO - [2025-05-08T16:21:36.873+0000] {dag.py:3722} INFO - Setting next_dagrun for example_trading_dag to 2025-05-07T00:00:00+00:00, run_after=2025-05-08T00:00:00+00:00
[2025-05-08T16:21:36.911+0000] {processor.py:179} INFO - Processing /opt/airflow/dags/Ejemplo.py took 0.179 seconds
[2025-05-08T16:21:51.890+0000] {processor.py:157} INFO - Started process (PID=107) to work on /opt/airflow/dags/Ejemplo.py
[2025-05-08T16:21:51.892+0000] {processor.py:829} INFO - Processing file /opt/airflow/dags/Ejemplo.py for tasks to queue
[2025-05-08T16:21:51.896+0000] {logging_mixin.py:154} INFO - [2025-05-08T16:21:51.896+0000] {dagbag.py:536} INFO - Filling up the DagBag from /opt/airflow/dags/Ejemplo.py
[2025-05-08T16:21:51.926+0000] {processor.py:839} INFO - DAG(s) dict_keys(['example_trading_dag']) retrieved from /opt/airflow/dags/Ejemplo.py
[2025-05-08T16:21:51.973+0000] {logging_mixin.py:154} INFO - [2025-05-08T16:21:51.973+0000] {dag.py:2941} INFO - Sync 1 DAGs
[2025-05-08T16:21:52.027+0000] {logging_mixin.py:154} INFO - [2025-05-08T16:21:52.027+0000] {dag.py:3722} INFO - Setting next_dagrun for example_trading_dag to 2025-05-07T00:00:00+00:00, run_after=2025-05-08T00:00:00+00:00
[2025-05-08T16:21:52.072+0000] {processor.py:179} INFO - Processing /opt/airflow/dags/Ejemplo.py took 0.188 seconds
[2025-05-08T16:21:57.142+0000] {processor.py:157} INFO - Started process (PID=108) to work on /opt/airflow/dags/Ejemplo.py
[2025-05-08T16:21:57.143+0000] {processor.py:829} INFO - Processing file /opt/airflow/dags/Ejemplo.py for tasks to queue
[2025-05-08T16:21:57.148+0000] {logging_mixin.py:154} INFO - [2025-05-08T16:21:57.147+0000] {dagbag.py:536} INFO - Filling up the DagBag from /opt/airflow/dags/Ejemplo.py
[2025-05-08T16:21:57.170+0000] {processor.py:839} INFO - DAG(s) dict_keys(['example_trading_dag']) retrieved from /opt/airflow/dags/Ejemplo.py
[2025-05-08T16:21:57.213+0000] {logging_mixin.py:154} INFO - [2025-05-08T16:21:57.212+0000] {dag.py:2941} INFO - Sync 1 DAGs
[2025-05-08T16:21:57.247+0000] {logging_mixin.py:154} INFO - [2025-05-08T16:21:57.247+0000] {dag.py:3722} INFO - Setting next_dagrun for example_trading_dag to 2025-05-07T00:00:00+00:00, run_after=2025-05-08T00:00:00+00:00
[2025-05-08T16:21:57.277+0000] {processor.py:179} INFO - Processing /opt/airflow/dags/Ejemplo.py took 0.140 seconds
[2025-05-08T16:22:01.190+0000] {processor.py:157} INFO - Started process (PID=116) to work on /opt/airflow/dags/Ejemplo.py
[2025-05-08T16:22:01.193+0000] {processor.py:829} INFO - Processing file /opt/airflow/dags/Ejemplo.py for tasks to queue
[2025-05-08T16:22:01.201+0000] {logging_mixin.py:154} INFO - [2025-05-08T16:22:01.200+0000] {dagbag.py:536} INFO - Filling up the DagBag from /opt/airflow/dags/Ejemplo.py
[2025-05-08T16:22:01.247+0000] {processor.py:839} INFO - DAG(s) dict_keys(['example_trading_dag']) retrieved from /opt/airflow/dags/Ejemplo.py
[2025-05-08T16:22:01.289+0000] {logging_mixin.py:154} INFO - [2025-05-08T16:22:01.289+0000] {dag.py:2941} INFO - Sync 1 DAGs
[2025-05-08T16:22:01.327+0000] {logging_mixin.py:154} INFO - [2025-05-08T16:22:01.327+0000] {dag.py:3722} INFO - Setting next_dagrun for example_trading_dag to 2025-05-07T00:00:00+00:00, run_after=2025-05-08T00:00:00+00:00
[2025-05-08T16:22:01.360+0000] {processor.py:179} INFO - Processing /opt/airflow/dags/Ejemplo.py took 0.179 seconds
[2025-05-08T16:22:02.338+0000] {processor.py:157} INFO - Started process (PID=117) to work on /opt/airflow/dags/Ejemplo.py
[2025-05-08T16:22:02.340+0000] {processor.py:829} INFO - Processing file /opt/airflow/dags/Ejemplo.py for tasks to queue
[2025-05-08T16:22:02.345+0000] {logging_mixin.py:154} INFO - [2025-05-08T16:22:02.344+0000] {dagbag.py:536} INFO - Filling up the DagBag from /opt/airflow/dags/Ejemplo.py
[2025-05-08T16:22:02.403+0000] {processor.py:839} INFO - DAG(s) dict_keys(['example_trading_dag']) retrieved from /opt/airflow/dags/Ejemplo.py
[2025-05-08T16:22:02.444+0000] {logging_mixin.py:154} INFO - [2025-05-08T16:22:02.444+0000] {dag.py:2941} INFO - Sync 1 DAGs
[2025-05-08T16:22:02.562+0000] {logging_mixin.py:154} INFO - [2025-05-08T16:22:02.561+0000] {dag.py:3722} INFO - Setting next_dagrun for example_trading_dag to 2025-05-07T00:00:00+00:00, run_after=2025-05-08T00:00:00+00:00
[2025-05-08T16:22:02.628+0000] {processor.py:179} INFO - Processing /opt/airflow/dags/Ejemplo.py took 0.296 seconds
[2025-05-08T16:22:03.676+0000] {processor.py:157} INFO - Started process (PID=118) to work on /opt/airflow/dags/Ejemplo.py
[2025-05-08T16:22:03.678+0000] {processor.py:829} INFO - Processing file /opt/airflow/dags/Ejemplo.py for tasks to queue
[2025-05-08T16:22:03.683+0000] {logging_mixin.py:154} INFO - [2025-05-08T16:22:03.681+0000] {dagbag.py:536} INFO - Filling up the DagBag from /opt/airflow/dags/Ejemplo.py
[2025-05-08T16:22:03.714+0000] {processor.py:839} INFO - DAG(s) dict_keys(['example_trading_dag']) retrieved from /opt/airflow/dags/Ejemplo.py
[2025-05-08T16:22:03.773+0000] {logging_mixin.py:154} INFO - [2025-05-08T16:22:03.773+0000] {dag.py:2941} INFO - Sync 1 DAGs
[2025-05-08T16:22:03.827+0000] {logging_mixin.py:154} INFO - [2025-05-08T16:22:03.827+0000] {dag.py:3722} INFO - Setting next_dagrun for example_trading_dag to 2025-05-07T00:00:00+00:00, run_after=2025-05-08T00:00:00+00:00
[2025-05-08T16:22:03.862+0000] {processor.py:179} INFO - Processing /opt/airflow/dags/Ejemplo.py took 0.195 seconds
[2025-05-08T16:22:05.908+0000] {processor.py:157} INFO - Started process (PID=119) to work on /opt/airflow/dags/Ejemplo.py
[2025-05-08T16:22:05.909+0000] {processor.py:829} INFO - Processing file /opt/airflow/dags/Ejemplo.py for tasks to queue
[2025-05-08T16:22:05.912+0000] {logging_mixin.py:154} INFO - [2025-05-08T16:22:05.912+0000] {dagbag.py:536} INFO - Filling up the DagBag from /opt/airflow/dags/Ejemplo.py
[2025-05-08T16:22:05.940+0000] {processor.py:839} INFO - DAG(s) dict_keys(['example_trading_dag']) retrieved from /opt/airflow/dags/Ejemplo.py
[2025-05-08T16:22:05.981+0000] {logging_mixin.py:154} INFO - [2025-05-08T16:22:05.980+0000] {dag.py:2941} INFO - Sync 1 DAGs
[2025-05-08T16:22:06.018+0000] {logging_mixin.py:154} INFO - [2025-05-08T16:22:06.017+0000] {dag.py:3722} INFO - Setting next_dagrun for example_trading_dag to 2025-05-07T00:00:00+00:00, run_after=2025-05-08T00:00:00+00:00
[2025-05-08T16:22:06.046+0000] {processor.py:179} INFO - Processing /opt/airflow/dags/Ejemplo.py took 0.143 seconds
