[2025-05-08T16:11:12.547+0000] {processor.py:157} INFO - Started process (PID=101) to work on /home/airflow/.local/lib/python3.8/site-packages/airflow/example_dags/example_branch_datetime_operator.py
[2025-05-08T16:11:12.551+0000] {processor.py:829} INFO - Processing file /home/airflow/.local/lib/python3.8/site-packages/airflow/example_dags/example_branch_datetime_operator.py for tasks to queue
[2025-05-08T16:11:12.559+0000] {logging_mixin.py:154} INFO - [2025-05-08T16:11:12.559+0000] {dagbag.py:536} INFO - Filling up the DagBag from /home/airflow/.local/lib/python3.8/site-packages/airflow/example_dags/example_branch_datetime_operator.py
[2025-05-08T16:11:12.846+0000] {processor.py:839} INFO - DAG(s) dict_keys(['example_branch_datetime_operator_3', 'example_branch_datetime_operator_2', 'example_branch_datetime_operator']) retrieved from /home/airflow/.local/lib/python3.8/site-packages/airflow/example_dags/example_branch_datetime_operator.py
[2025-05-08T16:11:13.680+0000] {logging_mixin.py:154} INFO - [2025-05-08T16:11:13.680+0000] {dag.py:2941} INFO - Sync 3 DAGs
[2025-05-08T16:11:13.773+0000] {logging_mixin.py:154} INFO - [2025-05-08T16:11:13.772+0000] {dag.py:3722} INFO - Setting next_dagrun for example_branch_datetime_operator to 2025-05-07T00:00:00+00:00, run_after=2025-05-08T00:00:00+00:00
[2025-05-08T16:11:13.786+0000] {logging_mixin.py:154} INFO - [2025-05-08T16:11:13.786+0000] {dag.py:3722} INFO - Setting next_dagrun for example_branch_datetime_operator_2 to 2025-05-07T00:00:00+00:00, run_after=2025-05-08T00:00:00+00:00
[2025-05-08T16:11:13.795+0000] {logging_mixin.py:154} INFO - [2025-05-08T16:11:13.794+0000] {dag.py:3722} INFO - Setting next_dagrun for example_branch_datetime_operator_3 to 2025-05-07T00:00:00+00:00, run_after=2025-05-08T00:00:00+00:00
[2025-05-08T16:11:13.863+0000] {processor.py:179} INFO - Processing /home/airflow/.local/lib/python3.8/site-packages/airflow/example_dags/example_branch_datetime_operator.py took 1.331 seconds
[2025-05-08T16:11:44.086+0000] {processor.py:157} INFO - Started process (PID=156) to work on /home/airflow/.local/lib/python3.8/site-packages/airflow/example_dags/example_branch_datetime_operator.py
[2025-05-08T16:11:44.089+0000] {processor.py:829} INFO - Processing file /home/airflow/.local/lib/python3.8/site-packages/airflow/example_dags/example_branch_datetime_operator.py for tasks to queue
[2025-05-08T16:11:44.094+0000] {logging_mixin.py:154} INFO - [2025-05-08T16:11:44.093+0000] {dagbag.py:536} INFO - Filling up the DagBag from /home/airflow/.local/lib/python3.8/site-packages/airflow/example_dags/example_branch_datetime_operator.py
[2025-05-08T16:11:44.114+0000] {processor.py:839} INFO - DAG(s) dict_keys(['example_branch_datetime_operator_3', 'example_branch_datetime_operator', 'example_branch_datetime_operator_2']) retrieved from /home/airflow/.local/lib/python3.8/site-packages/airflow/example_dags/example_branch_datetime_operator.py
[2025-05-08T16:11:44.172+0000] {logging_mixin.py:154} INFO - [2025-05-08T16:11:44.172+0000] {dag.py:2941} INFO - Sync 3 DAGs
[2025-05-08T16:11:44.230+0000] {logging_mixin.py:154} INFO - [2025-05-08T16:11:44.229+0000] {dag.py:3722} INFO - Setting next_dagrun for example_branch_datetime_operator to 2025-05-07T00:00:00+00:00, run_after=2025-05-08T00:00:00+00:00
[2025-05-08T16:11:44.243+0000] {logging_mixin.py:154} INFO - [2025-05-08T16:11:44.242+0000] {dag.py:3722} INFO - Setting next_dagrun for example_branch_datetime_operator_2 to 2025-05-07T00:00:00+00:00, run_after=2025-05-08T00:00:00+00:00
[2025-05-08T16:11:44.249+0000] {logging_mixin.py:154} INFO - [2025-05-08T16:11:44.249+0000] {dag.py:3722} INFO - Setting next_dagrun for example_branch_datetime_operator_3 to 2025-05-07T00:00:00+00:00, run_after=2025-05-08T00:00:00+00:00
[2025-05-08T16:11:44.285+0000] {processor.py:179} INFO - Processing /home/airflow/.local/lib/python3.8/site-packages/airflow/example_dags/example_branch_datetime_operator.py took 0.204 seconds
[2025-05-08T16:12:15.204+0000] {processor.py:157} INFO - Started process (PID=211) to work on /home/airflow/.local/lib/python3.8/site-packages/airflow/example_dags/example_branch_datetime_operator.py
[2025-05-08T16:12:15.205+0000] {processor.py:829} INFO - Processing file /home/airflow/.local/lib/python3.8/site-packages/airflow/example_dags/example_branch_datetime_operator.py for tasks to queue
[2025-05-08T16:12:15.208+0000] {logging_mixin.py:154} INFO - [2025-05-08T16:12:15.207+0000] {dagbag.py:536} INFO - Filling up the DagBag from /home/airflow/.local/lib/python3.8/site-packages/airflow/example_dags/example_branch_datetime_operator.py
[2025-05-08T16:12:15.228+0000] {processor.py:839} INFO - DAG(s) dict_keys(['example_branch_datetime_operator_3', 'example_branch_datetime_operator_2', 'example_branch_datetime_operator']) retrieved from /home/airflow/.local/lib/python3.8/site-packages/airflow/example_dags/example_branch_datetime_operator.py
[2025-05-08T16:12:15.281+0000] {logging_mixin.py:154} INFO - [2025-05-08T16:12:15.281+0000] {dag.py:2941} INFO - Sync 3 DAGs
[2025-05-08T16:12:15.331+0000] {logging_mixin.py:154} INFO - [2025-05-08T16:12:15.330+0000] {dag.py:3722} INFO - Setting next_dagrun for example_branch_datetime_operator to 2025-05-07T00:00:00+00:00, run_after=2025-05-08T00:00:00+00:00
[2025-05-08T16:12:15.337+0000] {logging_mixin.py:154} INFO - [2025-05-08T16:12:15.337+0000] {dag.py:3722} INFO - Setting next_dagrun for example_branch_datetime_operator_2 to 2025-05-07T00:00:00+00:00, run_after=2025-05-08T00:00:00+00:00
[2025-05-08T16:12:15.340+0000] {logging_mixin.py:154} INFO - [2025-05-08T16:12:15.339+0000] {dag.py:3722} INFO - Setting next_dagrun for example_branch_datetime_operator_3 to 2025-05-07T00:00:00+00:00, run_after=2025-05-08T00:00:00+00:00
[2025-05-08T16:12:15.362+0000] {processor.py:179} INFO - Processing /home/airflow/.local/lib/python3.8/site-packages/airflow/example_dags/example_branch_datetime_operator.py took 0.163 seconds
[2025-05-08T16:12:45.892+0000] {processor.py:157} INFO - Started process (PID=266) to work on /home/airflow/.local/lib/python3.8/site-packages/airflow/example_dags/example_branch_datetime_operator.py
[2025-05-08T16:12:45.894+0000] {processor.py:829} INFO - Processing file /home/airflow/.local/lib/python3.8/site-packages/airflow/example_dags/example_branch_datetime_operator.py for tasks to queue
[2025-05-08T16:12:45.899+0000] {logging_mixin.py:154} INFO - [2025-05-08T16:12:45.899+0000] {dagbag.py:536} INFO - Filling up the DagBag from /home/airflow/.local/lib/python3.8/site-packages/airflow/example_dags/example_branch_datetime_operator.py
[2025-05-08T16:12:45.915+0000] {processor.py:839} INFO - DAG(s) dict_keys(['example_branch_datetime_operator', 'example_branch_datetime_operator_3', 'example_branch_datetime_operator_2']) retrieved from /home/airflow/.local/lib/python3.8/site-packages/airflow/example_dags/example_branch_datetime_operator.py
[2025-05-08T16:12:45.973+0000] {logging_mixin.py:154} INFO - [2025-05-08T16:12:45.973+0000] {dag.py:2941} INFO - Sync 3 DAGs
[2025-05-08T16:12:46.011+0000] {logging_mixin.py:154} INFO - [2025-05-08T16:12:46.011+0000] {dag.py:3722} INFO - Setting next_dagrun for example_branch_datetime_operator to 2025-05-07T00:00:00+00:00, run_after=2025-05-08T00:00:00+00:00
[2025-05-08T16:12:46.022+0000] {logging_mixin.py:154} INFO - [2025-05-08T16:12:46.022+0000] {dag.py:3722} INFO - Setting next_dagrun for example_branch_datetime_operator_2 to 2025-05-07T00:00:00+00:00, run_after=2025-05-08T00:00:00+00:00
[2025-05-08T16:12:46.028+0000] {logging_mixin.py:154} INFO - [2025-05-08T16:12:46.028+0000] {dag.py:3722} INFO - Setting next_dagrun for example_branch_datetime_operator_3 to 2025-05-07T00:00:00+00:00, run_after=2025-05-08T00:00:00+00:00
[2025-05-08T16:12:46.047+0000] {processor.py:179} INFO - Processing /home/airflow/.local/lib/python3.8/site-packages/airflow/example_dags/example_branch_datetime_operator.py took 0.159 seconds
[2025-05-08T16:13:16.783+0000] {processor.py:157} INFO - Started process (PID=321) to work on /home/airflow/.local/lib/python3.8/site-packages/airflow/example_dags/example_branch_datetime_operator.py
[2025-05-08T16:13:16.784+0000] {processor.py:829} INFO - Processing file /home/airflow/.local/lib/python3.8/site-packages/airflow/example_dags/example_branch_datetime_operator.py for tasks to queue
[2025-05-08T16:13:16.789+0000] {logging_mixin.py:154} INFO - [2025-05-08T16:13:16.788+0000] {dagbag.py:536} INFO - Filling up the DagBag from /home/airflow/.local/lib/python3.8/site-packages/airflow/example_dags/example_branch_datetime_operator.py
[2025-05-08T16:13:16.811+0000] {processor.py:839} INFO - DAG(s) dict_keys(['example_branch_datetime_operator_3', 'example_branch_datetime_operator_2', 'example_branch_datetime_operator']) retrieved from /home/airflow/.local/lib/python3.8/site-packages/airflow/example_dags/example_branch_datetime_operator.py
[2025-05-08T16:13:16.881+0000] {logging_mixin.py:154} INFO - [2025-05-08T16:13:16.881+0000] {dag.py:2941} INFO - Sync 3 DAGs
[2025-05-08T16:13:16.931+0000] {logging_mixin.py:154} INFO - [2025-05-08T16:13:16.931+0000] {dag.py:3722} INFO - Setting next_dagrun for example_branch_datetime_operator to 2025-05-07T00:00:00+00:00, run_after=2025-05-08T00:00:00+00:00
[2025-05-08T16:13:16.947+0000] {logging_mixin.py:154} INFO - [2025-05-08T16:13:16.946+0000] {dag.py:3722} INFO - Setting next_dagrun for example_branch_datetime_operator_2 to 2025-05-07T00:00:00+00:00, run_after=2025-05-08T00:00:00+00:00
[2025-05-08T16:13:16.953+0000] {logging_mixin.py:154} INFO - [2025-05-08T16:13:16.952+0000] {dag.py:3722} INFO - Setting next_dagrun for example_branch_datetime_operator_3 to 2025-05-07T00:00:00+00:00, run_after=2025-05-08T00:00:00+00:00
[2025-05-08T16:13:16.994+0000] {processor.py:179} INFO - Processing /home/airflow/.local/lib/python3.8/site-packages/airflow/example_dags/example_branch_datetime_operator.py took 0.216 seconds
[2025-05-08T16:13:47.311+0000] {processor.py:157} INFO - Started process (PID=376) to work on /home/airflow/.local/lib/python3.8/site-packages/airflow/example_dags/example_branch_datetime_operator.py
[2025-05-08T16:13:47.313+0000] {processor.py:829} INFO - Processing file /home/airflow/.local/lib/python3.8/site-packages/airflow/example_dags/example_branch_datetime_operator.py for tasks to queue
[2025-05-08T16:13:47.316+0000] {logging_mixin.py:154} INFO - [2025-05-08T16:13:47.316+0000] {dagbag.py:536} INFO - Filling up the DagBag from /home/airflow/.local/lib/python3.8/site-packages/airflow/example_dags/example_branch_datetime_operator.py
[2025-05-08T16:13:47.333+0000] {processor.py:839} INFO - DAG(s) dict_keys(['example_branch_datetime_operator_2', 'example_branch_datetime_operator', 'example_branch_datetime_operator_3']) retrieved from /home/airflow/.local/lib/python3.8/site-packages/airflow/example_dags/example_branch_datetime_operator.py
[2025-05-08T16:13:47.368+0000] {logging_mixin.py:154} INFO - [2025-05-08T16:13:47.368+0000] {dag.py:2941} INFO - Sync 3 DAGs
[2025-05-08T16:13:47.400+0000] {logging_mixin.py:154} INFO - [2025-05-08T16:13:47.400+0000] {dag.py:3722} INFO - Setting next_dagrun for example_branch_datetime_operator to 2025-05-07T00:00:00+00:00, run_after=2025-05-08T00:00:00+00:00
[2025-05-08T16:13:47.407+0000] {logging_mixin.py:154} INFO - [2025-05-08T16:13:47.407+0000] {dag.py:3722} INFO - Setting next_dagrun for example_branch_datetime_operator_2 to 2025-05-07T00:00:00+00:00, run_after=2025-05-08T00:00:00+00:00
[2025-05-08T16:13:47.410+0000] {logging_mixin.py:154} INFO - [2025-05-08T16:13:47.410+0000] {dag.py:3722} INFO - Setting next_dagrun for example_branch_datetime_operator_3 to 2025-05-07T00:00:00+00:00, run_after=2025-05-08T00:00:00+00:00
[2025-05-08T16:13:47.430+0000] {processor.py:179} INFO - Processing /home/airflow/.local/lib/python3.8/site-packages/airflow/example_dags/example_branch_datetime_operator.py took 0.123 seconds
[2025-05-08T16:14:17.857+0000] {processor.py:157} INFO - Started process (PID=431) to work on /home/airflow/.local/lib/python3.8/site-packages/airflow/example_dags/example_branch_datetime_operator.py
[2025-05-08T16:14:17.858+0000] {processor.py:829} INFO - Processing file /home/airflow/.local/lib/python3.8/site-packages/airflow/example_dags/example_branch_datetime_operator.py for tasks to queue
[2025-05-08T16:14:17.863+0000] {logging_mixin.py:154} INFO - [2025-05-08T16:14:17.863+0000] {dagbag.py:536} INFO - Filling up the DagBag from /home/airflow/.local/lib/python3.8/site-packages/airflow/example_dags/example_branch_datetime_operator.py
[2025-05-08T16:14:17.888+0000] {processor.py:839} INFO - DAG(s) dict_keys(['example_branch_datetime_operator_2', 'example_branch_datetime_operator_3', 'example_branch_datetime_operator']) retrieved from /home/airflow/.local/lib/python3.8/site-packages/airflow/example_dags/example_branch_datetime_operator.py
[2025-05-08T16:14:17.967+0000] {logging_mixin.py:154} INFO - [2025-05-08T16:14:17.967+0000] {dag.py:2941} INFO - Sync 3 DAGs
[2025-05-08T16:14:18.021+0000] {logging_mixin.py:154} INFO - [2025-05-08T16:14:18.020+0000] {dag.py:3722} INFO - Setting next_dagrun for example_branch_datetime_operator to 2025-05-07T00:00:00+00:00, run_after=2025-05-08T00:00:00+00:00
[2025-05-08T16:14:18.032+0000] {logging_mixin.py:154} INFO - [2025-05-08T16:14:18.031+0000] {dag.py:3722} INFO - Setting next_dagrun for example_branch_datetime_operator_2 to 2025-05-07T00:00:00+00:00, run_after=2025-05-08T00:00:00+00:00
[2025-05-08T16:14:18.038+0000] {logging_mixin.py:154} INFO - [2025-05-08T16:14:18.037+0000] {dag.py:3722} INFO - Setting next_dagrun for example_branch_datetime_operator_3 to 2025-05-07T00:00:00+00:00, run_after=2025-05-08T00:00:00+00:00
[2025-05-08T16:14:18.077+0000] {processor.py:179} INFO - Processing /home/airflow/.local/lib/python3.8/site-packages/airflow/example_dags/example_branch_datetime_operator.py took 0.227 seconds
[2025-05-08T16:14:48.557+0000] {processor.py:157} INFO - Started process (PID=486) to work on /home/airflow/.local/lib/python3.8/site-packages/airflow/example_dags/example_branch_datetime_operator.py
[2025-05-08T16:14:48.558+0000] {processor.py:829} INFO - Processing file /home/airflow/.local/lib/python3.8/site-packages/airflow/example_dags/example_branch_datetime_operator.py for tasks to queue
[2025-05-08T16:14:48.560+0000] {logging_mixin.py:154} INFO - [2025-05-08T16:14:48.560+0000] {dagbag.py:536} INFO - Filling up the DagBag from /home/airflow/.local/lib/python3.8/site-packages/airflow/example_dags/example_branch_datetime_operator.py
[2025-05-08T16:14:48.574+0000] {processor.py:839} INFO - DAG(s) dict_keys(['example_branch_datetime_operator_2', 'example_branch_datetime_operator_3', 'example_branch_datetime_operator']) retrieved from /home/airflow/.local/lib/python3.8/site-packages/airflow/example_dags/example_branch_datetime_operator.py
[2025-05-08T16:14:48.619+0000] {logging_mixin.py:154} INFO - [2025-05-08T16:14:48.618+0000] {dag.py:2941} INFO - Sync 3 DAGs
[2025-05-08T16:14:48.655+0000] {logging_mixin.py:154} INFO - [2025-05-08T16:14:48.655+0000] {dag.py:3722} INFO - Setting next_dagrun for example_branch_datetime_operator to 2025-05-07T00:00:00+00:00, run_after=2025-05-08T00:00:00+00:00
[2025-05-08T16:14:48.663+0000] {logging_mixin.py:154} INFO - [2025-05-08T16:14:48.663+0000] {dag.py:3722} INFO - Setting next_dagrun for example_branch_datetime_operator_2 to 2025-05-07T00:00:00+00:00, run_after=2025-05-08T00:00:00+00:00
[2025-05-08T16:14:48.667+0000] {logging_mixin.py:154} INFO - [2025-05-08T16:14:48.666+0000] {dag.py:3722} INFO - Setting next_dagrun for example_branch_datetime_operator_3 to 2025-05-07T00:00:00+00:00, run_after=2025-05-08T00:00:00+00:00
[2025-05-08T16:14:48.689+0000] {processor.py:179} INFO - Processing /home/airflow/.local/lib/python3.8/site-packages/airflow/example_dags/example_branch_datetime_operator.py took 0.136 seconds
[2025-05-08T16:15:19.610+0000] {processor.py:157} INFO - Started process (PID=541) to work on /home/airflow/.local/lib/python3.8/site-packages/airflow/example_dags/example_branch_datetime_operator.py
[2025-05-08T16:15:19.617+0000] {processor.py:829} INFO - Processing file /home/airflow/.local/lib/python3.8/site-packages/airflow/example_dags/example_branch_datetime_operator.py for tasks to queue
[2025-05-08T16:15:19.627+0000] {logging_mixin.py:154} INFO - [2025-05-08T16:15:19.625+0000] {dagbag.py:536} INFO - Filling up the DagBag from /home/airflow/.local/lib/python3.8/site-packages/airflow/example_dags/example_branch_datetime_operator.py
[2025-05-08T16:15:19.667+0000] {processor.py:839} INFO - DAG(s) dict_keys(['example_branch_datetime_operator_3', 'example_branch_datetime_operator_2', 'example_branch_datetime_operator']) retrieved from /home/airflow/.local/lib/python3.8/site-packages/airflow/example_dags/example_branch_datetime_operator.py
[2025-05-08T16:15:19.970+0000] {logging_mixin.py:154} INFO - [2025-05-08T16:15:19.969+0000] {dag.py:2941} INFO - Sync 3 DAGs
[2025-05-08T16:15:20.092+0000] {logging_mixin.py:154} INFO - [2025-05-08T16:15:20.091+0000] {dag.py:3722} INFO - Setting next_dagrun for example_branch_datetime_operator to 2025-05-07T00:00:00+00:00, run_after=2025-05-08T00:00:00+00:00
[2025-05-08T16:15:20.110+0000] {logging_mixin.py:154} INFO - [2025-05-08T16:15:20.109+0000] {dag.py:3722} INFO - Setting next_dagrun for example_branch_datetime_operator_2 to 2025-05-07T00:00:00+00:00, run_after=2025-05-08T00:00:00+00:00
[2025-05-08T16:15:20.119+0000] {logging_mixin.py:154} INFO - [2025-05-08T16:15:20.119+0000] {dag.py:3722} INFO - Setting next_dagrun for example_branch_datetime_operator_3 to 2025-05-07T00:00:00+00:00, run_after=2025-05-08T00:00:00+00:00
[2025-05-08T16:15:20.178+0000] {processor.py:179} INFO - Processing /home/airflow/.local/lib/python3.8/site-packages/airflow/example_dags/example_branch_datetime_operator.py took 0.583 seconds
[2025-05-08T16:15:50.847+0000] {processor.py:157} INFO - Started process (PID=596) to work on /home/airflow/.local/lib/python3.8/site-packages/airflow/example_dags/example_branch_datetime_operator.py
[2025-05-08T16:15:50.848+0000] {processor.py:829} INFO - Processing file /home/airflow/.local/lib/python3.8/site-packages/airflow/example_dags/example_branch_datetime_operator.py for tasks to queue
[2025-05-08T16:15:50.850+0000] {logging_mixin.py:154} INFO - [2025-05-08T16:15:50.850+0000] {dagbag.py:536} INFO - Filling up the DagBag from /home/airflow/.local/lib/python3.8/site-packages/airflow/example_dags/example_branch_datetime_operator.py
[2025-05-08T16:15:50.862+0000] {processor.py:839} INFO - DAG(s) dict_keys(['example_branch_datetime_operator_3', 'example_branch_datetime_operator_2', 'example_branch_datetime_operator']) retrieved from /home/airflow/.local/lib/python3.8/site-packages/airflow/example_dags/example_branch_datetime_operator.py
[2025-05-08T16:15:50.909+0000] {logging_mixin.py:154} INFO - [2025-05-08T16:15:50.908+0000] {dag.py:2941} INFO - Sync 3 DAGs
[2025-05-08T16:15:50.942+0000] {logging_mixin.py:154} INFO - [2025-05-08T16:15:50.942+0000] {dag.py:3722} INFO - Setting next_dagrun for example_branch_datetime_operator to 2025-05-07T00:00:00+00:00, run_after=2025-05-08T00:00:00+00:00
[2025-05-08T16:15:50.949+0000] {logging_mixin.py:154} INFO - [2025-05-08T16:15:50.948+0000] {dag.py:3722} INFO - Setting next_dagrun for example_branch_datetime_operator_2 to 2025-05-07T00:00:00+00:00, run_after=2025-05-08T00:00:00+00:00
[2025-05-08T16:15:50.954+0000] {logging_mixin.py:154} INFO - [2025-05-08T16:15:50.954+0000] {dag.py:3722} INFO - Setting next_dagrun for example_branch_datetime_operator_3 to 2025-05-07T00:00:00+00:00, run_after=2025-05-08T00:00:00+00:00
[2025-05-08T16:15:50.980+0000] {processor.py:179} INFO - Processing /home/airflow/.local/lib/python3.8/site-packages/airflow/example_dags/example_branch_datetime_operator.py took 0.137 seconds
[2025-05-08T16:16:21.109+0000] {processor.py:157} INFO - Started process (PID=651) to work on /home/airflow/.local/lib/python3.8/site-packages/airflow/example_dags/example_branch_datetime_operator.py
[2025-05-08T16:16:21.110+0000] {processor.py:829} INFO - Processing file /home/airflow/.local/lib/python3.8/site-packages/airflow/example_dags/example_branch_datetime_operator.py for tasks to queue
[2025-05-08T16:16:21.113+0000] {logging_mixin.py:154} INFO - [2025-05-08T16:16:21.113+0000] {dagbag.py:536} INFO - Filling up the DagBag from /home/airflow/.local/lib/python3.8/site-packages/airflow/example_dags/example_branch_datetime_operator.py
[2025-05-08T16:16:21.126+0000] {processor.py:839} INFO - DAG(s) dict_keys(['example_branch_datetime_operator_2', 'example_branch_datetime_operator_3', 'example_branch_datetime_operator']) retrieved from /home/airflow/.local/lib/python3.8/site-packages/airflow/example_dags/example_branch_datetime_operator.py
[2025-05-08T16:16:21.166+0000] {logging_mixin.py:154} INFO - [2025-05-08T16:16:21.166+0000] {dag.py:2941} INFO - Sync 3 DAGs
[2025-05-08T16:16:21.200+0000] {logging_mixin.py:154} INFO - [2025-05-08T16:16:21.200+0000] {dag.py:3722} INFO - Setting next_dagrun for example_branch_datetime_operator to 2025-05-07T00:00:00+00:00, run_after=2025-05-08T00:00:00+00:00
[2025-05-08T16:16:21.208+0000] {logging_mixin.py:154} INFO - [2025-05-08T16:16:21.207+0000] {dag.py:3722} INFO - Setting next_dagrun for example_branch_datetime_operator_2 to 2025-05-07T00:00:00+00:00, run_after=2025-05-08T00:00:00+00:00
[2025-05-08T16:16:21.211+0000] {logging_mixin.py:154} INFO - [2025-05-08T16:16:21.211+0000] {dag.py:3722} INFO - Setting next_dagrun for example_branch_datetime_operator_3 to 2025-05-07T00:00:00+00:00, run_after=2025-05-08T00:00:00+00:00
[2025-05-08T16:16:21.240+0000] {processor.py:179} INFO - Processing /home/airflow/.local/lib/python3.8/site-packages/airflow/example_dags/example_branch_datetime_operator.py took 0.137 seconds
[2025-05-08T16:16:51.511+0000] {processor.py:157} INFO - Started process (PID=706) to work on /home/airflow/.local/lib/python3.8/site-packages/airflow/example_dags/example_branch_datetime_operator.py
[2025-05-08T16:16:51.513+0000] {processor.py:829} INFO - Processing file /home/airflow/.local/lib/python3.8/site-packages/airflow/example_dags/example_branch_datetime_operator.py for tasks to queue
[2025-05-08T16:16:51.518+0000] {logging_mixin.py:154} INFO - [2025-05-08T16:16:51.517+0000] {dagbag.py:536} INFO - Filling up the DagBag from /home/airflow/.local/lib/python3.8/site-packages/airflow/example_dags/example_branch_datetime_operator.py
[2025-05-08T16:16:51.539+0000] {processor.py:839} INFO - DAG(s) dict_keys(['example_branch_datetime_operator_2', 'example_branch_datetime_operator_3', 'example_branch_datetime_operator']) retrieved from /home/airflow/.local/lib/python3.8/site-packages/airflow/example_dags/example_branch_datetime_operator.py
[2025-05-08T16:16:51.620+0000] {logging_mixin.py:154} INFO - [2025-05-08T16:16:51.620+0000] {dag.py:2941} INFO - Sync 3 DAGs
[2025-05-08T16:16:51.678+0000] {logging_mixin.py:154} INFO - [2025-05-08T16:16:51.677+0000] {dag.py:3722} INFO - Setting next_dagrun for example_branch_datetime_operator to 2025-05-07T00:00:00+00:00, run_after=2025-05-08T00:00:00+00:00
[2025-05-08T16:16:51.691+0000] {logging_mixin.py:154} INFO - [2025-05-08T16:16:51.690+0000] {dag.py:3722} INFO - Setting next_dagrun for example_branch_datetime_operator_2 to 2025-05-07T00:00:00+00:00, run_after=2025-05-08T00:00:00+00:00
[2025-05-08T16:16:51.698+0000] {logging_mixin.py:154} INFO - [2025-05-08T16:16:51.698+0000] {dag.py:3722} INFO - Setting next_dagrun for example_branch_datetime_operator_3 to 2025-05-07T00:00:00+00:00, run_after=2025-05-08T00:00:00+00:00
[2025-05-08T16:16:51.736+0000] {processor.py:179} INFO - Processing /home/airflow/.local/lib/python3.8/site-packages/airflow/example_dags/example_branch_datetime_operator.py took 0.231 seconds
[2025-05-08T16:17:22.580+0000] {processor.py:157} INFO - Started process (PID=761) to work on /home/airflow/.local/lib/python3.8/site-packages/airflow/example_dags/example_branch_datetime_operator.py
[2025-05-08T16:17:22.581+0000] {processor.py:829} INFO - Processing file /home/airflow/.local/lib/python3.8/site-packages/airflow/example_dags/example_branch_datetime_operator.py for tasks to queue
[2025-05-08T16:17:22.584+0000] {logging_mixin.py:154} INFO - [2025-05-08T16:17:22.584+0000] {dagbag.py:536} INFO - Filling up the DagBag from /home/airflow/.local/lib/python3.8/site-packages/airflow/example_dags/example_branch_datetime_operator.py
[2025-05-08T16:17:22.597+0000] {processor.py:839} INFO - DAG(s) dict_keys(['example_branch_datetime_operator_2', 'example_branch_datetime_operator_3', 'example_branch_datetime_operator']) retrieved from /home/airflow/.local/lib/python3.8/site-packages/airflow/example_dags/example_branch_datetime_operator.py
[2025-05-08T16:17:22.648+0000] {logging_mixin.py:154} INFO - [2025-05-08T16:17:22.648+0000] {dag.py:2941} INFO - Sync 3 DAGs
[2025-05-08T16:17:22.684+0000] {logging_mixin.py:154} INFO - [2025-05-08T16:17:22.683+0000] {dag.py:3722} INFO - Setting next_dagrun for example_branch_datetime_operator to 2025-05-07T00:00:00+00:00, run_after=2025-05-08T00:00:00+00:00
[2025-05-08T16:17:22.692+0000] {logging_mixin.py:154} INFO - [2025-05-08T16:17:22.691+0000] {dag.py:3722} INFO - Setting next_dagrun for example_branch_datetime_operator_2 to 2025-05-07T00:00:00+00:00, run_after=2025-05-08T00:00:00+00:00
[2025-05-08T16:17:22.695+0000] {logging_mixin.py:154} INFO - [2025-05-08T16:17:22.695+0000] {dag.py:3722} INFO - Setting next_dagrun for example_branch_datetime_operator_3 to 2025-05-07T00:00:00+00:00, run_after=2025-05-08T00:00:00+00:00
[2025-05-08T16:17:22.722+0000] {processor.py:179} INFO - Processing /home/airflow/.local/lib/python3.8/site-packages/airflow/example_dags/example_branch_datetime_operator.py took 0.149 seconds
[2025-05-08T16:17:53.536+0000] {processor.py:157} INFO - Started process (PID=816) to work on /home/airflow/.local/lib/python3.8/site-packages/airflow/example_dags/example_branch_datetime_operator.py
[2025-05-08T16:17:53.542+0000] {processor.py:829} INFO - Processing file /home/airflow/.local/lib/python3.8/site-packages/airflow/example_dags/example_branch_datetime_operator.py for tasks to queue
[2025-05-08T16:17:53.547+0000] {logging_mixin.py:154} INFO - [2025-05-08T16:17:53.547+0000] {dagbag.py:536} INFO - Filling up the DagBag from /home/airflow/.local/lib/python3.8/site-packages/airflow/example_dags/example_branch_datetime_operator.py
[2025-05-08T16:17:53.572+0000] {processor.py:839} INFO - DAG(s) dict_keys(['example_branch_datetime_operator_2', 'example_branch_datetime_operator', 'example_branch_datetime_operator_3']) retrieved from /home/airflow/.local/lib/python3.8/site-packages/airflow/example_dags/example_branch_datetime_operator.py
[2025-05-08T16:17:53.639+0000] {logging_mixin.py:154} INFO - [2025-05-08T16:17:53.639+0000] {dag.py:2941} INFO - Sync 3 DAGs
[2025-05-08T16:17:53.695+0000] {logging_mixin.py:154} INFO - [2025-05-08T16:17:53.695+0000] {dag.py:3722} INFO - Setting next_dagrun for example_branch_datetime_operator to 2025-05-07T00:00:00+00:00, run_after=2025-05-08T00:00:00+00:00
[2025-05-08T16:17:53.705+0000] {logging_mixin.py:154} INFO - [2025-05-08T16:17:53.704+0000] {dag.py:3722} INFO - Setting next_dagrun for example_branch_datetime_operator_2 to 2025-05-07T00:00:00+00:00, run_after=2025-05-08T00:00:00+00:00
[2025-05-08T16:17:53.710+0000] {logging_mixin.py:154} INFO - [2025-05-08T16:17:53.709+0000] {dag.py:3722} INFO - Setting next_dagrun for example_branch_datetime_operator_3 to 2025-05-07T00:00:00+00:00, run_after=2025-05-08T00:00:00+00:00
[2025-05-08T16:17:53.742+0000] {processor.py:179} INFO - Processing /home/airflow/.local/lib/python3.8/site-packages/airflow/example_dags/example_branch_datetime_operator.py took 0.225 seconds
