[2025-05-08T16:11:07.547+0000] {processor.py:157} INFO - Started process (PID=73) to work on /home/airflow/.local/lib/python3.8/site-packages/airflow/example_dags/example_branch_labels.py
[2025-05-08T16:11:07.550+0000] {processor.py:829} INFO - Processing file /home/airflow/.local/lib/python3.8/site-packages/airflow/example_dags/example_branch_labels.py for tasks to queue
[2025-05-08T16:11:07.555+0000] {logging_mixin.py:154} INFO - [2025-05-08T16:11:07.554+0000] {dagbag.py:536} INFO - Filling up the DagBag from /home/airflow/.local/lib/python3.8/site-packages/airflow/example_dags/example_branch_labels.py
[2025-05-08T16:11:07.580+0000] {processor.py:839} INFO - DAG(s) dict_keys(['example_branch_labels']) retrieved from /home/airflow/.local/lib/python3.8/site-packages/airflow/example_dags/example_branch_labels.py
[2025-05-08T16:11:07.709+0000] {logging_mixin.py:154} INFO - [2025-05-08T16:11:07.708+0000] {dag.py:2941} INFO - Sync 1 DAGs
[2025-05-08T16:11:07.766+0000] {logging_mixin.py:154} INFO - [2025-05-08T16:11:07.766+0000] {dag.py:3722} INFO - Setting next_dagrun for example_branch_labels to 2025-05-07T00:00:00+00:00, run_after=2025-05-08T00:00:00+00:00
[2025-05-08T16:11:07.826+0000] {processor.py:179} INFO - Processing /home/airflow/.local/lib/python3.8/site-packages/airflow/example_dags/example_branch_labels.py took 0.290 seconds
[2025-05-08T16:11:38.105+0000] {processor.py:157} INFO - Started process (PID=128) to work on /home/airflow/.local/lib/python3.8/site-packages/airflow/example_dags/example_branch_labels.py
[2025-05-08T16:11:38.106+0000] {processor.py:829} INFO - Processing file /home/airflow/.local/lib/python3.8/site-packages/airflow/example_dags/example_branch_labels.py for tasks to queue
[2025-05-08T16:11:38.109+0000] {logging_mixin.py:154} INFO - [2025-05-08T16:11:38.109+0000] {dagbag.py:536} INFO - Filling up the DagBag from /home/airflow/.local/lib/python3.8/site-packages/airflow/example_dags/example_branch_labels.py
[2025-05-08T16:11:38.127+0000] {processor.py:839} INFO - DAG(s) dict_keys(['example_branch_labels']) retrieved from /home/airflow/.local/lib/python3.8/site-packages/airflow/example_dags/example_branch_labels.py
[2025-05-08T16:11:38.168+0000] {logging_mixin.py:154} INFO - [2025-05-08T16:11:38.167+0000] {dag.py:2941} INFO - Sync 1 DAGs
[2025-05-08T16:11:38.202+0000] {logging_mixin.py:154} INFO - [2025-05-08T16:11:38.201+0000] {dag.py:3722} INFO - Setting next_dagrun for example_branch_labels to 2025-05-07T00:00:00+00:00, run_after=2025-05-08T00:00:00+00:00
[2025-05-08T16:11:38.233+0000] {processor.py:179} INFO - Processing /home/airflow/.local/lib/python3.8/site-packages/airflow/example_dags/example_branch_labels.py took 0.133 seconds
[2025-05-08T16:12:08.689+0000] {processor.py:157} INFO - Started process (PID=183) to work on /home/airflow/.local/lib/python3.8/site-packages/airflow/example_dags/example_branch_labels.py
[2025-05-08T16:12:08.691+0000] {processor.py:829} INFO - Processing file /home/airflow/.local/lib/python3.8/site-packages/airflow/example_dags/example_branch_labels.py for tasks to queue
[2025-05-08T16:12:08.693+0000] {logging_mixin.py:154} INFO - [2025-05-08T16:12:08.693+0000] {dagbag.py:536} INFO - Filling up the DagBag from /home/airflow/.local/lib/python3.8/site-packages/airflow/example_dags/example_branch_labels.py
[2025-05-08T16:12:08.704+0000] {processor.py:839} INFO - DAG(s) dict_keys(['example_branch_labels']) retrieved from /home/airflow/.local/lib/python3.8/site-packages/airflow/example_dags/example_branch_labels.py
[2025-05-08T16:12:08.739+0000] {logging_mixin.py:154} INFO - [2025-05-08T16:12:08.739+0000] {dag.py:2941} INFO - Sync 1 DAGs
[2025-05-08T16:12:08.770+0000] {logging_mixin.py:154} INFO - [2025-05-08T16:12:08.770+0000] {dag.py:3722} INFO - Setting next_dagrun for example_branch_labels to 2025-05-07T00:00:00+00:00, run_after=2025-05-08T00:00:00+00:00
[2025-05-08T16:12:08.799+0000] {processor.py:179} INFO - Processing /home/airflow/.local/lib/python3.8/site-packages/airflow/example_dags/example_branch_labels.py took 0.114 seconds
[2025-05-08T16:12:39.199+0000] {processor.py:157} INFO - Started process (PID=238) to work on /home/airflow/.local/lib/python3.8/site-packages/airflow/example_dags/example_branch_labels.py
[2025-05-08T16:12:39.201+0000] {processor.py:829} INFO - Processing file /home/airflow/.local/lib/python3.8/site-packages/airflow/example_dags/example_branch_labels.py for tasks to queue
[2025-05-08T16:12:39.205+0000] {logging_mixin.py:154} INFO - [2025-05-08T16:12:39.204+0000] {dagbag.py:536} INFO - Filling up the DagBag from /home/airflow/.local/lib/python3.8/site-packages/airflow/example_dags/example_branch_labels.py
[2025-05-08T16:12:39.219+0000] {processor.py:839} INFO - DAG(s) dict_keys(['example_branch_labels']) retrieved from /home/airflow/.local/lib/python3.8/site-packages/airflow/example_dags/example_branch_labels.py
[2025-05-08T16:12:39.255+0000] {logging_mixin.py:154} INFO - [2025-05-08T16:12:39.255+0000] {dag.py:2941} INFO - Sync 1 DAGs
[2025-05-08T16:12:39.301+0000] {logging_mixin.py:154} INFO - [2025-05-08T16:12:39.300+0000] {dag.py:3722} INFO - Setting next_dagrun for example_branch_labels to 2025-05-07T00:00:00+00:00, run_after=2025-05-08T00:00:00+00:00
[2025-05-08T16:12:39.339+0000] {processor.py:179} INFO - Processing /home/airflow/.local/lib/python3.8/site-packages/airflow/example_dags/example_branch_labels.py took 0.145 seconds
[2025-05-08T16:13:09.699+0000] {processor.py:157} INFO - Started process (PID=293) to work on /home/airflow/.local/lib/python3.8/site-packages/airflow/example_dags/example_branch_labels.py
[2025-05-08T16:13:09.700+0000] {processor.py:829} INFO - Processing file /home/airflow/.local/lib/python3.8/site-packages/airflow/example_dags/example_branch_labels.py for tasks to queue
[2025-05-08T16:13:09.703+0000] {logging_mixin.py:154} INFO - [2025-05-08T16:13:09.703+0000] {dagbag.py:536} INFO - Filling up the DagBag from /home/airflow/.local/lib/python3.8/site-packages/airflow/example_dags/example_branch_labels.py
[2025-05-08T16:13:09.720+0000] {processor.py:839} INFO - DAG(s) dict_keys(['example_branch_labels']) retrieved from /home/airflow/.local/lib/python3.8/site-packages/airflow/example_dags/example_branch_labels.py
[2025-05-08T16:13:09.761+0000] {logging_mixin.py:154} INFO - [2025-05-08T16:13:09.761+0000] {dag.py:2941} INFO - Sync 1 DAGs
[2025-05-08T16:13:09.803+0000] {logging_mixin.py:154} INFO - [2025-05-08T16:13:09.803+0000] {dag.py:3722} INFO - Setting next_dagrun for example_branch_labels to 2025-05-07T00:00:00+00:00, run_after=2025-05-08T00:00:00+00:00
[2025-05-08T16:13:09.845+0000] {processor.py:179} INFO - Processing /home/airflow/.local/lib/python3.8/site-packages/airflow/example_dags/example_branch_labels.py took 0.151 seconds
[2025-05-08T16:13:39.952+0000] {processor.py:157} INFO - Started process (PID=348) to work on /home/airflow/.local/lib/python3.8/site-packages/airflow/example_dags/example_branch_labels.py
[2025-05-08T16:13:39.954+0000] {processor.py:829} INFO - Processing file /home/airflow/.local/lib/python3.8/site-packages/airflow/example_dags/example_branch_labels.py for tasks to queue
[2025-05-08T16:13:39.958+0000] {logging_mixin.py:154} INFO - [2025-05-08T16:13:39.957+0000] {dagbag.py:536} INFO - Filling up the DagBag from /home/airflow/.local/lib/python3.8/site-packages/airflow/example_dags/example_branch_labels.py
[2025-05-08T16:13:39.977+0000] {processor.py:839} INFO - DAG(s) dict_keys(['example_branch_labels']) retrieved from /home/airflow/.local/lib/python3.8/site-packages/airflow/example_dags/example_branch_labels.py
[2025-05-08T16:13:40.011+0000] {logging_mixin.py:154} INFO - [2025-05-08T16:13:40.011+0000] {dag.py:2941} INFO - Sync 1 DAGs
[2025-05-08T16:13:40.044+0000] {logging_mixin.py:154} INFO - [2025-05-08T16:13:40.043+0000] {dag.py:3722} INFO - Setting next_dagrun for example_branch_labels to 2025-05-07T00:00:00+00:00, run_after=2025-05-08T00:00:00+00:00
[2025-05-08T16:13:40.077+0000] {processor.py:179} INFO - Processing /home/airflow/.local/lib/python3.8/site-packages/airflow/example_dags/example_branch_labels.py took 0.130 seconds
[2025-05-08T16:14:10.159+0000] {processor.py:157} INFO - Started process (PID=403) to work on /home/airflow/.local/lib/python3.8/site-packages/airflow/example_dags/example_branch_labels.py
[2025-05-08T16:14:10.161+0000] {processor.py:829} INFO - Processing file /home/airflow/.local/lib/python3.8/site-packages/airflow/example_dags/example_branch_labels.py for tasks to queue
[2025-05-08T16:14:10.164+0000] {logging_mixin.py:154} INFO - [2025-05-08T16:14:10.163+0000] {dagbag.py:536} INFO - Filling up the DagBag from /home/airflow/.local/lib/python3.8/site-packages/airflow/example_dags/example_branch_labels.py
[2025-05-08T16:14:10.174+0000] {processor.py:839} INFO - DAG(s) dict_keys(['example_branch_labels']) retrieved from /home/airflow/.local/lib/python3.8/site-packages/airflow/example_dags/example_branch_labels.py
[2025-05-08T16:14:10.208+0000] {logging_mixin.py:154} INFO - [2025-05-08T16:14:10.208+0000] {dag.py:2941} INFO - Sync 1 DAGs
[2025-05-08T16:14:10.235+0000] {logging_mixin.py:154} INFO - [2025-05-08T16:14:10.235+0000] {dag.py:3722} INFO - Setting next_dagrun for example_branch_labels to 2025-05-07T00:00:00+00:00, run_after=2025-05-08T00:00:00+00:00
[2025-05-08T16:14:10.267+0000] {processor.py:179} INFO - Processing /home/airflow/.local/lib/python3.8/site-packages/airflow/example_dags/example_branch_labels.py took 0.111 seconds
[2025-05-08T16:14:40.522+0000] {processor.py:157} INFO - Started process (PID=458) to work on /home/airflow/.local/lib/python3.8/site-packages/airflow/example_dags/example_branch_labels.py
[2025-05-08T16:14:40.524+0000] {processor.py:829} INFO - Processing file /home/airflow/.local/lib/python3.8/site-packages/airflow/example_dags/example_branch_labels.py for tasks to queue
[2025-05-08T16:14:40.526+0000] {logging_mixin.py:154} INFO - [2025-05-08T16:14:40.526+0000] {dagbag.py:536} INFO - Filling up the DagBag from /home/airflow/.local/lib/python3.8/site-packages/airflow/example_dags/example_branch_labels.py
[2025-05-08T16:14:40.536+0000] {processor.py:839} INFO - DAG(s) dict_keys(['example_branch_labels']) retrieved from /home/airflow/.local/lib/python3.8/site-packages/airflow/example_dags/example_branch_labels.py
[2025-05-08T16:14:40.570+0000] {logging_mixin.py:154} INFO - [2025-05-08T16:14:40.570+0000] {dag.py:2941} INFO - Sync 1 DAGs
[2025-05-08T16:14:40.602+0000] {logging_mixin.py:154} INFO - [2025-05-08T16:14:40.602+0000] {dag.py:3722} INFO - Setting next_dagrun for example_branch_labels to 2025-05-07T00:00:00+00:00, run_after=2025-05-08T00:00:00+00:00
[2025-05-08T16:14:40.634+0000] {processor.py:179} INFO - Processing /home/airflow/.local/lib/python3.8/site-packages/airflow/example_dags/example_branch_labels.py took 0.116 seconds
[2025-05-08T16:15:11.409+0000] {processor.py:157} INFO - Started process (PID=513) to work on /home/airflow/.local/lib/python3.8/site-packages/airflow/example_dags/example_branch_labels.py
[2025-05-08T16:15:11.411+0000] {processor.py:829} INFO - Processing file /home/airflow/.local/lib/python3.8/site-packages/airflow/example_dags/example_branch_labels.py for tasks to queue
[2025-05-08T16:15:11.416+0000] {logging_mixin.py:154} INFO - [2025-05-08T16:15:11.415+0000] {dagbag.py:536} INFO - Filling up the DagBag from /home/airflow/.local/lib/python3.8/site-packages/airflow/example_dags/example_branch_labels.py
[2025-05-08T16:15:11.428+0000] {processor.py:839} INFO - DAG(s) dict_keys(['example_branch_labels']) retrieved from /home/airflow/.local/lib/python3.8/site-packages/airflow/example_dags/example_branch_labels.py
[2025-05-08T16:15:11.460+0000] {logging_mixin.py:154} INFO - [2025-05-08T16:15:11.460+0000] {dag.py:2941} INFO - Sync 1 DAGs
[2025-05-08T16:15:11.496+0000] {logging_mixin.py:154} INFO - [2025-05-08T16:15:11.496+0000] {dag.py:3722} INFO - Setting next_dagrun for example_branch_labels to 2025-05-07T00:00:00+00:00, run_after=2025-05-08T00:00:00+00:00
[2025-05-08T16:15:11.531+0000] {processor.py:179} INFO - Processing /home/airflow/.local/lib/python3.8/site-packages/airflow/example_dags/example_branch_labels.py took 0.128 seconds
[2025-05-08T16:15:41.631+0000] {processor.py:157} INFO - Started process (PID=568) to work on /home/airflow/.local/lib/python3.8/site-packages/airflow/example_dags/example_branch_labels.py
[2025-05-08T16:15:41.632+0000] {processor.py:829} INFO - Processing file /home/airflow/.local/lib/python3.8/site-packages/airflow/example_dags/example_branch_labels.py for tasks to queue
[2025-05-08T16:15:41.635+0000] {logging_mixin.py:154} INFO - [2025-05-08T16:15:41.634+0000] {dagbag.py:536} INFO - Filling up the DagBag from /home/airflow/.local/lib/python3.8/site-packages/airflow/example_dags/example_branch_labels.py
[2025-05-08T16:15:41.644+0000] {processor.py:839} INFO - DAG(s) dict_keys(['example_branch_labels']) retrieved from /home/airflow/.local/lib/python3.8/site-packages/airflow/example_dags/example_branch_labels.py
[2025-05-08T16:15:41.674+0000] {logging_mixin.py:154} INFO - [2025-05-08T16:15:41.673+0000] {dag.py:2941} INFO - Sync 1 DAGs
[2025-05-08T16:15:41.704+0000] {logging_mixin.py:154} INFO - [2025-05-08T16:15:41.704+0000] {dag.py:3722} INFO - Setting next_dagrun for example_branch_labels to 2025-05-07T00:00:00+00:00, run_after=2025-05-08T00:00:00+00:00
[2025-05-08T16:15:41.732+0000] {processor.py:179} INFO - Processing /home/airflow/.local/lib/python3.8/site-packages/airflow/example_dags/example_branch_labels.py took 0.106 seconds
[2025-05-08T16:16:11.836+0000] {processor.py:157} INFO - Started process (PID=623) to work on /home/airflow/.local/lib/python3.8/site-packages/airflow/example_dags/example_branch_labels.py
[2025-05-08T16:16:11.838+0000] {processor.py:829} INFO - Processing file /home/airflow/.local/lib/python3.8/site-packages/airflow/example_dags/example_branch_labels.py for tasks to queue
[2025-05-08T16:16:11.842+0000] {logging_mixin.py:154} INFO - [2025-05-08T16:16:11.841+0000] {dagbag.py:536} INFO - Filling up the DagBag from /home/airflow/.local/lib/python3.8/site-packages/airflow/example_dags/example_branch_labels.py
[2025-05-08T16:16:11.857+0000] {processor.py:839} INFO - DAG(s) dict_keys(['example_branch_labels']) retrieved from /home/airflow/.local/lib/python3.8/site-packages/airflow/example_dags/example_branch_labels.py
[2025-05-08T16:16:11.909+0000] {logging_mixin.py:154} INFO - [2025-05-08T16:16:11.908+0000] {dag.py:2941} INFO - Sync 1 DAGs
[2025-05-08T16:16:11.983+0000] {logging_mixin.py:154} INFO - [2025-05-08T16:16:11.983+0000] {dag.py:3722} INFO - Setting next_dagrun for example_branch_labels to 2025-05-07T00:00:00+00:00, run_after=2025-05-08T00:00:00+00:00
[2025-05-08T16:16:12.014+0000] {processor.py:179} INFO - Processing /home/airflow/.local/lib/python3.8/site-packages/airflow/example_dags/example_branch_labels.py took 0.184 seconds
[2025-05-08T16:16:42.157+0000] {processor.py:157} INFO - Started process (PID=678) to work on /home/airflow/.local/lib/python3.8/site-packages/airflow/example_dags/example_branch_labels.py
[2025-05-08T16:16:42.159+0000] {processor.py:829} INFO - Processing file /home/airflow/.local/lib/python3.8/site-packages/airflow/example_dags/example_branch_labels.py for tasks to queue
[2025-05-08T16:16:42.161+0000] {logging_mixin.py:154} INFO - [2025-05-08T16:16:42.161+0000] {dagbag.py:536} INFO - Filling up the DagBag from /home/airflow/.local/lib/python3.8/site-packages/airflow/example_dags/example_branch_labels.py
[2025-05-08T16:16:42.171+0000] {processor.py:839} INFO - DAG(s) dict_keys(['example_branch_labels']) retrieved from /home/airflow/.local/lib/python3.8/site-packages/airflow/example_dags/example_branch_labels.py
[2025-05-08T16:16:42.202+0000] {logging_mixin.py:154} INFO - [2025-05-08T16:16:42.202+0000] {dag.py:2941} INFO - Sync 1 DAGs
[2025-05-08T16:16:42.236+0000] {logging_mixin.py:154} INFO - [2025-05-08T16:16:42.236+0000] {dag.py:3722} INFO - Setting next_dagrun for example_branch_labels to 2025-05-07T00:00:00+00:00, run_after=2025-05-08T00:00:00+00:00
[2025-05-08T16:16:42.266+0000] {processor.py:179} INFO - Processing /home/airflow/.local/lib/python3.8/site-packages/airflow/example_dags/example_branch_labels.py took 0.114 seconds
[2025-05-08T16:17:12.514+0000] {processor.py:157} INFO - Started process (PID=733) to work on /home/airflow/.local/lib/python3.8/site-packages/airflow/example_dags/example_branch_labels.py
[2025-05-08T16:17:12.516+0000] {processor.py:829} INFO - Processing file /home/airflow/.local/lib/python3.8/site-packages/airflow/example_dags/example_branch_labels.py for tasks to queue
[2025-05-08T16:17:12.520+0000] {logging_mixin.py:154} INFO - [2025-05-08T16:17:12.519+0000] {dagbag.py:536} INFO - Filling up the DagBag from /home/airflow/.local/lib/python3.8/site-packages/airflow/example_dags/example_branch_labels.py
[2025-05-08T16:17:12.532+0000] {processor.py:839} INFO - DAG(s) dict_keys(['example_branch_labels']) retrieved from /home/airflow/.local/lib/python3.8/site-packages/airflow/example_dags/example_branch_labels.py
[2025-05-08T16:17:12.572+0000] {logging_mixin.py:154} INFO - [2025-05-08T16:17:12.572+0000] {dag.py:2941} INFO - Sync 1 DAGs
[2025-05-08T16:17:12.610+0000] {logging_mixin.py:154} INFO - [2025-05-08T16:17:12.610+0000] {dag.py:3722} INFO - Setting next_dagrun for example_branch_labels to 2025-05-07T00:00:00+00:00, run_after=2025-05-08T00:00:00+00:00
[2025-05-08T16:17:12.649+0000] {processor.py:179} INFO - Processing /home/airflow/.local/lib/python3.8/site-packages/airflow/example_dags/example_branch_labels.py took 0.141 seconds
[2025-05-08T16:17:43.555+0000] {processor.py:157} INFO - Started process (PID=788) to work on /home/airflow/.local/lib/python3.8/site-packages/airflow/example_dags/example_branch_labels.py
[2025-05-08T16:17:43.557+0000] {processor.py:829} INFO - Processing file /home/airflow/.local/lib/python3.8/site-packages/airflow/example_dags/example_branch_labels.py for tasks to queue
[2025-05-08T16:17:43.561+0000] {logging_mixin.py:154} INFO - [2025-05-08T16:17:43.560+0000] {dagbag.py:536} INFO - Filling up the DagBag from /home/airflow/.local/lib/python3.8/site-packages/airflow/example_dags/example_branch_labels.py
[2025-05-08T16:17:43.575+0000] {processor.py:839} INFO - DAG(s) dict_keys(['example_branch_labels']) retrieved from /home/airflow/.local/lib/python3.8/site-packages/airflow/example_dags/example_branch_labels.py
[2025-05-08T16:17:43.611+0000] {logging_mixin.py:154} INFO - [2025-05-08T16:17:43.611+0000] {dag.py:2941} INFO - Sync 1 DAGs
[2025-05-08T16:17:43.656+0000] {logging_mixin.py:154} INFO - [2025-05-08T16:17:43.656+0000] {dag.py:3722} INFO - Setting next_dagrun for example_branch_labels to 2025-05-07T00:00:00+00:00, run_after=2025-05-08T00:00:00+00:00
[2025-05-08T16:17:43.697+0000] {processor.py:179} INFO - Processing /home/airflow/.local/lib/python3.8/site-packages/airflow/example_dags/example_branch_labels.py took 0.146 seconds
