[2025-05-08T16:11:14.715+0000] {processor.py:157} INFO - Started process (PID=105) to work on /home/airflow/.local/lib/python3.8/site-packages/airflow/example_dags/example_sla_dag.py
[2025-05-08T16:11:14.736+0000] {processor.py:829} INFO - Processing file /home/airflow/.local/lib/python3.8/site-packages/airflow/example_dags/example_sla_dag.py for tasks to queue
[2025-05-08T16:11:14.750+0000] {logging_mixin.py:154} INFO - [2025-05-08T16:11:14.750+0000] {dagbag.py:536} INFO - Filling up the DagBag from /home/airflow/.local/lib/python3.8/site-packages/airflow/example_dags/example_sla_dag.py
[2025-05-08T16:11:14.771+0000] {processor.py:839} INFO - DAG(s) dict_keys(['example_sla_dag']) retrieved from /home/airflow/.local/lib/python3.8/site-packages/airflow/example_dags/example_sla_dag.py
[2025-05-08T16:11:14.818+0000] {logging_mixin.py:154} INFO - [2025-05-08T16:11:14.817+0000] {dag.py:2941} INFO - Sync 1 DAGs
[2025-05-08T16:11:14.877+0000] {logging_mixin.py:154} INFO - [2025-05-08T16:11:14.876+0000] {dag.py:3722} INFO - Setting next_dagrun for example_sla_dag to 2025-05-08T16:08:00+00:00, run_after=2025-05-08T16:10:00+00:00
[2025-05-08T16:11:14.909+0000] {processor.py:179} INFO - Processing /home/airflow/.local/lib/python3.8/site-packages/airflow/example_dags/example_sla_dag.py took 0.224 seconds
[2025-05-08T16:11:45.529+0000] {processor.py:157} INFO - Started process (PID=160) to work on /home/airflow/.local/lib/python3.8/site-packages/airflow/example_dags/example_sla_dag.py
[2025-05-08T16:11:45.531+0000] {processor.py:829} INFO - Processing file /home/airflow/.local/lib/python3.8/site-packages/airflow/example_dags/example_sla_dag.py for tasks to queue
[2025-05-08T16:11:45.537+0000] {logging_mixin.py:154} INFO - [2025-05-08T16:11:45.537+0000] {dagbag.py:536} INFO - Filling up the DagBag from /home/airflow/.local/lib/python3.8/site-packages/airflow/example_dags/example_sla_dag.py
[2025-05-08T16:11:45.557+0000] {processor.py:839} INFO - DAG(s) dict_keys(['example_sla_dag']) retrieved from /home/airflow/.local/lib/python3.8/site-packages/airflow/example_dags/example_sla_dag.py
[2025-05-08T16:11:45.596+0000] {logging_mixin.py:154} INFO - [2025-05-08T16:11:45.595+0000] {dag.py:2941} INFO - Sync 1 DAGs
[2025-05-08T16:11:45.656+0000] {logging_mixin.py:154} INFO - [2025-05-08T16:11:45.656+0000] {dag.py:3722} INFO - Setting next_dagrun for example_sla_dag to 2025-05-08T16:08:00+00:00, run_after=2025-05-08T16:10:00+00:00
[2025-05-08T16:11:45.697+0000] {processor.py:179} INFO - Processing /home/airflow/.local/lib/python3.8/site-packages/airflow/example_dags/example_sla_dag.py took 0.174 seconds
[2025-05-08T16:12:16.674+0000] {processor.py:157} INFO - Started process (PID=215) to work on /home/airflow/.local/lib/python3.8/site-packages/airflow/example_dags/example_sla_dag.py
[2025-05-08T16:12:16.676+0000] {processor.py:829} INFO - Processing file /home/airflow/.local/lib/python3.8/site-packages/airflow/example_dags/example_sla_dag.py for tasks to queue
[2025-05-08T16:12:16.679+0000] {logging_mixin.py:154} INFO - [2025-05-08T16:12:16.679+0000] {dagbag.py:536} INFO - Filling up the DagBag from /home/airflow/.local/lib/python3.8/site-packages/airflow/example_dags/example_sla_dag.py
[2025-05-08T16:12:16.692+0000] {processor.py:839} INFO - DAG(s) dict_keys(['example_sla_dag']) retrieved from /home/airflow/.local/lib/python3.8/site-packages/airflow/example_dags/example_sla_dag.py
[2025-05-08T16:12:16.735+0000] {logging_mixin.py:154} INFO - [2025-05-08T16:12:16.735+0000] {dag.py:2941} INFO - Sync 1 DAGs
[2025-05-08T16:12:16.839+0000] {logging_mixin.py:154} INFO - [2025-05-08T16:12:16.839+0000] {dag.py:3722} INFO - Setting next_dagrun for example_sla_dag to 2025-05-08T16:10:00+00:00, run_after=2025-05-08T16:12:00+00:00
[2025-05-08T16:12:16.903+0000] {processor.py:179} INFO - Processing /home/airflow/.local/lib/python3.8/site-packages/airflow/example_dags/example_sla_dag.py took 0.236 seconds
[2025-05-08T16:12:47.329+0000] {processor.py:157} INFO - Started process (PID=270) to work on /home/airflow/.local/lib/python3.8/site-packages/airflow/example_dags/example_sla_dag.py
[2025-05-08T16:12:47.331+0000] {processor.py:829} INFO - Processing file /home/airflow/.local/lib/python3.8/site-packages/airflow/example_dags/example_sla_dag.py for tasks to queue
[2025-05-08T16:12:47.333+0000] {logging_mixin.py:154} INFO - [2025-05-08T16:12:47.333+0000] {dagbag.py:536} INFO - Filling up the DagBag from /home/airflow/.local/lib/python3.8/site-packages/airflow/example_dags/example_sla_dag.py
[2025-05-08T16:12:47.344+0000] {processor.py:839} INFO - DAG(s) dict_keys(['example_sla_dag']) retrieved from /home/airflow/.local/lib/python3.8/site-packages/airflow/example_dags/example_sla_dag.py
[2025-05-08T16:12:47.431+0000] {logging_mixin.py:154} INFO - [2025-05-08T16:12:47.431+0000] {dag.py:2941} INFO - Sync 1 DAGs
[2025-05-08T16:12:47.473+0000] {logging_mixin.py:154} INFO - [2025-05-08T16:12:47.472+0000] {dag.py:3722} INFO - Setting next_dagrun for example_sla_dag to 2025-05-08T16:10:00+00:00, run_after=2025-05-08T16:12:00+00:00
[2025-05-08T16:12:47.508+0000] {processor.py:179} INFO - Processing /home/airflow/.local/lib/python3.8/site-packages/airflow/example_dags/example_sla_dag.py took 0.185 seconds
[2025-05-08T16:13:18.376+0000] {processor.py:157} INFO - Started process (PID=325) to work on /home/airflow/.local/lib/python3.8/site-packages/airflow/example_dags/example_sla_dag.py
[2025-05-08T16:13:18.378+0000] {processor.py:829} INFO - Processing file /home/airflow/.local/lib/python3.8/site-packages/airflow/example_dags/example_sla_dag.py for tasks to queue
[2025-05-08T16:13:18.384+0000] {logging_mixin.py:154} INFO - [2025-05-08T16:13:18.384+0000] {dagbag.py:536} INFO - Filling up the DagBag from /home/airflow/.local/lib/python3.8/site-packages/airflow/example_dags/example_sla_dag.py
[2025-05-08T16:13:18.400+0000] {processor.py:839} INFO - DAG(s) dict_keys(['example_sla_dag']) retrieved from /home/airflow/.local/lib/python3.8/site-packages/airflow/example_dags/example_sla_dag.py
[2025-05-08T16:13:18.444+0000] {logging_mixin.py:154} INFO - [2025-05-08T16:13:18.444+0000] {dag.py:2941} INFO - Sync 1 DAGs
[2025-05-08T16:13:18.494+0000] {logging_mixin.py:154} INFO - [2025-05-08T16:13:18.494+0000] {dag.py:3722} INFO - Setting next_dagrun for example_sla_dag to 2025-05-08T16:10:00+00:00, run_after=2025-05-08T16:12:00+00:00
[2025-05-08T16:13:18.530+0000] {processor.py:179} INFO - Processing /home/airflow/.local/lib/python3.8/site-packages/airflow/example_dags/example_sla_dag.py took 0.161 seconds
[2025-05-08T16:13:48.581+0000] {processor.py:157} INFO - Started process (PID=380) to work on /home/airflow/.local/lib/python3.8/site-packages/airflow/example_dags/example_sla_dag.py
[2025-05-08T16:13:48.582+0000] {processor.py:829} INFO - Processing file /home/airflow/.local/lib/python3.8/site-packages/airflow/example_dags/example_sla_dag.py for tasks to queue
[2025-05-08T16:13:48.586+0000] {logging_mixin.py:154} INFO - [2025-05-08T16:13:48.585+0000] {dagbag.py:536} INFO - Filling up the DagBag from /home/airflow/.local/lib/python3.8/site-packages/airflow/example_dags/example_sla_dag.py
[2025-05-08T16:13:48.598+0000] {processor.py:839} INFO - DAG(s) dict_keys(['example_sla_dag']) retrieved from /home/airflow/.local/lib/python3.8/site-packages/airflow/example_dags/example_sla_dag.py
[2025-05-08T16:13:48.633+0000] {logging_mixin.py:154} INFO - [2025-05-08T16:13:48.632+0000] {dag.py:2941} INFO - Sync 1 DAGs
[2025-05-08T16:13:48.670+0000] {logging_mixin.py:154} INFO - [2025-05-08T16:13:48.670+0000] {dag.py:3722} INFO - Setting next_dagrun for example_sla_dag to 2025-05-08T16:10:00+00:00, run_after=2025-05-08T16:12:00+00:00
[2025-05-08T16:13:48.698+0000] {processor.py:179} INFO - Processing /home/airflow/.local/lib/python3.8/site-packages/airflow/example_dags/example_sla_dag.py took 0.121 seconds
[2025-05-08T16:14:19.406+0000] {processor.py:157} INFO - Started process (PID=435) to work on /home/airflow/.local/lib/python3.8/site-packages/airflow/example_dags/example_sla_dag.py
[2025-05-08T16:14:19.410+0000] {processor.py:829} INFO - Processing file /home/airflow/.local/lib/python3.8/site-packages/airflow/example_dags/example_sla_dag.py for tasks to queue
[2025-05-08T16:14:19.415+0000] {logging_mixin.py:154} INFO - [2025-05-08T16:14:19.414+0000] {dagbag.py:536} INFO - Filling up the DagBag from /home/airflow/.local/lib/python3.8/site-packages/airflow/example_dags/example_sla_dag.py
[2025-05-08T16:14:19.431+0000] {processor.py:839} INFO - DAG(s) dict_keys(['example_sla_dag']) retrieved from /home/airflow/.local/lib/python3.8/site-packages/airflow/example_dags/example_sla_dag.py
[2025-05-08T16:14:19.471+0000] {logging_mixin.py:154} INFO - [2025-05-08T16:14:19.471+0000] {dag.py:2941} INFO - Sync 1 DAGs
[2025-05-08T16:14:19.520+0000] {logging_mixin.py:154} INFO - [2025-05-08T16:14:19.520+0000] {dag.py:3722} INFO - Setting next_dagrun for example_sla_dag to 2025-05-08T16:12:00+00:00, run_after=2025-05-08T16:14:00+00:00
[2025-05-08T16:14:19.562+0000] {processor.py:179} INFO - Processing /home/airflow/.local/lib/python3.8/site-packages/airflow/example_dags/example_sla_dag.py took 0.163 seconds
[2025-05-08T16:14:49.978+0000] {processor.py:157} INFO - Started process (PID=490) to work on /home/airflow/.local/lib/python3.8/site-packages/airflow/example_dags/example_sla_dag.py
[2025-05-08T16:14:49.979+0000] {processor.py:829} INFO - Processing file /home/airflow/.local/lib/python3.8/site-packages/airflow/example_dags/example_sla_dag.py for tasks to queue
[2025-05-08T16:14:49.982+0000] {logging_mixin.py:154} INFO - [2025-05-08T16:14:49.982+0000] {dagbag.py:536} INFO - Filling up the DagBag from /home/airflow/.local/lib/python3.8/site-packages/airflow/example_dags/example_sla_dag.py
[2025-05-08T16:14:50.000+0000] {processor.py:839} INFO - DAG(s) dict_keys(['example_sla_dag']) retrieved from /home/airflow/.local/lib/python3.8/site-packages/airflow/example_dags/example_sla_dag.py
[2025-05-08T16:14:50.034+0000] {logging_mixin.py:154} INFO - [2025-05-08T16:14:50.033+0000] {dag.py:2941} INFO - Sync 1 DAGs
[2025-05-08T16:14:50.074+0000] {logging_mixin.py:154} INFO - [2025-05-08T16:14:50.074+0000] {dag.py:3722} INFO - Setting next_dagrun for example_sla_dag to 2025-05-08T16:12:00+00:00, run_after=2025-05-08T16:14:00+00:00
[2025-05-08T16:14:50.102+0000] {processor.py:179} INFO - Processing /home/airflow/.local/lib/python3.8/site-packages/airflow/example_dags/example_sla_dag.py took 0.128 seconds
[2025-05-08T16:15:20.407+0000] {processor.py:157} INFO - Started process (PID=545) to work on /home/airflow/.local/lib/python3.8/site-packages/airflow/example_dags/example_sla_dag.py
[2025-05-08T16:15:20.409+0000] {processor.py:829} INFO - Processing file /home/airflow/.local/lib/python3.8/site-packages/airflow/example_dags/example_sla_dag.py for tasks to queue
[2025-05-08T16:15:20.412+0000] {logging_mixin.py:154} INFO - [2025-05-08T16:15:20.412+0000] {dagbag.py:536} INFO - Filling up the DagBag from /home/airflow/.local/lib/python3.8/site-packages/airflow/example_dags/example_sla_dag.py
[2025-05-08T16:15:20.423+0000] {processor.py:839} INFO - DAG(s) dict_keys(['example_sla_dag']) retrieved from /home/airflow/.local/lib/python3.8/site-packages/airflow/example_dags/example_sla_dag.py
[2025-05-08T16:15:20.456+0000] {logging_mixin.py:154} INFO - [2025-05-08T16:15:20.455+0000] {dag.py:2941} INFO - Sync 1 DAGs
[2025-05-08T16:15:20.494+0000] {logging_mixin.py:154} INFO - [2025-05-08T16:15:20.494+0000] {dag.py:3722} INFO - Setting next_dagrun for example_sla_dag to 2025-05-08T16:12:00+00:00, run_after=2025-05-08T16:14:00+00:00
[2025-05-08T16:15:20.523+0000] {processor.py:179} INFO - Processing /home/airflow/.local/lib/python3.8/site-packages/airflow/example_dags/example_sla_dag.py took 0.121 seconds
[2025-05-08T16:15:51.137+0000] {processor.py:157} INFO - Started process (PID=600) to work on /home/airflow/.local/lib/python3.8/site-packages/airflow/example_dags/example_sla_dag.py
[2025-05-08T16:15:51.138+0000] {processor.py:829} INFO - Processing file /home/airflow/.local/lib/python3.8/site-packages/airflow/example_dags/example_sla_dag.py for tasks to queue
[2025-05-08T16:15:51.143+0000] {logging_mixin.py:154} INFO - [2025-05-08T16:15:51.143+0000] {dagbag.py:536} INFO - Filling up the DagBag from /home/airflow/.local/lib/python3.8/site-packages/airflow/example_dags/example_sla_dag.py
[2025-05-08T16:15:51.157+0000] {processor.py:839} INFO - DAG(s) dict_keys(['example_sla_dag']) retrieved from /home/airflow/.local/lib/python3.8/site-packages/airflow/example_dags/example_sla_dag.py
[2025-05-08T16:15:51.193+0000] {logging_mixin.py:154} INFO - [2025-05-08T16:15:51.193+0000] {dag.py:2941} INFO - Sync 1 DAGs
[2025-05-08T16:15:51.223+0000] {logging_mixin.py:154} INFO - [2025-05-08T16:15:51.223+0000] {dag.py:3722} INFO - Setting next_dagrun for example_sla_dag to 2025-05-08T16:12:00+00:00, run_after=2025-05-08T16:14:00+00:00
[2025-05-08T16:15:51.248+0000] {processor.py:179} INFO - Processing /home/airflow/.local/lib/python3.8/site-packages/airflow/example_dags/example_sla_dag.py took 0.115 seconds
[2025-05-08T16:16:21.372+0000] {processor.py:157} INFO - Started process (PID=655) to work on /home/airflow/.local/lib/python3.8/site-packages/airflow/example_dags/example_sla_dag.py
[2025-05-08T16:16:21.374+0000] {processor.py:829} INFO - Processing file /home/airflow/.local/lib/python3.8/site-packages/airflow/example_dags/example_sla_dag.py for tasks to queue
[2025-05-08T16:16:21.378+0000] {logging_mixin.py:154} INFO - [2025-05-08T16:16:21.378+0000] {dagbag.py:536} INFO - Filling up the DagBag from /home/airflow/.local/lib/python3.8/site-packages/airflow/example_dags/example_sla_dag.py
[2025-05-08T16:16:21.392+0000] {processor.py:839} INFO - DAG(s) dict_keys(['example_sla_dag']) retrieved from /home/airflow/.local/lib/python3.8/site-packages/airflow/example_dags/example_sla_dag.py
[2025-05-08T16:16:21.423+0000] {logging_mixin.py:154} INFO - [2025-05-08T16:16:21.423+0000] {dag.py:2941} INFO - Sync 1 DAGs
[2025-05-08T16:16:21.456+0000] {logging_mixin.py:154} INFO - [2025-05-08T16:16:21.456+0000] {dag.py:3722} INFO - Setting next_dagrun for example_sla_dag to 2025-05-08T16:14:00+00:00, run_after=2025-05-08T16:16:00+00:00
[2025-05-08T16:16:21.605+0000] {processor.py:179} INFO - Processing /home/airflow/.local/lib/python3.8/site-packages/airflow/example_dags/example_sla_dag.py took 0.238 seconds
[2025-05-08T16:16:51.928+0000] {processor.py:157} INFO - Started process (PID=710) to work on /home/airflow/.local/lib/python3.8/site-packages/airflow/example_dags/example_sla_dag.py
[2025-05-08T16:16:51.931+0000] {processor.py:829} INFO - Processing file /home/airflow/.local/lib/python3.8/site-packages/airflow/example_dags/example_sla_dag.py for tasks to queue
[2025-05-08T16:16:51.938+0000] {logging_mixin.py:154} INFO - [2025-05-08T16:16:51.938+0000] {dagbag.py:536} INFO - Filling up the DagBag from /home/airflow/.local/lib/python3.8/site-packages/airflow/example_dags/example_sla_dag.py
[2025-05-08T16:16:51.952+0000] {processor.py:839} INFO - DAG(s) dict_keys(['example_sla_dag']) retrieved from /home/airflow/.local/lib/python3.8/site-packages/airflow/example_dags/example_sla_dag.py
[2025-05-08T16:16:51.995+0000] {logging_mixin.py:154} INFO - [2025-05-08T16:16:51.995+0000] {dag.py:2941} INFO - Sync 1 DAGs
[2025-05-08T16:16:52.047+0000] {logging_mixin.py:154} INFO - [2025-05-08T16:16:52.047+0000] {dag.py:3722} INFO - Setting next_dagrun for example_sla_dag to 2025-05-08T16:14:00+00:00, run_after=2025-05-08T16:16:00+00:00
[2025-05-08T16:16:52.084+0000] {processor.py:179} INFO - Processing /home/airflow/.local/lib/python3.8/site-packages/airflow/example_dags/example_sla_dag.py took 0.161 seconds
[2025-05-08T16:17:22.878+0000] {processor.py:157} INFO - Started process (PID=765) to work on /home/airflow/.local/lib/python3.8/site-packages/airflow/example_dags/example_sla_dag.py
[2025-05-08T16:17:22.879+0000] {processor.py:829} INFO - Processing file /home/airflow/.local/lib/python3.8/site-packages/airflow/example_dags/example_sla_dag.py for tasks to queue
[2025-05-08T16:17:22.882+0000] {logging_mixin.py:154} INFO - [2025-05-08T16:17:22.882+0000] {dagbag.py:536} INFO - Filling up the DagBag from /home/airflow/.local/lib/python3.8/site-packages/airflow/example_dags/example_sla_dag.py
[2025-05-08T16:17:22.893+0000] {processor.py:839} INFO - DAG(s) dict_keys(['example_sla_dag']) retrieved from /home/airflow/.local/lib/python3.8/site-packages/airflow/example_dags/example_sla_dag.py
[2025-05-08T16:17:22.922+0000] {logging_mixin.py:154} INFO - [2025-05-08T16:17:22.922+0000] {dag.py:2941} INFO - Sync 1 DAGs
[2025-05-08T16:17:22.954+0000] {logging_mixin.py:154} INFO - [2025-05-08T16:17:22.953+0000] {dag.py:3722} INFO - Setting next_dagrun for example_sla_dag to 2025-05-08T16:14:00+00:00, run_after=2025-05-08T16:16:00+00:00
[2025-05-08T16:17:22.988+0000] {processor.py:179} INFO - Processing /home/airflow/.local/lib/python3.8/site-packages/airflow/example_dags/example_sla_dag.py took 0.115 seconds
[2025-05-08T16:17:53.971+0000] {processor.py:157} INFO - Started process (PID=820) to work on /home/airflow/.local/lib/python3.8/site-packages/airflow/example_dags/example_sla_dag.py
[2025-05-08T16:17:53.972+0000] {processor.py:829} INFO - Processing file /home/airflow/.local/lib/python3.8/site-packages/airflow/example_dags/example_sla_dag.py for tasks to queue
[2025-05-08T16:17:53.976+0000] {logging_mixin.py:154} INFO - [2025-05-08T16:17:53.976+0000] {dagbag.py:536} INFO - Filling up the DagBag from /home/airflow/.local/lib/python3.8/site-packages/airflow/example_dags/example_sla_dag.py
[2025-05-08T16:17:53.995+0000] {processor.py:839} INFO - DAG(s) dict_keys(['example_sla_dag']) retrieved from /home/airflow/.local/lib/python3.8/site-packages/airflow/example_dags/example_sla_dag.py
[2025-05-08T16:17:54.052+0000] {logging_mixin.py:154} INFO - [2025-05-08T16:17:54.051+0000] {dag.py:2941} INFO - Sync 1 DAGs
[2025-05-08T16:17:54.123+0000] {logging_mixin.py:154} INFO - [2025-05-08T16:17:54.122+0000] {dag.py:3722} INFO - Setting next_dagrun for example_sla_dag to 2025-05-08T16:14:00+00:00, run_after=2025-05-08T16:16:00+00:00
[2025-05-08T16:17:55.127+0000] {logging_mixin.py:154} INFO - [2025-05-08T16:17:55.126+0000] {process_utils.py:259} INFO - Waiting up to 5 seconds for processes to exit...
