[2025-05-08T16:11:08.893+0000] {processor.py:157} INFO - Started process (PID=80) to work on /home/airflow/.local/lib/python3.8/site-packages/airflow/example_dags/example_latest_only.py
[2025-05-08T16:11:08.897+0000] {processor.py:829} INFO - Processing file /home/airflow/.local/lib/python3.8/site-packages/airflow/example_dags/example_latest_only.py for tasks to queue
[2025-05-08T16:11:08.906+0000] {logging_mixin.py:154} INFO - [2025-05-08T16:11:08.905+0000] {dagbag.py:536} INFO - Filling up the DagBag from /home/airflow/.local/lib/python3.8/site-packages/airflow/example_dags/example_latest_only.py
[2025-05-08T16:11:08.916+0000] {processor.py:839} INFO - DAG(s) dict_keys(['latest_only']) retrieved from /home/airflow/.local/lib/python3.8/site-packages/airflow/example_dags/example_latest_only.py
[2025-05-08T16:11:08.956+0000] {logging_mixin.py:154} INFO - [2025-05-08T16:11:08.956+0000] {dag.py:2941} INFO - Sync 1 DAGs
[2025-05-08T16:11:09.001+0000] {logging_mixin.py:154} INFO - [2025-05-08T16:11:09.001+0000] {dag.py:3722} INFO - Setting next_dagrun for latest_only to 2025-05-08T12:11:09.001008+00:00, run_after=2025-05-08T16:11:09.001008+00:00
[2025-05-08T16:11:09.041+0000] {processor.py:179} INFO - Processing /home/airflow/.local/lib/python3.8/site-packages/airflow/example_dags/example_latest_only.py took 0.157 seconds
[2025-05-08T16:11:39.634+0000] {processor.py:157} INFO - Started process (PID=135) to work on /home/airflow/.local/lib/python3.8/site-packages/airflow/example_dags/example_latest_only.py
[2025-05-08T16:11:39.635+0000] {processor.py:829} INFO - Processing file /home/airflow/.local/lib/python3.8/site-packages/airflow/example_dags/example_latest_only.py for tasks to queue
[2025-05-08T16:11:39.639+0000] {logging_mixin.py:154} INFO - [2025-05-08T16:11:39.639+0000] {dagbag.py:536} INFO - Filling up the DagBag from /home/airflow/.local/lib/python3.8/site-packages/airflow/example_dags/example_latest_only.py
[2025-05-08T16:11:39.647+0000] {processor.py:839} INFO - DAG(s) dict_keys(['latest_only']) retrieved from /home/airflow/.local/lib/python3.8/site-packages/airflow/example_dags/example_latest_only.py
[2025-05-08T16:11:39.682+0000] {logging_mixin.py:154} INFO - [2025-05-08T16:11:39.681+0000] {dag.py:2941} INFO - Sync 1 DAGs
[2025-05-08T16:11:39.709+0000] {logging_mixin.py:154} INFO - [2025-05-08T16:11:39.709+0000] {dag.py:3722} INFO - Setting next_dagrun for latest_only to 2025-05-08T12:11:39.709146+00:00, run_after=2025-05-08T16:11:39.709146+00:00
[2025-05-08T16:11:39.750+0000] {processor.py:179} INFO - Processing /home/airflow/.local/lib/python3.8/site-packages/airflow/example_dags/example_latest_only.py took 0.122 seconds
[2025-05-08T16:12:10.515+0000] {processor.py:157} INFO - Started process (PID=190) to work on /home/airflow/.local/lib/python3.8/site-packages/airflow/example_dags/example_latest_only.py
[2025-05-08T16:12:10.517+0000] {processor.py:829} INFO - Processing file /home/airflow/.local/lib/python3.8/site-packages/airflow/example_dags/example_latest_only.py for tasks to queue
[2025-05-08T16:12:10.521+0000] {logging_mixin.py:154} INFO - [2025-05-08T16:12:10.521+0000] {dagbag.py:536} INFO - Filling up the DagBag from /home/airflow/.local/lib/python3.8/site-packages/airflow/example_dags/example_latest_only.py
[2025-05-08T16:12:10.532+0000] {processor.py:839} INFO - DAG(s) dict_keys(['latest_only']) retrieved from /home/airflow/.local/lib/python3.8/site-packages/airflow/example_dags/example_latest_only.py
[2025-05-08T16:12:10.568+0000] {logging_mixin.py:154} INFO - [2025-05-08T16:12:10.568+0000] {dag.py:2941} INFO - Sync 1 DAGs
[2025-05-08T16:12:10.599+0000] {logging_mixin.py:154} INFO - [2025-05-08T16:12:10.599+0000] {dag.py:3722} INFO - Setting next_dagrun for latest_only to 2025-05-08T12:12:10.598854+00:00, run_after=2025-05-08T16:12:10.598854+00:00
[2025-05-08T16:12:10.634+0000] {processor.py:179} INFO - Processing /home/airflow/.local/lib/python3.8/site-packages/airflow/example_dags/example_latest_only.py took 0.124 seconds
[2025-05-08T16:12:40.828+0000] {processor.py:157} INFO - Started process (PID=245) to work on /home/airflow/.local/lib/python3.8/site-packages/airflow/example_dags/example_latest_only.py
[2025-05-08T16:12:40.859+0000] {processor.py:829} INFO - Processing file /home/airflow/.local/lib/python3.8/site-packages/airflow/example_dags/example_latest_only.py for tasks to queue
[2025-05-08T16:12:40.863+0000] {logging_mixin.py:154} INFO - [2025-05-08T16:12:40.863+0000] {dagbag.py:536} INFO - Filling up the DagBag from /home/airflow/.local/lib/python3.8/site-packages/airflow/example_dags/example_latest_only.py
[2025-05-08T16:12:40.874+0000] {processor.py:839} INFO - DAG(s) dict_keys(['latest_only']) retrieved from /home/airflow/.local/lib/python3.8/site-packages/airflow/example_dags/example_latest_only.py
[2025-05-08T16:12:40.911+0000] {logging_mixin.py:154} INFO - [2025-05-08T16:12:40.910+0000] {dag.py:2941} INFO - Sync 1 DAGs
[2025-05-08T16:12:40.952+0000] {logging_mixin.py:154} INFO - [2025-05-08T16:12:40.952+0000] {dag.py:3722} INFO - Setting next_dagrun for latest_only to 2025-05-08T12:12:40.952021+00:00, run_after=2025-05-08T16:12:40.952021+00:00
[2025-05-08T16:12:40.987+0000] {processor.py:179} INFO - Processing /home/airflow/.local/lib/python3.8/site-packages/airflow/example_dags/example_latest_only.py took 0.164 seconds
[2025-05-08T16:13:11.321+0000] {processor.py:157} INFO - Started process (PID=299) to work on /home/airflow/.local/lib/python3.8/site-packages/airflow/example_dags/example_latest_only.py
[2025-05-08T16:13:11.323+0000] {processor.py:829} INFO - Processing file /home/airflow/.local/lib/python3.8/site-packages/airflow/example_dags/example_latest_only.py for tasks to queue
[2025-05-08T16:13:11.328+0000] {logging_mixin.py:154} INFO - [2025-05-08T16:13:11.327+0000] {dagbag.py:536} INFO - Filling up the DagBag from /home/airflow/.local/lib/python3.8/site-packages/airflow/example_dags/example_latest_only.py
[2025-05-08T16:13:11.335+0000] {processor.py:839} INFO - DAG(s) dict_keys(['latest_only']) retrieved from /home/airflow/.local/lib/python3.8/site-packages/airflow/example_dags/example_latest_only.py
[2025-05-08T16:13:11.368+0000] {logging_mixin.py:154} INFO - [2025-05-08T16:13:11.367+0000] {dag.py:2941} INFO - Sync 1 DAGs
[2025-05-08T16:13:11.410+0000] {logging_mixin.py:154} INFO - [2025-05-08T16:13:11.410+0000] {dag.py:3722} INFO - Setting next_dagrun for latest_only to 2025-05-08T12:13:11.409457+00:00, run_after=2025-05-08T16:13:11.409457+00:00
[2025-05-08T16:13:11.448+0000] {processor.py:179} INFO - Processing /home/airflow/.local/lib/python3.8/site-packages/airflow/example_dags/example_latest_only.py took 0.132 seconds
[2025-05-08T16:13:41.764+0000] {processor.py:157} INFO - Started process (PID=354) to work on /home/airflow/.local/lib/python3.8/site-packages/airflow/example_dags/example_latest_only.py
[2025-05-08T16:13:41.765+0000] {processor.py:829} INFO - Processing file /home/airflow/.local/lib/python3.8/site-packages/airflow/example_dags/example_latest_only.py for tasks to queue
[2025-05-08T16:13:41.770+0000] {logging_mixin.py:154} INFO - [2025-05-08T16:13:41.769+0000] {dagbag.py:536} INFO - Filling up the DagBag from /home/airflow/.local/lib/python3.8/site-packages/airflow/example_dags/example_latest_only.py
[2025-05-08T16:13:41.778+0000] {processor.py:839} INFO - DAG(s) dict_keys(['latest_only']) retrieved from /home/airflow/.local/lib/python3.8/site-packages/airflow/example_dags/example_latest_only.py
[2025-05-08T16:13:41.820+0000] {logging_mixin.py:154} INFO - [2025-05-08T16:13:41.819+0000] {dag.py:2941} INFO - Sync 1 DAGs
[2025-05-08T16:13:41.953+0000] {logging_mixin.py:154} INFO - [2025-05-08T16:13:41.953+0000] {dag.py:3722} INFO - Setting next_dagrun for latest_only to 2025-05-08T12:13:41.952611+00:00, run_after=2025-05-08T16:13:41.952611+00:00
[2025-05-08T16:13:41.990+0000] {processor.py:179} INFO - Processing /home/airflow/.local/lib/python3.8/site-packages/airflow/example_dags/example_latest_only.py took 0.233 seconds
[2025-05-08T16:14:12.596+0000] {processor.py:157} INFO - Started process (PID=409) to work on /home/airflow/.local/lib/python3.8/site-packages/airflow/example_dags/example_latest_only.py
[2025-05-08T16:14:12.597+0000] {processor.py:829} INFO - Processing file /home/airflow/.local/lib/python3.8/site-packages/airflow/example_dags/example_latest_only.py for tasks to queue
[2025-05-08T16:14:12.600+0000] {logging_mixin.py:154} INFO - [2025-05-08T16:14:12.600+0000] {dagbag.py:536} INFO - Filling up the DagBag from /home/airflow/.local/lib/python3.8/site-packages/airflow/example_dags/example_latest_only.py
[2025-05-08T16:14:12.606+0000] {processor.py:839} INFO - DAG(s) dict_keys(['latest_only']) retrieved from /home/airflow/.local/lib/python3.8/site-packages/airflow/example_dags/example_latest_only.py
[2025-05-08T16:14:12.638+0000] {logging_mixin.py:154} INFO - [2025-05-08T16:14:12.638+0000] {dag.py:2941} INFO - Sync 1 DAGs
[2025-05-08T16:14:12.679+0000] {logging_mixin.py:154} INFO - [2025-05-08T16:14:12.678+0000] {dag.py:3722} INFO - Setting next_dagrun for latest_only to 2025-05-08T12:14:12.677789+00:00, run_after=2025-05-08T16:14:12.677789+00:00
[2025-05-08T16:14:12.704+0000] {processor.py:179} INFO - Processing /home/airflow/.local/lib/python3.8/site-packages/airflow/example_dags/example_latest_only.py took 0.112 seconds
[2025-05-08T16:14:42.886+0000] {processor.py:157} INFO - Started process (PID=464) to work on /home/airflow/.local/lib/python3.8/site-packages/airflow/example_dags/example_latest_only.py
[2025-05-08T16:14:42.887+0000] {processor.py:829} INFO - Processing file /home/airflow/.local/lib/python3.8/site-packages/airflow/example_dags/example_latest_only.py for tasks to queue
[2025-05-08T16:14:42.891+0000] {logging_mixin.py:154} INFO - [2025-05-08T16:14:42.890+0000] {dagbag.py:536} INFO - Filling up the DagBag from /home/airflow/.local/lib/python3.8/site-packages/airflow/example_dags/example_latest_only.py
[2025-05-08T16:14:42.899+0000] {processor.py:839} INFO - DAG(s) dict_keys(['latest_only']) retrieved from /home/airflow/.local/lib/python3.8/site-packages/airflow/example_dags/example_latest_only.py
[2025-05-08T16:14:42.937+0000] {logging_mixin.py:154} INFO - [2025-05-08T16:14:42.937+0000] {dag.py:2941} INFO - Sync 1 DAGs
[2025-05-08T16:14:42.964+0000] {logging_mixin.py:154} INFO - [2025-05-08T16:14:42.964+0000] {dag.py:3722} INFO - Setting next_dagrun for latest_only to 2025-05-08T12:14:42.964022+00:00, run_after=2025-05-08T16:14:42.964022+00:00
[2025-05-08T16:14:42.995+0000] {processor.py:179} INFO - Processing /home/airflow/.local/lib/python3.8/site-packages/airflow/example_dags/example_latest_only.py took 0.115 seconds
[2025-05-08T16:15:13.822+0000] {processor.py:157} INFO - Started process (PID=519) to work on /home/airflow/.local/lib/python3.8/site-packages/airflow/example_dags/example_latest_only.py
[2025-05-08T16:15:13.824+0000] {processor.py:829} INFO - Processing file /home/airflow/.local/lib/python3.8/site-packages/airflow/example_dags/example_latest_only.py for tasks to queue
[2025-05-08T16:15:13.829+0000] {logging_mixin.py:154} INFO - [2025-05-08T16:15:13.827+0000] {dagbag.py:536} INFO - Filling up the DagBag from /home/airflow/.local/lib/python3.8/site-packages/airflow/example_dags/example_latest_only.py
[2025-05-08T16:15:13.839+0000] {processor.py:839} INFO - DAG(s) dict_keys(['latest_only']) retrieved from /home/airflow/.local/lib/python3.8/site-packages/airflow/example_dags/example_latest_only.py
[2025-05-08T16:15:13.877+0000] {logging_mixin.py:154} INFO - [2025-05-08T16:15:13.877+0000] {dag.py:2941} INFO - Sync 1 DAGs
[2025-05-08T16:15:13.917+0000] {logging_mixin.py:154} INFO - [2025-05-08T16:15:13.916+0000] {dag.py:3722} INFO - Setting next_dagrun for latest_only to 2025-05-08T12:15:13.916532+00:00, run_after=2025-05-08T16:15:13.916532+00:00
[2025-05-08T16:15:13.952+0000] {processor.py:179} INFO - Processing /home/airflow/.local/lib/python3.8/site-packages/airflow/example_dags/example_latest_only.py took 0.137 seconds
[2025-05-08T16:15:44.121+0000] {processor.py:157} INFO - Started process (PID=574) to work on /home/airflow/.local/lib/python3.8/site-packages/airflow/example_dags/example_latest_only.py
[2025-05-08T16:15:44.123+0000] {processor.py:829} INFO - Processing file /home/airflow/.local/lib/python3.8/site-packages/airflow/example_dags/example_latest_only.py for tasks to queue
[2025-05-08T16:15:44.129+0000] {logging_mixin.py:154} INFO - [2025-05-08T16:15:44.128+0000] {dagbag.py:536} INFO - Filling up the DagBag from /home/airflow/.local/lib/python3.8/site-packages/airflow/example_dags/example_latest_only.py
[2025-05-08T16:15:44.135+0000] {processor.py:839} INFO - DAG(s) dict_keys(['latest_only']) retrieved from /home/airflow/.local/lib/python3.8/site-packages/airflow/example_dags/example_latest_only.py
[2025-05-08T16:15:44.182+0000] {logging_mixin.py:154} INFO - [2025-05-08T16:15:44.181+0000] {dag.py:2941} INFO - Sync 1 DAGs
[2025-05-08T16:15:44.222+0000] {logging_mixin.py:154} INFO - [2025-05-08T16:15:44.221+0000] {dag.py:3722} INFO - Setting next_dagrun for latest_only to 2025-05-08T12:15:44.221340+00:00, run_after=2025-05-08T16:15:44.221340+00:00
[2025-05-08T16:15:44.259+0000] {processor.py:179} INFO - Processing /home/airflow/.local/lib/python3.8/site-packages/airflow/example_dags/example_latest_only.py took 0.144 seconds
[2025-05-08T16:16:14.512+0000] {processor.py:157} INFO - Started process (PID=629) to work on /home/airflow/.local/lib/python3.8/site-packages/airflow/example_dags/example_latest_only.py
[2025-05-08T16:16:14.514+0000] {processor.py:829} INFO - Processing file /home/airflow/.local/lib/python3.8/site-packages/airflow/example_dags/example_latest_only.py for tasks to queue
[2025-05-08T16:16:14.520+0000] {logging_mixin.py:154} INFO - [2025-05-08T16:16:14.519+0000] {dagbag.py:536} INFO - Filling up the DagBag from /home/airflow/.local/lib/python3.8/site-packages/airflow/example_dags/example_latest_only.py
[2025-05-08T16:16:14.528+0000] {processor.py:839} INFO - DAG(s) dict_keys(['latest_only']) retrieved from /home/airflow/.local/lib/python3.8/site-packages/airflow/example_dags/example_latest_only.py
[2025-05-08T16:16:14.568+0000] {logging_mixin.py:154} INFO - [2025-05-08T16:16:14.568+0000] {dag.py:2941} INFO - Sync 1 DAGs
[2025-05-08T16:16:14.628+0000] {logging_mixin.py:154} INFO - [2025-05-08T16:16:14.627+0000] {dag.py:3722} INFO - Setting next_dagrun for latest_only to 2025-05-08T12:16:14.627125+00:00, run_after=2025-05-08T16:16:14.627125+00:00
[2025-05-08T16:16:14.654+0000] {processor.py:179} INFO - Processing /home/airflow/.local/lib/python3.8/site-packages/airflow/example_dags/example_latest_only.py took 0.150 seconds
[2025-05-08T16:16:45.672+0000] {processor.py:157} INFO - Started process (PID=684) to work on /home/airflow/.local/lib/python3.8/site-packages/airflow/example_dags/example_latest_only.py
[2025-05-08T16:16:45.673+0000] {processor.py:829} INFO - Processing file /home/airflow/.local/lib/python3.8/site-packages/airflow/example_dags/example_latest_only.py for tasks to queue
[2025-05-08T16:16:45.676+0000] {logging_mixin.py:154} INFO - [2025-05-08T16:16:45.676+0000] {dagbag.py:536} INFO - Filling up the DagBag from /home/airflow/.local/lib/python3.8/site-packages/airflow/example_dags/example_latest_only.py
[2025-05-08T16:16:45.683+0000] {processor.py:839} INFO - DAG(s) dict_keys(['latest_only']) retrieved from /home/airflow/.local/lib/python3.8/site-packages/airflow/example_dags/example_latest_only.py
[2025-05-08T16:16:45.714+0000] {logging_mixin.py:154} INFO - [2025-05-08T16:16:45.714+0000] {dag.py:2941} INFO - Sync 1 DAGs
[2025-05-08T16:16:45.743+0000] {logging_mixin.py:154} INFO - [2025-05-08T16:16:45.743+0000] {dag.py:3722} INFO - Setting next_dagrun for latest_only to 2025-05-08T12:16:45.742923+00:00, run_after=2025-05-08T16:16:45.742923+00:00
[2025-05-08T16:16:45.777+0000] {processor.py:179} INFO - Processing /home/airflow/.local/lib/python3.8/site-packages/airflow/example_dags/example_latest_only.py took 0.110 seconds
[2025-05-08T16:17:15.902+0000] {processor.py:157} INFO - Started process (PID=739) to work on /home/airflow/.local/lib/python3.8/site-packages/airflow/example_dags/example_latest_only.py
[2025-05-08T16:17:15.905+0000] {processor.py:829} INFO - Processing file /home/airflow/.local/lib/python3.8/site-packages/airflow/example_dags/example_latest_only.py for tasks to queue
[2025-05-08T16:17:15.910+0000] {logging_mixin.py:154} INFO - [2025-05-08T16:17:15.909+0000] {dagbag.py:536} INFO - Filling up the DagBag from /home/airflow/.local/lib/python3.8/site-packages/airflow/example_dags/example_latest_only.py
[2025-05-08T16:17:15.921+0000] {processor.py:839} INFO - DAG(s) dict_keys(['latest_only']) retrieved from /home/airflow/.local/lib/python3.8/site-packages/airflow/example_dags/example_latest_only.py
[2025-05-08T16:17:15.945+0000] {logging_mixin.py:154} INFO - [2025-05-08T16:17:15.945+0000] {dag.py:2941} INFO - Sync 1 DAGs
[2025-05-08T16:17:15.985+0000] {logging_mixin.py:154} INFO - [2025-05-08T16:17:15.984+0000] {dag.py:3722} INFO - Setting next_dagrun for latest_only to 2025-05-08T12:17:15.982485+00:00, run_after=2025-05-08T16:17:15.982485+00:00
[2025-05-08T16:17:16.027+0000] {processor.py:179} INFO - Processing /home/airflow/.local/lib/python3.8/site-packages/airflow/example_dags/example_latest_only.py took 0.131 seconds
[2025-05-08T16:17:46.211+0000] {processor.py:157} INFO - Started process (PID=794) to work on /home/airflow/.local/lib/python3.8/site-packages/airflow/example_dags/example_latest_only.py
[2025-05-08T16:17:46.213+0000] {processor.py:829} INFO - Processing file /home/airflow/.local/lib/python3.8/site-packages/airflow/example_dags/example_latest_only.py for tasks to queue
[2025-05-08T16:17:46.217+0000] {logging_mixin.py:154} INFO - [2025-05-08T16:17:46.217+0000] {dagbag.py:536} INFO - Filling up the DagBag from /home/airflow/.local/lib/python3.8/site-packages/airflow/example_dags/example_latest_only.py
[2025-05-08T16:17:46.224+0000] {processor.py:839} INFO - DAG(s) dict_keys(['latest_only']) retrieved from /home/airflow/.local/lib/python3.8/site-packages/airflow/example_dags/example_latest_only.py
[2025-05-08T16:17:46.254+0000] {logging_mixin.py:154} INFO - [2025-05-08T16:17:46.253+0000] {dag.py:2941} INFO - Sync 1 DAGs
[2025-05-08T16:17:46.295+0000] {logging_mixin.py:154} INFO - [2025-05-08T16:17:46.295+0000] {dag.py:3722} INFO - Setting next_dagrun for latest_only to 2025-05-08T12:17:46.294996+00:00, run_after=2025-05-08T16:17:46.294996+00:00
[2025-05-08T16:17:46.325+0000] {processor.py:179} INFO - Processing /home/airflow/.local/lib/python3.8/site-packages/airflow/example_dags/example_latest_only.py took 0.121 seconds
