[2025-05-08T16:11:08.630+0000] {processor.py:157} INFO - Started process (PID=79) to work on /home/airflow/.local/lib/python3.8/site-packages/airflow/example_dags/example_params_ui_tutorial.py
[2025-05-08T16:11:08.633+0000] {processor.py:829} INFO - Processing file /home/airflow/.local/lib/python3.8/site-packages/airflow/example_dags/example_params_ui_tutorial.py for tasks to queue
[2025-05-08T16:11:08.639+0000] {logging_mixin.py:154} INFO - [2025-05-08T16:11:08.638+0000] {dagbag.py:536} INFO - Filling up the DagBag from /home/airflow/.local/lib/python3.8/site-packages/airflow/example_dags/example_params_ui_tutorial.py
[2025-05-08T16:11:08.715+0000] {processor.py:839} INFO - DAG(s) dict_keys(['example_params_ui_tutorial']) retrieved from /home/airflow/.local/lib/python3.8/site-packages/airflow/example_dags/example_params_ui_tutorial.py
[2025-05-08T16:11:08.838+0000] {logging_mixin.py:154} INFO - [2025-05-08T16:11:08.838+0000] {dag.py:2941} INFO - Sync 1 DAGs
[2025-05-08T16:11:08.863+0000] {logging_mixin.py:154} INFO - [2025-05-08T16:11:08.863+0000] {dag.py:3722} INFO - Setting next_dagrun for example_params_ui_tutorial to None, run_after=None
[2025-05-08T16:11:08.900+0000] {processor.py:179} INFO - Processing /home/airflow/.local/lib/python3.8/site-packages/airflow/example_dags/example_params_ui_tutorial.py took 0.284 seconds
[2025-05-08T16:11:39.282+0000] {processor.py:157} INFO - Started process (PID=134) to work on /home/airflow/.local/lib/python3.8/site-packages/airflow/example_dags/example_params_ui_tutorial.py
[2025-05-08T16:11:39.284+0000] {processor.py:829} INFO - Processing file /home/airflow/.local/lib/python3.8/site-packages/airflow/example_dags/example_params_ui_tutorial.py for tasks to queue
[2025-05-08T16:11:39.288+0000] {logging_mixin.py:154} INFO - [2025-05-08T16:11:39.288+0000] {dagbag.py:536} INFO - Filling up the DagBag from /home/airflow/.local/lib/python3.8/site-packages/airflow/example_dags/example_params_ui_tutorial.py
[2025-05-08T16:11:39.368+0000] {processor.py:839} INFO - DAG(s) dict_keys(['example_params_ui_tutorial']) retrieved from /home/airflow/.local/lib/python3.8/site-packages/airflow/example_dags/example_params_ui_tutorial.py
[2025-05-08T16:11:39.483+0000] {logging_mixin.py:154} INFO - [2025-05-08T16:11:39.482+0000] {dag.py:2941} INFO - Sync 1 DAGs
[2025-05-08T16:11:39.509+0000] {logging_mixin.py:154} INFO - [2025-05-08T16:11:39.509+0000] {dag.py:3722} INFO - Setting next_dagrun for example_params_ui_tutorial to None, run_after=None
[2025-05-08T16:11:39.564+0000] {processor.py:179} INFO - Processing /home/airflow/.local/lib/python3.8/site-packages/airflow/example_dags/example_params_ui_tutorial.py took 0.288 seconds
[2025-05-08T16:12:10.265+0000] {processor.py:157} INFO - Started process (PID=189) to work on /home/airflow/.local/lib/python3.8/site-packages/airflow/example_dags/example_params_ui_tutorial.py
[2025-05-08T16:12:10.268+0000] {processor.py:829} INFO - Processing file /home/airflow/.local/lib/python3.8/site-packages/airflow/example_dags/example_params_ui_tutorial.py for tasks to queue
[2025-05-08T16:12:10.273+0000] {logging_mixin.py:154} INFO - [2025-05-08T16:12:10.272+0000] {dagbag.py:536} INFO - Filling up the DagBag from /home/airflow/.local/lib/python3.8/site-packages/airflow/example_dags/example_params_ui_tutorial.py
[2025-05-08T16:12:10.332+0000] {processor.py:839} INFO - DAG(s) dict_keys(['example_params_ui_tutorial']) retrieved from /home/airflow/.local/lib/python3.8/site-packages/airflow/example_dags/example_params_ui_tutorial.py
[2025-05-08T16:12:10.423+0000] {logging_mixin.py:154} INFO - [2025-05-08T16:12:10.423+0000] {dag.py:2941} INFO - Sync 1 DAGs
[2025-05-08T16:12:10.446+0000] {logging_mixin.py:154} INFO - [2025-05-08T16:12:10.446+0000] {dag.py:3722} INFO - Setting next_dagrun for example_params_ui_tutorial to None, run_after=None
[2025-05-08T16:12:10.482+0000] {processor.py:179} INFO - Processing /home/airflow/.local/lib/python3.8/site-packages/airflow/example_dags/example_params_ui_tutorial.py took 0.221 seconds
[2025-05-08T16:12:40.593+0000] {processor.py:157} INFO - Started process (PID=243) to work on /home/airflow/.local/lib/python3.8/site-packages/airflow/example_dags/example_params_ui_tutorial.py
[2025-05-08T16:12:40.595+0000] {processor.py:829} INFO - Processing file /home/airflow/.local/lib/python3.8/site-packages/airflow/example_dags/example_params_ui_tutorial.py for tasks to queue
[2025-05-08T16:12:40.598+0000] {logging_mixin.py:154} INFO - [2025-05-08T16:12:40.597+0000] {dagbag.py:536} INFO - Filling up the DagBag from /home/airflow/.local/lib/python3.8/site-packages/airflow/example_dags/example_params_ui_tutorial.py
[2025-05-08T16:12:40.652+0000] {processor.py:839} INFO - DAG(s) dict_keys(['example_params_ui_tutorial']) retrieved from /home/airflow/.local/lib/python3.8/site-packages/airflow/example_dags/example_params_ui_tutorial.py
[2025-05-08T16:12:40.737+0000] {logging_mixin.py:154} INFO - [2025-05-08T16:12:40.736+0000] {dag.py:2941} INFO - Sync 1 DAGs
[2025-05-08T16:12:40.752+0000] {logging_mixin.py:154} INFO - [2025-05-08T16:12:40.751+0000] {dag.py:3722} INFO - Setting next_dagrun for example_params_ui_tutorial to None, run_after=None
[2025-05-08T16:12:40.791+0000] {processor.py:179} INFO - Processing /home/airflow/.local/lib/python3.8/site-packages/airflow/example_dags/example_params_ui_tutorial.py took 0.202 seconds
[2025-05-08T16:13:11.085+0000] {processor.py:157} INFO - Started process (PID=298) to work on /home/airflow/.local/lib/python3.8/site-packages/airflow/example_dags/example_params_ui_tutorial.py
[2025-05-08T16:13:11.087+0000] {processor.py:829} INFO - Processing file /home/airflow/.local/lib/python3.8/site-packages/airflow/example_dags/example_params_ui_tutorial.py for tasks to queue
[2025-05-08T16:13:11.091+0000] {logging_mixin.py:154} INFO - [2025-05-08T16:13:11.091+0000] {dagbag.py:536} INFO - Filling up the DagBag from /home/airflow/.local/lib/python3.8/site-packages/airflow/example_dags/example_params_ui_tutorial.py
[2025-05-08T16:13:11.155+0000] {processor.py:839} INFO - DAG(s) dict_keys(['example_params_ui_tutorial']) retrieved from /home/airflow/.local/lib/python3.8/site-packages/airflow/example_dags/example_params_ui_tutorial.py
[2025-05-08T16:13:11.268+0000] {logging_mixin.py:154} INFO - [2025-05-08T16:13:11.267+0000] {dag.py:2941} INFO - Sync 1 DAGs
[2025-05-08T16:13:11.290+0000] {logging_mixin.py:154} INFO - [2025-05-08T16:13:11.290+0000] {dag.py:3722} INFO - Setting next_dagrun for example_params_ui_tutorial to None, run_after=None
[2025-05-08T16:13:11.321+0000] {processor.py:179} INFO - Processing /home/airflow/.local/lib/python3.8/site-packages/airflow/example_dags/example_params_ui_tutorial.py took 0.242 seconds
[2025-05-08T16:13:41.460+0000] {processor.py:157} INFO - Started process (PID=353) to work on /home/airflow/.local/lib/python3.8/site-packages/airflow/example_dags/example_params_ui_tutorial.py
[2025-05-08T16:13:41.462+0000] {processor.py:829} INFO - Processing file /home/airflow/.local/lib/python3.8/site-packages/airflow/example_dags/example_params_ui_tutorial.py for tasks to queue
[2025-05-08T16:13:41.467+0000] {logging_mixin.py:154} INFO - [2025-05-08T16:13:41.466+0000] {dagbag.py:536} INFO - Filling up the DagBag from /home/airflow/.local/lib/python3.8/site-packages/airflow/example_dags/example_params_ui_tutorial.py
[2025-05-08T16:13:41.527+0000] {processor.py:839} INFO - DAG(s) dict_keys(['example_params_ui_tutorial']) retrieved from /home/airflow/.local/lib/python3.8/site-packages/airflow/example_dags/example_params_ui_tutorial.py
[2025-05-08T16:13:41.652+0000] {logging_mixin.py:154} INFO - [2025-05-08T16:13:41.651+0000] {dag.py:2941} INFO - Sync 1 DAGs
[2025-05-08T16:13:41.676+0000] {logging_mixin.py:154} INFO - [2025-05-08T16:13:41.675+0000] {dag.py:3722} INFO - Setting next_dagrun for example_params_ui_tutorial to None, run_after=None
[2025-05-08T16:13:41.720+0000] {processor.py:179} INFO - Processing /home/airflow/.local/lib/python3.8/site-packages/airflow/example_dags/example_params_ui_tutorial.py took 0.264 seconds
[2025-05-08T16:14:12.420+0000] {processor.py:157} INFO - Started process (PID=408) to work on /home/airflow/.local/lib/python3.8/site-packages/airflow/example_dags/example_params_ui_tutorial.py
[2025-05-08T16:14:12.424+0000] {processor.py:829} INFO - Processing file /home/airflow/.local/lib/python3.8/site-packages/airflow/example_dags/example_params_ui_tutorial.py for tasks to queue
[2025-05-08T16:14:12.428+0000] {logging_mixin.py:154} INFO - [2025-05-08T16:14:12.427+0000] {dagbag.py:536} INFO - Filling up the DagBag from /home/airflow/.local/lib/python3.8/site-packages/airflow/example_dags/example_params_ui_tutorial.py
[2025-05-08T16:14:12.470+0000] {processor.py:839} INFO - DAG(s) dict_keys(['example_params_ui_tutorial']) retrieved from /home/airflow/.local/lib/python3.8/site-packages/airflow/example_dags/example_params_ui_tutorial.py
[2025-05-08T16:14:12.530+0000] {logging_mixin.py:154} INFO - [2025-05-08T16:14:12.529+0000] {dag.py:2941} INFO - Sync 1 DAGs
[2025-05-08T16:14:12.546+0000] {logging_mixin.py:154} INFO - [2025-05-08T16:14:12.546+0000] {dag.py:3722} INFO - Setting next_dagrun for example_params_ui_tutorial to None, run_after=None
[2025-05-08T16:14:12.571+0000] {processor.py:179} INFO - Processing /home/airflow/.local/lib/python3.8/site-packages/airflow/example_dags/example_params_ui_tutorial.py took 0.155 seconds
[2025-05-08T16:14:42.702+0000] {processor.py:157} INFO - Started process (PID=463) to work on /home/airflow/.local/lib/python3.8/site-packages/airflow/example_dags/example_params_ui_tutorial.py
[2025-05-08T16:14:42.703+0000] {processor.py:829} INFO - Processing file /home/airflow/.local/lib/python3.8/site-packages/airflow/example_dags/example_params_ui_tutorial.py for tasks to queue
[2025-05-08T16:14:42.707+0000] {logging_mixin.py:154} INFO - [2025-05-08T16:14:42.707+0000] {dagbag.py:536} INFO - Filling up the DagBag from /home/airflow/.local/lib/python3.8/site-packages/airflow/example_dags/example_params_ui_tutorial.py
[2025-05-08T16:14:42.754+0000] {processor.py:839} INFO - DAG(s) dict_keys(['example_params_ui_tutorial']) retrieved from /home/airflow/.local/lib/python3.8/site-packages/airflow/example_dags/example_params_ui_tutorial.py
[2025-05-08T16:14:42.823+0000] {logging_mixin.py:154} INFO - [2025-05-08T16:14:42.823+0000] {dag.py:2941} INFO - Sync 1 DAGs
[2025-05-08T16:14:42.838+0000] {logging_mixin.py:154} INFO - [2025-05-08T16:14:42.838+0000] {dag.py:3722} INFO - Setting next_dagrun for example_params_ui_tutorial to None, run_after=None
[2025-05-08T16:14:42.866+0000] {processor.py:179} INFO - Processing /home/airflow/.local/lib/python3.8/site-packages/airflow/example_dags/example_params_ui_tutorial.py took 0.169 seconds
[2025-05-08T16:15:13.596+0000] {processor.py:157} INFO - Started process (PID=518) to work on /home/airflow/.local/lib/python3.8/site-packages/airflow/example_dags/example_params_ui_tutorial.py
[2025-05-08T16:15:13.597+0000] {processor.py:829} INFO - Processing file /home/airflow/.local/lib/python3.8/site-packages/airflow/example_dags/example_params_ui_tutorial.py for tasks to queue
[2025-05-08T16:15:13.600+0000] {logging_mixin.py:154} INFO - [2025-05-08T16:15:13.600+0000] {dagbag.py:536} INFO - Filling up the DagBag from /home/airflow/.local/lib/python3.8/site-packages/airflow/example_dags/example_params_ui_tutorial.py
[2025-05-08T16:15:13.656+0000] {processor.py:839} INFO - DAG(s) dict_keys(['example_params_ui_tutorial']) retrieved from /home/airflow/.local/lib/python3.8/site-packages/airflow/example_dags/example_params_ui_tutorial.py
[2025-05-08T16:15:13.737+0000] {logging_mixin.py:154} INFO - [2025-05-08T16:15:13.737+0000] {dag.py:2941} INFO - Sync 1 DAGs
[2025-05-08T16:15:13.757+0000] {logging_mixin.py:154} INFO - [2025-05-08T16:15:13.757+0000] {dag.py:3722} INFO - Setting next_dagrun for example_params_ui_tutorial to None, run_after=None
[2025-05-08T16:15:13.787+0000] {processor.py:179} INFO - Processing /home/airflow/.local/lib/python3.8/site-packages/airflow/example_dags/example_params_ui_tutorial.py took 0.196 seconds
[2025-05-08T16:15:43.905+0000] {processor.py:157} INFO - Started process (PID=573) to work on /home/airflow/.local/lib/python3.8/site-packages/airflow/example_dags/example_params_ui_tutorial.py
[2025-05-08T16:15:43.906+0000] {processor.py:829} INFO - Processing file /home/airflow/.local/lib/python3.8/site-packages/airflow/example_dags/example_params_ui_tutorial.py for tasks to queue
[2025-05-08T16:15:43.909+0000] {logging_mixin.py:154} INFO - [2025-05-08T16:15:43.909+0000] {dagbag.py:536} INFO - Filling up the DagBag from /home/airflow/.local/lib/python3.8/site-packages/airflow/example_dags/example_params_ui_tutorial.py
[2025-05-08T16:15:43.957+0000] {processor.py:839} INFO - DAG(s) dict_keys(['example_params_ui_tutorial']) retrieved from /home/airflow/.local/lib/python3.8/site-packages/airflow/example_dags/example_params_ui_tutorial.py
[2025-05-08T16:15:44.047+0000] {logging_mixin.py:154} INFO - [2025-05-08T16:15:44.046+0000] {dag.py:2941} INFO - Sync 1 DAGs
[2025-05-08T16:15:44.069+0000] {logging_mixin.py:154} INFO - [2025-05-08T16:15:44.069+0000] {dag.py:3722} INFO - Setting next_dagrun for example_params_ui_tutorial to None, run_after=None
[2025-05-08T16:15:44.105+0000] {processor.py:179} INFO - Processing /home/airflow/.local/lib/python3.8/site-packages/airflow/example_dags/example_params_ui_tutorial.py took 0.205 seconds
[2025-05-08T16:16:14.257+0000] {processor.py:157} INFO - Started process (PID=628) to work on /home/airflow/.local/lib/python3.8/site-packages/airflow/example_dags/example_params_ui_tutorial.py
[2025-05-08T16:16:14.259+0000] {processor.py:829} INFO - Processing file /home/airflow/.local/lib/python3.8/site-packages/airflow/example_dags/example_params_ui_tutorial.py for tasks to queue
[2025-05-08T16:16:14.262+0000] {logging_mixin.py:154} INFO - [2025-05-08T16:16:14.262+0000] {dagbag.py:536} INFO - Filling up the DagBag from /home/airflow/.local/lib/python3.8/site-packages/airflow/example_dags/example_params_ui_tutorial.py
[2025-05-08T16:16:14.316+0000] {processor.py:839} INFO - DAG(s) dict_keys(['example_params_ui_tutorial']) retrieved from /home/airflow/.local/lib/python3.8/site-packages/airflow/example_dags/example_params_ui_tutorial.py
[2025-05-08T16:16:14.402+0000] {logging_mixin.py:154} INFO - [2025-05-08T16:16:14.401+0000] {dag.py:2941} INFO - Sync 1 DAGs
[2025-05-08T16:16:14.425+0000] {logging_mixin.py:154} INFO - [2025-05-08T16:16:14.424+0000] {dag.py:3722} INFO - Setting next_dagrun for example_params_ui_tutorial to None, run_after=None
[2025-05-08T16:16:14.484+0000] {processor.py:179} INFO - Processing /home/airflow/.local/lib/python3.8/site-packages/airflow/example_dags/example_params_ui_tutorial.py took 0.232 seconds
[2025-05-08T16:16:45.466+0000] {processor.py:157} INFO - Started process (PID=683) to work on /home/airflow/.local/lib/python3.8/site-packages/airflow/example_dags/example_params_ui_tutorial.py
[2025-05-08T16:16:45.467+0000] {processor.py:829} INFO - Processing file /home/airflow/.local/lib/python3.8/site-packages/airflow/example_dags/example_params_ui_tutorial.py for tasks to queue
[2025-05-08T16:16:45.472+0000] {logging_mixin.py:154} INFO - [2025-05-08T16:16:45.471+0000] {dagbag.py:536} INFO - Filling up the DagBag from /home/airflow/.local/lib/python3.8/site-packages/airflow/example_dags/example_params_ui_tutorial.py
[2025-05-08T16:16:45.523+0000] {processor.py:839} INFO - DAG(s) dict_keys(['example_params_ui_tutorial']) retrieved from /home/airflow/.local/lib/python3.8/site-packages/airflow/example_dags/example_params_ui_tutorial.py
[2025-05-08T16:16:45.597+0000] {logging_mixin.py:154} INFO - [2025-05-08T16:16:45.596+0000] {dag.py:2941} INFO - Sync 1 DAGs
[2025-05-08T16:16:45.619+0000] {logging_mixin.py:154} INFO - [2025-05-08T16:16:45.618+0000] {dag.py:3722} INFO - Setting next_dagrun for example_params_ui_tutorial to None, run_after=None
[2025-05-08T16:16:45.648+0000] {processor.py:179} INFO - Processing /home/airflow/.local/lib/python3.8/site-packages/airflow/example_dags/example_params_ui_tutorial.py took 0.188 seconds
[2025-05-08T16:17:15.704+0000] {processor.py:157} INFO - Started process (PID=738) to work on /home/airflow/.local/lib/python3.8/site-packages/airflow/example_dags/example_params_ui_tutorial.py
[2025-05-08T16:17:15.705+0000] {processor.py:829} INFO - Processing file /home/airflow/.local/lib/python3.8/site-packages/airflow/example_dags/example_params_ui_tutorial.py for tasks to queue
[2025-05-08T16:17:15.710+0000] {logging_mixin.py:154} INFO - [2025-05-08T16:17:15.709+0000] {dagbag.py:536} INFO - Filling up the DagBag from /home/airflow/.local/lib/python3.8/site-packages/airflow/example_dags/example_params_ui_tutorial.py
[2025-05-08T16:17:15.760+0000] {processor.py:839} INFO - DAG(s) dict_keys(['example_params_ui_tutorial']) retrieved from /home/airflow/.local/lib/python3.8/site-packages/airflow/example_dags/example_params_ui_tutorial.py
[2025-05-08T16:17:15.824+0000] {logging_mixin.py:154} INFO - [2025-05-08T16:17:15.824+0000] {dag.py:2941} INFO - Sync 1 DAGs
[2025-05-08T16:17:15.839+0000] {logging_mixin.py:154} INFO - [2025-05-08T16:17:15.839+0000] {dag.py:3722} INFO - Setting next_dagrun for example_params_ui_tutorial to None, run_after=None
[2025-05-08T16:17:15.869+0000] {processor.py:179} INFO - Processing /home/airflow/.local/lib/python3.8/site-packages/airflow/example_dags/example_params_ui_tutorial.py took 0.170 seconds
[2025-05-08T16:17:45.966+0000] {processor.py:157} INFO - Started process (PID=793) to work on /home/airflow/.local/lib/python3.8/site-packages/airflow/example_dags/example_params_ui_tutorial.py
[2025-05-08T16:17:45.968+0000] {processor.py:829} INFO - Processing file /home/airflow/.local/lib/python3.8/site-packages/airflow/example_dags/example_params_ui_tutorial.py for tasks to queue
[2025-05-08T16:17:45.971+0000] {logging_mixin.py:154} INFO - [2025-05-08T16:17:45.971+0000] {dagbag.py:536} INFO - Filling up the DagBag from /home/airflow/.local/lib/python3.8/site-packages/airflow/example_dags/example_params_ui_tutorial.py
[2025-05-08T16:17:46.032+0000] {processor.py:839} INFO - DAG(s) dict_keys(['example_params_ui_tutorial']) retrieved from /home/airflow/.local/lib/python3.8/site-packages/airflow/example_dags/example_params_ui_tutorial.py
[2025-05-08T16:17:46.132+0000] {logging_mixin.py:154} INFO - [2025-05-08T16:17:46.132+0000] {dag.py:2941} INFO - Sync 1 DAGs
[2025-05-08T16:17:46.152+0000] {logging_mixin.py:154} INFO - [2025-05-08T16:17:46.152+0000] {dag.py:3722} INFO - Setting next_dagrun for example_params_ui_tutorial to None, run_after=None
[2025-05-08T16:17:46.183+0000] {processor.py:179} INFO - Processing /home/airflow/.local/lib/python3.8/site-packages/airflow/example_dags/example_params_ui_tutorial.py took 0.223 seconds
