[2025-05-08T16:11:07.879+0000] {processor.py:157} INFO - Started process (PID=75) to work on /home/airflow/.local/lib/python3.8/site-packages/airflow/example_dags/example_dag_decorator.py
[2025-05-08T16:11:07.881+0000] {processor.py:829} INFO - Processing file /home/airflow/.local/lib/python3.8/site-packages/airflow/example_dags/example_dag_decorator.py for tasks to queue
[2025-05-08T16:11:07.886+0000] {logging_mixin.py:154} INFO - [2025-05-08T16:11:07.885+0000] {dagbag.py:536} INFO - Filling up the DagBag from /home/airflow/.local/lib/python3.8/site-packages/airflow/example_dags/example_dag_decorator.py
[2025-05-08T16:11:08.227+0000] {processor.py:839} INFO - DAG(s) dict_keys(['example_dag_decorator']) retrieved from /home/airflow/.local/lib/python3.8/site-packages/airflow/example_dags/example_dag_decorator.py
[2025-05-08T16:11:08.485+0000] {logging_mixin.py:154} INFO - [2025-05-08T16:11:08.485+0000] {dag.py:2941} INFO - Sync 1 DAGs
[2025-05-08T16:11:08.516+0000] {logging_mixin.py:154} INFO - [2025-05-08T16:11:08.515+0000] {dag.py:3722} INFO - Setting next_dagrun for example_dag_decorator to None, run_after=None
[2025-05-08T16:11:08.567+0000] {processor.py:179} INFO - Processing /home/airflow/.local/lib/python3.8/site-packages/airflow/example_dags/example_dag_decorator.py took 0.703 seconds
[2025-05-08T16:11:38.841+0000] {processor.py:157} INFO - Started process (PID=132) to work on /home/airflow/.local/lib/python3.8/site-packages/airflow/example_dags/example_dag_decorator.py
[2025-05-08T16:11:38.842+0000] {processor.py:829} INFO - Processing file /home/airflow/.local/lib/python3.8/site-packages/airflow/example_dags/example_dag_decorator.py for tasks to queue
[2025-05-08T16:11:38.847+0000] {logging_mixin.py:154} INFO - [2025-05-08T16:11:38.846+0000] {dagbag.py:536} INFO - Filling up the DagBag from /home/airflow/.local/lib/python3.8/site-packages/airflow/example_dags/example_dag_decorator.py
[2025-05-08T16:11:39.004+0000] {processor.py:839} INFO - DAG(s) dict_keys(['example_dag_decorator']) retrieved from /home/airflow/.local/lib/python3.8/site-packages/airflow/example_dags/example_dag_decorator.py
[2025-05-08T16:11:39.181+0000] {logging_mixin.py:154} INFO - [2025-05-08T16:11:39.181+0000] {dag.py:2941} INFO - Sync 1 DAGs
[2025-05-08T16:11:39.198+0000] {logging_mixin.py:154} INFO - [2025-05-08T16:11:39.197+0000] {dag.py:3722} INFO - Setting next_dagrun for example_dag_decorator to None, run_after=None
[2025-05-08T16:11:39.235+0000] {processor.py:179} INFO - Processing /home/airflow/.local/lib/python3.8/site-packages/airflow/example_dags/example_dag_decorator.py took 0.401 seconds
[2025-05-08T16:12:10.018+0000] {processor.py:157} INFO - Started process (PID=187) to work on /home/airflow/.local/lib/python3.8/site-packages/airflow/example_dags/example_dag_decorator.py
[2025-05-08T16:12:10.019+0000] {processor.py:829} INFO - Processing file /home/airflow/.local/lib/python3.8/site-packages/airflow/example_dags/example_dag_decorator.py for tasks to queue
[2025-05-08T16:12:10.023+0000] {logging_mixin.py:154} INFO - [2025-05-08T16:12:10.023+0000] {dagbag.py:536} INFO - Filling up the DagBag from /home/airflow/.local/lib/python3.8/site-packages/airflow/example_dags/example_dag_decorator.py
[2025-05-08T16:12:10.131+0000] {processor.py:839} INFO - DAG(s) dict_keys(['example_dag_decorator']) retrieved from /home/airflow/.local/lib/python3.8/site-packages/airflow/example_dags/example_dag_decorator.py
[2025-05-08T16:12:10.508+0000] {logging_mixin.py:154} INFO - [2025-05-08T16:12:10.508+0000] {dag.py:2941} INFO - Sync 1 DAGs
[2025-05-08T16:12:10.525+0000] {logging_mixin.py:154} INFO - [2025-05-08T16:12:10.525+0000] {dag.py:3722} INFO - Setting next_dagrun for example_dag_decorator to None, run_after=None
[2025-05-08T16:12:10.556+0000] {processor.py:179} INFO - Processing /home/airflow/.local/lib/python3.8/site-packages/airflow/example_dags/example_dag_decorator.py took 0.544 seconds
[2025-05-08T16:12:40.807+0000] {processor.py:157} INFO - Started process (PID=244) to work on /home/airflow/.local/lib/python3.8/site-packages/airflow/example_dags/example_dag_decorator.py
[2025-05-08T16:12:40.809+0000] {processor.py:829} INFO - Processing file /home/airflow/.local/lib/python3.8/site-packages/airflow/example_dags/example_dag_decorator.py for tasks to queue
[2025-05-08T16:12:40.813+0000] {logging_mixin.py:154} INFO - [2025-05-08T16:12:40.813+0000] {dagbag.py:536} INFO - Filling up the DagBag from /home/airflow/.local/lib/python3.8/site-packages/airflow/example_dags/example_dag_decorator.py
[2025-05-08T16:12:40.955+0000] {processor.py:839} INFO - DAG(s) dict_keys(['example_dag_decorator']) retrieved from /home/airflow/.local/lib/python3.8/site-packages/airflow/example_dags/example_dag_decorator.py
[2025-05-08T16:12:41.115+0000] {logging_mixin.py:154} INFO - [2025-05-08T16:12:41.114+0000] {dag.py:2941} INFO - Sync 1 DAGs
[2025-05-08T16:12:41.320+0000] {logging_mixin.py:154} INFO - [2025-05-08T16:12:41.320+0000] {dag.py:3722} INFO - Setting next_dagrun for example_dag_decorator to None, run_after=None
[2025-05-08T16:12:41.352+0000] {processor.py:179} INFO - Processing /home/airflow/.local/lib/python3.8/site-packages/airflow/example_dags/example_dag_decorator.py took 0.549 seconds
[2025-05-08T16:13:11.530+0000] {processor.py:157} INFO - Started process (PID=302) to work on /home/airflow/.local/lib/python3.8/site-packages/airflow/example_dags/example_dag_decorator.py
[2025-05-08T16:13:11.532+0000] {processor.py:829} INFO - Processing file /home/airflow/.local/lib/python3.8/site-packages/airflow/example_dags/example_dag_decorator.py for tasks to queue
[2025-05-08T16:13:11.536+0000] {logging_mixin.py:154} INFO - [2025-05-08T16:13:11.536+0000] {dagbag.py:536} INFO - Filling up the DagBag from /home/airflow/.local/lib/python3.8/site-packages/airflow/example_dags/example_dag_decorator.py
[2025-05-08T16:13:11.649+0000] {processor.py:839} INFO - DAG(s) dict_keys(['example_dag_decorator']) retrieved from /home/airflow/.local/lib/python3.8/site-packages/airflow/example_dags/example_dag_decorator.py
[2025-05-08T16:13:11.844+0000] {logging_mixin.py:154} INFO - [2025-05-08T16:13:11.844+0000] {dag.py:2941} INFO - Sync 1 DAGs
[2025-05-08T16:13:11.871+0000] {logging_mixin.py:154} INFO - [2025-05-08T16:13:11.871+0000] {dag.py:3722} INFO - Setting next_dagrun for example_dag_decorator to None, run_after=None
[2025-05-08T16:13:12.167+0000] {processor.py:179} INFO - Processing /home/airflow/.local/lib/python3.8/site-packages/airflow/example_dags/example_dag_decorator.py took 0.643 seconds
[2025-05-08T16:13:42.341+0000] {processor.py:157} INFO - Started process (PID=357) to work on /home/airflow/.local/lib/python3.8/site-packages/airflow/example_dags/example_dag_decorator.py
[2025-05-08T16:13:42.342+0000] {processor.py:829} INFO - Processing file /home/airflow/.local/lib/python3.8/site-packages/airflow/example_dags/example_dag_decorator.py for tasks to queue
[2025-05-08T16:13:42.347+0000] {logging_mixin.py:154} INFO - [2025-05-08T16:13:42.346+0000] {dagbag.py:536} INFO - Filling up the DagBag from /home/airflow/.local/lib/python3.8/site-packages/airflow/example_dags/example_dag_decorator.py
[2025-05-08T16:13:42.441+0000] {processor.py:839} INFO - DAG(s) dict_keys(['example_dag_decorator']) retrieved from /home/airflow/.local/lib/python3.8/site-packages/airflow/example_dags/example_dag_decorator.py
[2025-05-08T16:13:42.489+0000] {logging_mixin.py:154} INFO - [2025-05-08T16:13:42.489+0000] {dag.py:2941} INFO - Sync 1 DAGs
[2025-05-08T16:13:42.508+0000] {logging_mixin.py:154} INFO - [2025-05-08T16:13:42.508+0000] {dag.py:3722} INFO - Setting next_dagrun for example_dag_decorator to None, run_after=None
[2025-05-08T16:13:42.547+0000] {processor.py:179} INFO - Processing /home/airflow/.local/lib/python3.8/site-packages/airflow/example_dags/example_dag_decorator.py took 0.211 seconds
[2025-05-08T16:14:12.890+0000] {processor.py:157} INFO - Started process (PID=412) to work on /home/airflow/.local/lib/python3.8/site-packages/airflow/example_dags/example_dag_decorator.py
[2025-05-08T16:14:12.892+0000] {processor.py:829} INFO - Processing file /home/airflow/.local/lib/python3.8/site-packages/airflow/example_dags/example_dag_decorator.py for tasks to queue
[2025-05-08T16:14:12.895+0000] {logging_mixin.py:154} INFO - [2025-05-08T16:14:12.894+0000] {dagbag.py:536} INFO - Filling up the DagBag from /home/airflow/.local/lib/python3.8/site-packages/airflow/example_dags/example_dag_decorator.py
[2025-05-08T16:14:12.974+0000] {processor.py:839} INFO - DAG(s) dict_keys(['example_dag_decorator']) retrieved from /home/airflow/.local/lib/python3.8/site-packages/airflow/example_dags/example_dag_decorator.py
[2025-05-08T16:14:13.360+0000] {logging_mixin.py:154} INFO - [2025-05-08T16:14:13.360+0000] {dag.py:2941} INFO - Sync 1 DAGs
[2025-05-08T16:14:13.370+0000] {logging_mixin.py:154} INFO - [2025-05-08T16:14:13.369+0000] {dag.py:3722} INFO - Setting next_dagrun for example_dag_decorator to None, run_after=None
[2025-05-08T16:14:13.392+0000] {processor.py:179} INFO - Processing /home/airflow/.local/lib/python3.8/site-packages/airflow/example_dags/example_dag_decorator.py took 0.506 seconds
[2025-05-08T16:14:44.043+0000] {processor.py:157} INFO - Started process (PID=467) to work on /home/airflow/.local/lib/python3.8/site-packages/airflow/example_dags/example_dag_decorator.py
[2025-05-08T16:14:44.044+0000] {processor.py:829} INFO - Processing file /home/airflow/.local/lib/python3.8/site-packages/airflow/example_dags/example_dag_decorator.py for tasks to queue
[2025-05-08T16:14:44.048+0000] {logging_mixin.py:154} INFO - [2025-05-08T16:14:44.047+0000] {dagbag.py:536} INFO - Filling up the DagBag from /home/airflow/.local/lib/python3.8/site-packages/airflow/example_dags/example_dag_decorator.py
[2025-05-08T16:14:44.144+0000] {processor.py:839} INFO - DAG(s) dict_keys(['example_dag_decorator']) retrieved from /home/airflow/.local/lib/python3.8/site-packages/airflow/example_dags/example_dag_decorator.py
[2025-05-08T16:14:44.540+0000] {logging_mixin.py:154} INFO - [2025-05-08T16:14:44.540+0000] {dag.py:2941} INFO - Sync 1 DAGs
[2025-05-08T16:14:44.554+0000] {logging_mixin.py:154} INFO - [2025-05-08T16:14:44.554+0000] {dag.py:3722} INFO - Setting next_dagrun for example_dag_decorator to None, run_after=None
[2025-05-08T16:14:44.585+0000] {processor.py:179} INFO - Processing /home/airflow/.local/lib/python3.8/site-packages/airflow/example_dags/example_dag_decorator.py took 0.547 seconds
[2025-05-08T16:15:15.010+0000] {processor.py:157} INFO - Started process (PID=522) to work on /home/airflow/.local/lib/python3.8/site-packages/airflow/example_dags/example_dag_decorator.py
[2025-05-08T16:15:15.012+0000] {processor.py:829} INFO - Processing file /home/airflow/.local/lib/python3.8/site-packages/airflow/example_dags/example_dag_decorator.py for tasks to queue
[2025-05-08T16:15:15.017+0000] {logging_mixin.py:154} INFO - [2025-05-08T16:15:15.017+0000] {dagbag.py:536} INFO - Filling up the DagBag from /home/airflow/.local/lib/python3.8/site-packages/airflow/example_dags/example_dag_decorator.py
[2025-05-08T16:15:15.162+0000] {processor.py:839} INFO - DAG(s) dict_keys(['example_dag_decorator']) retrieved from /home/airflow/.local/lib/python3.8/site-packages/airflow/example_dags/example_dag_decorator.py
[2025-05-08T16:15:15.325+0000] {logging_mixin.py:154} INFO - [2025-05-08T16:15:15.325+0000] {dag.py:2941} INFO - Sync 1 DAGs
[2025-05-08T16:15:15.570+0000] {logging_mixin.py:154} INFO - [2025-05-08T16:15:15.569+0000] {dag.py:3722} INFO - Setting next_dagrun for example_dag_decorator to None, run_after=None
[2025-05-08T16:15:15.596+0000] {processor.py:179} INFO - Processing /home/airflow/.local/lib/python3.8/site-packages/airflow/example_dags/example_dag_decorator.py took 0.592 seconds
[2025-05-08T16:15:46.469+0000] {processor.py:157} INFO - Started process (PID=579) to work on /home/airflow/.local/lib/python3.8/site-packages/airflow/example_dags/example_dag_decorator.py
[2025-05-08T16:15:46.471+0000] {processor.py:829} INFO - Processing file /home/airflow/.local/lib/python3.8/site-packages/airflow/example_dags/example_dag_decorator.py for tasks to queue
[2025-05-08T16:15:46.475+0000] {logging_mixin.py:154} INFO - [2025-05-08T16:15:46.475+0000] {dagbag.py:536} INFO - Filling up the DagBag from /home/airflow/.local/lib/python3.8/site-packages/airflow/example_dags/example_dag_decorator.py
[2025-05-08T16:15:46.571+0000] {processor.py:839} INFO - DAG(s) dict_keys(['example_dag_decorator']) retrieved from /home/airflow/.local/lib/python3.8/site-packages/airflow/example_dags/example_dag_decorator.py
[2025-05-08T16:15:46.927+0000] {logging_mixin.py:154} INFO - [2025-05-08T16:15:46.927+0000] {dag.py:2941} INFO - Sync 1 DAGs
[2025-05-08T16:15:46.943+0000] {logging_mixin.py:154} INFO - [2025-05-08T16:15:46.942+0000] {dag.py:3722} INFO - Setting next_dagrun for example_dag_decorator to None, run_after=None
[2025-05-08T16:15:46.981+0000] {processor.py:179} INFO - Processing /home/airflow/.local/lib/python3.8/site-packages/airflow/example_dags/example_dag_decorator.py took 0.520 seconds
[2025-05-08T16:16:17.371+0000] {processor.py:157} INFO - Started process (PID=637) to work on /home/airflow/.local/lib/python3.8/site-packages/airflow/example_dags/example_dag_decorator.py
[2025-05-08T16:16:17.373+0000] {processor.py:829} INFO - Processing file /home/airflow/.local/lib/python3.8/site-packages/airflow/example_dags/example_dag_decorator.py for tasks to queue
[2025-05-08T16:16:17.377+0000] {logging_mixin.py:154} INFO - [2025-05-08T16:16:17.376+0000] {dagbag.py:536} INFO - Filling up the DagBag from /home/airflow/.local/lib/python3.8/site-packages/airflow/example_dags/example_dag_decorator.py
[2025-05-08T16:16:17.499+0000] {processor.py:839} INFO - DAG(s) dict_keys(['example_dag_decorator']) retrieved from /home/airflow/.local/lib/python3.8/site-packages/airflow/example_dags/example_dag_decorator.py
[2025-05-08T16:16:17.966+0000] {logging_mixin.py:154} INFO - [2025-05-08T16:16:17.965+0000] {dag.py:2941} INFO - Sync 1 DAGs
[2025-05-08T16:16:17.988+0000] {logging_mixin.py:154} INFO - [2025-05-08T16:16:17.988+0000] {dag.py:3722} INFO - Setting next_dagrun for example_dag_decorator to None, run_after=None
[2025-05-08T16:16:18.031+0000] {processor.py:179} INFO - Processing /home/airflow/.local/lib/python3.8/site-packages/airflow/example_dags/example_dag_decorator.py took 0.668 seconds
[2025-05-08T16:16:48.343+0000] {processor.py:157} INFO - Started process (PID=694) to work on /home/airflow/.local/lib/python3.8/site-packages/airflow/example_dags/example_dag_decorator.py
[2025-05-08T16:16:48.344+0000] {processor.py:829} INFO - Processing file /home/airflow/.local/lib/python3.8/site-packages/airflow/example_dags/example_dag_decorator.py for tasks to queue
[2025-05-08T16:16:48.347+0000] {logging_mixin.py:154} INFO - [2025-05-08T16:16:48.347+0000] {dagbag.py:536} INFO - Filling up the DagBag from /home/airflow/.local/lib/python3.8/site-packages/airflow/example_dags/example_dag_decorator.py
[2025-05-08T16:16:48.443+0000] {processor.py:839} INFO - DAG(s) dict_keys(['example_dag_decorator']) retrieved from /home/airflow/.local/lib/python3.8/site-packages/airflow/example_dags/example_dag_decorator.py
[2025-05-08T16:16:48.916+0000] {logging_mixin.py:154} INFO - [2025-05-08T16:16:48.916+0000] {dag.py:2941} INFO - Sync 1 DAGs
[2025-05-08T16:16:48.938+0000] {logging_mixin.py:154} INFO - [2025-05-08T16:16:48.937+0000] {dag.py:3722} INFO - Setting next_dagrun for example_dag_decorator to None, run_after=None
[2025-05-08T16:16:48.983+0000] {processor.py:179} INFO - Processing /home/airflow/.local/lib/python3.8/site-packages/airflow/example_dags/example_dag_decorator.py took 0.644 seconds
[2025-05-08T16:17:19.824+0000] {processor.py:157} INFO - Started process (PID=751) to work on /home/airflow/.local/lib/python3.8/site-packages/airflow/example_dags/example_dag_decorator.py
[2025-05-08T16:17:19.825+0000] {processor.py:829} INFO - Processing file /home/airflow/.local/lib/python3.8/site-packages/airflow/example_dags/example_dag_decorator.py for tasks to queue
[2025-05-08T16:17:19.832+0000] {logging_mixin.py:154} INFO - [2025-05-08T16:17:19.832+0000] {dagbag.py:536} INFO - Filling up the DagBag from /home/airflow/.local/lib/python3.8/site-packages/airflow/example_dags/example_dag_decorator.py
[2025-05-08T16:17:19.963+0000] {processor.py:839} INFO - DAG(s) dict_keys(['example_dag_decorator']) retrieved from /home/airflow/.local/lib/python3.8/site-packages/airflow/example_dags/example_dag_decorator.py
[2025-05-08T16:17:20.247+0000] {logging_mixin.py:154} INFO - [2025-05-08T16:17:20.247+0000] {dag.py:2941} INFO - Sync 1 DAGs
[2025-05-08T16:17:20.258+0000] {logging_mixin.py:154} INFO - [2025-05-08T16:17:20.257+0000] {dag.py:3722} INFO - Setting next_dagrun for example_dag_decorator to None, run_after=None
[2025-05-08T16:17:20.295+0000] {processor.py:179} INFO - Processing /home/airflow/.local/lib/python3.8/site-packages/airflow/example_dags/example_dag_decorator.py took 0.475 seconds
[2025-05-08T16:17:50.566+0000] {processor.py:157} INFO - Started process (PID=809) to work on /home/airflow/.local/lib/python3.8/site-packages/airflow/example_dags/example_dag_decorator.py
[2025-05-08T16:17:50.567+0000] {processor.py:829} INFO - Processing file /home/airflow/.local/lib/python3.8/site-packages/airflow/example_dags/example_dag_decorator.py for tasks to queue
[2025-05-08T16:17:50.572+0000] {logging_mixin.py:154} INFO - [2025-05-08T16:17:50.571+0000] {dagbag.py:536} INFO - Filling up the DagBag from /home/airflow/.local/lib/python3.8/site-packages/airflow/example_dags/example_dag_decorator.py
[2025-05-08T16:17:50.857+0000] {processor.py:839} INFO - DAG(s) dict_keys(['example_dag_decorator']) retrieved from /home/airflow/.local/lib/python3.8/site-packages/airflow/example_dags/example_dag_decorator.py
[2025-05-08T16:17:51.368+0000] {logging_mixin.py:154} INFO - [2025-05-08T16:17:51.367+0000] {dag.py:2941} INFO - Sync 1 DAGs
[2025-05-08T16:17:51.384+0000] {logging_mixin.py:154} INFO - [2025-05-08T16:17:51.383+0000] {dag.py:3722} INFO - Setting next_dagrun for example_dag_decorator to None, run_after=None
[2025-05-08T16:17:51.423+0000] {processor.py:179} INFO - Processing /home/airflow/.local/lib/python3.8/site-packages/airflow/example_dags/example_dag_decorator.py took 0.866 seconds
