[2025-05-08T16:11:09.481+0000] {processor.py:157} INFO - Started process (PID=85) to work on /home/airflow/.local/lib/python3.8/site-packages/airflow/example_dags/example_dynamic_task_mapping_with_no_taskflow_operators.py
[2025-05-08T16:11:09.485+0000] {processor.py:829} INFO - Processing file /home/airflow/.local/lib/python3.8/site-packages/airflow/example_dags/example_dynamic_task_mapping_with_no_taskflow_operators.py for tasks to queue
[2025-05-08T16:11:09.489+0000] {logging_mixin.py:154} INFO - [2025-05-08T16:11:09.488+0000] {dagbag.py:536} INFO - Filling up the DagBag from /home/airflow/.local/lib/python3.8/site-packages/airflow/example_dags/example_dynamic_task_mapping_with_no_taskflow_operators.py
[2025-05-08T16:11:09.501+0000] {processor.py:839} INFO - DAG(s) dict_keys(['example_dynamic_task_mapping_with_no_taskflow_operators']) retrieved from /home/airflow/.local/lib/python3.8/site-packages/airflow/example_dags/example_dynamic_task_mapping_with_no_taskflow_operators.py
[2025-05-08T16:11:09.567+0000] {logging_mixin.py:154} INFO - [2025-05-08T16:11:09.566+0000] {dag.py:2941} INFO - Sync 1 DAGs
[2025-05-08T16:11:09.649+0000] {logging_mixin.py:154} INFO - [2025-05-08T16:11:09.649+0000] {dag.py:3722} INFO - Setting next_dagrun for example_dynamic_task_mapping_with_no_taskflow_operators to 2025-05-07T16:11:09.648820+00:00, run_after=2025-05-08T16:11:09.648820+00:00
[2025-05-08T16:11:09.755+0000] {processor.py:179} INFO - Processing /home/airflow/.local/lib/python3.8/site-packages/airflow/example_dags/example_dynamic_task_mapping_with_no_taskflow_operators.py took 0.280 seconds
[2025-05-08T16:11:40.331+0000] {processor.py:157} INFO - Started process (PID=140) to work on /home/airflow/.local/lib/python3.8/site-packages/airflow/example_dags/example_dynamic_task_mapping_with_no_taskflow_operators.py
[2025-05-08T16:11:40.333+0000] {processor.py:829} INFO - Processing file /home/airflow/.local/lib/python3.8/site-packages/airflow/example_dags/example_dynamic_task_mapping_with_no_taskflow_operators.py for tasks to queue
[2025-05-08T16:11:40.337+0000] {logging_mixin.py:154} INFO - [2025-05-08T16:11:40.336+0000] {dagbag.py:536} INFO - Filling up the DagBag from /home/airflow/.local/lib/python3.8/site-packages/airflow/example_dags/example_dynamic_task_mapping_with_no_taskflow_operators.py
[2025-05-08T16:11:40.348+0000] {processor.py:839} INFO - DAG(s) dict_keys(['example_dynamic_task_mapping_with_no_taskflow_operators']) retrieved from /home/airflow/.local/lib/python3.8/site-packages/airflow/example_dags/example_dynamic_task_mapping_with_no_taskflow_operators.py
[2025-05-08T16:11:40.400+0000] {logging_mixin.py:154} INFO - [2025-05-08T16:11:40.399+0000] {dag.py:2941} INFO - Sync 1 DAGs
[2025-05-08T16:11:40.449+0000] {logging_mixin.py:154} INFO - [2025-05-08T16:11:40.449+0000] {dag.py:3722} INFO - Setting next_dagrun for example_dynamic_task_mapping_with_no_taskflow_operators to 2025-05-07T16:11:40.448720+00:00, run_after=2025-05-08T16:11:40.448720+00:00
[2025-05-08T16:11:40.497+0000] {processor.py:179} INFO - Processing /home/airflow/.local/lib/python3.8/site-packages/airflow/example_dags/example_dynamic_task_mapping_with_no_taskflow_operators.py took 0.172 seconds
[2025-05-08T16:12:10.889+0000] {processor.py:157} INFO - Started process (PID=195) to work on /home/airflow/.local/lib/python3.8/site-packages/airflow/example_dags/example_dynamic_task_mapping_with_no_taskflow_operators.py
[2025-05-08T16:12:10.892+0000] {processor.py:829} INFO - Processing file /home/airflow/.local/lib/python3.8/site-packages/airflow/example_dags/example_dynamic_task_mapping_with_no_taskflow_operators.py for tasks to queue
[2025-05-08T16:12:10.895+0000] {logging_mixin.py:154} INFO - [2025-05-08T16:12:10.894+0000] {dagbag.py:536} INFO - Filling up the DagBag from /home/airflow/.local/lib/python3.8/site-packages/airflow/example_dags/example_dynamic_task_mapping_with_no_taskflow_operators.py
[2025-05-08T16:12:10.905+0000] {processor.py:839} INFO - DAG(s) dict_keys(['example_dynamic_task_mapping_with_no_taskflow_operators']) retrieved from /home/airflow/.local/lib/python3.8/site-packages/airflow/example_dags/example_dynamic_task_mapping_with_no_taskflow_operators.py
[2025-05-08T16:12:10.942+0000] {logging_mixin.py:154} INFO - [2025-05-08T16:12:10.942+0000] {dag.py:2941} INFO - Sync 1 DAGs
[2025-05-08T16:12:10.978+0000] {logging_mixin.py:154} INFO - [2025-05-08T16:12:10.978+0000] {dag.py:3722} INFO - Setting next_dagrun for example_dynamic_task_mapping_with_no_taskflow_operators to 2025-05-07T16:12:10.977516+00:00, run_after=2025-05-08T16:12:10.977516+00:00
[2025-05-08T16:12:11.006+0000] {processor.py:179} INFO - Processing /home/airflow/.local/lib/python3.8/site-packages/airflow/example_dags/example_dynamic_task_mapping_with_no_taskflow_operators.py took 0.122 seconds
[2025-05-08T16:12:41.460+0000] {processor.py:157} INFO - Started process (PID=250) to work on /home/airflow/.local/lib/python3.8/site-packages/airflow/example_dags/example_dynamic_task_mapping_with_no_taskflow_operators.py
[2025-05-08T16:12:41.461+0000] {processor.py:829} INFO - Processing file /home/airflow/.local/lib/python3.8/site-packages/airflow/example_dags/example_dynamic_task_mapping_with_no_taskflow_operators.py for tasks to queue
[2025-05-08T16:12:41.466+0000] {logging_mixin.py:154} INFO - [2025-05-08T16:12:41.466+0000] {dagbag.py:536} INFO - Filling up the DagBag from /home/airflow/.local/lib/python3.8/site-packages/airflow/example_dags/example_dynamic_task_mapping_with_no_taskflow_operators.py
[2025-05-08T16:12:41.477+0000] {processor.py:839} INFO - DAG(s) dict_keys(['example_dynamic_task_mapping_with_no_taskflow_operators']) retrieved from /home/airflow/.local/lib/python3.8/site-packages/airflow/example_dags/example_dynamic_task_mapping_with_no_taskflow_operators.py
[2025-05-08T16:12:41.516+0000] {logging_mixin.py:154} INFO - [2025-05-08T16:12:41.516+0000] {dag.py:2941} INFO - Sync 1 DAGs
[2025-05-08T16:12:41.570+0000] {logging_mixin.py:154} INFO - [2025-05-08T16:12:41.570+0000] {dag.py:3722} INFO - Setting next_dagrun for example_dynamic_task_mapping_with_no_taskflow_operators to 2025-05-07T16:12:41.569703+00:00, run_after=2025-05-08T16:12:41.569703+00:00
[2025-05-08T16:12:41.638+0000] {processor.py:179} INFO - Processing /home/airflow/.local/lib/python3.8/site-packages/airflow/example_dags/example_dynamic_task_mapping_with_no_taskflow_operators.py took 0.182 seconds
[2025-05-08T16:13:11.999+0000] {processor.py:157} INFO - Started process (PID=305) to work on /home/airflow/.local/lib/python3.8/site-packages/airflow/example_dags/example_dynamic_task_mapping_with_no_taskflow_operators.py
[2025-05-08T16:13:12.000+0000] {processor.py:829} INFO - Processing file /home/airflow/.local/lib/python3.8/site-packages/airflow/example_dags/example_dynamic_task_mapping_with_no_taskflow_operators.py for tasks to queue
[2025-05-08T16:13:12.004+0000] {logging_mixin.py:154} INFO - [2025-05-08T16:13:12.003+0000] {dagbag.py:536} INFO - Filling up the DagBag from /home/airflow/.local/lib/python3.8/site-packages/airflow/example_dags/example_dynamic_task_mapping_with_no_taskflow_operators.py
[2025-05-08T16:13:12.019+0000] {processor.py:839} INFO - DAG(s) dict_keys(['example_dynamic_task_mapping_with_no_taskflow_operators']) retrieved from /home/airflow/.local/lib/python3.8/site-packages/airflow/example_dags/example_dynamic_task_mapping_with_no_taskflow_operators.py
[2025-05-08T16:13:12.057+0000] {logging_mixin.py:154} INFO - [2025-05-08T16:13:12.057+0000] {dag.py:2941} INFO - Sync 1 DAGs
[2025-05-08T16:13:12.099+0000] {logging_mixin.py:154} INFO - [2025-05-08T16:13:12.099+0000] {dag.py:3722} INFO - Setting next_dagrun for example_dynamic_task_mapping_with_no_taskflow_operators to 2025-05-07T16:13:12.099160+00:00, run_after=2025-05-08T16:13:12.099160+00:00
[2025-05-08T16:13:12.139+0000] {processor.py:179} INFO - Processing /home/airflow/.local/lib/python3.8/site-packages/airflow/example_dags/example_dynamic_task_mapping_with_no_taskflow_operators.py took 0.148 seconds
[2025-05-08T16:13:42.726+0000] {processor.py:157} INFO - Started process (PID=360) to work on /home/airflow/.local/lib/python3.8/site-packages/airflow/example_dags/example_dynamic_task_mapping_with_no_taskflow_operators.py
[2025-05-08T16:13:42.729+0000] {processor.py:829} INFO - Processing file /home/airflow/.local/lib/python3.8/site-packages/airflow/example_dags/example_dynamic_task_mapping_with_no_taskflow_operators.py for tasks to queue
[2025-05-08T16:13:42.733+0000] {logging_mixin.py:154} INFO - [2025-05-08T16:13:42.732+0000] {dagbag.py:536} INFO - Filling up the DagBag from /home/airflow/.local/lib/python3.8/site-packages/airflow/example_dags/example_dynamic_task_mapping_with_no_taskflow_operators.py
[2025-05-08T16:13:42.744+0000] {processor.py:839} INFO - DAG(s) dict_keys(['example_dynamic_task_mapping_with_no_taskflow_operators']) retrieved from /home/airflow/.local/lib/python3.8/site-packages/airflow/example_dags/example_dynamic_task_mapping_with_no_taskflow_operators.py
[2025-05-08T16:13:42.785+0000] {logging_mixin.py:154} INFO - [2025-05-08T16:13:42.784+0000] {dag.py:2941} INFO - Sync 1 DAGs
[2025-05-08T16:13:42.843+0000] {logging_mixin.py:154} INFO - [2025-05-08T16:13:42.843+0000] {dag.py:3722} INFO - Setting next_dagrun for example_dynamic_task_mapping_with_no_taskflow_operators to 2025-05-07T16:13:42.842911+00:00, run_after=2025-05-08T16:13:42.842911+00:00
[2025-05-08T16:13:42.906+0000] {processor.py:179} INFO - Processing /home/airflow/.local/lib/python3.8/site-packages/airflow/example_dags/example_dynamic_task_mapping_with_no_taskflow_operators.py took 0.189 seconds
[2025-05-08T16:14:13.532+0000] {processor.py:157} INFO - Started process (PID=415) to work on /home/airflow/.local/lib/python3.8/site-packages/airflow/example_dags/example_dynamic_task_mapping_with_no_taskflow_operators.py
[2025-05-08T16:14:13.534+0000] {processor.py:829} INFO - Processing file /home/airflow/.local/lib/python3.8/site-packages/airflow/example_dags/example_dynamic_task_mapping_with_no_taskflow_operators.py for tasks to queue
[2025-05-08T16:14:13.537+0000] {logging_mixin.py:154} INFO - [2025-05-08T16:14:13.536+0000] {dagbag.py:536} INFO - Filling up the DagBag from /home/airflow/.local/lib/python3.8/site-packages/airflow/example_dags/example_dynamic_task_mapping_with_no_taskflow_operators.py
[2025-05-08T16:14:13.548+0000] {processor.py:839} INFO - DAG(s) dict_keys(['example_dynamic_task_mapping_with_no_taskflow_operators']) retrieved from /home/airflow/.local/lib/python3.8/site-packages/airflow/example_dags/example_dynamic_task_mapping_with_no_taskflow_operators.py
[2025-05-08T16:14:13.574+0000] {logging_mixin.py:154} INFO - [2025-05-08T16:14:13.574+0000] {dag.py:2941} INFO - Sync 1 DAGs
[2025-05-08T16:14:13.608+0000] {logging_mixin.py:154} INFO - [2025-05-08T16:14:13.608+0000] {dag.py:3722} INFO - Setting next_dagrun for example_dynamic_task_mapping_with_no_taskflow_operators to 2025-05-07T16:14:13.608243+00:00, run_after=2025-05-08T16:14:13.608243+00:00
[2025-05-08T16:14:13.638+0000] {processor.py:179} INFO - Processing /home/airflow/.local/lib/python3.8/site-packages/airflow/example_dags/example_dynamic_task_mapping_with_no_taskflow_operators.py took 0.110 seconds
[2025-05-08T16:14:44.384+0000] {processor.py:157} INFO - Started process (PID=470) to work on /home/airflow/.local/lib/python3.8/site-packages/airflow/example_dags/example_dynamic_task_mapping_with_no_taskflow_operators.py
[2025-05-08T16:14:44.386+0000] {processor.py:829} INFO - Processing file /home/airflow/.local/lib/python3.8/site-packages/airflow/example_dags/example_dynamic_task_mapping_with_no_taskflow_operators.py for tasks to queue
[2025-05-08T16:14:44.389+0000] {logging_mixin.py:154} INFO - [2025-05-08T16:14:44.389+0000] {dagbag.py:536} INFO - Filling up the DagBag from /home/airflow/.local/lib/python3.8/site-packages/airflow/example_dags/example_dynamic_task_mapping_with_no_taskflow_operators.py
[2025-05-08T16:14:44.399+0000] {processor.py:839} INFO - DAG(s) dict_keys(['example_dynamic_task_mapping_with_no_taskflow_operators']) retrieved from /home/airflow/.local/lib/python3.8/site-packages/airflow/example_dags/example_dynamic_task_mapping_with_no_taskflow_operators.py
[2025-05-08T16:14:44.439+0000] {logging_mixin.py:154} INFO - [2025-05-08T16:14:44.439+0000] {dag.py:2941} INFO - Sync 1 DAGs
[2025-05-08T16:14:44.481+0000] {logging_mixin.py:154} INFO - [2025-05-08T16:14:44.480+0000] {dag.py:3722} INFO - Setting next_dagrun for example_dynamic_task_mapping_with_no_taskflow_operators to 2025-05-07T16:14:44.480392+00:00, run_after=2025-05-08T16:14:44.480392+00:00
[2025-05-08T16:14:44.507+0000] {processor.py:179} INFO - Processing /home/airflow/.local/lib/python3.8/site-packages/airflow/example_dags/example_dynamic_task_mapping_with_no_taskflow_operators.py took 0.129 seconds
[2025-05-08T16:15:15.317+0000] {processor.py:157} INFO - Started process (PID=525) to work on /home/airflow/.local/lib/python3.8/site-packages/airflow/example_dags/example_dynamic_task_mapping_with_no_taskflow_operators.py
[2025-05-08T16:15:15.318+0000] {processor.py:829} INFO - Processing file /home/airflow/.local/lib/python3.8/site-packages/airflow/example_dags/example_dynamic_task_mapping_with_no_taskflow_operators.py for tasks to queue
[2025-05-08T16:15:15.322+0000] {logging_mixin.py:154} INFO - [2025-05-08T16:15:15.322+0000] {dagbag.py:536} INFO - Filling up the DagBag from /home/airflow/.local/lib/python3.8/site-packages/airflow/example_dags/example_dynamic_task_mapping_with_no_taskflow_operators.py
[2025-05-08T16:15:15.335+0000] {processor.py:839} INFO - DAG(s) dict_keys(['example_dynamic_task_mapping_with_no_taskflow_operators']) retrieved from /home/airflow/.local/lib/python3.8/site-packages/airflow/example_dags/example_dynamic_task_mapping_with_no_taskflow_operators.py
[2025-05-08T16:15:15.372+0000] {logging_mixin.py:154} INFO - [2025-05-08T16:15:15.372+0000] {dag.py:2941} INFO - Sync 1 DAGs
[2025-05-08T16:15:15.412+0000] {logging_mixin.py:154} INFO - [2025-05-08T16:15:15.411+0000] {dag.py:3722} INFO - Setting next_dagrun for example_dynamic_task_mapping_with_no_taskflow_operators to 2025-05-07T16:15:15.411467+00:00, run_after=2025-05-08T16:15:15.411467+00:00
[2025-05-08T16:15:15.467+0000] {processor.py:179} INFO - Processing /home/airflow/.local/lib/python3.8/site-packages/airflow/example_dags/example_dynamic_task_mapping_with_no_taskflow_operators.py took 0.156 seconds
[2025-05-08T16:15:46.477+0000] {processor.py:157} INFO - Started process (PID=580) to work on /home/airflow/.local/lib/python3.8/site-packages/airflow/example_dags/example_dynamic_task_mapping_with_no_taskflow_operators.py
[2025-05-08T16:15:46.478+0000] {processor.py:829} INFO - Processing file /home/airflow/.local/lib/python3.8/site-packages/airflow/example_dags/example_dynamic_task_mapping_with_no_taskflow_operators.py for tasks to queue
[2025-05-08T16:15:46.481+0000] {logging_mixin.py:154} INFO - [2025-05-08T16:15:46.481+0000] {dagbag.py:536} INFO - Filling up the DagBag from /home/airflow/.local/lib/python3.8/site-packages/airflow/example_dags/example_dynamic_task_mapping_with_no_taskflow_operators.py
[2025-05-08T16:15:46.491+0000] {processor.py:839} INFO - DAG(s) dict_keys(['example_dynamic_task_mapping_with_no_taskflow_operators']) retrieved from /home/airflow/.local/lib/python3.8/site-packages/airflow/example_dags/example_dynamic_task_mapping_with_no_taskflow_operators.py
[2025-05-08T16:15:46.521+0000] {logging_mixin.py:154} INFO - [2025-05-08T16:15:46.520+0000] {dag.py:2941} INFO - Sync 1 DAGs
[2025-05-08T16:15:46.546+0000] {logging_mixin.py:154} INFO - [2025-05-08T16:15:46.546+0000] {dag.py:3722} INFO - Setting next_dagrun for example_dynamic_task_mapping_with_no_taskflow_operators to 2025-05-07T16:15:46.546152+00:00, run_after=2025-05-08T16:15:46.546152+00:00
[2025-05-08T16:15:46.574+0000] {processor.py:179} INFO - Processing /home/airflow/.local/lib/python3.8/site-packages/airflow/example_dags/example_dynamic_task_mapping_with_no_taskflow_operators.py took 0.104 seconds
[2025-05-08T16:16:17.007+0000] {processor.py:157} INFO - Started process (PID=634) to work on /home/airflow/.local/lib/python3.8/site-packages/airflow/example_dags/example_dynamic_task_mapping_with_no_taskflow_operators.py
[2025-05-08T16:16:17.009+0000] {processor.py:829} INFO - Processing file /home/airflow/.local/lib/python3.8/site-packages/airflow/example_dags/example_dynamic_task_mapping_with_no_taskflow_operators.py for tasks to queue
[2025-05-08T16:16:17.013+0000] {logging_mixin.py:154} INFO - [2025-05-08T16:16:17.013+0000] {dagbag.py:536} INFO - Filling up the DagBag from /home/airflow/.local/lib/python3.8/site-packages/airflow/example_dags/example_dynamic_task_mapping_with_no_taskflow_operators.py
[2025-05-08T16:16:17.025+0000] {processor.py:839} INFO - DAG(s) dict_keys(['example_dynamic_task_mapping_with_no_taskflow_operators']) retrieved from /home/airflow/.local/lib/python3.8/site-packages/airflow/example_dags/example_dynamic_task_mapping_with_no_taskflow_operators.py
[2025-05-08T16:16:17.061+0000] {logging_mixin.py:154} INFO - [2025-05-08T16:16:17.061+0000] {dag.py:2941} INFO - Sync 1 DAGs
[2025-05-08T16:16:17.113+0000] {logging_mixin.py:154} INFO - [2025-05-08T16:16:17.113+0000] {dag.py:3722} INFO - Setting next_dagrun for example_dynamic_task_mapping_with_no_taskflow_operators to 2025-05-07T16:16:17.112393+00:00, run_after=2025-05-08T16:16:17.112393+00:00
[2025-05-08T16:16:17.154+0000] {processor.py:179} INFO - Processing /home/airflow/.local/lib/python3.8/site-packages/airflow/example_dags/example_dynamic_task_mapping_with_no_taskflow_operators.py took 0.152 seconds
[2025-05-08T16:16:47.961+0000] {processor.py:157} INFO - Started process (PID=689) to work on /home/airflow/.local/lib/python3.8/site-packages/airflow/example_dags/example_dynamic_task_mapping_with_no_taskflow_operators.py
[2025-05-08T16:16:47.962+0000] {processor.py:829} INFO - Processing file /home/airflow/.local/lib/python3.8/site-packages/airflow/example_dags/example_dynamic_task_mapping_with_no_taskflow_operators.py for tasks to queue
[2025-05-08T16:16:47.967+0000] {logging_mixin.py:154} INFO - [2025-05-08T16:16:47.967+0000] {dagbag.py:536} INFO - Filling up the DagBag from /home/airflow/.local/lib/python3.8/site-packages/airflow/example_dags/example_dynamic_task_mapping_with_no_taskflow_operators.py
[2025-05-08T16:16:47.976+0000] {processor.py:839} INFO - DAG(s) dict_keys(['example_dynamic_task_mapping_with_no_taskflow_operators']) retrieved from /home/airflow/.local/lib/python3.8/site-packages/airflow/example_dags/example_dynamic_task_mapping_with_no_taskflow_operators.py
[2025-05-08T16:16:48.012+0000] {logging_mixin.py:154} INFO - [2025-05-08T16:16:48.012+0000] {dag.py:2941} INFO - Sync 1 DAGs
[2025-05-08T16:16:48.055+0000] {logging_mixin.py:154} INFO - [2025-05-08T16:16:48.055+0000] {dag.py:3722} INFO - Setting next_dagrun for example_dynamic_task_mapping_with_no_taskflow_operators to 2025-05-07T16:16:48.054776+00:00, run_after=2025-05-08T16:16:48.054776+00:00
[2025-05-08T16:16:48.089+0000] {processor.py:179} INFO - Processing /home/airflow/.local/lib/python3.8/site-packages/airflow/example_dags/example_dynamic_task_mapping_with_no_taskflow_operators.py took 0.132 seconds
[2025-05-08T16:17:18.344+0000] {processor.py:157} INFO - Started process (PID=744) to work on /home/airflow/.local/lib/python3.8/site-packages/airflow/example_dags/example_dynamic_task_mapping_with_no_taskflow_operators.py
[2025-05-08T16:17:18.345+0000] {processor.py:829} INFO - Processing file /home/airflow/.local/lib/python3.8/site-packages/airflow/example_dags/example_dynamic_task_mapping_with_no_taskflow_operators.py for tasks to queue
[2025-05-08T16:17:18.349+0000] {logging_mixin.py:154} INFO - [2025-05-08T16:17:18.348+0000] {dagbag.py:536} INFO - Filling up the DagBag from /home/airflow/.local/lib/python3.8/site-packages/airflow/example_dags/example_dynamic_task_mapping_with_no_taskflow_operators.py
[2025-05-08T16:17:18.359+0000] {processor.py:839} INFO - DAG(s) dict_keys(['example_dynamic_task_mapping_with_no_taskflow_operators']) retrieved from /home/airflow/.local/lib/python3.8/site-packages/airflow/example_dags/example_dynamic_task_mapping_with_no_taskflow_operators.py
[2025-05-08T16:17:18.387+0000] {logging_mixin.py:154} INFO - [2025-05-08T16:17:18.387+0000] {dag.py:2941} INFO - Sync 1 DAGs
[2025-05-08T16:17:18.418+0000] {logging_mixin.py:154} INFO - [2025-05-08T16:17:18.418+0000] {dag.py:3722} INFO - Setting next_dagrun for example_dynamic_task_mapping_with_no_taskflow_operators to 2025-05-07T16:17:18.418266+00:00, run_after=2025-05-08T16:17:18.418266+00:00
[2025-05-08T16:17:18.446+0000] {processor.py:179} INFO - Processing /home/airflow/.local/lib/python3.8/site-packages/airflow/example_dags/example_dynamic_task_mapping_with_no_taskflow_operators.py took 0.107 seconds
[2025-05-08T16:17:48.506+0000] {processor.py:157} INFO - Started process (PID=799) to work on /home/airflow/.local/lib/python3.8/site-packages/airflow/example_dags/example_dynamic_task_mapping_with_no_taskflow_operators.py
[2025-05-08T16:17:48.507+0000] {processor.py:829} INFO - Processing file /home/airflow/.local/lib/python3.8/site-packages/airflow/example_dags/example_dynamic_task_mapping_with_no_taskflow_operators.py for tasks to queue
[2025-05-08T16:17:48.512+0000] {logging_mixin.py:154} INFO - [2025-05-08T16:17:48.511+0000] {dagbag.py:536} INFO - Filling up the DagBag from /home/airflow/.local/lib/python3.8/site-packages/airflow/example_dags/example_dynamic_task_mapping_with_no_taskflow_operators.py
[2025-05-08T16:17:48.520+0000] {processor.py:839} INFO - DAG(s) dict_keys(['example_dynamic_task_mapping_with_no_taskflow_operators']) retrieved from /home/airflow/.local/lib/python3.8/site-packages/airflow/example_dags/example_dynamic_task_mapping_with_no_taskflow_operators.py
[2025-05-08T16:17:48.553+0000] {logging_mixin.py:154} INFO - [2025-05-08T16:17:48.552+0000] {dag.py:2941} INFO - Sync 1 DAGs
[2025-05-08T16:17:48.582+0000] {logging_mixin.py:154} INFO - [2025-05-08T16:17:48.582+0000] {dag.py:3722} INFO - Setting next_dagrun for example_dynamic_task_mapping_with_no_taskflow_operators to 2025-05-07T16:17:48.582075+00:00, run_after=2025-05-08T16:17:48.582075+00:00
[2025-05-08T16:17:48.612+0000] {processor.py:179} INFO - Processing /home/airflow/.local/lib/python3.8/site-packages/airflow/example_dags/example_dynamic_task_mapping_with_no_taskflow_operators.py took 0.113 seconds
