[2025-05-08T16:11:09.372+0000] {processor.py:157} INFO - Started process (PID=84) to work on /home/airflow/.local/lib/python3.8/site-packages/airflow/example_dags/example_latest_only_with_trigger.py
[2025-05-08T16:11:09.375+0000] {processor.py:829} INFO - Processing file /home/airflow/.local/lib/python3.8/site-packages/airflow/example_dags/example_latest_only_with_trigger.py for tasks to queue
[2025-05-08T16:11:09.385+0000] {logging_mixin.py:154} INFO - [2025-05-08T16:11:09.384+0000] {dagbag.py:536} INFO - Filling up the DagBag from /home/airflow/.local/lib/python3.8/site-packages/airflow/example_dags/example_latest_only_with_trigger.py
[2025-05-08T16:11:09.395+0000] {processor.py:839} INFO - DAG(s) dict_keys(['latest_only_with_trigger']) retrieved from /home/airflow/.local/lib/python3.8/site-packages/airflow/example_dags/example_latest_only_with_trigger.py
[2025-05-08T16:11:09.443+0000] {logging_mixin.py:154} INFO - [2025-05-08T16:11:09.443+0000] {dag.py:2941} INFO - Sync 1 DAGs
[2025-05-08T16:11:09.489+0000] {logging_mixin.py:154} INFO - [2025-05-08T16:11:09.489+0000] {dag.py:3722} INFO - Setting next_dagrun for latest_only_with_trigger to 2025-05-08T12:11:09.488727+00:00, run_after=2025-05-08T16:11:09.488727+00:00
[2025-05-08T16:11:09.548+0000] {processor.py:179} INFO - Processing /home/airflow/.local/lib/python3.8/site-packages/airflow/example_dags/example_latest_only_with_trigger.py took 0.182 seconds
[2025-05-08T16:11:40.136+0000] {processor.py:157} INFO - Started process (PID=139) to work on /home/airflow/.local/lib/python3.8/site-packages/airflow/example_dags/example_latest_only_with_trigger.py
[2025-05-08T16:11:40.138+0000] {processor.py:829} INFO - Processing file /home/airflow/.local/lib/python3.8/site-packages/airflow/example_dags/example_latest_only_with_trigger.py for tasks to queue
[2025-05-08T16:11:40.140+0000] {logging_mixin.py:154} INFO - [2025-05-08T16:11:40.140+0000] {dagbag.py:536} INFO - Filling up the DagBag from /home/airflow/.local/lib/python3.8/site-packages/airflow/example_dags/example_latest_only_with_trigger.py
[2025-05-08T16:11:40.149+0000] {processor.py:839} INFO - DAG(s) dict_keys(['latest_only_with_trigger']) retrieved from /home/airflow/.local/lib/python3.8/site-packages/airflow/example_dags/example_latest_only_with_trigger.py
[2025-05-08T16:11:40.186+0000] {logging_mixin.py:154} INFO - [2025-05-08T16:11:40.185+0000] {dag.py:2941} INFO - Sync 1 DAGs
[2025-05-08T16:11:40.239+0000] {logging_mixin.py:154} INFO - [2025-05-08T16:11:40.239+0000] {dag.py:3722} INFO - Setting next_dagrun for latest_only_with_trigger to 2025-05-08T12:11:40.238790+00:00, run_after=2025-05-08T16:11:40.238790+00:00
[2025-05-08T16:11:40.279+0000] {processor.py:179} INFO - Processing /home/airflow/.local/lib/python3.8/site-packages/airflow/example_dags/example_latest_only_with_trigger.py took 0.148 seconds
[2025-05-08T16:12:10.809+0000] {processor.py:157} INFO - Started process (PID=194) to work on /home/airflow/.local/lib/python3.8/site-packages/airflow/example_dags/example_latest_only_with_trigger.py
[2025-05-08T16:12:10.811+0000] {processor.py:829} INFO - Processing file /home/airflow/.local/lib/python3.8/site-packages/airflow/example_dags/example_latest_only_with_trigger.py for tasks to queue
[2025-05-08T16:12:10.816+0000] {logging_mixin.py:154} INFO - [2025-05-08T16:12:10.815+0000] {dagbag.py:536} INFO - Filling up the DagBag from /home/airflow/.local/lib/python3.8/site-packages/airflow/example_dags/example_latest_only_with_trigger.py
[2025-05-08T16:12:10.828+0000] {processor.py:839} INFO - DAG(s) dict_keys(['latest_only_with_trigger']) retrieved from /home/airflow/.local/lib/python3.8/site-packages/airflow/example_dags/example_latest_only_with_trigger.py
[2025-05-08T16:12:10.873+0000] {logging_mixin.py:154} INFO - [2025-05-08T16:12:10.872+0000] {dag.py:2941} INFO - Sync 1 DAGs
[2025-05-08T16:12:10.903+0000] {logging_mixin.py:154} INFO - [2025-05-08T16:12:10.902+0000] {dag.py:3722} INFO - Setting next_dagrun for latest_only_with_trigger to 2025-05-08T12:12:10.902190+00:00, run_after=2025-05-08T16:12:10.902190+00:00
[2025-05-08T16:12:10.938+0000] {processor.py:179} INFO - Processing /home/airflow/.local/lib/python3.8/site-packages/airflow/example_dags/example_latest_only_with_trigger.py took 0.132 seconds
[2025-05-08T16:12:41.386+0000] {processor.py:157} INFO - Started process (PID=249) to work on /home/airflow/.local/lib/python3.8/site-packages/airflow/example_dags/example_latest_only_with_trigger.py
[2025-05-08T16:12:41.388+0000] {processor.py:829} INFO - Processing file /home/airflow/.local/lib/python3.8/site-packages/airflow/example_dags/example_latest_only_with_trigger.py for tasks to queue
[2025-05-08T16:12:41.391+0000] {logging_mixin.py:154} INFO - [2025-05-08T16:12:41.390+0000] {dagbag.py:536} INFO - Filling up the DagBag from /home/airflow/.local/lib/python3.8/site-packages/airflow/example_dags/example_latest_only_with_trigger.py
[2025-05-08T16:12:41.399+0000] {processor.py:839} INFO - DAG(s) dict_keys(['latest_only_with_trigger']) retrieved from /home/airflow/.local/lib/python3.8/site-packages/airflow/example_dags/example_latest_only_with_trigger.py
[2025-05-08T16:12:41.437+0000] {logging_mixin.py:154} INFO - [2025-05-08T16:12:41.436+0000] {dag.py:2941} INFO - Sync 1 DAGs
[2025-05-08T16:12:41.470+0000] {logging_mixin.py:154} INFO - [2025-05-08T16:12:41.470+0000] {dag.py:3722} INFO - Setting next_dagrun for latest_only_with_trigger to 2025-05-08T12:12:41.470109+00:00, run_after=2025-05-08T16:12:41.470109+00:00
[2025-05-08T16:12:41.506+0000] {processor.py:179} INFO - Processing /home/airflow/.local/lib/python3.8/site-packages/airflow/example_dags/example_latest_only_with_trigger.py took 0.124 seconds
[2025-05-08T16:13:11.820+0000] {processor.py:157} INFO - Started process (PID=304) to work on /home/airflow/.local/lib/python3.8/site-packages/airflow/example_dags/example_latest_only_with_trigger.py
[2025-05-08T16:13:11.821+0000] {processor.py:829} INFO - Processing file /home/airflow/.local/lib/python3.8/site-packages/airflow/example_dags/example_latest_only_with_trigger.py for tasks to queue
[2025-05-08T16:13:11.825+0000] {logging_mixin.py:154} INFO - [2025-05-08T16:13:11.825+0000] {dagbag.py:536} INFO - Filling up the DagBag from /home/airflow/.local/lib/python3.8/site-packages/airflow/example_dags/example_latest_only_with_trigger.py
[2025-05-08T16:13:11.839+0000] {processor.py:839} INFO - DAG(s) dict_keys(['latest_only_with_trigger']) retrieved from /home/airflow/.local/lib/python3.8/site-packages/airflow/example_dags/example_latest_only_with_trigger.py
[2025-05-08T16:13:11.881+0000] {logging_mixin.py:154} INFO - [2025-05-08T16:13:11.881+0000] {dag.py:2941} INFO - Sync 1 DAGs
[2025-05-08T16:13:11.924+0000] {logging_mixin.py:154} INFO - [2025-05-08T16:13:11.924+0000] {dag.py:3722} INFO - Setting next_dagrun for latest_only_with_trigger to 2025-05-08T12:13:11.923533+00:00, run_after=2025-05-08T16:13:11.923533+00:00
[2025-05-08T16:13:11.963+0000] {processor.py:179} INFO - Processing /home/airflow/.local/lib/python3.8/site-packages/airflow/example_dags/example_latest_only_with_trigger.py took 0.150 seconds
[2025-05-08T16:13:42.600+0000] {processor.py:157} INFO - Started process (PID=359) to work on /home/airflow/.local/lib/python3.8/site-packages/airflow/example_dags/example_latest_only_with_trigger.py
[2025-05-08T16:13:42.601+0000] {processor.py:829} INFO - Processing file /home/airflow/.local/lib/python3.8/site-packages/airflow/example_dags/example_latest_only_with_trigger.py for tasks to queue
[2025-05-08T16:13:42.604+0000] {logging_mixin.py:154} INFO - [2025-05-08T16:13:42.604+0000] {dagbag.py:536} INFO - Filling up the DagBag from /home/airflow/.local/lib/python3.8/site-packages/airflow/example_dags/example_latest_only_with_trigger.py
[2025-05-08T16:13:42.614+0000] {processor.py:839} INFO - DAG(s) dict_keys(['latest_only_with_trigger']) retrieved from /home/airflow/.local/lib/python3.8/site-packages/airflow/example_dags/example_latest_only_with_trigger.py
[2025-05-08T16:13:42.654+0000] {logging_mixin.py:154} INFO - [2025-05-08T16:13:42.654+0000] {dag.py:2941} INFO - Sync 1 DAGs
[2025-05-08T16:13:42.689+0000] {logging_mixin.py:154} INFO - [2025-05-08T16:13:42.688+0000] {dag.py:3722} INFO - Setting next_dagrun for latest_only_with_trigger to 2025-05-08T12:13:42.688330+00:00, run_after=2025-05-08T16:13:42.688330+00:00
[2025-05-08T16:13:42.738+0000] {processor.py:179} INFO - Processing /home/airflow/.local/lib/python3.8/site-packages/airflow/example_dags/example_latest_only_with_trigger.py took 0.142 seconds
[2025-05-08T16:14:13.427+0000] {processor.py:157} INFO - Started process (PID=414) to work on /home/airflow/.local/lib/python3.8/site-packages/airflow/example_dags/example_latest_only_with_trigger.py
[2025-05-08T16:14:13.429+0000] {processor.py:829} INFO - Processing file /home/airflow/.local/lib/python3.8/site-packages/airflow/example_dags/example_latest_only_with_trigger.py for tasks to queue
[2025-05-08T16:14:13.434+0000] {logging_mixin.py:154} INFO - [2025-05-08T16:14:13.434+0000] {dagbag.py:536} INFO - Filling up the DagBag from /home/airflow/.local/lib/python3.8/site-packages/airflow/example_dags/example_latest_only_with_trigger.py
[2025-05-08T16:14:13.442+0000] {processor.py:839} INFO - DAG(s) dict_keys(['latest_only_with_trigger']) retrieved from /home/airflow/.local/lib/python3.8/site-packages/airflow/example_dags/example_latest_only_with_trigger.py
[2025-05-08T16:14:13.473+0000] {logging_mixin.py:154} INFO - [2025-05-08T16:14:13.473+0000] {dag.py:2941} INFO - Sync 1 DAGs
[2025-05-08T16:14:13.501+0000] {logging_mixin.py:154} INFO - [2025-05-08T16:14:13.500+0000] {dag.py:3722} INFO - Setting next_dagrun for latest_only_with_trigger to 2025-05-08T12:14:13.500401+00:00, run_after=2025-05-08T16:14:13.500401+00:00
[2025-05-08T16:14:13.526+0000] {processor.py:179} INFO - Processing /home/airflow/.local/lib/python3.8/site-packages/airflow/example_dags/example_latest_only_with_trigger.py took 0.104 seconds
[2025-05-08T16:14:44.165+0000] {processor.py:157} INFO - Started process (PID=469) to work on /home/airflow/.local/lib/python3.8/site-packages/airflow/example_dags/example_latest_only_with_trigger.py
[2025-05-08T16:14:44.167+0000] {processor.py:829} INFO - Processing file /home/airflow/.local/lib/python3.8/site-packages/airflow/example_dags/example_latest_only_with_trigger.py for tasks to queue
[2025-05-08T16:14:44.171+0000] {logging_mixin.py:154} INFO - [2025-05-08T16:14:44.170+0000] {dagbag.py:536} INFO - Filling up the DagBag from /home/airflow/.local/lib/python3.8/site-packages/airflow/example_dags/example_latest_only_with_trigger.py
[2025-05-08T16:14:44.181+0000] {processor.py:839} INFO - DAG(s) dict_keys(['latest_only_with_trigger']) retrieved from /home/airflow/.local/lib/python3.8/site-packages/airflow/example_dags/example_latest_only_with_trigger.py
[2025-05-08T16:14:44.229+0000] {logging_mixin.py:154} INFO - [2025-05-08T16:14:44.228+0000] {dag.py:2941} INFO - Sync 1 DAGs
[2025-05-08T16:14:44.275+0000] {logging_mixin.py:154} INFO - [2025-05-08T16:14:44.275+0000] {dag.py:3722} INFO - Setting next_dagrun for latest_only_with_trigger to 2025-05-08T12:14:44.274836+00:00, run_after=2025-05-08T16:14:44.274836+00:00
[2025-05-08T16:14:44.324+0000] {processor.py:179} INFO - Processing /home/airflow/.local/lib/python3.8/site-packages/airflow/example_dags/example_latest_only_with_trigger.py took 0.165 seconds
[2025-05-08T16:15:15.177+0000] {processor.py:157} INFO - Started process (PID=524) to work on /home/airflow/.local/lib/python3.8/site-packages/airflow/example_dags/example_latest_only_with_trigger.py
[2025-05-08T16:15:15.181+0000] {processor.py:829} INFO - Processing file /home/airflow/.local/lib/python3.8/site-packages/airflow/example_dags/example_latest_only_with_trigger.py for tasks to queue
[2025-05-08T16:15:15.185+0000] {logging_mixin.py:154} INFO - [2025-05-08T16:15:15.185+0000] {dagbag.py:536} INFO - Filling up the DagBag from /home/airflow/.local/lib/python3.8/site-packages/airflow/example_dags/example_latest_only_with_trigger.py
[2025-05-08T16:15:15.191+0000] {processor.py:839} INFO - DAG(s) dict_keys(['latest_only_with_trigger']) retrieved from /home/airflow/.local/lib/python3.8/site-packages/airflow/example_dags/example_latest_only_with_trigger.py
[2025-05-08T16:15:15.222+0000] {logging_mixin.py:154} INFO - [2025-05-08T16:15:15.222+0000] {dag.py:2941} INFO - Sync 1 DAGs
[2025-05-08T16:15:15.252+0000] {logging_mixin.py:154} INFO - [2025-05-08T16:15:15.251+0000] {dag.py:3722} INFO - Setting next_dagrun for latest_only_with_trigger to 2025-05-08T12:15:15.251342+00:00, run_after=2025-05-08T16:15:15.251342+00:00
[2025-05-08T16:15:15.281+0000] {processor.py:179} INFO - Processing /home/airflow/.local/lib/python3.8/site-packages/airflow/example_dags/example_latest_only_with_trigger.py took 0.111 seconds
[2025-05-08T16:15:45.335+0000] {processor.py:157} INFO - Started process (PID=578) to work on /home/airflow/.local/lib/python3.8/site-packages/airflow/example_dags/example_latest_only_with_trigger.py
[2025-05-08T16:15:45.337+0000] {processor.py:829} INFO - Processing file /home/airflow/.local/lib/python3.8/site-packages/airflow/example_dags/example_latest_only_with_trigger.py for tasks to queue
[2025-05-08T16:15:45.340+0000] {logging_mixin.py:154} INFO - [2025-05-08T16:15:45.340+0000] {dagbag.py:536} INFO - Filling up the DagBag from /home/airflow/.local/lib/python3.8/site-packages/airflow/example_dags/example_latest_only_with_trigger.py
[2025-05-08T16:15:45.347+0000] {processor.py:839} INFO - DAG(s) dict_keys(['latest_only_with_trigger']) retrieved from /home/airflow/.local/lib/python3.8/site-packages/airflow/example_dags/example_latest_only_with_trigger.py
[2025-05-08T16:15:45.382+0000] {logging_mixin.py:154} INFO - [2025-05-08T16:15:45.382+0000] {dag.py:2941} INFO - Sync 1 DAGs
[2025-05-08T16:15:45.414+0000] {logging_mixin.py:154} INFO - [2025-05-08T16:15:45.413+0000] {dag.py:3722} INFO - Setting next_dagrun for latest_only_with_trigger to 2025-05-08T12:15:45.413368+00:00, run_after=2025-05-08T16:15:45.413368+00:00
[2025-05-08T16:15:45.443+0000] {processor.py:179} INFO - Processing /home/airflow/.local/lib/python3.8/site-packages/airflow/example_dags/example_latest_only_with_trigger.py took 0.111 seconds
[2025-05-08T16:16:15.874+0000] {processor.py:157} INFO - Started process (PID=633) to work on /home/airflow/.local/lib/python3.8/site-packages/airflow/example_dags/example_latest_only_with_trigger.py
[2025-05-08T16:16:15.877+0000] {processor.py:829} INFO - Processing file /home/airflow/.local/lib/python3.8/site-packages/airflow/example_dags/example_latest_only_with_trigger.py for tasks to queue
[2025-05-08T16:16:15.881+0000] {logging_mixin.py:154} INFO - [2025-05-08T16:16:15.880+0000] {dagbag.py:536} INFO - Filling up the DagBag from /home/airflow/.local/lib/python3.8/site-packages/airflow/example_dags/example_latest_only_with_trigger.py
[2025-05-08T16:16:15.890+0000] {processor.py:839} INFO - DAG(s) dict_keys(['latest_only_with_trigger']) retrieved from /home/airflow/.local/lib/python3.8/site-packages/airflow/example_dags/example_latest_only_with_trigger.py
[2025-05-08T16:16:15.934+0000] {logging_mixin.py:154} INFO - [2025-05-08T16:16:15.934+0000] {dag.py:2941} INFO - Sync 1 DAGs
[2025-05-08T16:16:15.963+0000] {logging_mixin.py:154} INFO - [2025-05-08T16:16:15.963+0000] {dag.py:3722} INFO - Setting next_dagrun for latest_only_with_trigger to 2025-05-08T12:16:15.962638+00:00, run_after=2025-05-08T16:16:15.962638+00:00
[2025-05-08T16:16:15.994+0000] {processor.py:179} INFO - Processing /home/airflow/.local/lib/python3.8/site-packages/airflow/example_dags/example_latest_only_with_trigger.py took 0.126 seconds
[2025-05-08T16:16:46.827+0000] {processor.py:157} INFO - Started process (PID=688) to work on /home/airflow/.local/lib/python3.8/site-packages/airflow/example_dags/example_latest_only_with_trigger.py
[2025-05-08T16:16:46.829+0000] {processor.py:829} INFO - Processing file /home/airflow/.local/lib/python3.8/site-packages/airflow/example_dags/example_latest_only_with_trigger.py for tasks to queue
[2025-05-08T16:16:46.832+0000] {logging_mixin.py:154} INFO - [2025-05-08T16:16:46.832+0000] {dagbag.py:536} INFO - Filling up the DagBag from /home/airflow/.local/lib/python3.8/site-packages/airflow/example_dags/example_latest_only_with_trigger.py
[2025-05-08T16:16:46.841+0000] {processor.py:839} INFO - DAG(s) dict_keys(['latest_only_with_trigger']) retrieved from /home/airflow/.local/lib/python3.8/site-packages/airflow/example_dags/example_latest_only_with_trigger.py
[2025-05-08T16:16:46.881+0000] {logging_mixin.py:154} INFO - [2025-05-08T16:16:46.880+0000] {dag.py:2941} INFO - Sync 1 DAGs
[2025-05-08T16:16:46.910+0000] {logging_mixin.py:154} INFO - [2025-05-08T16:16:46.909+0000] {dag.py:3722} INFO - Setting next_dagrun for latest_only_with_trigger to 2025-05-08T12:16:46.909627+00:00, run_after=2025-05-08T16:16:46.909627+00:00
[2025-05-08T16:16:46.942+0000] {processor.py:179} INFO - Processing /home/airflow/.local/lib/python3.8/site-packages/airflow/example_dags/example_latest_only_with_trigger.py took 0.120 seconds
[2025-05-08T16:17:17.203+0000] {processor.py:157} INFO - Started process (PID=743) to work on /home/airflow/.local/lib/python3.8/site-packages/airflow/example_dags/example_latest_only_with_trigger.py
[2025-05-08T16:17:17.205+0000] {processor.py:829} INFO - Processing file /home/airflow/.local/lib/python3.8/site-packages/airflow/example_dags/example_latest_only_with_trigger.py for tasks to queue
[2025-05-08T16:17:17.211+0000] {logging_mixin.py:154} INFO - [2025-05-08T16:17:17.210+0000] {dagbag.py:536} INFO - Filling up the DagBag from /home/airflow/.local/lib/python3.8/site-packages/airflow/example_dags/example_latest_only_with_trigger.py
[2025-05-08T16:17:17.225+0000] {processor.py:839} INFO - DAG(s) dict_keys(['latest_only_with_trigger']) retrieved from /home/airflow/.local/lib/python3.8/site-packages/airflow/example_dags/example_latest_only_with_trigger.py
[2025-05-08T16:17:17.259+0000] {logging_mixin.py:154} INFO - [2025-05-08T16:17:17.259+0000] {dag.py:2941} INFO - Sync 1 DAGs
[2025-05-08T16:17:17.294+0000] {logging_mixin.py:154} INFO - [2025-05-08T16:17:17.294+0000] {dag.py:3722} INFO - Setting next_dagrun for latest_only_with_trigger to 2025-05-08T12:17:17.293395+00:00, run_after=2025-05-08T16:17:17.293395+00:00
[2025-05-08T16:17:17.328+0000] {processor.py:179} INFO - Processing /home/airflow/.local/lib/python3.8/site-packages/airflow/example_dags/example_latest_only_with_trigger.py took 0.130 seconds
[2025-05-08T16:17:47.375+0000] {processor.py:157} INFO - Started process (PID=798) to work on /home/airflow/.local/lib/python3.8/site-packages/airflow/example_dags/example_latest_only_with_trigger.py
[2025-05-08T16:17:47.376+0000] {processor.py:829} INFO - Processing file /home/airflow/.local/lib/python3.8/site-packages/airflow/example_dags/example_latest_only_with_trigger.py for tasks to queue
[2025-05-08T16:17:47.379+0000] {logging_mixin.py:154} INFO - [2025-05-08T16:17:47.378+0000] {dagbag.py:536} INFO - Filling up the DagBag from /home/airflow/.local/lib/python3.8/site-packages/airflow/example_dags/example_latest_only_with_trigger.py
[2025-05-08T16:17:47.391+0000] {processor.py:839} INFO - DAG(s) dict_keys(['latest_only_with_trigger']) retrieved from /home/airflow/.local/lib/python3.8/site-packages/airflow/example_dags/example_latest_only_with_trigger.py
[2025-05-08T16:17:47.428+0000] {logging_mixin.py:154} INFO - [2025-05-08T16:17:47.428+0000] {dag.py:2941} INFO - Sync 1 DAGs
[2025-05-08T16:17:47.462+0000] {logging_mixin.py:154} INFO - [2025-05-08T16:17:47.462+0000] {dag.py:3722} INFO - Setting next_dagrun for latest_only_with_trigger to 2025-05-08T12:17:47.462207+00:00, run_after=2025-05-08T16:17:47.462207+00:00
[2025-05-08T16:17:47.489+0000] {processor.py:179} INFO - Processing /home/airflow/.local/lib/python3.8/site-packages/airflow/example_dags/example_latest_only_with_trigger.py took 0.119 seconds
