[2025-05-08T16:11:08.579+0000] {processor.py:157} INFO - Started process (PID=78) to work on /home/airflow/.local/lib/python3.8/site-packages/airflow/example_dags/example_datasets.py
[2025-05-08T16:11:08.582+0000] {processor.py:829} INFO - Processing file /home/airflow/.local/lib/python3.8/site-packages/airflow/example_dags/example_datasets.py for tasks to queue
[2025-05-08T16:11:08.587+0000] {logging_mixin.py:154} INFO - [2025-05-08T16:11:08.586+0000] {dagbag.py:536} INFO - Filling up the DagBag from /home/airflow/.local/lib/python3.8/site-packages/airflow/example_dags/example_datasets.py
[2025-05-08T16:11:08.607+0000] {processor.py:839} INFO - DAG(s) dict_keys(['dataset_produces_2', 'dataset_consumes_1_and_2', 'dataset_produces_1', 'dataset_consumes_1', 'dataset_consumes_unknown_never_scheduled', 'dataset_consumes_1_never_scheduled']) retrieved from /home/airflow/.local/lib/python3.8/site-packages/airflow/example_dags/example_datasets.py
[2025-05-08T16:11:08.696+0000] {logging_mixin.py:154} INFO - [2025-05-08T16:11:08.696+0000] {dag.py:2941} INFO - Sync 6 DAGs
[2025-05-08T16:11:08.746+0000] {logging_mixin.py:154} INFO - [2025-05-08T16:11:08.745+0000] {dag.py:3722} INFO - Setting next_dagrun for dataset_consumes_1 to None, run_after=None
[2025-05-08T16:11:08.754+0000] {logging_mixin.py:154} INFO - [2025-05-08T16:11:08.753+0000] {dag.py:3722} INFO - Setting next_dagrun for dataset_consumes_1_and_2 to None, run_after=None
[2025-05-08T16:11:08.757+0000] {logging_mixin.py:154} INFO - [2025-05-08T16:11:08.756+0000] {dag.py:3722} INFO - Setting next_dagrun for dataset_consumes_1_never_scheduled to None, run_after=None
[2025-05-08T16:11:08.759+0000] {logging_mixin.py:154} INFO - [2025-05-08T16:11:08.759+0000] {dag.py:3722} INFO - Setting next_dagrun for dataset_consumes_unknown_never_scheduled to None, run_after=None
[2025-05-08T16:11:08.765+0000] {logging_mixin.py:154} INFO - [2025-05-08T16:11:08.765+0000] {dag.py:3722} INFO - Setting next_dagrun for dataset_produces_1 to 2025-05-07T00:00:00+00:00, run_after=2025-05-08T00:00:00+00:00
[2025-05-08T16:11:08.768+0000] {logging_mixin.py:154} INFO - [2025-05-08T16:11:08.767+0000] {dag.py:3722} INFO - Setting next_dagrun for dataset_produces_2 to None, run_after=None
[2025-05-08T16:11:08.845+0000] {processor.py:179} INFO - Processing /home/airflow/.local/lib/python3.8/site-packages/airflow/example_dags/example_datasets.py took 0.281 seconds
[2025-05-08T16:11:39.268+0000] {processor.py:157} INFO - Started process (PID=133) to work on /home/airflow/.local/lib/python3.8/site-packages/airflow/example_dags/example_datasets.py
[2025-05-08T16:11:39.271+0000] {processor.py:829} INFO - Processing file /home/airflow/.local/lib/python3.8/site-packages/airflow/example_dags/example_datasets.py for tasks to queue
[2025-05-08T16:11:39.276+0000] {logging_mixin.py:154} INFO - [2025-05-08T16:11:39.276+0000] {dagbag.py:536} INFO - Filling up the DagBag from /home/airflow/.local/lib/python3.8/site-packages/airflow/example_dags/example_datasets.py
[2025-05-08T16:11:39.296+0000] {processor.py:839} INFO - DAG(s) dict_keys(['dataset_produces_1', 'dataset_consumes_unknown_never_scheduled', 'dataset_consumes_1', 'dataset_consumes_1_never_scheduled', 'dataset_consumes_1_and_2', 'dataset_produces_2']) retrieved from /home/airflow/.local/lib/python3.8/site-packages/airflow/example_dags/example_datasets.py
[2025-05-08T16:11:39.397+0000] {logging_mixin.py:154} INFO - [2025-05-08T16:11:39.396+0000] {dag.py:2941} INFO - Sync 6 DAGs
[2025-05-08T16:11:39.447+0000] {logging_mixin.py:154} INFO - [2025-05-08T16:11:39.447+0000] {dag.py:3722} INFO - Setting next_dagrun for dataset_consumes_1 to None, run_after=None
[2025-05-08T16:11:39.455+0000] {logging_mixin.py:154} INFO - [2025-05-08T16:11:39.455+0000] {dag.py:3722} INFO - Setting next_dagrun for dataset_consumes_1_and_2 to None, run_after=None
[2025-05-08T16:11:39.458+0000] {logging_mixin.py:154} INFO - [2025-05-08T16:11:39.458+0000] {dag.py:3722} INFO - Setting next_dagrun for dataset_consumes_1_never_scheduled to None, run_after=None
[2025-05-08T16:11:39.460+0000] {logging_mixin.py:154} INFO - [2025-05-08T16:11:39.460+0000] {dag.py:3722} INFO - Setting next_dagrun for dataset_consumes_unknown_never_scheduled to None, run_after=None
[2025-05-08T16:11:39.468+0000] {logging_mixin.py:154} INFO - [2025-05-08T16:11:39.468+0000] {dag.py:3722} INFO - Setting next_dagrun for dataset_produces_1 to 2025-05-07T00:00:00+00:00, run_after=2025-05-08T00:00:00+00:00
[2025-05-08T16:11:39.472+0000] {logging_mixin.py:154} INFO - [2025-05-08T16:11:39.471+0000] {dag.py:3722} INFO - Setting next_dagrun for dataset_produces_2 to None, run_after=None
[2025-05-08T16:11:39.560+0000] {processor.py:179} INFO - Processing /home/airflow/.local/lib/python3.8/site-packages/airflow/example_dags/example_datasets.py took 0.299 seconds
[2025-05-08T16:12:10.023+0000] {processor.py:157} INFO - Started process (PID=188) to work on /home/airflow/.local/lib/python3.8/site-packages/airflow/example_dags/example_datasets.py
[2025-05-08T16:12:10.025+0000] {processor.py:829} INFO - Processing file /home/airflow/.local/lib/python3.8/site-packages/airflow/example_dags/example_datasets.py for tasks to queue
[2025-05-08T16:12:10.047+0000] {logging_mixin.py:154} INFO - [2025-05-08T16:12:10.047+0000] {dagbag.py:536} INFO - Filling up the DagBag from /home/airflow/.local/lib/python3.8/site-packages/airflow/example_dags/example_datasets.py
[2025-05-08T16:12:10.067+0000] {processor.py:839} INFO - DAG(s) dict_keys(['dataset_consumes_1_never_scheduled', 'dataset_consumes_1_and_2', 'dataset_produces_1', 'dataset_consumes_unknown_never_scheduled', 'dataset_consumes_1', 'dataset_produces_2']) retrieved from /home/airflow/.local/lib/python3.8/site-packages/airflow/example_dags/example_datasets.py
[2025-05-08T16:12:10.118+0000] {logging_mixin.py:154} INFO - [2025-05-08T16:12:10.118+0000] {dag.py:2941} INFO - Sync 6 DAGs
[2025-05-08T16:12:10.152+0000] {logging_mixin.py:154} INFO - [2025-05-08T16:12:10.152+0000] {dag.py:3722} INFO - Setting next_dagrun for dataset_consumes_1 to None, run_after=None
[2025-05-08T16:12:10.163+0000] {logging_mixin.py:154} INFO - [2025-05-08T16:12:10.163+0000] {dag.py:3722} INFO - Setting next_dagrun for dataset_consumes_1_and_2 to None, run_after=None
[2025-05-08T16:12:10.167+0000] {logging_mixin.py:154} INFO - [2025-05-08T16:12:10.166+0000] {dag.py:3722} INFO - Setting next_dagrun for dataset_consumes_1_never_scheduled to None, run_after=None
[2025-05-08T16:12:10.170+0000] {logging_mixin.py:154} INFO - [2025-05-08T16:12:10.170+0000] {dag.py:3722} INFO - Setting next_dagrun for dataset_consumes_unknown_never_scheduled to None, run_after=None
[2025-05-08T16:12:10.176+0000] {logging_mixin.py:154} INFO - [2025-05-08T16:12:10.176+0000] {dag.py:3722} INFO - Setting next_dagrun for dataset_produces_1 to 2025-05-07T00:00:00+00:00, run_after=2025-05-08T00:00:00+00:00
[2025-05-08T16:12:10.179+0000] {logging_mixin.py:154} INFO - [2025-05-08T16:12:10.179+0000] {dag.py:3722} INFO - Setting next_dagrun for dataset_produces_2 to None, run_after=None
[2025-05-08T16:12:10.239+0000] {processor.py:179} INFO - Processing /home/airflow/.local/lib/python3.8/site-packages/airflow/example_dags/example_datasets.py took 0.221 seconds
[2025-05-08T16:12:40.578+0000] {processor.py:157} INFO - Started process (PID=242) to work on /home/airflow/.local/lib/python3.8/site-packages/airflow/example_dags/example_datasets.py
[2025-05-08T16:12:40.579+0000] {processor.py:829} INFO - Processing file /home/airflow/.local/lib/python3.8/site-packages/airflow/example_dags/example_datasets.py for tasks to queue
[2025-05-08T16:12:40.583+0000] {logging_mixin.py:154} INFO - [2025-05-08T16:12:40.582+0000] {dagbag.py:536} INFO - Filling up the DagBag from /home/airflow/.local/lib/python3.8/site-packages/airflow/example_dags/example_datasets.py
[2025-05-08T16:12:40.598+0000] {processor.py:839} INFO - DAG(s) dict_keys(['dataset_produces_2', 'dataset_consumes_unknown_never_scheduled', 'dataset_consumes_1', 'dataset_produces_1', 'dataset_consumes_1_and_2', 'dataset_consumes_1_never_scheduled']) retrieved from /home/airflow/.local/lib/python3.8/site-packages/airflow/example_dags/example_datasets.py
[2025-05-08T16:12:40.658+0000] {logging_mixin.py:154} INFO - [2025-05-08T16:12:40.658+0000] {dag.py:2941} INFO - Sync 6 DAGs
[2025-05-08T16:12:40.696+0000] {logging_mixin.py:154} INFO - [2025-05-08T16:12:40.696+0000] {dag.py:3722} INFO - Setting next_dagrun for dataset_consumes_1 to None, run_after=None
[2025-05-08T16:12:40.702+0000] {logging_mixin.py:154} INFO - [2025-05-08T16:12:40.701+0000] {dag.py:3722} INFO - Setting next_dagrun for dataset_consumes_1_and_2 to None, run_after=None
[2025-05-08T16:12:40.704+0000] {logging_mixin.py:154} INFO - [2025-05-08T16:12:40.703+0000] {dag.py:3722} INFO - Setting next_dagrun for dataset_consumes_1_never_scheduled to None, run_after=None
[2025-05-08T16:12:40.705+0000] {logging_mixin.py:154} INFO - [2025-05-08T16:12:40.705+0000] {dag.py:3722} INFO - Setting next_dagrun for dataset_consumes_unknown_never_scheduled to None, run_after=None
[2025-05-08T16:12:40.710+0000] {logging_mixin.py:154} INFO - [2025-05-08T16:12:40.709+0000] {dag.py:3722} INFO - Setting next_dagrun for dataset_produces_1 to 2025-05-07T00:00:00+00:00, run_after=2025-05-08T00:00:00+00:00
[2025-05-08T16:12:40.712+0000] {logging_mixin.py:154} INFO - [2025-05-08T16:12:40.712+0000] {dag.py:3722} INFO - Setting next_dagrun for dataset_produces_2 to None, run_after=None
[2025-05-08T16:12:40.776+0000] {processor.py:179} INFO - Processing /home/airflow/.local/lib/python3.8/site-packages/airflow/example_dags/example_datasets.py took 0.204 seconds
[2025-05-08T16:13:11.070+0000] {processor.py:157} INFO - Started process (PID=297) to work on /home/airflow/.local/lib/python3.8/site-packages/airflow/example_dags/example_datasets.py
[2025-05-08T16:13:11.072+0000] {processor.py:829} INFO - Processing file /home/airflow/.local/lib/python3.8/site-packages/airflow/example_dags/example_datasets.py for tasks to queue
[2025-05-08T16:13:11.076+0000] {logging_mixin.py:154} INFO - [2025-05-08T16:13:11.076+0000] {dagbag.py:536} INFO - Filling up the DagBag from /home/airflow/.local/lib/python3.8/site-packages/airflow/example_dags/example_datasets.py
[2025-05-08T16:13:11.092+0000] {processor.py:839} INFO - DAG(s) dict_keys(['dataset_consumes_1_and_2', 'dataset_produces_2', 'dataset_produces_1', 'dataset_consumes_1_never_scheduled', 'dataset_consumes_1', 'dataset_consumes_unknown_never_scheduled']) retrieved from /home/airflow/.local/lib/python3.8/site-packages/airflow/example_dags/example_datasets.py
[2025-05-08T16:13:11.163+0000] {logging_mixin.py:154} INFO - [2025-05-08T16:13:11.162+0000] {dag.py:2941} INFO - Sync 6 DAGs
[2025-05-08T16:13:11.209+0000] {logging_mixin.py:154} INFO - [2025-05-08T16:13:11.209+0000] {dag.py:3722} INFO - Setting next_dagrun for dataset_consumes_1 to None, run_after=None
[2025-05-08T16:13:11.216+0000] {logging_mixin.py:154} INFO - [2025-05-08T16:13:11.216+0000] {dag.py:3722} INFO - Setting next_dagrun for dataset_consumes_1_and_2 to None, run_after=None
[2025-05-08T16:13:11.219+0000] {logging_mixin.py:154} INFO - [2025-05-08T16:13:11.219+0000] {dag.py:3722} INFO - Setting next_dagrun for dataset_consumes_1_never_scheduled to None, run_after=None
[2025-05-08T16:13:11.222+0000] {logging_mixin.py:154} INFO - [2025-05-08T16:13:11.222+0000] {dag.py:3722} INFO - Setting next_dagrun for dataset_consumes_unknown_never_scheduled to None, run_after=None
[2025-05-08T16:13:11.229+0000] {logging_mixin.py:154} INFO - [2025-05-08T16:13:11.229+0000] {dag.py:3722} INFO - Setting next_dagrun for dataset_produces_1 to 2025-05-07T00:00:00+00:00, run_after=2025-05-08T00:00:00+00:00
[2025-05-08T16:13:11.233+0000] {logging_mixin.py:154} INFO - [2025-05-08T16:13:11.232+0000] {dag.py:3722} INFO - Setting next_dagrun for dataset_produces_2 to None, run_after=None
[2025-05-08T16:13:11.291+0000] {processor.py:179} INFO - Processing /home/airflow/.local/lib/python3.8/site-packages/airflow/example_dags/example_datasets.py took 0.226 seconds
[2025-05-08T16:13:41.452+0000] {processor.py:157} INFO - Started process (PID=352) to work on /home/airflow/.local/lib/python3.8/site-packages/airflow/example_dags/example_datasets.py
[2025-05-08T16:13:41.454+0000] {processor.py:829} INFO - Processing file /home/airflow/.local/lib/python3.8/site-packages/airflow/example_dags/example_datasets.py for tasks to queue
[2025-05-08T16:13:41.457+0000] {logging_mixin.py:154} INFO - [2025-05-08T16:13:41.457+0000] {dagbag.py:536} INFO - Filling up the DagBag from /home/airflow/.local/lib/python3.8/site-packages/airflow/example_dags/example_datasets.py
[2025-05-08T16:13:41.473+0000] {processor.py:839} INFO - DAG(s) dict_keys(['dataset_produces_2', 'dataset_consumes_1_never_scheduled', 'dataset_consumes_1_and_2', 'dataset_produces_1', 'dataset_consumes_1', 'dataset_consumes_unknown_never_scheduled']) retrieved from /home/airflow/.local/lib/python3.8/site-packages/airflow/example_dags/example_datasets.py
[2025-05-08T16:13:41.554+0000] {logging_mixin.py:154} INFO - [2025-05-08T16:13:41.554+0000] {dag.py:2941} INFO - Sync 6 DAGs
[2025-05-08T16:13:41.609+0000] {logging_mixin.py:154} INFO - [2025-05-08T16:13:41.609+0000] {dag.py:3722} INFO - Setting next_dagrun for dataset_consumes_1 to None, run_after=None
[2025-05-08T16:13:41.622+0000] {logging_mixin.py:154} INFO - [2025-05-08T16:13:41.622+0000] {dag.py:3722} INFO - Setting next_dagrun for dataset_consumes_1_and_2 to None, run_after=None
[2025-05-08T16:13:41.625+0000] {logging_mixin.py:154} INFO - [2025-05-08T16:13:41.625+0000] {dag.py:3722} INFO - Setting next_dagrun for dataset_consumes_1_never_scheduled to None, run_after=None
[2025-05-08T16:13:41.628+0000] {logging_mixin.py:154} INFO - [2025-05-08T16:13:41.628+0000] {dag.py:3722} INFO - Setting next_dagrun for dataset_consumes_unknown_never_scheduled to None, run_after=None
[2025-05-08T16:13:41.634+0000] {logging_mixin.py:154} INFO - [2025-05-08T16:13:41.634+0000] {dag.py:3722} INFO - Setting next_dagrun for dataset_produces_1 to 2025-05-07T00:00:00+00:00, run_after=2025-05-08T00:00:00+00:00
[2025-05-08T16:13:41.638+0000] {logging_mixin.py:154} INFO - [2025-05-08T16:13:41.637+0000] {dag.py:3722} INFO - Setting next_dagrun for dataset_produces_2 to None, run_after=None
[2025-05-08T16:13:41.718+0000] {processor.py:179} INFO - Processing /home/airflow/.local/lib/python3.8/site-packages/airflow/example_dags/example_datasets.py took 0.271 seconds
[2025-05-08T16:14:12.411+0000] {processor.py:157} INFO - Started process (PID=407) to work on /home/airflow/.local/lib/python3.8/site-packages/airflow/example_dags/example_datasets.py
[2025-05-08T16:14:12.414+0000] {processor.py:829} INFO - Processing file /home/airflow/.local/lib/python3.8/site-packages/airflow/example_dags/example_datasets.py for tasks to queue
[2025-05-08T16:14:12.420+0000] {logging_mixin.py:154} INFO - [2025-05-08T16:14:12.420+0000] {dagbag.py:536} INFO - Filling up the DagBag from /home/airflow/.local/lib/python3.8/site-packages/airflow/example_dags/example_datasets.py
[2025-05-08T16:14:12.430+0000] {processor.py:839} INFO - DAG(s) dict_keys(['dataset_consumes_unknown_never_scheduled', 'dataset_produces_1', 'dataset_consumes_1_and_2', 'dataset_consumes_1_never_scheduled', 'dataset_produces_2', 'dataset_consumes_1']) retrieved from /home/airflow/.local/lib/python3.8/site-packages/airflow/example_dags/example_datasets.py
[2025-05-08T16:14:12.481+0000] {logging_mixin.py:154} INFO - [2025-05-08T16:14:12.480+0000] {dag.py:2941} INFO - Sync 6 DAGs
[2025-05-08T16:14:12.508+0000] {logging_mixin.py:154} INFO - [2025-05-08T16:14:12.508+0000] {dag.py:3722} INFO - Setting next_dagrun for dataset_consumes_1 to None, run_after=None
[2025-05-08T16:14:12.513+0000] {logging_mixin.py:154} INFO - [2025-05-08T16:14:12.512+0000] {dag.py:3722} INFO - Setting next_dagrun for dataset_consumes_1_and_2 to None, run_after=None
[2025-05-08T16:14:12.516+0000] {logging_mixin.py:154} INFO - [2025-05-08T16:14:12.515+0000] {dag.py:3722} INFO - Setting next_dagrun for dataset_consumes_1_never_scheduled to None, run_after=None
[2025-05-08T16:14:12.518+0000] {logging_mixin.py:154} INFO - [2025-05-08T16:14:12.517+0000] {dag.py:3722} INFO - Setting next_dagrun for dataset_consumes_unknown_never_scheduled to None, run_after=None
[2025-05-08T16:14:12.522+0000] {logging_mixin.py:154} INFO - [2025-05-08T16:14:12.521+0000] {dag.py:3722} INFO - Setting next_dagrun for dataset_produces_1 to 2025-05-07T00:00:00+00:00, run_after=2025-05-08T00:00:00+00:00
[2025-05-08T16:14:12.524+0000] {logging_mixin.py:154} INFO - [2025-05-08T16:14:12.524+0000] {dag.py:3722} INFO - Setting next_dagrun for dataset_produces_2 to None, run_after=None
[2025-05-08T16:14:12.577+0000] {processor.py:179} INFO - Processing /home/airflow/.local/lib/python3.8/site-packages/airflow/example_dags/example_datasets.py took 0.172 seconds
[2025-05-08T16:14:42.694+0000] {processor.py:157} INFO - Started process (PID=462) to work on /home/airflow/.local/lib/python3.8/site-packages/airflow/example_dags/example_datasets.py
[2025-05-08T16:14:42.695+0000] {processor.py:829} INFO - Processing file /home/airflow/.local/lib/python3.8/site-packages/airflow/example_dags/example_datasets.py for tasks to queue
[2025-05-08T16:14:42.699+0000] {logging_mixin.py:154} INFO - [2025-05-08T16:14:42.698+0000] {dagbag.py:536} INFO - Filling up the DagBag from /home/airflow/.local/lib/python3.8/site-packages/airflow/example_dags/example_datasets.py
[2025-05-08T16:14:42.712+0000] {processor.py:839} INFO - DAG(s) dict_keys(['dataset_produces_2', 'dataset_consumes_1_never_scheduled', 'dataset_consumes_1', 'dataset_produces_1', 'dataset_consumes_unknown_never_scheduled', 'dataset_consumes_1_and_2']) retrieved from /home/airflow/.local/lib/python3.8/site-packages/airflow/example_dags/example_datasets.py
[2025-05-08T16:14:42.765+0000] {logging_mixin.py:154} INFO - [2025-05-08T16:14:42.765+0000] {dag.py:2941} INFO - Sync 6 DAGs
[2025-05-08T16:14:42.794+0000] {logging_mixin.py:154} INFO - [2025-05-08T16:14:42.794+0000] {dag.py:3722} INFO - Setting next_dagrun for dataset_consumes_1 to None, run_after=None
[2025-05-08T16:14:42.799+0000] {logging_mixin.py:154} INFO - [2025-05-08T16:14:42.798+0000] {dag.py:3722} INFO - Setting next_dagrun for dataset_consumes_1_and_2 to None, run_after=None
[2025-05-08T16:14:42.801+0000] {logging_mixin.py:154} INFO - [2025-05-08T16:14:42.800+0000] {dag.py:3722} INFO - Setting next_dagrun for dataset_consumes_1_never_scheduled to None, run_after=None
[2025-05-08T16:14:42.803+0000] {logging_mixin.py:154} INFO - [2025-05-08T16:14:42.802+0000] {dag.py:3722} INFO - Setting next_dagrun for dataset_consumes_unknown_never_scheduled to None, run_after=None
[2025-05-08T16:14:42.807+0000] {logging_mixin.py:154} INFO - [2025-05-08T16:14:42.807+0000] {dag.py:3722} INFO - Setting next_dagrun for dataset_produces_1 to 2025-05-07T00:00:00+00:00, run_after=2025-05-08T00:00:00+00:00
[2025-05-08T16:14:42.809+0000] {logging_mixin.py:154} INFO - [2025-05-08T16:14:42.809+0000] {dag.py:3722} INFO - Setting next_dagrun for dataset_produces_2 to None, run_after=None
[2025-05-08T16:14:42.855+0000] {processor.py:179} INFO - Processing /home/airflow/.local/lib/python3.8/site-packages/airflow/example_dags/example_datasets.py took 0.167 seconds
[2025-05-08T16:15:13.589+0000] {processor.py:157} INFO - Started process (PID=517) to work on /home/airflow/.local/lib/python3.8/site-packages/airflow/example_dags/example_datasets.py
[2025-05-08T16:15:13.591+0000] {processor.py:829} INFO - Processing file /home/airflow/.local/lib/python3.8/site-packages/airflow/example_dags/example_datasets.py for tasks to queue
[2025-05-08T16:15:13.593+0000] {logging_mixin.py:154} INFO - [2025-05-08T16:15:13.593+0000] {dagbag.py:536} INFO - Filling up the DagBag from /home/airflow/.local/lib/python3.8/site-packages/airflow/example_dags/example_datasets.py
[2025-05-08T16:15:13.603+0000] {processor.py:839} INFO - DAG(s) dict_keys(['dataset_consumes_1', 'dataset_consumes_1_never_scheduled', 'dataset_produces_2', 'dataset_consumes_unknown_never_scheduled', 'dataset_consumes_1_and_2', 'dataset_produces_1']) retrieved from /home/airflow/.local/lib/python3.8/site-packages/airflow/example_dags/example_datasets.py
[2025-05-08T16:15:13.667+0000] {logging_mixin.py:154} INFO - [2025-05-08T16:15:13.666+0000] {dag.py:2941} INFO - Sync 6 DAGs
[2025-05-08T16:15:13.706+0000] {logging_mixin.py:154} INFO - [2025-05-08T16:15:13.706+0000] {dag.py:3722} INFO - Setting next_dagrun for dataset_consumes_1 to None, run_after=None
[2025-05-08T16:15:13.713+0000] {logging_mixin.py:154} INFO - [2025-05-08T16:15:13.712+0000] {dag.py:3722} INFO - Setting next_dagrun for dataset_consumes_1_and_2 to None, run_after=None
[2025-05-08T16:15:13.715+0000] {logging_mixin.py:154} INFO - [2025-05-08T16:15:13.715+0000] {dag.py:3722} INFO - Setting next_dagrun for dataset_consumes_1_never_scheduled to None, run_after=None
[2025-05-08T16:15:13.718+0000] {logging_mixin.py:154} INFO - [2025-05-08T16:15:13.717+0000] {dag.py:3722} INFO - Setting next_dagrun for dataset_consumes_unknown_never_scheduled to None, run_after=None
[2025-05-08T16:15:13.723+0000] {logging_mixin.py:154} INFO - [2025-05-08T16:15:13.723+0000] {dag.py:3722} INFO - Setting next_dagrun for dataset_produces_1 to 2025-05-07T00:00:00+00:00, run_after=2025-05-08T00:00:00+00:00
[2025-05-08T16:15:13.726+0000] {logging_mixin.py:154} INFO - [2025-05-08T16:15:13.725+0000] {dag.py:3722} INFO - Setting next_dagrun for dataset_produces_2 to None, run_after=None
[2025-05-08T16:15:13.786+0000] {processor.py:179} INFO - Processing /home/airflow/.local/lib/python3.8/site-packages/airflow/example_dags/example_datasets.py took 0.203 seconds
[2025-05-08T16:15:43.894+0000] {processor.py:157} INFO - Started process (PID=572) to work on /home/airflow/.local/lib/python3.8/site-packages/airflow/example_dags/example_datasets.py
[2025-05-08T16:15:43.895+0000] {processor.py:829} INFO - Processing file /home/airflow/.local/lib/python3.8/site-packages/airflow/example_dags/example_datasets.py for tasks to queue
[2025-05-08T16:15:43.900+0000] {logging_mixin.py:154} INFO - [2025-05-08T16:15:43.899+0000] {dagbag.py:536} INFO - Filling up the DagBag from /home/airflow/.local/lib/python3.8/site-packages/airflow/example_dags/example_datasets.py
[2025-05-08T16:15:43.913+0000] {processor.py:839} INFO - DAG(s) dict_keys(['dataset_produces_2', 'dataset_produces_1', 'dataset_consumes_1_and_2', 'dataset_consumes_1_never_scheduled', 'dataset_consumes_unknown_never_scheduled', 'dataset_consumes_1']) retrieved from /home/airflow/.local/lib/python3.8/site-packages/airflow/example_dags/example_datasets.py
[2025-05-08T16:15:43.970+0000] {logging_mixin.py:154} INFO - [2025-05-08T16:15:43.970+0000] {dag.py:2941} INFO - Sync 6 DAGs
[2025-05-08T16:15:44.003+0000] {logging_mixin.py:154} INFO - [2025-05-08T16:15:44.002+0000] {dag.py:3722} INFO - Setting next_dagrun for dataset_consumes_1 to None, run_after=None
[2025-05-08T16:15:44.008+0000] {logging_mixin.py:154} INFO - [2025-05-08T16:15:44.008+0000] {dag.py:3722} INFO - Setting next_dagrun for dataset_consumes_1_and_2 to None, run_after=None
[2025-05-08T16:15:44.011+0000] {logging_mixin.py:154} INFO - [2025-05-08T16:15:44.010+0000] {dag.py:3722} INFO - Setting next_dagrun for dataset_consumes_1_never_scheduled to None, run_after=None
[2025-05-08T16:15:44.014+0000] {logging_mixin.py:154} INFO - [2025-05-08T16:15:44.013+0000] {dag.py:3722} INFO - Setting next_dagrun for dataset_consumes_unknown_never_scheduled to None, run_after=None
[2025-05-08T16:15:44.019+0000] {logging_mixin.py:154} INFO - [2025-05-08T16:15:44.018+0000] {dag.py:3722} INFO - Setting next_dagrun for dataset_produces_1 to 2025-05-07T00:00:00+00:00, run_after=2025-05-08T00:00:00+00:00
[2025-05-08T16:15:44.021+0000] {logging_mixin.py:154} INFO - [2025-05-08T16:15:44.021+0000] {dag.py:3722} INFO - Setting next_dagrun for dataset_produces_2 to None, run_after=None
[2025-05-08T16:15:44.090+0000] {processor.py:179} INFO - Processing /home/airflow/.local/lib/python3.8/site-packages/airflow/example_dags/example_datasets.py took 0.202 seconds
[2025-05-08T16:16:14.249+0000] {processor.py:157} INFO - Started process (PID=627) to work on /home/airflow/.local/lib/python3.8/site-packages/airflow/example_dags/example_datasets.py
[2025-05-08T16:16:14.250+0000] {processor.py:829} INFO - Processing file /home/airflow/.local/lib/python3.8/site-packages/airflow/example_dags/example_datasets.py for tasks to queue
[2025-05-08T16:16:14.256+0000] {logging_mixin.py:154} INFO - [2025-05-08T16:16:14.255+0000] {dagbag.py:536} INFO - Filling up the DagBag from /home/airflow/.local/lib/python3.8/site-packages/airflow/example_dags/example_datasets.py
[2025-05-08T16:16:14.271+0000] {processor.py:839} INFO - DAG(s) dict_keys(['dataset_consumes_1', 'dataset_produces_2', 'dataset_consumes_1_and_2', 'dataset_consumes_unknown_never_scheduled', 'dataset_consumes_1_never_scheduled', 'dataset_produces_1']) retrieved from /home/airflow/.local/lib/python3.8/site-packages/airflow/example_dags/example_datasets.py
[2025-05-08T16:16:14.335+0000] {logging_mixin.py:154} INFO - [2025-05-08T16:16:14.334+0000] {dag.py:2941} INFO - Sync 6 DAGs
[2025-05-08T16:16:14.367+0000] {logging_mixin.py:154} INFO - [2025-05-08T16:16:14.367+0000] {dag.py:3722} INFO - Setting next_dagrun for dataset_consumes_1 to None, run_after=None
[2025-05-08T16:16:14.373+0000] {logging_mixin.py:154} INFO - [2025-05-08T16:16:14.373+0000] {dag.py:3722} INFO - Setting next_dagrun for dataset_consumes_1_and_2 to None, run_after=None
[2025-05-08T16:16:14.376+0000] {logging_mixin.py:154} INFO - [2025-05-08T16:16:14.376+0000] {dag.py:3722} INFO - Setting next_dagrun for dataset_consumes_1_never_scheduled to None, run_after=None
[2025-05-08T16:16:14.379+0000] {logging_mixin.py:154} INFO - [2025-05-08T16:16:14.379+0000] {dag.py:3722} INFO - Setting next_dagrun for dataset_consumes_unknown_never_scheduled to None, run_after=None
[2025-05-08T16:16:14.386+0000] {logging_mixin.py:154} INFO - [2025-05-08T16:16:14.386+0000] {dag.py:3722} INFO - Setting next_dagrun for dataset_produces_1 to 2025-05-07T00:00:00+00:00, run_after=2025-05-08T00:00:00+00:00
[2025-05-08T16:16:14.389+0000] {logging_mixin.py:154} INFO - [2025-05-08T16:16:14.388+0000] {dag.py:3722} INFO - Setting next_dagrun for dataset_produces_2 to None, run_after=None
[2025-05-08T16:16:14.461+0000] {processor.py:179} INFO - Processing /home/airflow/.local/lib/python3.8/site-packages/airflow/example_dags/example_datasets.py took 0.217 seconds
[2025-05-08T16:16:45.455+0000] {processor.py:157} INFO - Started process (PID=682) to work on /home/airflow/.local/lib/python3.8/site-packages/airflow/example_dags/example_datasets.py
[2025-05-08T16:16:45.456+0000] {processor.py:829} INFO - Processing file /home/airflow/.local/lib/python3.8/site-packages/airflow/example_dags/example_datasets.py for tasks to queue
[2025-05-08T16:16:45.460+0000] {logging_mixin.py:154} INFO - [2025-05-08T16:16:45.460+0000] {dagbag.py:536} INFO - Filling up the DagBag from /home/airflow/.local/lib/python3.8/site-packages/airflow/example_dags/example_datasets.py
[2025-05-08T16:16:45.478+0000] {processor.py:839} INFO - DAG(s) dict_keys(['dataset_consumes_unknown_never_scheduled', 'dataset_produces_1', 'dataset_produces_2', 'dataset_consumes_1_never_scheduled', 'dataset_consumes_1_and_2', 'dataset_consumes_1']) retrieved from /home/airflow/.local/lib/python3.8/site-packages/airflow/example_dags/example_datasets.py
[2025-05-08T16:16:45.532+0000] {logging_mixin.py:154} INFO - [2025-05-08T16:16:45.531+0000] {dag.py:2941} INFO - Sync 6 DAGs
[2025-05-08T16:16:45.569+0000] {logging_mixin.py:154} INFO - [2025-05-08T16:16:45.569+0000] {dag.py:3722} INFO - Setting next_dagrun for dataset_consumes_1 to None, run_after=None
[2025-05-08T16:16:45.574+0000] {logging_mixin.py:154} INFO - [2025-05-08T16:16:45.574+0000] {dag.py:3722} INFO - Setting next_dagrun for dataset_consumes_1_and_2 to None, run_after=None
[2025-05-08T16:16:45.576+0000] {logging_mixin.py:154} INFO - [2025-05-08T16:16:45.576+0000] {dag.py:3722} INFO - Setting next_dagrun for dataset_consumes_1_never_scheduled to None, run_after=None
[2025-05-08T16:16:45.578+0000] {logging_mixin.py:154} INFO - [2025-05-08T16:16:45.578+0000] {dag.py:3722} INFO - Setting next_dagrun for dataset_consumes_unknown_never_scheduled to None, run_after=None
[2025-05-08T16:16:45.586+0000] {logging_mixin.py:154} INFO - [2025-05-08T16:16:45.586+0000] {dag.py:3722} INFO - Setting next_dagrun for dataset_produces_1 to 2025-05-07T00:00:00+00:00, run_after=2025-05-08T00:00:00+00:00
[2025-05-08T16:16:45.589+0000] {logging_mixin.py:154} INFO - [2025-05-08T16:16:45.589+0000] {dag.py:3722} INFO - Setting next_dagrun for dataset_produces_2 to None, run_after=None
[2025-05-08T16:16:45.644+0000] {processor.py:179} INFO - Processing /home/airflow/.local/lib/python3.8/site-packages/airflow/example_dags/example_datasets.py took 0.193 seconds
[2025-05-08T16:17:15.699+0000] {processor.py:157} INFO - Started process (PID=737) to work on /home/airflow/.local/lib/python3.8/site-packages/airflow/example_dags/example_datasets.py
[2025-05-08T16:17:15.700+0000] {processor.py:829} INFO - Processing file /home/airflow/.local/lib/python3.8/site-packages/airflow/example_dags/example_datasets.py for tasks to queue
[2025-05-08T16:17:15.704+0000] {logging_mixin.py:154} INFO - [2025-05-08T16:17:15.703+0000] {dagbag.py:536} INFO - Filling up the DagBag from /home/airflow/.local/lib/python3.8/site-packages/airflow/example_dags/example_datasets.py
[2025-05-08T16:17:15.722+0000] {processor.py:839} INFO - DAG(s) dict_keys(['dataset_consumes_1_and_2', 'dataset_consumes_unknown_never_scheduled', 'dataset_produces_2', 'dataset_consumes_1_never_scheduled', 'dataset_consumes_1', 'dataset_produces_1']) retrieved from /home/airflow/.local/lib/python3.8/site-packages/airflow/example_dags/example_datasets.py
[2025-05-08T16:17:15.786+0000] {logging_mixin.py:154} INFO - [2025-05-08T16:17:15.786+0000] {dag.py:2941} INFO - Sync 6 DAGs
[2025-05-08T16:17:15.818+0000] {logging_mixin.py:154} INFO - [2025-05-08T16:17:15.817+0000] {dag.py:3722} INFO - Setting next_dagrun for dataset_consumes_1 to None, run_after=None
[2025-05-08T16:17:15.823+0000] {logging_mixin.py:154} INFO - [2025-05-08T16:17:15.823+0000] {dag.py:3722} INFO - Setting next_dagrun for dataset_consumes_1_and_2 to None, run_after=None
[2025-05-08T16:17:15.826+0000] {logging_mixin.py:154} INFO - [2025-05-08T16:17:15.826+0000] {dag.py:3722} INFO - Setting next_dagrun for dataset_consumes_1_never_scheduled to None, run_after=None
[2025-05-08T16:17:15.829+0000] {logging_mixin.py:154} INFO - [2025-05-08T16:17:15.829+0000] {dag.py:3722} INFO - Setting next_dagrun for dataset_consumes_unknown_never_scheduled to None, run_after=None
[2025-05-08T16:17:15.832+0000] {logging_mixin.py:154} INFO - [2025-05-08T16:17:15.832+0000] {dag.py:3722} INFO - Setting next_dagrun for dataset_produces_1 to 2025-05-07T00:00:00+00:00, run_after=2025-05-08T00:00:00+00:00
[2025-05-08T16:17:15.834+0000] {logging_mixin.py:154} INFO - [2025-05-08T16:17:15.834+0000] {dag.py:3722} INFO - Setting next_dagrun for dataset_produces_2 to None, run_after=None
[2025-05-08T16:17:15.889+0000] {processor.py:179} INFO - Processing /home/airflow/.local/lib/python3.8/site-packages/airflow/example_dags/example_datasets.py took 0.195 seconds
[2025-05-08T16:17:45.952+0000] {processor.py:157} INFO - Started process (PID=792) to work on /home/airflow/.local/lib/python3.8/site-packages/airflow/example_dags/example_datasets.py
[2025-05-08T16:17:45.953+0000] {processor.py:829} INFO - Processing file /home/airflow/.local/lib/python3.8/site-packages/airflow/example_dags/example_datasets.py for tasks to queue
[2025-05-08T16:17:45.957+0000] {logging_mixin.py:154} INFO - [2025-05-08T16:17:45.957+0000] {dagbag.py:536} INFO - Filling up the DagBag from /home/airflow/.local/lib/python3.8/site-packages/airflow/example_dags/example_datasets.py
[2025-05-08T16:17:45.973+0000] {processor.py:839} INFO - DAG(s) dict_keys(['dataset_produces_2', 'dataset_consumes_unknown_never_scheduled', 'dataset_consumes_1', 'dataset_consumes_1_never_scheduled', 'dataset_consumes_1_and_2', 'dataset_produces_1']) retrieved from /home/airflow/.local/lib/python3.8/site-packages/airflow/example_dags/example_datasets.py
[2025-05-08T16:17:46.040+0000] {logging_mixin.py:154} INFO - [2025-05-08T16:17:46.039+0000] {dag.py:2941} INFO - Sync 6 DAGs
[2025-05-08T16:17:46.087+0000] {logging_mixin.py:154} INFO - [2025-05-08T16:17:46.087+0000] {dag.py:3722} INFO - Setting next_dagrun for dataset_consumes_1 to None, run_after=None
[2025-05-08T16:17:46.094+0000] {logging_mixin.py:154} INFO - [2025-05-08T16:17:46.094+0000] {dag.py:3722} INFO - Setting next_dagrun for dataset_consumes_1_and_2 to None, run_after=None
[2025-05-08T16:17:46.098+0000] {logging_mixin.py:154} INFO - [2025-05-08T16:17:46.098+0000] {dag.py:3722} INFO - Setting next_dagrun for dataset_consumes_1_never_scheduled to None, run_after=None
[2025-05-08T16:17:46.102+0000] {logging_mixin.py:154} INFO - [2025-05-08T16:17:46.101+0000] {dag.py:3722} INFO - Setting next_dagrun for dataset_consumes_unknown_never_scheduled to None, run_after=None
[2025-05-08T16:17:46.108+0000] {logging_mixin.py:154} INFO - [2025-05-08T16:17:46.108+0000] {dag.py:3722} INFO - Setting next_dagrun for dataset_produces_1 to 2025-05-07T00:00:00+00:00, run_after=2025-05-08T00:00:00+00:00
[2025-05-08T16:17:46.111+0000] {logging_mixin.py:154} INFO - [2025-05-08T16:17:46.111+0000] {dag.py:3722} INFO - Setting next_dagrun for dataset_produces_2 to None, run_after=None
[2025-05-08T16:17:46.178+0000] {processor.py:179} INFO - Processing /home/airflow/.local/lib/python3.8/site-packages/airflow/example_dags/example_datasets.py took 0.231 seconds
