[2025-05-08T16:11:14.820+0000] {processor.py:157} INFO - Started process (PID=106) to work on /home/airflow/.local/lib/python3.8/site-packages/airflow/example_dags/example_short_circuit_operator.py
[2025-05-08T16:11:14.825+0000] {processor.py:829} INFO - Processing file /home/airflow/.local/lib/python3.8/site-packages/airflow/example_dags/example_short_circuit_operator.py for tasks to queue
[2025-05-08T16:11:14.835+0000] {logging_mixin.py:154} INFO - [2025-05-08T16:11:14.834+0000] {dagbag.py:536} INFO - Filling up the DagBag from /home/airflow/.local/lib/python3.8/site-packages/airflow/example_dags/example_short_circuit_operator.py
[2025-05-08T16:11:14.852+0000] {processor.py:839} INFO - DAG(s) dict_keys(['example_short_circuit_operator']) retrieved from /home/airflow/.local/lib/python3.8/site-packages/airflow/example_dags/example_short_circuit_operator.py
[2025-05-08T16:11:14.905+0000] {logging_mixin.py:154} INFO - [2025-05-08T16:11:14.905+0000] {dag.py:2941} INFO - Sync 1 DAGs
[2025-05-08T16:11:14.957+0000] {logging_mixin.py:154} INFO - [2025-05-08T16:11:14.956+0000] {dag.py:3722} INFO - Setting next_dagrun for example_short_circuit_operator to 2025-05-07T16:11:14.956633+00:00, run_after=2025-05-08T16:11:14.956633+00:00
[2025-05-08T16:11:15.002+0000] {processor.py:179} INFO - Processing /home/airflow/.local/lib/python3.8/site-packages/airflow/example_dags/example_short_circuit_operator.py took 0.195 seconds
[2025-05-08T16:11:45.709+0000] {processor.py:157} INFO - Started process (PID=161) to work on /home/airflow/.local/lib/python3.8/site-packages/airflow/example_dags/example_short_circuit_operator.py
[2025-05-08T16:11:45.712+0000] {processor.py:829} INFO - Processing file /home/airflow/.local/lib/python3.8/site-packages/airflow/example_dags/example_short_circuit_operator.py for tasks to queue
[2025-05-08T16:11:45.716+0000] {logging_mixin.py:154} INFO - [2025-05-08T16:11:45.716+0000] {dagbag.py:536} INFO - Filling up the DagBag from /home/airflow/.local/lib/python3.8/site-packages/airflow/example_dags/example_short_circuit_operator.py
[2025-05-08T16:11:45.733+0000] {processor.py:839} INFO - DAG(s) dict_keys(['example_short_circuit_operator']) retrieved from /home/airflow/.local/lib/python3.8/site-packages/airflow/example_dags/example_short_circuit_operator.py
[2025-05-08T16:11:45.780+0000] {logging_mixin.py:154} INFO - [2025-05-08T16:11:45.779+0000] {dag.py:2941} INFO - Sync 1 DAGs
[2025-05-08T16:11:45.826+0000] {logging_mixin.py:154} INFO - [2025-05-08T16:11:45.826+0000] {dag.py:3722} INFO - Setting next_dagrun for example_short_circuit_operator to 2025-05-07T16:11:45.825793+00:00, run_after=2025-05-08T16:11:45.825793+00:00
[2025-05-08T16:11:45.879+0000] {processor.py:179} INFO - Processing /home/airflow/.local/lib/python3.8/site-packages/airflow/example_dags/example_short_circuit_operator.py took 0.176 seconds
[2025-05-08T16:12:16.683+0000] {processor.py:157} INFO - Started process (PID=216) to work on /home/airflow/.local/lib/python3.8/site-packages/airflow/example_dags/example_short_circuit_operator.py
[2025-05-08T16:12:16.684+0000] {processor.py:829} INFO - Processing file /home/airflow/.local/lib/python3.8/site-packages/airflow/example_dags/example_short_circuit_operator.py for tasks to queue
[2025-05-08T16:12:16.688+0000] {logging_mixin.py:154} INFO - [2025-05-08T16:12:16.688+0000] {dagbag.py:536} INFO - Filling up the DagBag from /home/airflow/.local/lib/python3.8/site-packages/airflow/example_dags/example_short_circuit_operator.py
[2025-05-08T16:12:16.702+0000] {processor.py:839} INFO - DAG(s) dict_keys(['example_short_circuit_operator']) retrieved from /home/airflow/.local/lib/python3.8/site-packages/airflow/example_dags/example_short_circuit_operator.py
[2025-05-08T16:12:16.744+0000] {logging_mixin.py:154} INFO - [2025-05-08T16:12:16.744+0000] {dag.py:2941} INFO - Sync 1 DAGs
[2025-05-08T16:12:16.844+0000] {logging_mixin.py:154} INFO - [2025-05-08T16:12:16.844+0000] {dag.py:3722} INFO - Setting next_dagrun for example_short_circuit_operator to 2025-05-07T16:12:16.844263+00:00, run_after=2025-05-08T16:12:16.844263+00:00
[2025-05-08T16:12:16.905+0000] {processor.py:179} INFO - Processing /home/airflow/.local/lib/python3.8/site-packages/airflow/example_dags/example_short_circuit_operator.py took 0.228 seconds
[2025-05-08T16:12:47.522+0000] {processor.py:157} INFO - Started process (PID=271) to work on /home/airflow/.local/lib/python3.8/site-packages/airflow/example_dags/example_short_circuit_operator.py
[2025-05-08T16:12:47.525+0000] {processor.py:829} INFO - Processing file /home/airflow/.local/lib/python3.8/site-packages/airflow/example_dags/example_short_circuit_operator.py for tasks to queue
[2025-05-08T16:12:47.529+0000] {logging_mixin.py:154} INFO - [2025-05-08T16:12:47.529+0000] {dagbag.py:536} INFO - Filling up the DagBag from /home/airflow/.local/lib/python3.8/site-packages/airflow/example_dags/example_short_circuit_operator.py
[2025-05-08T16:12:47.543+0000] {processor.py:839} INFO - DAG(s) dict_keys(['example_short_circuit_operator']) retrieved from /home/airflow/.local/lib/python3.8/site-packages/airflow/example_dags/example_short_circuit_operator.py
[2025-05-08T16:12:47.585+0000] {logging_mixin.py:154} INFO - [2025-05-08T16:12:47.585+0000] {dag.py:2941} INFO - Sync 1 DAGs
[2025-05-08T16:12:47.620+0000] {logging_mixin.py:154} INFO - [2025-05-08T16:12:47.620+0000] {dag.py:3722} INFO - Setting next_dagrun for example_short_circuit_operator to 2025-05-07T16:12:47.619924+00:00, run_after=2025-05-08T16:12:47.619924+00:00
[2025-05-08T16:12:47.657+0000] {processor.py:179} INFO - Processing /home/airflow/.local/lib/python3.8/site-packages/airflow/example_dags/example_short_circuit_operator.py took 0.142 seconds
[2025-05-08T16:13:18.387+0000] {processor.py:157} INFO - Started process (PID=326) to work on /home/airflow/.local/lib/python3.8/site-packages/airflow/example_dags/example_short_circuit_operator.py
[2025-05-08T16:13:18.388+0000] {processor.py:829} INFO - Processing file /home/airflow/.local/lib/python3.8/site-packages/airflow/example_dags/example_short_circuit_operator.py for tasks to queue
[2025-05-08T16:13:18.393+0000] {logging_mixin.py:154} INFO - [2025-05-08T16:13:18.393+0000] {dagbag.py:536} INFO - Filling up the DagBag from /home/airflow/.local/lib/python3.8/site-packages/airflow/example_dags/example_short_circuit_operator.py
[2025-05-08T16:13:18.406+0000] {processor.py:839} INFO - DAG(s) dict_keys(['example_short_circuit_operator']) retrieved from /home/airflow/.local/lib/python3.8/site-packages/airflow/example_dags/example_short_circuit_operator.py
[2025-05-08T16:13:18.457+0000] {logging_mixin.py:154} INFO - [2025-05-08T16:13:18.457+0000] {dag.py:2941} INFO - Sync 1 DAGs
[2025-05-08T16:13:18.499+0000] {logging_mixin.py:154} INFO - [2025-05-08T16:13:18.499+0000] {dag.py:3722} INFO - Setting next_dagrun for example_short_circuit_operator to 2025-05-07T16:13:18.498861+00:00, run_after=2025-05-08T16:13:18.498861+00:00
[2025-05-08T16:13:18.536+0000] {processor.py:179} INFO - Processing /home/airflow/.local/lib/python3.8/site-packages/airflow/example_dags/example_short_circuit_operator.py took 0.156 seconds
[2025-05-08T16:13:48.699+0000] {processor.py:157} INFO - Started process (PID=381) to work on /home/airflow/.local/lib/python3.8/site-packages/airflow/example_dags/example_short_circuit_operator.py
[2025-05-08T16:13:48.700+0000] {processor.py:829} INFO - Processing file /home/airflow/.local/lib/python3.8/site-packages/airflow/example_dags/example_short_circuit_operator.py for tasks to queue
[2025-05-08T16:13:48.704+0000] {logging_mixin.py:154} INFO - [2025-05-08T16:13:48.703+0000] {dagbag.py:536} INFO - Filling up the DagBag from /home/airflow/.local/lib/python3.8/site-packages/airflow/example_dags/example_short_circuit_operator.py
[2025-05-08T16:13:48.717+0000] {processor.py:839} INFO - DAG(s) dict_keys(['example_short_circuit_operator']) retrieved from /home/airflow/.local/lib/python3.8/site-packages/airflow/example_dags/example_short_circuit_operator.py
[2025-05-08T16:13:48.749+0000] {logging_mixin.py:154} INFO - [2025-05-08T16:13:48.748+0000] {dag.py:2941} INFO - Sync 1 DAGs
[2025-05-08T16:13:48.793+0000] {logging_mixin.py:154} INFO - [2025-05-08T16:13:48.793+0000] {dag.py:3722} INFO - Setting next_dagrun for example_short_circuit_operator to 2025-05-07T16:13:48.793044+00:00, run_after=2025-05-08T16:13:48.793044+00:00
[2025-05-08T16:13:48.831+0000] {processor.py:179} INFO - Processing /home/airflow/.local/lib/python3.8/site-packages/airflow/example_dags/example_short_circuit_operator.py took 0.136 seconds
[2025-05-08T16:14:19.419+0000] {processor.py:157} INFO - Started process (PID=436) to work on /home/airflow/.local/lib/python3.8/site-packages/airflow/example_dags/example_short_circuit_operator.py
[2025-05-08T16:14:19.420+0000] {processor.py:829} INFO - Processing file /home/airflow/.local/lib/python3.8/site-packages/airflow/example_dags/example_short_circuit_operator.py for tasks to queue
[2025-05-08T16:14:19.425+0000] {logging_mixin.py:154} INFO - [2025-05-08T16:14:19.425+0000] {dagbag.py:536} INFO - Filling up the DagBag from /home/airflow/.local/lib/python3.8/site-packages/airflow/example_dags/example_short_circuit_operator.py
[2025-05-08T16:14:19.443+0000] {processor.py:839} INFO - DAG(s) dict_keys(['example_short_circuit_operator']) retrieved from /home/airflow/.local/lib/python3.8/site-packages/airflow/example_dags/example_short_circuit_operator.py
[2025-05-08T16:14:19.494+0000] {logging_mixin.py:154} INFO - [2025-05-08T16:14:19.494+0000] {dag.py:2941} INFO - Sync 1 DAGs
[2025-05-08T16:14:19.542+0000] {logging_mixin.py:154} INFO - [2025-05-08T16:14:19.542+0000] {dag.py:3722} INFO - Setting next_dagrun for example_short_circuit_operator to 2025-05-07T16:14:19.542049+00:00, run_after=2025-05-08T16:14:19.542049+00:00
[2025-05-08T16:14:19.594+0000] {processor.py:179} INFO - Processing /home/airflow/.local/lib/python3.8/site-packages/airflow/example_dags/example_short_circuit_operator.py took 0.183 seconds
[2025-05-08T16:14:49.983+0000] {processor.py:157} INFO - Started process (PID=491) to work on /home/airflow/.local/lib/python3.8/site-packages/airflow/example_dags/example_short_circuit_operator.py
[2025-05-08T16:14:49.985+0000] {processor.py:829} INFO - Processing file /home/airflow/.local/lib/python3.8/site-packages/airflow/example_dags/example_short_circuit_operator.py for tasks to queue
[2025-05-08T16:14:49.989+0000] {logging_mixin.py:154} INFO - [2025-05-08T16:14:49.989+0000] {dagbag.py:536} INFO - Filling up the DagBag from /home/airflow/.local/lib/python3.8/site-packages/airflow/example_dags/example_short_circuit_operator.py
[2025-05-08T16:14:50.004+0000] {processor.py:839} INFO - DAG(s) dict_keys(['example_short_circuit_operator']) retrieved from /home/airflow/.local/lib/python3.8/site-packages/airflow/example_dags/example_short_circuit_operator.py
[2025-05-08T16:14:50.041+0000] {logging_mixin.py:154} INFO - [2025-05-08T16:14:50.041+0000] {dag.py:2941} INFO - Sync 1 DAGs
[2025-05-08T16:14:50.069+0000] {logging_mixin.py:154} INFO - [2025-05-08T16:14:50.069+0000] {dag.py:3722} INFO - Setting next_dagrun for example_short_circuit_operator to 2025-05-07T16:14:50.069290+00:00, run_after=2025-05-08T16:14:50.069290+00:00
[2025-05-08T16:14:50.103+0000] {processor.py:179} INFO - Processing /home/airflow/.local/lib/python3.8/site-packages/airflow/example_dags/example_short_circuit_operator.py took 0.123 seconds
[2025-05-08T16:15:20.484+0000] {processor.py:157} INFO - Started process (PID=546) to work on /home/airflow/.local/lib/python3.8/site-packages/airflow/example_dags/example_short_circuit_operator.py
[2025-05-08T16:15:20.485+0000] {processor.py:829} INFO - Processing file /home/airflow/.local/lib/python3.8/site-packages/airflow/example_dags/example_short_circuit_operator.py for tasks to queue
[2025-05-08T16:15:20.488+0000] {logging_mixin.py:154} INFO - [2025-05-08T16:15:20.488+0000] {dagbag.py:536} INFO - Filling up the DagBag from /home/airflow/.local/lib/python3.8/site-packages/airflow/example_dags/example_short_circuit_operator.py
[2025-05-08T16:15:20.501+0000] {processor.py:839} INFO - DAG(s) dict_keys(['example_short_circuit_operator']) retrieved from /home/airflow/.local/lib/python3.8/site-packages/airflow/example_dags/example_short_circuit_operator.py
[2025-05-08T16:15:20.538+0000] {logging_mixin.py:154} INFO - [2025-05-08T16:15:20.537+0000] {dag.py:2941} INFO - Sync 1 DAGs
[2025-05-08T16:15:20.571+0000] {logging_mixin.py:154} INFO - [2025-05-08T16:15:20.571+0000] {dag.py:3722} INFO - Setting next_dagrun for example_short_circuit_operator to 2025-05-07T16:15:20.570961+00:00, run_after=2025-05-08T16:15:20.570961+00:00
[2025-05-08T16:15:20.613+0000] {processor.py:179} INFO - Processing /home/airflow/.local/lib/python3.8/site-packages/airflow/example_dags/example_short_circuit_operator.py took 0.134 seconds
[2025-05-08T16:15:51.227+0000] {processor.py:157} INFO - Started process (PID=601) to work on /home/airflow/.local/lib/python3.8/site-packages/airflow/example_dags/example_short_circuit_operator.py
[2025-05-08T16:15:51.228+0000] {processor.py:829} INFO - Processing file /home/airflow/.local/lib/python3.8/site-packages/airflow/example_dags/example_short_circuit_operator.py for tasks to queue
[2025-05-08T16:15:51.231+0000] {logging_mixin.py:154} INFO - [2025-05-08T16:15:51.231+0000] {dagbag.py:536} INFO - Filling up the DagBag from /home/airflow/.local/lib/python3.8/site-packages/airflow/example_dags/example_short_circuit_operator.py
[2025-05-08T16:15:51.241+0000] {processor.py:839} INFO - DAG(s) dict_keys(['example_short_circuit_operator']) retrieved from /home/airflow/.local/lib/python3.8/site-packages/airflow/example_dags/example_short_circuit_operator.py
[2025-05-08T16:15:51.274+0000] {logging_mixin.py:154} INFO - [2025-05-08T16:15:51.274+0000] {dag.py:2941} INFO - Sync 1 DAGs
[2025-05-08T16:15:51.304+0000] {logging_mixin.py:154} INFO - [2025-05-08T16:15:51.304+0000] {dag.py:3722} INFO - Setting next_dagrun for example_short_circuit_operator to 2025-05-07T16:15:51.303962+00:00, run_after=2025-05-08T16:15:51.303962+00:00
[2025-05-08T16:15:51.338+0000] {processor.py:179} INFO - Processing /home/airflow/.local/lib/python3.8/site-packages/airflow/example_dags/example_short_circuit_operator.py took 0.116 seconds
[2025-05-08T16:16:21.420+0000] {processor.py:157} INFO - Started process (PID=656) to work on /home/airflow/.local/lib/python3.8/site-packages/airflow/example_dags/example_short_circuit_operator.py
[2025-05-08T16:16:21.421+0000] {processor.py:829} INFO - Processing file /home/airflow/.local/lib/python3.8/site-packages/airflow/example_dags/example_short_circuit_operator.py for tasks to queue
[2025-05-08T16:16:21.425+0000] {logging_mixin.py:154} INFO - [2025-05-08T16:16:21.425+0000] {dagbag.py:536} INFO - Filling up the DagBag from /home/airflow/.local/lib/python3.8/site-packages/airflow/example_dags/example_short_circuit_operator.py
[2025-05-08T16:16:21.437+0000] {processor.py:839} INFO - DAG(s) dict_keys(['example_short_circuit_operator']) retrieved from /home/airflow/.local/lib/python3.8/site-packages/airflow/example_dags/example_short_circuit_operator.py
[2025-05-08T16:16:21.549+0000] {logging_mixin.py:154} INFO - [2025-05-08T16:16:21.549+0000] {dag.py:2941} INFO - Sync 1 DAGs
[2025-05-08T16:16:21.648+0000] {logging_mixin.py:154} INFO - [2025-05-08T16:16:21.648+0000] {dag.py:3722} INFO - Setting next_dagrun for example_short_circuit_operator to 2025-05-07T16:16:21.647610+00:00, run_after=2025-05-08T16:16:21.647610+00:00
[2025-05-08T16:16:21.692+0000] {processor.py:179} INFO - Processing /home/airflow/.local/lib/python3.8/site-packages/airflow/example_dags/example_short_circuit_operator.py took 0.277 seconds
[2025-05-08T16:16:52.043+0000] {processor.py:157} INFO - Started process (PID=711) to work on /home/airflow/.local/lib/python3.8/site-packages/airflow/example_dags/example_short_circuit_operator.py
[2025-05-08T16:16:52.045+0000] {processor.py:829} INFO - Processing file /home/airflow/.local/lib/python3.8/site-packages/airflow/example_dags/example_short_circuit_operator.py for tasks to queue
[2025-05-08T16:16:52.048+0000] {logging_mixin.py:154} INFO - [2025-05-08T16:16:52.048+0000] {dagbag.py:536} INFO - Filling up the DagBag from /home/airflow/.local/lib/python3.8/site-packages/airflow/example_dags/example_short_circuit_operator.py
[2025-05-08T16:16:52.062+0000] {processor.py:839} INFO - DAG(s) dict_keys(['example_short_circuit_operator']) retrieved from /home/airflow/.local/lib/python3.8/site-packages/airflow/example_dags/example_short_circuit_operator.py
[2025-05-08T16:16:52.099+0000] {logging_mixin.py:154} INFO - [2025-05-08T16:16:52.099+0000] {dag.py:2941} INFO - Sync 1 DAGs
[2025-05-08T16:16:52.142+0000] {logging_mixin.py:154} INFO - [2025-05-08T16:16:52.141+0000] {dag.py:3722} INFO - Setting next_dagrun for example_short_circuit_operator to 2025-05-07T16:16:52.141518+00:00, run_after=2025-05-08T16:16:52.141518+00:00
[2025-05-08T16:16:52.188+0000] {processor.py:179} INFO - Processing /home/airflow/.local/lib/python3.8/site-packages/airflow/example_dags/example_short_circuit_operator.py took 0.152 seconds
[2025-05-08T16:17:22.967+0000] {processor.py:157} INFO - Started process (PID=766) to work on /home/airflow/.local/lib/python3.8/site-packages/airflow/example_dags/example_short_circuit_operator.py
[2025-05-08T16:17:22.968+0000] {processor.py:829} INFO - Processing file /home/airflow/.local/lib/python3.8/site-packages/airflow/example_dags/example_short_circuit_operator.py for tasks to queue
[2025-05-08T16:17:22.972+0000] {logging_mixin.py:154} INFO - [2025-05-08T16:17:22.972+0000] {dagbag.py:536} INFO - Filling up the DagBag from /home/airflow/.local/lib/python3.8/site-packages/airflow/example_dags/example_short_circuit_operator.py
[2025-05-08T16:17:22.985+0000] {processor.py:839} INFO - DAG(s) dict_keys(['example_short_circuit_operator']) retrieved from /home/airflow/.local/lib/python3.8/site-packages/airflow/example_dags/example_short_circuit_operator.py
[2025-05-08T16:17:23.034+0000] {logging_mixin.py:154} INFO - [2025-05-08T16:17:23.033+0000] {dag.py:2941} INFO - Sync 1 DAGs
[2025-05-08T16:17:23.066+0000] {logging_mixin.py:154} INFO - [2025-05-08T16:17:23.065+0000] {dag.py:3722} INFO - Setting next_dagrun for example_short_circuit_operator to 2025-05-07T16:17:23.065422+00:00, run_after=2025-05-08T16:17:23.065422+00:00
[2025-05-08T16:17:23.098+0000] {processor.py:179} INFO - Processing /home/airflow/.local/lib/python3.8/site-packages/airflow/example_dags/example_short_circuit_operator.py took 0.136 seconds
[2025-05-08T16:17:54.170+0000] {processor.py:157} INFO - Started process (PID=821) to work on /home/airflow/.local/lib/python3.8/site-packages/airflow/example_dags/example_short_circuit_operator.py
[2025-05-08T16:17:54.174+0000] {processor.py:829} INFO - Processing file /home/airflow/.local/lib/python3.8/site-packages/airflow/example_dags/example_short_circuit_operator.py for tasks to queue
[2025-05-08T16:17:54.188+0000] {logging_mixin.py:154} INFO - [2025-05-08T16:17:54.188+0000] {dagbag.py:536} INFO - Filling up the DagBag from /home/airflow/.local/lib/python3.8/site-packages/airflow/example_dags/example_short_circuit_operator.py
[2025-05-08T16:17:55.163+0000] {logging_mixin.py:154} INFO - [2025-05-08T16:17:55.163+0000] {process_utils.py:259} INFO - Waiting up to 5 seconds for processes to exit...
