[2025-05-08T16:11:12.147+0000] {processor.py:157} INFO - Started process (PID=98) to work on /home/airflow/.local/lib/python3.8/site-packages/airflow/example_dags/example_short_circuit_decorator.py
[2025-05-08T16:11:12.166+0000] {processor.py:829} INFO - Processing file /home/airflow/.local/lib/python3.8/site-packages/airflow/example_dags/example_short_circuit_decorator.py for tasks to queue
[2025-05-08T16:11:12.179+0000] {logging_mixin.py:154} INFO - [2025-05-08T16:11:12.179+0000] {dagbag.py:536} INFO - Filling up the DagBag from /home/airflow/.local/lib/python3.8/site-packages/airflow/example_dags/example_short_circuit_decorator.py
[2025-05-08T16:11:12.234+0000] {processor.py:839} INFO - DAG(s) dict_keys(['example_short_circuit_decorator']) retrieved from /home/airflow/.local/lib/python3.8/site-packages/airflow/example_dags/example_short_circuit_decorator.py
[2025-05-08T16:11:12.292+0000] {logging_mixin.py:154} INFO - [2025-05-08T16:11:12.292+0000] {dag.py:2941} INFO - Sync 1 DAGs
[2025-05-08T16:11:12.336+0000] {logging_mixin.py:154} INFO - [2025-05-08T16:11:12.336+0000] {dag.py:3722} INFO - Setting next_dagrun for example_short_circuit_decorator to 2025-05-07T16:11:12.335724+00:00, run_after=2025-05-08T16:11:12.335724+00:00
[2025-05-08T16:11:12.387+0000] {processor.py:179} INFO - Processing /home/airflow/.local/lib/python3.8/site-packages/airflow/example_dags/example_short_circuit_decorator.py took 0.258 seconds
[2025-05-08T16:11:43.043+0000] {processor.py:157} INFO - Started process (PID=153) to work on /home/airflow/.local/lib/python3.8/site-packages/airflow/example_dags/example_short_circuit_decorator.py
[2025-05-08T16:11:43.044+0000] {processor.py:829} INFO - Processing file /home/airflow/.local/lib/python3.8/site-packages/airflow/example_dags/example_short_circuit_decorator.py for tasks to queue
[2025-05-08T16:11:43.049+0000] {logging_mixin.py:154} INFO - [2025-05-08T16:11:43.048+0000] {dagbag.py:536} INFO - Filling up the DagBag from /home/airflow/.local/lib/python3.8/site-packages/airflow/example_dags/example_short_circuit_decorator.py
[2025-05-08T16:11:43.065+0000] {processor.py:839} INFO - DAG(s) dict_keys(['example_short_circuit_decorator']) retrieved from /home/airflow/.local/lib/python3.8/site-packages/airflow/example_dags/example_short_circuit_decorator.py
[2025-05-08T16:11:43.136+0000] {logging_mixin.py:154} INFO - [2025-05-08T16:11:43.135+0000] {dag.py:2941} INFO - Sync 1 DAGs
[2025-05-08T16:11:43.188+0000] {logging_mixin.py:154} INFO - [2025-05-08T16:11:43.188+0000] {dag.py:3722} INFO - Setting next_dagrun for example_short_circuit_decorator to 2025-05-07T16:11:43.187596+00:00, run_after=2025-05-08T16:11:43.187596+00:00
[2025-05-08T16:11:43.248+0000] {processor.py:179} INFO - Processing /home/airflow/.local/lib/python3.8/site-packages/airflow/example_dags/example_short_circuit_decorator.py took 0.211 seconds
[2025-05-08T16:12:14.055+0000] {processor.py:157} INFO - Started process (PID=208) to work on /home/airflow/.local/lib/python3.8/site-packages/airflow/example_dags/example_short_circuit_decorator.py
[2025-05-08T16:12:14.057+0000] {processor.py:829} INFO - Processing file /home/airflow/.local/lib/python3.8/site-packages/airflow/example_dags/example_short_circuit_decorator.py for tasks to queue
[2025-05-08T16:12:14.061+0000] {logging_mixin.py:154} INFO - [2025-05-08T16:12:14.060+0000] {dagbag.py:536} INFO - Filling up the DagBag from /home/airflow/.local/lib/python3.8/site-packages/airflow/example_dags/example_short_circuit_decorator.py
[2025-05-08T16:12:14.076+0000] {processor.py:839} INFO - DAG(s) dict_keys(['example_short_circuit_decorator']) retrieved from /home/airflow/.local/lib/python3.8/site-packages/airflow/example_dags/example_short_circuit_decorator.py
[2025-05-08T16:12:14.114+0000] {logging_mixin.py:154} INFO - [2025-05-08T16:12:14.113+0000] {dag.py:2941} INFO - Sync 1 DAGs
[2025-05-08T16:12:14.145+0000] {logging_mixin.py:154} INFO - [2025-05-08T16:12:14.144+0000] {dag.py:3722} INFO - Setting next_dagrun for example_short_circuit_decorator to 2025-05-07T16:12:14.144559+00:00, run_after=2025-05-08T16:12:14.144559+00:00
[2025-05-08T16:12:14.180+0000] {processor.py:179} INFO - Processing /home/airflow/.local/lib/python3.8/site-packages/airflow/example_dags/example_short_circuit_decorator.py took 0.128 seconds
[2025-05-08T16:12:44.767+0000] {processor.py:157} INFO - Started process (PID=263) to work on /home/airflow/.local/lib/python3.8/site-packages/airflow/example_dags/example_short_circuit_decorator.py
[2025-05-08T16:12:44.769+0000] {processor.py:829} INFO - Processing file /home/airflow/.local/lib/python3.8/site-packages/airflow/example_dags/example_short_circuit_decorator.py for tasks to queue
[2025-05-08T16:12:44.773+0000] {logging_mixin.py:154} INFO - [2025-05-08T16:12:44.773+0000] {dagbag.py:536} INFO - Filling up the DagBag from /home/airflow/.local/lib/python3.8/site-packages/airflow/example_dags/example_short_circuit_decorator.py
[2025-05-08T16:12:44.793+0000] {processor.py:839} INFO - DAG(s) dict_keys(['example_short_circuit_decorator']) retrieved from /home/airflow/.local/lib/python3.8/site-packages/airflow/example_dags/example_short_circuit_decorator.py
[2025-05-08T16:12:44.836+0000] {logging_mixin.py:154} INFO - [2025-05-08T16:12:44.835+0000] {dag.py:2941} INFO - Sync 1 DAGs
[2025-05-08T16:12:44.873+0000] {logging_mixin.py:154} INFO - [2025-05-08T16:12:44.872+0000] {dag.py:3722} INFO - Setting next_dagrun for example_short_circuit_decorator to 2025-05-07T16:12:44.872291+00:00, run_after=2025-05-08T16:12:44.872291+00:00
[2025-05-08T16:12:44.909+0000] {processor.py:179} INFO - Processing /home/airflow/.local/lib/python3.8/site-packages/airflow/example_dags/example_short_circuit_decorator.py took 0.148 seconds
[2025-05-08T16:13:15.511+0000] {processor.py:157} INFO - Started process (PID=318) to work on /home/airflow/.local/lib/python3.8/site-packages/airflow/example_dags/example_short_circuit_decorator.py
[2025-05-08T16:13:15.513+0000] {processor.py:829} INFO - Processing file /home/airflow/.local/lib/python3.8/site-packages/airflow/example_dags/example_short_circuit_decorator.py for tasks to queue
[2025-05-08T16:13:15.519+0000] {logging_mixin.py:154} INFO - [2025-05-08T16:13:15.517+0000] {dagbag.py:536} INFO - Filling up the DagBag from /home/airflow/.local/lib/python3.8/site-packages/airflow/example_dags/example_short_circuit_decorator.py
[2025-05-08T16:13:15.537+0000] {processor.py:839} INFO - DAG(s) dict_keys(['example_short_circuit_decorator']) retrieved from /home/airflow/.local/lib/python3.8/site-packages/airflow/example_dags/example_short_circuit_decorator.py
[2025-05-08T16:13:15.616+0000] {logging_mixin.py:154} INFO - [2025-05-08T16:13:15.615+0000] {dag.py:2941} INFO - Sync 1 DAGs
[2025-05-08T16:13:15.676+0000] {logging_mixin.py:154} INFO - [2025-05-08T16:13:15.676+0000] {dag.py:3722} INFO - Setting next_dagrun for example_short_circuit_decorator to 2025-05-07T16:13:15.675931+00:00, run_after=2025-05-08T16:13:15.675931+00:00
[2025-05-08T16:13:15.729+0000] {processor.py:179} INFO - Processing /home/airflow/.local/lib/python3.8/site-packages/airflow/example_dags/example_short_circuit_decorator.py took 0.226 seconds
[2025-05-08T16:13:46.113+0000] {processor.py:157} INFO - Started process (PID=373) to work on /home/airflow/.local/lib/python3.8/site-packages/airflow/example_dags/example_short_circuit_decorator.py
[2025-05-08T16:13:46.115+0000] {processor.py:829} INFO - Processing file /home/airflow/.local/lib/python3.8/site-packages/airflow/example_dags/example_short_circuit_decorator.py for tasks to queue
[2025-05-08T16:13:46.120+0000] {logging_mixin.py:154} INFO - [2025-05-08T16:13:46.120+0000] {dagbag.py:536} INFO - Filling up the DagBag from /home/airflow/.local/lib/python3.8/site-packages/airflow/example_dags/example_short_circuit_decorator.py
[2025-05-08T16:13:46.139+0000] {processor.py:839} INFO - DAG(s) dict_keys(['example_short_circuit_decorator']) retrieved from /home/airflow/.local/lib/python3.8/site-packages/airflow/example_dags/example_short_circuit_decorator.py
[2025-05-08T16:13:46.184+0000] {logging_mixin.py:154} INFO - [2025-05-08T16:13:46.184+0000] {dag.py:2941} INFO - Sync 1 DAGs
[2025-05-08T16:13:46.236+0000] {logging_mixin.py:154} INFO - [2025-05-08T16:13:46.236+0000] {dag.py:3722} INFO - Setting next_dagrun for example_short_circuit_decorator to 2025-05-07T16:13:46.235997+00:00, run_after=2025-05-08T16:13:46.235997+00:00
[2025-05-08T16:13:46.273+0000] {processor.py:179} INFO - Processing /home/airflow/.local/lib/python3.8/site-packages/airflow/example_dags/example_short_circuit_decorator.py took 0.164 seconds
[2025-05-08T16:14:16.685+0000] {processor.py:157} INFO - Started process (PID=428) to work on /home/airflow/.local/lib/python3.8/site-packages/airflow/example_dags/example_short_circuit_decorator.py
[2025-05-08T16:14:16.687+0000] {processor.py:829} INFO - Processing file /home/airflow/.local/lib/python3.8/site-packages/airflow/example_dags/example_short_circuit_decorator.py for tasks to queue
[2025-05-08T16:14:16.692+0000] {logging_mixin.py:154} INFO - [2025-05-08T16:14:16.692+0000] {dagbag.py:536} INFO - Filling up the DagBag from /home/airflow/.local/lib/python3.8/site-packages/airflow/example_dags/example_short_circuit_decorator.py
[2025-05-08T16:14:16.708+0000] {processor.py:839} INFO - DAG(s) dict_keys(['example_short_circuit_decorator']) retrieved from /home/airflow/.local/lib/python3.8/site-packages/airflow/example_dags/example_short_circuit_decorator.py
[2025-05-08T16:14:16.754+0000] {logging_mixin.py:154} INFO - [2025-05-08T16:14:16.753+0000] {dag.py:2941} INFO - Sync 1 DAGs
[2025-05-08T16:14:16.790+0000] {logging_mixin.py:154} INFO - [2025-05-08T16:14:16.790+0000] {dag.py:3722} INFO - Setting next_dagrun for example_short_circuit_decorator to 2025-05-07T16:14:16.790259+00:00, run_after=2025-05-08T16:14:16.790259+00:00
[2025-05-08T16:14:16.839+0000] {processor.py:179} INFO - Processing /home/airflow/.local/lib/python3.8/site-packages/airflow/example_dags/example_short_circuit_decorator.py took 0.158 seconds
[2025-05-08T16:14:47.475+0000] {processor.py:157} INFO - Started process (PID=483) to work on /home/airflow/.local/lib/python3.8/site-packages/airflow/example_dags/example_short_circuit_decorator.py
[2025-05-08T16:14:47.476+0000] {processor.py:829} INFO - Processing file /home/airflow/.local/lib/python3.8/site-packages/airflow/example_dags/example_short_circuit_decorator.py for tasks to queue
[2025-05-08T16:14:47.479+0000] {logging_mixin.py:154} INFO - [2025-05-08T16:14:47.479+0000] {dagbag.py:536} INFO - Filling up the DagBag from /home/airflow/.local/lib/python3.8/site-packages/airflow/example_dags/example_short_circuit_decorator.py
[2025-05-08T16:14:47.489+0000] {processor.py:839} INFO - DAG(s) dict_keys(['example_short_circuit_decorator']) retrieved from /home/airflow/.local/lib/python3.8/site-packages/airflow/example_dags/example_short_circuit_decorator.py
[2025-05-08T16:14:47.526+0000] {logging_mixin.py:154} INFO - [2025-05-08T16:14:47.526+0000] {dag.py:2941} INFO - Sync 1 DAGs
[2025-05-08T16:14:47.558+0000] {logging_mixin.py:154} INFO - [2025-05-08T16:14:47.557+0000] {dag.py:3722} INFO - Setting next_dagrun for example_short_circuit_decorator to 2025-05-07T16:14:47.557527+00:00, run_after=2025-05-08T16:14:47.557527+00:00
[2025-05-08T16:14:47.584+0000] {processor.py:179} INFO - Processing /home/airflow/.local/lib/python3.8/site-packages/airflow/example_dags/example_short_circuit_decorator.py took 0.114 seconds
[2025-05-08T16:15:18.449+0000] {processor.py:157} INFO - Started process (PID=538) to work on /home/airflow/.local/lib/python3.8/site-packages/airflow/example_dags/example_short_circuit_decorator.py
[2025-05-08T16:15:18.450+0000] {processor.py:829} INFO - Processing file /home/airflow/.local/lib/python3.8/site-packages/airflow/example_dags/example_short_circuit_decorator.py for tasks to queue
[2025-05-08T16:15:18.455+0000] {logging_mixin.py:154} INFO - [2025-05-08T16:15:18.455+0000] {dagbag.py:536} INFO - Filling up the DagBag from /home/airflow/.local/lib/python3.8/site-packages/airflow/example_dags/example_short_circuit_decorator.py
[2025-05-08T16:15:18.470+0000] {processor.py:839} INFO - DAG(s) dict_keys(['example_short_circuit_decorator']) retrieved from /home/airflow/.local/lib/python3.8/site-packages/airflow/example_dags/example_short_circuit_decorator.py
[2025-05-08T16:15:18.522+0000] {logging_mixin.py:154} INFO - [2025-05-08T16:15:18.522+0000] {dag.py:2941} INFO - Sync 1 DAGs
[2025-05-08T16:15:18.570+0000] {logging_mixin.py:154} INFO - [2025-05-08T16:15:18.569+0000] {dag.py:3722} INFO - Setting next_dagrun for example_short_circuit_decorator to 2025-05-07T16:15:18.569045+00:00, run_after=2025-05-08T16:15:18.569045+00:00
[2025-05-08T16:15:18.602+0000] {processor.py:179} INFO - Processing /home/airflow/.local/lib/python3.8/site-packages/airflow/example_dags/example_short_circuit_decorator.py took 0.159 seconds
[2025-05-08T16:15:48.821+0000] {processor.py:157} INFO - Started process (PID=593) to work on /home/airflow/.local/lib/python3.8/site-packages/airflow/example_dags/example_short_circuit_decorator.py
[2025-05-08T16:15:48.822+0000] {processor.py:829} INFO - Processing file /home/airflow/.local/lib/python3.8/site-packages/airflow/example_dags/example_short_circuit_decorator.py for tasks to queue
[2025-05-08T16:15:48.825+0000] {logging_mixin.py:154} INFO - [2025-05-08T16:15:48.824+0000] {dagbag.py:536} INFO - Filling up the DagBag from /home/airflow/.local/lib/python3.8/site-packages/airflow/example_dags/example_short_circuit_decorator.py
[2025-05-08T16:15:48.835+0000] {processor.py:839} INFO - DAG(s) dict_keys(['example_short_circuit_decorator']) retrieved from /home/airflow/.local/lib/python3.8/site-packages/airflow/example_dags/example_short_circuit_decorator.py
[2025-05-08T16:15:48.867+0000] {logging_mixin.py:154} INFO - [2025-05-08T16:15:48.867+0000] {dag.py:2941} INFO - Sync 1 DAGs
[2025-05-08T16:15:48.892+0000] {logging_mixin.py:154} INFO - [2025-05-08T16:15:48.892+0000] {dag.py:3722} INFO - Setting next_dagrun for example_short_circuit_decorator to 2025-05-07T16:15:48.892147+00:00, run_after=2025-05-08T16:15:48.892147+00:00
[2025-05-08T16:15:48.918+0000] {processor.py:179} INFO - Processing /home/airflow/.local/lib/python3.8/site-packages/airflow/example_dags/example_short_circuit_decorator.py took 0.102 seconds
[2025-05-08T16:16:19.696+0000] {processor.py:157} INFO - Started process (PID=648) to work on /home/airflow/.local/lib/python3.8/site-packages/airflow/example_dags/example_short_circuit_decorator.py
[2025-05-08T16:16:19.698+0000] {processor.py:829} INFO - Processing file /home/airflow/.local/lib/python3.8/site-packages/airflow/example_dags/example_short_circuit_decorator.py for tasks to queue
[2025-05-08T16:16:19.704+0000] {logging_mixin.py:154} INFO - [2025-05-08T16:16:19.703+0000] {dagbag.py:536} INFO - Filling up the DagBag from /home/airflow/.local/lib/python3.8/site-packages/airflow/example_dags/example_short_circuit_decorator.py
[2025-05-08T16:16:19.723+0000] {processor.py:839} INFO - DAG(s) dict_keys(['example_short_circuit_decorator']) retrieved from /home/airflow/.local/lib/python3.8/site-packages/airflow/example_dags/example_short_circuit_decorator.py
[2025-05-08T16:16:19.782+0000] {logging_mixin.py:154} INFO - [2025-05-08T16:16:19.781+0000] {dag.py:2941} INFO - Sync 1 DAGs
[2025-05-08T16:16:19.842+0000] {logging_mixin.py:154} INFO - [2025-05-08T16:16:19.842+0000] {dag.py:3722} INFO - Setting next_dagrun for example_short_circuit_decorator to 2025-05-07T16:16:19.841388+00:00, run_after=2025-05-08T16:16:19.841388+00:00
[2025-05-08T16:16:19.936+0000] {processor.py:179} INFO - Processing /home/airflow/.local/lib/python3.8/site-packages/airflow/example_dags/example_short_circuit_decorator.py took 0.246 seconds
[2025-05-08T16:16:50.380+0000] {processor.py:157} INFO - Started process (PID=703) to work on /home/airflow/.local/lib/python3.8/site-packages/airflow/example_dags/example_short_circuit_decorator.py
[2025-05-08T16:16:50.382+0000] {processor.py:829} INFO - Processing file /home/airflow/.local/lib/python3.8/site-packages/airflow/example_dags/example_short_circuit_decorator.py for tasks to queue
[2025-05-08T16:16:50.386+0000] {logging_mixin.py:154} INFO - [2025-05-08T16:16:50.386+0000] {dagbag.py:536} INFO - Filling up the DagBag from /home/airflow/.local/lib/python3.8/site-packages/airflow/example_dags/example_short_circuit_decorator.py
[2025-05-08T16:16:50.399+0000] {processor.py:839} INFO - DAG(s) dict_keys(['example_short_circuit_decorator']) retrieved from /home/airflow/.local/lib/python3.8/site-packages/airflow/example_dags/example_short_circuit_decorator.py
[2025-05-08T16:16:50.447+0000] {logging_mixin.py:154} INFO - [2025-05-08T16:16:50.447+0000] {dag.py:2941} INFO - Sync 1 DAGs
[2025-05-08T16:16:50.498+0000] {logging_mixin.py:154} INFO - [2025-05-08T16:16:50.498+0000] {dag.py:3722} INFO - Setting next_dagrun for example_short_circuit_decorator to 2025-05-07T16:16:50.498017+00:00, run_after=2025-05-08T16:16:50.498017+00:00
[2025-05-08T16:16:50.534+0000] {processor.py:179} INFO - Processing /home/airflow/.local/lib/python3.8/site-packages/airflow/example_dags/example_short_circuit_decorator.py took 0.159 seconds
[2025-05-08T16:17:21.481+0000] {processor.py:157} INFO - Started process (PID=758) to work on /home/airflow/.local/lib/python3.8/site-packages/airflow/example_dags/example_short_circuit_decorator.py
[2025-05-08T16:17:21.482+0000] {processor.py:829} INFO - Processing file /home/airflow/.local/lib/python3.8/site-packages/airflow/example_dags/example_short_circuit_decorator.py for tasks to queue
[2025-05-08T16:17:21.486+0000] {logging_mixin.py:154} INFO - [2025-05-08T16:17:21.485+0000] {dagbag.py:536} INFO - Filling up the DagBag from /home/airflow/.local/lib/python3.8/site-packages/airflow/example_dags/example_short_circuit_decorator.py
[2025-05-08T16:17:21.496+0000] {processor.py:839} INFO - DAG(s) dict_keys(['example_short_circuit_decorator']) retrieved from /home/airflow/.local/lib/python3.8/site-packages/airflow/example_dags/example_short_circuit_decorator.py
[2025-05-08T16:17:21.532+0000] {logging_mixin.py:154} INFO - [2025-05-08T16:17:21.532+0000] {dag.py:2941} INFO - Sync 1 DAGs
[2025-05-08T16:17:21.561+0000] {logging_mixin.py:154} INFO - [2025-05-08T16:17:21.561+0000] {dag.py:3722} INFO - Setting next_dagrun for example_short_circuit_decorator to 2025-05-07T16:17:21.560656+00:00, run_after=2025-05-08T16:17:21.560656+00:00
[2025-05-08T16:17:21.598+0000] {processor.py:179} INFO - Processing /home/airflow/.local/lib/python3.8/site-packages/airflow/example_dags/example_short_circuit_decorator.py took 0.121 seconds
[2025-05-08T16:17:52.359+0000] {processor.py:157} INFO - Started process (PID=813) to work on /home/airflow/.local/lib/python3.8/site-packages/airflow/example_dags/example_short_circuit_decorator.py
[2025-05-08T16:17:52.360+0000] {processor.py:829} INFO - Processing file /home/airflow/.local/lib/python3.8/site-packages/airflow/example_dags/example_short_circuit_decorator.py for tasks to queue
[2025-05-08T16:17:52.363+0000] {logging_mixin.py:154} INFO - [2025-05-08T16:17:52.363+0000] {dagbag.py:536} INFO - Filling up the DagBag from /home/airflow/.local/lib/python3.8/site-packages/airflow/example_dags/example_short_circuit_decorator.py
[2025-05-08T16:17:52.377+0000] {processor.py:839} INFO - DAG(s) dict_keys(['example_short_circuit_decorator']) retrieved from /home/airflow/.local/lib/python3.8/site-packages/airflow/example_dags/example_short_circuit_decorator.py
[2025-05-08T16:17:52.419+0000] {logging_mixin.py:154} INFO - [2025-05-08T16:17:52.418+0000] {dag.py:2941} INFO - Sync 1 DAGs
[2025-05-08T16:17:52.468+0000] {logging_mixin.py:154} INFO - [2025-05-08T16:17:52.467+0000] {dag.py:3722} INFO - Setting next_dagrun for example_short_circuit_decorator to 2025-05-07T16:17:52.467188+00:00, run_after=2025-05-08T16:17:52.467188+00:00
[2025-05-08T16:17:52.505+0000] {processor.py:179} INFO - Processing /home/airflow/.local/lib/python3.8/site-packages/airflow/example_dags/example_short_circuit_decorator.py took 0.150 seconds
