[2025-05-08T16:11:10.196+0000] {processor.py:157} INFO - Started process (PID=89) to work on /home/airflow/.local/lib/python3.8/site-packages/airflow/example_dags/example_task_group_decorator.py
[2025-05-08T16:11:10.198+0000] {processor.py:829} INFO - Processing file /home/airflow/.local/lib/python3.8/site-packages/airflow/example_dags/example_task_group_decorator.py for tasks to queue
[2025-05-08T16:11:10.204+0000] {logging_mixin.py:154} INFO - [2025-05-08T16:11:10.204+0000] {dagbag.py:536} INFO - Filling up the DagBag from /home/airflow/.local/lib/python3.8/site-packages/airflow/example_dags/example_task_group_decorator.py
[2025-05-08T16:11:10.261+0000] {processor.py:839} INFO - DAG(s) dict_keys(['example_task_group_decorator']) retrieved from /home/airflow/.local/lib/python3.8/site-packages/airflow/example_dags/example_task_group_decorator.py
[2025-05-08T16:11:10.369+0000] {logging_mixin.py:154} INFO - [2025-05-08T16:11:10.369+0000] {dag.py:2941} INFO - Sync 1 DAGs
[2025-05-08T16:11:10.494+0000] {logging_mixin.py:154} INFO - [2025-05-08T16:11:10.494+0000] {dag.py:3722} INFO - Setting next_dagrun for example_task_group_decorator to 2025-05-07T16:11:10.494134+00:00, run_after=2025-05-08T16:11:10.494134+00:00
[2025-05-08T16:11:10.639+0000] {processor.py:179} INFO - Processing /home/airflow/.local/lib/python3.8/site-packages/airflow/example_dags/example_task_group_decorator.py took 0.454 seconds
[2025-05-08T16:11:40.757+0000] {processor.py:157} INFO - Started process (PID=144) to work on /home/airflow/.local/lib/python3.8/site-packages/airflow/example_dags/example_task_group_decorator.py
[2025-05-08T16:11:40.760+0000] {processor.py:829} INFO - Processing file /home/airflow/.local/lib/python3.8/site-packages/airflow/example_dags/example_task_group_decorator.py for tasks to queue
[2025-05-08T16:11:40.764+0000] {logging_mixin.py:154} INFO - [2025-05-08T16:11:40.764+0000] {dagbag.py:536} INFO - Filling up the DagBag from /home/airflow/.local/lib/python3.8/site-packages/airflow/example_dags/example_task_group_decorator.py
[2025-05-08T16:11:40.790+0000] {processor.py:839} INFO - DAG(s) dict_keys(['example_task_group_decorator']) retrieved from /home/airflow/.local/lib/python3.8/site-packages/airflow/example_dags/example_task_group_decorator.py
[2025-05-08T16:11:40.839+0000] {logging_mixin.py:154} INFO - [2025-05-08T16:11:40.839+0000] {dag.py:2941} INFO - Sync 1 DAGs
[2025-05-08T16:11:40.881+0000] {logging_mixin.py:154} INFO - [2025-05-08T16:11:40.881+0000] {dag.py:3722} INFO - Setting next_dagrun for example_task_group_decorator to 2025-05-07T16:11:40.880360+00:00, run_after=2025-05-08T16:11:40.880360+00:00
[2025-05-08T16:11:40.921+0000] {processor.py:179} INFO - Processing /home/airflow/.local/lib/python3.8/site-packages/airflow/example_dags/example_task_group_decorator.py took 0.172 seconds
[2025-05-08T16:12:11.196+0000] {processor.py:157} INFO - Started process (PID=199) to work on /home/airflow/.local/lib/python3.8/site-packages/airflow/example_dags/example_task_group_decorator.py
[2025-05-08T16:12:11.197+0000] {processor.py:829} INFO - Processing file /home/airflow/.local/lib/python3.8/site-packages/airflow/example_dags/example_task_group_decorator.py for tasks to queue
[2025-05-08T16:12:11.200+0000] {logging_mixin.py:154} INFO - [2025-05-08T16:12:11.200+0000] {dagbag.py:536} INFO - Filling up the DagBag from /home/airflow/.local/lib/python3.8/site-packages/airflow/example_dags/example_task_group_decorator.py
[2025-05-08T16:12:11.225+0000] {processor.py:839} INFO - DAG(s) dict_keys(['example_task_group_decorator']) retrieved from /home/airflow/.local/lib/python3.8/site-packages/airflow/example_dags/example_task_group_decorator.py
[2025-05-08T16:12:11.267+0000] {logging_mixin.py:154} INFO - [2025-05-08T16:12:11.266+0000] {dag.py:2941} INFO - Sync 1 DAGs
[2025-05-08T16:12:11.301+0000] {logging_mixin.py:154} INFO - [2025-05-08T16:12:11.301+0000] {dag.py:3722} INFO - Setting next_dagrun for example_task_group_decorator to 2025-05-07T16:12:11.300953+00:00, run_after=2025-05-08T16:12:11.300953+00:00
[2025-05-08T16:12:11.333+0000] {processor.py:179} INFO - Processing /home/airflow/.local/lib/python3.8/site-packages/airflow/example_dags/example_task_group_decorator.py took 0.141 seconds
[2025-05-08T16:12:41.943+0000] {processor.py:157} INFO - Started process (PID=254) to work on /home/airflow/.local/lib/python3.8/site-packages/airflow/example_dags/example_task_group_decorator.py
[2025-05-08T16:12:41.944+0000] {processor.py:829} INFO - Processing file /home/airflow/.local/lib/python3.8/site-packages/airflow/example_dags/example_task_group_decorator.py for tasks to queue
[2025-05-08T16:12:41.948+0000] {logging_mixin.py:154} INFO - [2025-05-08T16:12:41.948+0000] {dagbag.py:536} INFO - Filling up the DagBag from /home/airflow/.local/lib/python3.8/site-packages/airflow/example_dags/example_task_group_decorator.py
[2025-05-08T16:12:41.972+0000] {processor.py:839} INFO - DAG(s) dict_keys(['example_task_group_decorator']) retrieved from /home/airflow/.local/lib/python3.8/site-packages/airflow/example_dags/example_task_group_decorator.py
[2025-05-08T16:12:42.023+0000] {logging_mixin.py:154} INFO - [2025-05-08T16:12:42.022+0000] {dag.py:2941} INFO - Sync 1 DAGs
[2025-05-08T16:12:42.058+0000] {logging_mixin.py:154} INFO - [2025-05-08T16:12:42.058+0000] {dag.py:3722} INFO - Setting next_dagrun for example_task_group_decorator to 2025-05-07T16:12:42.057776+00:00, run_after=2025-05-08T16:12:42.057776+00:00
[2025-05-08T16:12:42.091+0000] {processor.py:179} INFO - Processing /home/airflow/.local/lib/python3.8/site-packages/airflow/example_dags/example_task_group_decorator.py took 0.153 seconds
[2025-05-08T16:13:12.402+0000] {processor.py:157} INFO - Started process (PID=309) to work on /home/airflow/.local/lib/python3.8/site-packages/airflow/example_dags/example_task_group_decorator.py
[2025-05-08T16:13:12.404+0000] {processor.py:829} INFO - Processing file /home/airflow/.local/lib/python3.8/site-packages/airflow/example_dags/example_task_group_decorator.py for tasks to queue
[2025-05-08T16:13:12.407+0000] {logging_mixin.py:154} INFO - [2025-05-08T16:13:12.407+0000] {dagbag.py:536} INFO - Filling up the DagBag from /home/airflow/.local/lib/python3.8/site-packages/airflow/example_dags/example_task_group_decorator.py
[2025-05-08T16:13:12.449+0000] {processor.py:839} INFO - DAG(s) dict_keys(['example_task_group_decorator']) retrieved from /home/airflow/.local/lib/python3.8/site-packages/airflow/example_dags/example_task_group_decorator.py
[2025-05-08T16:13:12.524+0000] {logging_mixin.py:154} INFO - [2025-05-08T16:13:12.523+0000] {dag.py:2941} INFO - Sync 1 DAGs
[2025-05-08T16:13:12.635+0000] {logging_mixin.py:154} INFO - [2025-05-08T16:13:12.634+0000] {dag.py:3722} INFO - Setting next_dagrun for example_task_group_decorator to 2025-05-07T16:13:12.634471+00:00, run_after=2025-05-08T16:13:12.634471+00:00
[2025-05-08T16:13:12.674+0000] {processor.py:179} INFO - Processing /home/airflow/.local/lib/python3.8/site-packages/airflow/example_dags/example_task_group_decorator.py took 0.278 seconds
[2025-05-08T16:13:43.171+0000] {processor.py:157} INFO - Started process (PID=364) to work on /home/airflow/.local/lib/python3.8/site-packages/airflow/example_dags/example_task_group_decorator.py
[2025-05-08T16:13:43.173+0000] {processor.py:829} INFO - Processing file /home/airflow/.local/lib/python3.8/site-packages/airflow/example_dags/example_task_group_decorator.py for tasks to queue
[2025-05-08T16:13:43.177+0000] {logging_mixin.py:154} INFO - [2025-05-08T16:13:43.176+0000] {dagbag.py:536} INFO - Filling up the DagBag from /home/airflow/.local/lib/python3.8/site-packages/airflow/example_dags/example_task_group_decorator.py
[2025-05-08T16:13:43.201+0000] {processor.py:839} INFO - DAG(s) dict_keys(['example_task_group_decorator']) retrieved from /home/airflow/.local/lib/python3.8/site-packages/airflow/example_dags/example_task_group_decorator.py
[2025-05-08T16:13:43.246+0000] {logging_mixin.py:154} INFO - [2025-05-08T16:13:43.245+0000] {dag.py:2941} INFO - Sync 1 DAGs
[2025-05-08T16:13:43.288+0000] {logging_mixin.py:154} INFO - [2025-05-08T16:13:43.288+0000] {dag.py:3722} INFO - Setting next_dagrun for example_task_group_decorator to 2025-05-07T16:13:43.288110+00:00, run_after=2025-05-08T16:13:43.288110+00:00
[2025-05-08T16:13:43.331+0000] {processor.py:179} INFO - Processing /home/airflow/.local/lib/python3.8/site-packages/airflow/example_dags/example_task_group_decorator.py took 0.167 seconds
[2025-05-08T16:14:13.805+0000] {processor.py:157} INFO - Started process (PID=419) to work on /home/airflow/.local/lib/python3.8/site-packages/airflow/example_dags/example_task_group_decorator.py
[2025-05-08T16:14:13.806+0000] {processor.py:829} INFO - Processing file /home/airflow/.local/lib/python3.8/site-packages/airflow/example_dags/example_task_group_decorator.py for tasks to queue
[2025-05-08T16:14:13.810+0000] {logging_mixin.py:154} INFO - [2025-05-08T16:14:13.809+0000] {dagbag.py:536} INFO - Filling up the DagBag from /home/airflow/.local/lib/python3.8/site-packages/airflow/example_dags/example_task_group_decorator.py
[2025-05-08T16:14:13.839+0000] {processor.py:839} INFO - DAG(s) dict_keys(['example_task_group_decorator']) retrieved from /home/airflow/.local/lib/python3.8/site-packages/airflow/example_dags/example_task_group_decorator.py
[2025-05-08T16:14:13.896+0000] {logging_mixin.py:154} INFO - [2025-05-08T16:14:13.896+0000] {dag.py:2941} INFO - Sync 1 DAGs
[2025-05-08T16:14:13.986+0000] {logging_mixin.py:154} INFO - [2025-05-08T16:14:13.985+0000] {dag.py:3722} INFO - Setting next_dagrun for example_task_group_decorator to 2025-05-07T16:14:13.985299+00:00, run_after=2025-05-08T16:14:13.985299+00:00
[2025-05-08T16:14:14.013+0000] {processor.py:179} INFO - Processing /home/airflow/.local/lib/python3.8/site-packages/airflow/example_dags/example_task_group_decorator.py took 0.213 seconds
[2025-05-08T16:14:44.771+0000] {processor.py:157} INFO - Started process (PID=474) to work on /home/airflow/.local/lib/python3.8/site-packages/airflow/example_dags/example_task_group_decorator.py
[2025-05-08T16:14:44.773+0000] {processor.py:829} INFO - Processing file /home/airflow/.local/lib/python3.8/site-packages/airflow/example_dags/example_task_group_decorator.py for tasks to queue
[2025-05-08T16:14:44.776+0000] {logging_mixin.py:154} INFO - [2025-05-08T16:14:44.776+0000] {dagbag.py:536} INFO - Filling up the DagBag from /home/airflow/.local/lib/python3.8/site-packages/airflow/example_dags/example_task_group_decorator.py
[2025-05-08T16:14:44.792+0000] {processor.py:839} INFO - DAG(s) dict_keys(['example_task_group_decorator']) retrieved from /home/airflow/.local/lib/python3.8/site-packages/airflow/example_dags/example_task_group_decorator.py
[2025-05-08T16:14:44.839+0000] {logging_mixin.py:154} INFO - [2025-05-08T16:14:44.838+0000] {dag.py:2941} INFO - Sync 1 DAGs
[2025-05-08T16:14:44.876+0000] {logging_mixin.py:154} INFO - [2025-05-08T16:14:44.875+0000] {dag.py:3722} INFO - Setting next_dagrun for example_task_group_decorator to 2025-05-07T16:14:44.875621+00:00, run_after=2025-05-08T16:14:44.875621+00:00
[2025-05-08T16:14:44.901+0000] {processor.py:179} INFO - Processing /home/airflow/.local/lib/python3.8/site-packages/airflow/example_dags/example_task_group_decorator.py took 0.136 seconds
[2025-05-08T16:15:15.772+0000] {processor.py:157} INFO - Started process (PID=529) to work on /home/airflow/.local/lib/python3.8/site-packages/airflow/example_dags/example_task_group_decorator.py
[2025-05-08T16:15:15.774+0000] {processor.py:829} INFO - Processing file /home/airflow/.local/lib/python3.8/site-packages/airflow/example_dags/example_task_group_decorator.py for tasks to queue
[2025-05-08T16:15:15.780+0000] {logging_mixin.py:154} INFO - [2025-05-08T16:15:15.779+0000] {dagbag.py:536} INFO - Filling up the DagBag from /home/airflow/.local/lib/python3.8/site-packages/airflow/example_dags/example_task_group_decorator.py
[2025-05-08T16:15:15.798+0000] {processor.py:839} INFO - DAG(s) dict_keys(['example_task_group_decorator']) retrieved from /home/airflow/.local/lib/python3.8/site-packages/airflow/example_dags/example_task_group_decorator.py
[2025-05-08T16:15:15.845+0000] {logging_mixin.py:154} INFO - [2025-05-08T16:15:15.844+0000] {dag.py:2941} INFO - Sync 1 DAGs
[2025-05-08T16:15:15.882+0000] {logging_mixin.py:154} INFO - [2025-05-08T16:15:15.882+0000] {dag.py:3722} INFO - Setting next_dagrun for example_task_group_decorator to 2025-05-07T16:15:15.881995+00:00, run_after=2025-05-08T16:15:15.881995+00:00
[2025-05-08T16:15:15.908+0000] {processor.py:179} INFO - Processing /home/airflow/.local/lib/python3.8/site-packages/airflow/example_dags/example_task_group_decorator.py took 0.142 seconds
[2025-05-08T16:15:47.019+0000] {processor.py:157} INFO - Started process (PID=584) to work on /home/airflow/.local/lib/python3.8/site-packages/airflow/example_dags/example_task_group_decorator.py
[2025-05-08T16:15:47.020+0000] {processor.py:829} INFO - Processing file /home/airflow/.local/lib/python3.8/site-packages/airflow/example_dags/example_task_group_decorator.py for tasks to queue
[2025-05-08T16:15:47.024+0000] {logging_mixin.py:154} INFO - [2025-05-08T16:15:47.024+0000] {dagbag.py:536} INFO - Filling up the DagBag from /home/airflow/.local/lib/python3.8/site-packages/airflow/example_dags/example_task_group_decorator.py
[2025-05-08T16:15:47.043+0000] {processor.py:839} INFO - DAG(s) dict_keys(['example_task_group_decorator']) retrieved from /home/airflow/.local/lib/python3.8/site-packages/airflow/example_dags/example_task_group_decorator.py
[2025-05-08T16:15:47.080+0000] {logging_mixin.py:154} INFO - [2025-05-08T16:15:47.080+0000] {dag.py:2941} INFO - Sync 1 DAGs
[2025-05-08T16:15:47.119+0000] {logging_mixin.py:154} INFO - [2025-05-08T16:15:47.119+0000] {dag.py:3722} INFO - Setting next_dagrun for example_task_group_decorator to 2025-05-07T16:15:47.118370+00:00, run_after=2025-05-08T16:15:47.118370+00:00
[2025-05-08T16:15:47.240+0000] {processor.py:179} INFO - Processing /home/airflow/.local/lib/python3.8/site-packages/airflow/example_dags/example_task_group_decorator.py took 0.225 seconds
[2025-05-08T16:16:17.595+0000] {processor.py:157} INFO - Started process (PID=639) to work on /home/airflow/.local/lib/python3.8/site-packages/airflow/example_dags/example_task_group_decorator.py
[2025-05-08T16:16:17.597+0000] {processor.py:829} INFO - Processing file /home/airflow/.local/lib/python3.8/site-packages/airflow/example_dags/example_task_group_decorator.py for tasks to queue
[2025-05-08T16:16:17.601+0000] {logging_mixin.py:154} INFO - [2025-05-08T16:16:17.601+0000] {dagbag.py:536} INFO - Filling up the DagBag from /home/airflow/.local/lib/python3.8/site-packages/airflow/example_dags/example_task_group_decorator.py
[2025-05-08T16:16:17.631+0000] {processor.py:839} INFO - DAG(s) dict_keys(['example_task_group_decorator']) retrieved from /home/airflow/.local/lib/python3.8/site-packages/airflow/example_dags/example_task_group_decorator.py
[2025-05-08T16:16:17.680+0000] {logging_mixin.py:154} INFO - [2025-05-08T16:16:17.679+0000] {dag.py:2941} INFO - Sync 1 DAGs
[2025-05-08T16:16:17.726+0000] {logging_mixin.py:154} INFO - [2025-05-08T16:16:17.726+0000] {dag.py:3722} INFO - Setting next_dagrun for example_task_group_decorator to 2025-05-07T16:16:17.726127+00:00, run_after=2025-05-08T16:16:17.726127+00:00
[2025-05-08T16:16:17.787+0000] {processor.py:179} INFO - Processing /home/airflow/.local/lib/python3.8/site-packages/airflow/example_dags/example_task_group_decorator.py took 0.196 seconds
[2025-05-08T16:16:48.275+0000] {processor.py:157} INFO - Started process (PID=693) to work on /home/airflow/.local/lib/python3.8/site-packages/airflow/example_dags/example_task_group_decorator.py
[2025-05-08T16:16:48.277+0000] {processor.py:829} INFO - Processing file /home/airflow/.local/lib/python3.8/site-packages/airflow/example_dags/example_task_group_decorator.py for tasks to queue
[2025-05-08T16:16:48.280+0000] {logging_mixin.py:154} INFO - [2025-05-08T16:16:48.279+0000] {dagbag.py:536} INFO - Filling up the DagBag from /home/airflow/.local/lib/python3.8/site-packages/airflow/example_dags/example_task_group_decorator.py
[2025-05-08T16:16:48.300+0000] {processor.py:839} INFO - DAG(s) dict_keys(['example_task_group_decorator']) retrieved from /home/airflow/.local/lib/python3.8/site-packages/airflow/example_dags/example_task_group_decorator.py
[2025-05-08T16:16:48.338+0000] {logging_mixin.py:154} INFO - [2025-05-08T16:16:48.338+0000] {dag.py:2941} INFO - Sync 1 DAGs
[2025-05-08T16:16:48.376+0000] {logging_mixin.py:154} INFO - [2025-05-08T16:16:48.376+0000] {dag.py:3722} INFO - Setting next_dagrun for example_task_group_decorator to 2025-05-07T16:16:48.375668+00:00, run_after=2025-05-08T16:16:48.375668+00:00
[2025-05-08T16:16:48.408+0000] {processor.py:179} INFO - Processing /home/airflow/.local/lib/python3.8/site-packages/airflow/example_dags/example_task_group_decorator.py took 0.137 seconds
[2025-05-08T16:17:18.593+0000] {processor.py:157} INFO - Started process (PID=748) to work on /home/airflow/.local/lib/python3.8/site-packages/airflow/example_dags/example_task_group_decorator.py
[2025-05-08T16:17:18.595+0000] {processor.py:829} INFO - Processing file /home/airflow/.local/lib/python3.8/site-packages/airflow/example_dags/example_task_group_decorator.py for tasks to queue
[2025-05-08T16:17:18.597+0000] {logging_mixin.py:154} INFO - [2025-05-08T16:17:18.597+0000] {dagbag.py:536} INFO - Filling up the DagBag from /home/airflow/.local/lib/python3.8/site-packages/airflow/example_dags/example_task_group_decorator.py
[2025-05-08T16:17:18.613+0000] {processor.py:839} INFO - DAG(s) dict_keys(['example_task_group_decorator']) retrieved from /home/airflow/.local/lib/python3.8/site-packages/airflow/example_dags/example_task_group_decorator.py
[2025-05-08T16:17:18.649+0000] {logging_mixin.py:154} INFO - [2025-05-08T16:17:18.649+0000] {dag.py:2941} INFO - Sync 1 DAGs
[2025-05-08T16:17:18.680+0000] {logging_mixin.py:154} INFO - [2025-05-08T16:17:18.679+0000] {dag.py:3722} INFO - Setting next_dagrun for example_task_group_decorator to 2025-05-07T16:17:18.679588+00:00, run_after=2025-05-08T16:17:18.679588+00:00
[2025-05-08T16:17:18.722+0000] {processor.py:179} INFO - Processing /home/airflow/.local/lib/python3.8/site-packages/airflow/example_dags/example_task_group_decorator.py took 0.132 seconds
[2025-05-08T16:17:48.789+0000] {processor.py:157} INFO - Started process (PID=803) to work on /home/airflow/.local/lib/python3.8/site-packages/airflow/example_dags/example_task_group_decorator.py
[2025-05-08T16:17:48.790+0000] {processor.py:829} INFO - Processing file /home/airflow/.local/lib/python3.8/site-packages/airflow/example_dags/example_task_group_decorator.py for tasks to queue
[2025-05-08T16:17:48.793+0000] {logging_mixin.py:154} INFO - [2025-05-08T16:17:48.793+0000] {dagbag.py:536} INFO - Filling up the DagBag from /home/airflow/.local/lib/python3.8/site-packages/airflow/example_dags/example_task_group_decorator.py
[2025-05-08T16:17:48.815+0000] {processor.py:839} INFO - DAG(s) dict_keys(['example_task_group_decorator']) retrieved from /home/airflow/.local/lib/python3.8/site-packages/airflow/example_dags/example_task_group_decorator.py
[2025-05-08T16:17:48.857+0000] {logging_mixin.py:154} INFO - [2025-05-08T16:17:48.857+0000] {dag.py:2941} INFO - Sync 1 DAGs
[2025-05-08T16:17:48.892+0000] {logging_mixin.py:154} INFO - [2025-05-08T16:17:48.891+0000] {dag.py:3722} INFO - Setting next_dagrun for example_task_group_decorator to 2025-05-07T16:17:48.891000+00:00, run_after=2025-05-08T16:17:48.891000+00:00
[2025-05-08T16:17:48.922+0000] {processor.py:179} INFO - Processing /home/airflow/.local/lib/python3.8/site-packages/airflow/example_dags/example_task_group_decorator.py took 0.137 seconds
