[2025-05-08T16:11:07.297+0000] {processor.py:157} INFO - Started process (PID=72) to work on /home/airflow/.local/lib/python3.8/site-packages/airflow/example_dags/example_setup_teardown_taskflow.py
[2025-05-08T16:11:07.301+0000] {processor.py:829} INFO - Processing file /home/airflow/.local/lib/python3.8/site-packages/airflow/example_dags/example_setup_teardown_taskflow.py for tasks to queue
[2025-05-08T16:11:07.304+0000] {logging_mixin.py:154} INFO - [2025-05-08T16:11:07.304+0000] {dagbag.py:536} INFO - Filling up the DagBag from /home/airflow/.local/lib/python3.8/site-packages/airflow/example_dags/example_setup_teardown_taskflow.py
[2025-05-08T16:11:07.328+0000] {processor.py:839} INFO - DAG(s) dict_keys(['example_setup_teardown_taskflow']) retrieved from /home/airflow/.local/lib/python3.8/site-packages/airflow/example_dags/example_setup_teardown_taskflow.py
[2025-05-08T16:11:07.398+0000] {logging_mixin.py:154} INFO - [2025-05-08T16:11:07.397+0000] {dag.py:2941} INFO - Sync 1 DAGs
[2025-05-08T16:11:07.451+0000] {logging_mixin.py:154} INFO - [2025-05-08T16:11:07.451+0000] {dag.py:3722} INFO - Setting next_dagrun for example_setup_teardown_taskflow to 2025-05-07T16:11:07.451192+00:00, run_after=2025-05-08T16:11:07.451192+00:00
[2025-05-08T16:11:07.496+0000] {processor.py:179} INFO - Processing /home/airflow/.local/lib/python3.8/site-packages/airflow/example_dags/example_setup_teardown_taskflow.py took 0.214 seconds
[2025-05-08T16:11:38.088+0000] {processor.py:157} INFO - Started process (PID=127) to work on /home/airflow/.local/lib/python3.8/site-packages/airflow/example_dags/example_setup_teardown_taskflow.py
[2025-05-08T16:11:38.089+0000] {processor.py:829} INFO - Processing file /home/airflow/.local/lib/python3.8/site-packages/airflow/example_dags/example_setup_teardown_taskflow.py for tasks to queue
[2025-05-08T16:11:38.092+0000] {logging_mixin.py:154} INFO - [2025-05-08T16:11:38.092+0000] {dagbag.py:536} INFO - Filling up the DagBag from /home/airflow/.local/lib/python3.8/site-packages/airflow/example_dags/example_setup_teardown_taskflow.py
[2025-05-08T16:11:38.105+0000] {processor.py:839} INFO - DAG(s) dict_keys(['example_setup_teardown_taskflow']) retrieved from /home/airflow/.local/lib/python3.8/site-packages/airflow/example_dags/example_setup_teardown_taskflow.py
[2025-05-08T16:11:38.143+0000] {logging_mixin.py:154} INFO - [2025-05-08T16:11:38.143+0000] {dag.py:2941} INFO - Sync 1 DAGs
[2025-05-08T16:11:38.180+0000] {logging_mixin.py:154} INFO - [2025-05-08T16:11:38.180+0000] {dag.py:3722} INFO - Setting next_dagrun for example_setup_teardown_taskflow to 2025-05-07T16:11:38.180129+00:00, run_after=2025-05-08T16:11:38.180129+00:00
[2025-05-08T16:11:38.213+0000] {processor.py:179} INFO - Processing /home/airflow/.local/lib/python3.8/site-packages/airflow/example_dags/example_setup_teardown_taskflow.py took 0.130 seconds
[2025-05-08T16:12:08.572+0000] {processor.py:157} INFO - Started process (PID=182) to work on /home/airflow/.local/lib/python3.8/site-packages/airflow/example_dags/example_setup_teardown_taskflow.py
[2025-05-08T16:12:08.574+0000] {processor.py:829} INFO - Processing file /home/airflow/.local/lib/python3.8/site-packages/airflow/example_dags/example_setup_teardown_taskflow.py for tasks to queue
[2025-05-08T16:12:08.578+0000] {logging_mixin.py:154} INFO - [2025-05-08T16:12:08.578+0000] {dagbag.py:536} INFO - Filling up the DagBag from /home/airflow/.local/lib/python3.8/site-packages/airflow/example_dags/example_setup_teardown_taskflow.py
[2025-05-08T16:12:08.589+0000] {processor.py:839} INFO - DAG(s) dict_keys(['example_setup_teardown_taskflow']) retrieved from /home/airflow/.local/lib/python3.8/site-packages/airflow/example_dags/example_setup_teardown_taskflow.py
[2025-05-08T16:12:08.615+0000] {logging_mixin.py:154} INFO - [2025-05-08T16:12:08.614+0000] {dag.py:2941} INFO - Sync 1 DAGs
[2025-05-08T16:12:08.639+0000] {logging_mixin.py:154} INFO - [2025-05-08T16:12:08.639+0000] {dag.py:3722} INFO - Setting next_dagrun for example_setup_teardown_taskflow to 2025-05-07T16:12:08.639391+00:00, run_after=2025-05-08T16:12:08.639391+00:00
[2025-05-08T16:12:08.664+0000] {processor.py:179} INFO - Processing /home/airflow/.local/lib/python3.8/site-packages/airflow/example_dags/example_setup_teardown_taskflow.py took 0.097 seconds
[2025-05-08T16:12:39.034+0000] {processor.py:157} INFO - Started process (PID=237) to work on /home/airflow/.local/lib/python3.8/site-packages/airflow/example_dags/example_setup_teardown_taskflow.py
[2025-05-08T16:12:39.036+0000] {processor.py:829} INFO - Processing file /home/airflow/.local/lib/python3.8/site-packages/airflow/example_dags/example_setup_teardown_taskflow.py for tasks to queue
[2025-05-08T16:12:39.040+0000] {logging_mixin.py:154} INFO - [2025-05-08T16:12:39.040+0000] {dagbag.py:536} INFO - Filling up the DagBag from /home/airflow/.local/lib/python3.8/site-packages/airflow/example_dags/example_setup_teardown_taskflow.py
[2025-05-08T16:12:39.057+0000] {processor.py:839} INFO - DAG(s) dict_keys(['example_setup_teardown_taskflow']) retrieved from /home/airflow/.local/lib/python3.8/site-packages/airflow/example_dags/example_setup_teardown_taskflow.py
[2025-05-08T16:12:39.093+0000] {logging_mixin.py:154} INFO - [2025-05-08T16:12:39.092+0000] {dag.py:2941} INFO - Sync 1 DAGs
[2025-05-08T16:12:39.127+0000] {logging_mixin.py:154} INFO - [2025-05-08T16:12:39.127+0000] {dag.py:3722} INFO - Setting next_dagrun for example_setup_teardown_taskflow to 2025-05-07T16:12:39.126963+00:00, run_after=2025-05-08T16:12:39.126963+00:00
[2025-05-08T16:12:39.172+0000] {processor.py:179} INFO - Processing /home/airflow/.local/lib/python3.8/site-packages/airflow/example_dags/example_setup_teardown_taskflow.py took 0.142 seconds
[2025-05-08T16:13:09.522+0000] {processor.py:157} INFO - Started process (PID=292) to work on /home/airflow/.local/lib/python3.8/site-packages/airflow/example_dags/example_setup_teardown_taskflow.py
[2025-05-08T16:13:09.524+0000] {processor.py:829} INFO - Processing file /home/airflow/.local/lib/python3.8/site-packages/airflow/example_dags/example_setup_teardown_taskflow.py for tasks to queue
[2025-05-08T16:13:09.546+0000] {logging_mixin.py:154} INFO - [2025-05-08T16:13:09.546+0000] {dagbag.py:536} INFO - Filling up the DagBag from /home/airflow/.local/lib/python3.8/site-packages/airflow/example_dags/example_setup_teardown_taskflow.py
[2025-05-08T16:13:09.560+0000] {processor.py:839} INFO - DAG(s) dict_keys(['example_setup_teardown_taskflow']) retrieved from /home/airflow/.local/lib/python3.8/site-packages/airflow/example_dags/example_setup_teardown_taskflow.py
[2025-05-08T16:13:09.598+0000] {logging_mixin.py:154} INFO - [2025-05-08T16:13:09.598+0000] {dag.py:2941} INFO - Sync 1 DAGs
[2025-05-08T16:13:09.639+0000] {logging_mixin.py:154} INFO - [2025-05-08T16:13:09.639+0000] {dag.py:3722} INFO - Setting next_dagrun for example_setup_teardown_taskflow to 2025-05-07T16:13:09.639194+00:00, run_after=2025-05-08T16:13:09.639194+00:00
[2025-05-08T16:13:09.670+0000] {processor.py:179} INFO - Processing /home/airflow/.local/lib/python3.8/site-packages/airflow/example_dags/example_setup_teardown_taskflow.py took 0.153 seconds
[2025-05-08T16:13:39.794+0000] {processor.py:157} INFO - Started process (PID=347) to work on /home/airflow/.local/lib/python3.8/site-packages/airflow/example_dags/example_setup_teardown_taskflow.py
[2025-05-08T16:13:39.796+0000] {processor.py:829} INFO - Processing file /home/airflow/.local/lib/python3.8/site-packages/airflow/example_dags/example_setup_teardown_taskflow.py for tasks to queue
[2025-05-08T16:13:39.800+0000] {logging_mixin.py:154} INFO - [2025-05-08T16:13:39.799+0000] {dagbag.py:536} INFO - Filling up the DagBag from /home/airflow/.local/lib/python3.8/site-packages/airflow/example_dags/example_setup_teardown_taskflow.py
[2025-05-08T16:13:39.814+0000] {processor.py:839} INFO - DAG(s) dict_keys(['example_setup_teardown_taskflow']) retrieved from /home/airflow/.local/lib/python3.8/site-packages/airflow/example_dags/example_setup_teardown_taskflow.py
[2025-05-08T16:13:39.858+0000] {logging_mixin.py:154} INFO - [2025-05-08T16:13:39.857+0000] {dag.py:2941} INFO - Sync 1 DAGs
[2025-05-08T16:13:39.884+0000] {logging_mixin.py:154} INFO - [2025-05-08T16:13:39.883+0000] {dag.py:3722} INFO - Setting next_dagrun for example_setup_teardown_taskflow to 2025-05-07T16:13:39.883513+00:00, run_after=2025-05-08T16:13:39.883513+00:00
[2025-05-08T16:13:39.917+0000] {processor.py:179} INFO - Processing /home/airflow/.local/lib/python3.8/site-packages/airflow/example_dags/example_setup_teardown_taskflow.py took 0.127 seconds
[2025-05-08T16:14:10.055+0000] {processor.py:157} INFO - Started process (PID=402) to work on /home/airflow/.local/lib/python3.8/site-packages/airflow/example_dags/example_setup_teardown_taskflow.py
[2025-05-08T16:14:10.056+0000] {processor.py:829} INFO - Processing file /home/airflow/.local/lib/python3.8/site-packages/airflow/example_dags/example_setup_teardown_taskflow.py for tasks to queue
[2025-05-08T16:14:10.059+0000] {logging_mixin.py:154} INFO - [2025-05-08T16:14:10.059+0000] {dagbag.py:536} INFO - Filling up the DagBag from /home/airflow/.local/lib/python3.8/site-packages/airflow/example_dags/example_setup_teardown_taskflow.py
[2025-05-08T16:14:10.069+0000] {processor.py:839} INFO - DAG(s) dict_keys(['example_setup_teardown_taskflow']) retrieved from /home/airflow/.local/lib/python3.8/site-packages/airflow/example_dags/example_setup_teardown_taskflow.py
[2025-05-08T16:14:10.095+0000] {logging_mixin.py:154} INFO - [2025-05-08T16:14:10.095+0000] {dag.py:2941} INFO - Sync 1 DAGs
[2025-05-08T16:14:10.117+0000] {logging_mixin.py:154} INFO - [2025-05-08T16:14:10.117+0000] {dag.py:3722} INFO - Setting next_dagrun for example_setup_teardown_taskflow to 2025-05-07T16:14:10.117026+00:00, run_after=2025-05-08T16:14:10.117026+00:00
[2025-05-08T16:14:10.137+0000] {processor.py:179} INFO - Processing /home/airflow/.local/lib/python3.8/site-packages/airflow/example_dags/example_setup_teardown_taskflow.py took 0.085 seconds
[2025-05-08T16:14:40.416+0000] {processor.py:157} INFO - Started process (PID=457) to work on /home/airflow/.local/lib/python3.8/site-packages/airflow/example_dags/example_setup_teardown_taskflow.py
[2025-05-08T16:14:40.417+0000] {processor.py:829} INFO - Processing file /home/airflow/.local/lib/python3.8/site-packages/airflow/example_dags/example_setup_teardown_taskflow.py for tasks to queue
[2025-05-08T16:14:40.420+0000] {logging_mixin.py:154} INFO - [2025-05-08T16:14:40.420+0000] {dagbag.py:536} INFO - Filling up the DagBag from /home/airflow/.local/lib/python3.8/site-packages/airflow/example_dags/example_setup_teardown_taskflow.py
[2025-05-08T16:14:40.430+0000] {processor.py:839} INFO - DAG(s) dict_keys(['example_setup_teardown_taskflow']) retrieved from /home/airflow/.local/lib/python3.8/site-packages/airflow/example_dags/example_setup_teardown_taskflow.py
[2025-05-08T16:14:40.455+0000] {logging_mixin.py:154} INFO - [2025-05-08T16:14:40.454+0000] {dag.py:2941} INFO - Sync 1 DAGs
[2025-05-08T16:14:40.479+0000] {logging_mixin.py:154} INFO - [2025-05-08T16:14:40.479+0000] {dag.py:3722} INFO - Setting next_dagrun for example_setup_teardown_taskflow to 2025-05-07T16:14:40.479362+00:00, run_after=2025-05-08T16:14:40.479362+00:00
[2025-05-08T16:14:40.499+0000] {processor.py:179} INFO - Processing /home/airflow/.local/lib/python3.8/site-packages/airflow/example_dags/example_setup_teardown_taskflow.py took 0.087 seconds
[2025-05-08T16:15:11.142+0000] {processor.py:157} INFO - Started process (PID=512) to work on /home/airflow/.local/lib/python3.8/site-packages/airflow/example_dags/example_setup_teardown_taskflow.py
[2025-05-08T16:15:11.143+0000] {processor.py:829} INFO - Processing file /home/airflow/.local/lib/python3.8/site-packages/airflow/example_dags/example_setup_teardown_taskflow.py for tasks to queue
[2025-05-08T16:15:11.149+0000] {logging_mixin.py:154} INFO - [2025-05-08T16:15:11.148+0000] {dagbag.py:536} INFO - Filling up the DagBag from /home/airflow/.local/lib/python3.8/site-packages/airflow/example_dags/example_setup_teardown_taskflow.py
[2025-05-08T16:15:11.173+0000] {processor.py:839} INFO - DAG(s) dict_keys(['example_setup_teardown_taskflow']) retrieved from /home/airflow/.local/lib/python3.8/site-packages/airflow/example_dags/example_setup_teardown_taskflow.py
[2025-05-08T16:15:11.273+0000] {logging_mixin.py:154} INFO - [2025-05-08T16:15:11.273+0000] {dag.py:2941} INFO - Sync 1 DAGs
[2025-05-08T16:15:11.346+0000] {logging_mixin.py:154} INFO - [2025-05-08T16:15:11.346+0000] {dag.py:3722} INFO - Setting next_dagrun for example_setup_teardown_taskflow to 2025-05-07T16:15:11.345973+00:00, run_after=2025-05-08T16:15:11.345973+00:00
[2025-05-08T16:15:11.377+0000] {processor.py:179} INFO - Processing /home/airflow/.local/lib/python3.8/site-packages/airflow/example_dags/example_setup_teardown_taskflow.py took 0.242 seconds
[2025-05-08T16:15:41.508+0000] {processor.py:157} INFO - Started process (PID=567) to work on /home/airflow/.local/lib/python3.8/site-packages/airflow/example_dags/example_setup_teardown_taskflow.py
[2025-05-08T16:15:41.509+0000] {processor.py:829} INFO - Processing file /home/airflow/.local/lib/python3.8/site-packages/airflow/example_dags/example_setup_teardown_taskflow.py for tasks to queue
[2025-05-08T16:15:41.512+0000] {logging_mixin.py:154} INFO - [2025-05-08T16:15:41.512+0000] {dagbag.py:536} INFO - Filling up the DagBag from /home/airflow/.local/lib/python3.8/site-packages/airflow/example_dags/example_setup_teardown_taskflow.py
[2025-05-08T16:15:41.522+0000] {processor.py:839} INFO - DAG(s) dict_keys(['example_setup_teardown_taskflow']) retrieved from /home/airflow/.local/lib/python3.8/site-packages/airflow/example_dags/example_setup_teardown_taskflow.py
[2025-05-08T16:15:41.550+0000] {logging_mixin.py:154} INFO - [2025-05-08T16:15:41.550+0000] {dag.py:2941} INFO - Sync 1 DAGs
[2025-05-08T16:15:41.578+0000] {logging_mixin.py:154} INFO - [2025-05-08T16:15:41.578+0000] {dag.py:3722} INFO - Setting next_dagrun for example_setup_teardown_taskflow to 2025-05-07T16:15:41.578042+00:00, run_after=2025-05-08T16:15:41.578042+00:00
[2025-05-08T16:15:41.600+0000] {processor.py:179} INFO - Processing /home/airflow/.local/lib/python3.8/site-packages/airflow/example_dags/example_setup_teardown_taskflow.py took 0.095 seconds
[2025-05-08T16:16:11.699+0000] {processor.py:157} INFO - Started process (PID=622) to work on /home/airflow/.local/lib/python3.8/site-packages/airflow/example_dags/example_setup_teardown_taskflow.py
[2025-05-08T16:16:11.701+0000] {processor.py:829} INFO - Processing file /home/airflow/.local/lib/python3.8/site-packages/airflow/example_dags/example_setup_teardown_taskflow.py for tasks to queue
[2025-05-08T16:16:11.704+0000] {logging_mixin.py:154} INFO - [2025-05-08T16:16:11.704+0000] {dagbag.py:536} INFO - Filling up the DagBag from /home/airflow/.local/lib/python3.8/site-packages/airflow/example_dags/example_setup_teardown_taskflow.py
[2025-05-08T16:16:11.717+0000] {processor.py:839} INFO - DAG(s) dict_keys(['example_setup_teardown_taskflow']) retrieved from /home/airflow/.local/lib/python3.8/site-packages/airflow/example_dags/example_setup_teardown_taskflow.py
[2025-05-08T16:16:11.742+0000] {logging_mixin.py:154} INFO - [2025-05-08T16:16:11.741+0000] {dag.py:2941} INFO - Sync 1 DAGs
[2025-05-08T16:16:11.765+0000] {logging_mixin.py:154} INFO - [2025-05-08T16:16:11.765+0000] {dag.py:3722} INFO - Setting next_dagrun for example_setup_teardown_taskflow to 2025-05-07T16:16:11.764915+00:00, run_after=2025-05-08T16:16:11.764915+00:00
[2025-05-08T16:16:11.802+0000] {processor.py:179} INFO - Processing /home/airflow/.local/lib/python3.8/site-packages/airflow/example_dags/example_setup_teardown_taskflow.py took 0.108 seconds
[2025-05-08T16:16:42.047+0000] {processor.py:157} INFO - Started process (PID=677) to work on /home/airflow/.local/lib/python3.8/site-packages/airflow/example_dags/example_setup_teardown_taskflow.py
[2025-05-08T16:16:42.048+0000] {processor.py:829} INFO - Processing file /home/airflow/.local/lib/python3.8/site-packages/airflow/example_dags/example_setup_teardown_taskflow.py for tasks to queue
[2025-05-08T16:16:42.051+0000] {logging_mixin.py:154} INFO - [2025-05-08T16:16:42.050+0000] {dagbag.py:536} INFO - Filling up the DagBag from /home/airflow/.local/lib/python3.8/site-packages/airflow/example_dags/example_setup_teardown_taskflow.py
[2025-05-08T16:16:42.060+0000] {processor.py:839} INFO - DAG(s) dict_keys(['example_setup_teardown_taskflow']) retrieved from /home/airflow/.local/lib/python3.8/site-packages/airflow/example_dags/example_setup_teardown_taskflow.py
[2025-05-08T16:16:42.085+0000] {logging_mixin.py:154} INFO - [2025-05-08T16:16:42.085+0000] {dag.py:2941} INFO - Sync 1 DAGs
[2025-05-08T16:16:42.110+0000] {logging_mixin.py:154} INFO - [2025-05-08T16:16:42.109+0000] {dag.py:3722} INFO - Setting next_dagrun for example_setup_teardown_taskflow to 2025-05-07T16:16:42.109577+00:00, run_after=2025-05-08T16:16:42.109577+00:00
[2025-05-08T16:16:42.132+0000] {processor.py:179} INFO - Processing /home/airflow/.local/lib/python3.8/site-packages/airflow/example_dags/example_setup_teardown_taskflow.py took 0.090 seconds
[2025-05-08T16:17:12.392+0000] {processor.py:157} INFO - Started process (PID=732) to work on /home/airflow/.local/lib/python3.8/site-packages/airflow/example_dags/example_setup_teardown_taskflow.py
[2025-05-08T16:17:12.393+0000] {processor.py:829} INFO - Processing file /home/airflow/.local/lib/python3.8/site-packages/airflow/example_dags/example_setup_teardown_taskflow.py for tasks to queue
[2025-05-08T16:17:12.395+0000] {logging_mixin.py:154} INFO - [2025-05-08T16:17:12.395+0000] {dagbag.py:536} INFO - Filling up the DagBag from /home/airflow/.local/lib/python3.8/site-packages/airflow/example_dags/example_setup_teardown_taskflow.py
[2025-05-08T16:17:12.405+0000] {processor.py:839} INFO - DAG(s) dict_keys(['example_setup_teardown_taskflow']) retrieved from /home/airflow/.local/lib/python3.8/site-packages/airflow/example_dags/example_setup_teardown_taskflow.py
[2025-05-08T16:17:12.431+0000] {logging_mixin.py:154} INFO - [2025-05-08T16:17:12.431+0000] {dag.py:2941} INFO - Sync 1 DAGs
[2025-05-08T16:17:12.456+0000] {logging_mixin.py:154} INFO - [2025-05-08T16:17:12.455+0000] {dag.py:3722} INFO - Setting next_dagrun for example_setup_teardown_taskflow to 2025-05-07T16:17:12.455616+00:00, run_after=2025-05-08T16:17:12.455616+00:00
[2025-05-08T16:17:12.486+0000] {processor.py:179} INFO - Processing /home/airflow/.local/lib/python3.8/site-packages/airflow/example_dags/example_setup_teardown_taskflow.py took 0.098 seconds
[2025-05-08T16:17:42.543+0000] {processor.py:157} INFO - Started process (PID=787) to work on /home/airflow/.local/lib/python3.8/site-packages/airflow/example_dags/example_setup_teardown_taskflow.py
[2025-05-08T16:17:42.545+0000] {processor.py:829} INFO - Processing file /home/airflow/.local/lib/python3.8/site-packages/airflow/example_dags/example_setup_teardown_taskflow.py for tasks to queue
[2025-05-08T16:17:42.547+0000] {logging_mixin.py:154} INFO - [2025-05-08T16:17:42.547+0000] {dagbag.py:536} INFO - Filling up the DagBag from /home/airflow/.local/lib/python3.8/site-packages/airflow/example_dags/example_setup_teardown_taskflow.py
[2025-05-08T16:17:42.558+0000] {processor.py:839} INFO - DAG(s) dict_keys(['example_setup_teardown_taskflow']) retrieved from /home/airflow/.local/lib/python3.8/site-packages/airflow/example_dags/example_setup_teardown_taskflow.py
[2025-05-08T16:17:42.587+0000] {logging_mixin.py:154} INFO - [2025-05-08T16:17:42.587+0000] {dag.py:2941} INFO - Sync 1 DAGs
[2025-05-08T16:17:42.608+0000] {logging_mixin.py:154} INFO - [2025-05-08T16:17:42.608+0000] {dag.py:3722} INFO - Setting next_dagrun for example_setup_teardown_taskflow to 2025-05-07T16:17:42.607642+00:00, run_after=2025-05-08T16:17:42.607642+00:00
[2025-05-08T16:17:42.629+0000] {processor.py:179} INFO - Processing /home/airflow/.local/lib/python3.8/site-packages/airflow/example_dags/example_setup_teardown_taskflow.py took 0.090 seconds
