[2025-05-08T16:11:11.256+0000] {processor.py:157} INFO - Started process (PID=93) to work on /home/airflow/.local/lib/python3.8/site-packages/airflow/example_dags/example_nested_branch_dag.py
[2025-05-08T16:11:11.258+0000] {processor.py:829} INFO - Processing file /home/airflow/.local/lib/python3.8/site-packages/airflow/example_dags/example_nested_branch_dag.py for tasks to queue
[2025-05-08T16:11:11.263+0000] {logging_mixin.py:154} INFO - [2025-05-08T16:11:11.263+0000] {dagbag.py:536} INFO - Filling up the DagBag from /home/airflow/.local/lib/python3.8/site-packages/airflow/example_dags/example_nested_branch_dag.py
[2025-05-08T16:11:11.291+0000] {processor.py:839} INFO - DAG(s) dict_keys(['example_nested_branch_dag']) retrieved from /home/airflow/.local/lib/python3.8/site-packages/airflow/example_dags/example_nested_branch_dag.py
[2025-05-08T16:11:11.402+0000] {logging_mixin.py:154} INFO - [2025-05-08T16:11:11.401+0000] {dag.py:2941} INFO - Sync 1 DAGs
[2025-05-08T16:11:11.495+0000] {logging_mixin.py:154} INFO - [2025-05-08T16:11:11.495+0000] {dag.py:3722} INFO - Setting next_dagrun for example_nested_branch_dag to 2025-05-07T00:00:00+00:00, run_after=2025-05-08T00:00:00+00:00
[2025-05-08T16:11:11.547+0000] {processor.py:179} INFO - Processing /home/airflow/.local/lib/python3.8/site-packages/airflow/example_dags/example_nested_branch_dag.py took 0.296 seconds
[2025-05-08T16:11:42.327+0000] {processor.py:157} INFO - Started process (PID=148) to work on /home/airflow/.local/lib/python3.8/site-packages/airflow/example_dags/example_nested_branch_dag.py
[2025-05-08T16:11:42.329+0000] {processor.py:829} INFO - Processing file /home/airflow/.local/lib/python3.8/site-packages/airflow/example_dags/example_nested_branch_dag.py for tasks to queue
[2025-05-08T16:11:42.333+0000] {logging_mixin.py:154} INFO - [2025-05-08T16:11:42.332+0000] {dagbag.py:536} INFO - Filling up the DagBag from /home/airflow/.local/lib/python3.8/site-packages/airflow/example_dags/example_nested_branch_dag.py
[2025-05-08T16:11:42.354+0000] {processor.py:839} INFO - DAG(s) dict_keys(['example_nested_branch_dag']) retrieved from /home/airflow/.local/lib/python3.8/site-packages/airflow/example_dags/example_nested_branch_dag.py
[2025-05-08T16:11:42.414+0000] {logging_mixin.py:154} INFO - [2025-05-08T16:11:42.413+0000] {dag.py:2941} INFO - Sync 1 DAGs
[2025-05-08T16:11:42.515+0000] {logging_mixin.py:154} INFO - [2025-05-08T16:11:42.515+0000] {dag.py:3722} INFO - Setting next_dagrun for example_nested_branch_dag to 2025-05-07T00:00:00+00:00, run_after=2025-05-08T00:00:00+00:00
[2025-05-08T16:11:42.611+0000] {processor.py:179} INFO - Processing /home/airflow/.local/lib/python3.8/site-packages/airflow/example_dags/example_nested_branch_dag.py took 0.291 seconds
[2025-05-08T16:12:12.754+0000] {processor.py:157} INFO - Started process (PID=204) to work on /home/airflow/.local/lib/python3.8/site-packages/airflow/example_dags/example_nested_branch_dag.py
[2025-05-08T16:12:12.755+0000] {processor.py:829} INFO - Processing file /home/airflow/.local/lib/python3.8/site-packages/airflow/example_dags/example_nested_branch_dag.py for tasks to queue
[2025-05-08T16:12:12.758+0000] {logging_mixin.py:154} INFO - [2025-05-08T16:12:12.757+0000] {dagbag.py:536} INFO - Filling up the DagBag from /home/airflow/.local/lib/python3.8/site-packages/airflow/example_dags/example_nested_branch_dag.py
[2025-05-08T16:12:12.770+0000] {processor.py:839} INFO - DAG(s) dict_keys(['example_nested_branch_dag']) retrieved from /home/airflow/.local/lib/python3.8/site-packages/airflow/example_dags/example_nested_branch_dag.py
[2025-05-08T16:12:12.797+0000] {logging_mixin.py:154} INFO - [2025-05-08T16:12:12.797+0000] {dag.py:2941} INFO - Sync 1 DAGs
[2025-05-08T16:12:12.825+0000] {logging_mixin.py:154} INFO - [2025-05-08T16:12:12.824+0000] {dag.py:3722} INFO - Setting next_dagrun for example_nested_branch_dag to 2025-05-07T00:00:00+00:00, run_after=2025-05-08T00:00:00+00:00
[2025-05-08T16:12:12.848+0000] {processor.py:179} INFO - Processing /home/airflow/.local/lib/python3.8/site-packages/airflow/example_dags/example_nested_branch_dag.py took 0.098 seconds
[2025-05-08T16:12:43.391+0000] {processor.py:157} INFO - Started process (PID=258) to work on /home/airflow/.local/lib/python3.8/site-packages/airflow/example_dags/example_nested_branch_dag.py
[2025-05-08T16:12:43.392+0000] {processor.py:829} INFO - Processing file /home/airflow/.local/lib/python3.8/site-packages/airflow/example_dags/example_nested_branch_dag.py for tasks to queue
[2025-05-08T16:12:43.396+0000] {logging_mixin.py:154} INFO - [2025-05-08T16:12:43.395+0000] {dagbag.py:536} INFO - Filling up the DagBag from /home/airflow/.local/lib/python3.8/site-packages/airflow/example_dags/example_nested_branch_dag.py
[2025-05-08T16:12:43.414+0000] {processor.py:839} INFO - DAG(s) dict_keys(['example_nested_branch_dag']) retrieved from /home/airflow/.local/lib/python3.8/site-packages/airflow/example_dags/example_nested_branch_dag.py
[2025-05-08T16:12:43.459+0000] {logging_mixin.py:154} INFO - [2025-05-08T16:12:43.458+0000] {dag.py:2941} INFO - Sync 1 DAGs
[2025-05-08T16:12:43.511+0000] {logging_mixin.py:154} INFO - [2025-05-08T16:12:43.511+0000] {dag.py:3722} INFO - Setting next_dagrun for example_nested_branch_dag to 2025-05-07T00:00:00+00:00, run_after=2025-05-08T00:00:00+00:00
[2025-05-08T16:12:43.549+0000] {processor.py:179} INFO - Processing /home/airflow/.local/lib/python3.8/site-packages/airflow/example_dags/example_nested_branch_dag.py took 0.164 seconds
[2025-05-08T16:13:13.902+0000] {processor.py:157} INFO - Started process (PID=313) to work on /home/airflow/.local/lib/python3.8/site-packages/airflow/example_dags/example_nested_branch_dag.py
[2025-05-08T16:13:13.905+0000] {processor.py:829} INFO - Processing file /home/airflow/.local/lib/python3.8/site-packages/airflow/example_dags/example_nested_branch_dag.py for tasks to queue
[2025-05-08T16:13:13.910+0000] {logging_mixin.py:154} INFO - [2025-05-08T16:13:13.909+0000] {dagbag.py:536} INFO - Filling up the DagBag from /home/airflow/.local/lib/python3.8/site-packages/airflow/example_dags/example_nested_branch_dag.py
[2025-05-08T16:13:13.934+0000] {processor.py:839} INFO - DAG(s) dict_keys(['example_nested_branch_dag']) retrieved from /home/airflow/.local/lib/python3.8/site-packages/airflow/example_dags/example_nested_branch_dag.py
[2025-05-08T16:13:14.002+0000] {logging_mixin.py:154} INFO - [2025-05-08T16:13:14.001+0000] {dag.py:2941} INFO - Sync 1 DAGs
[2025-05-08T16:13:14.097+0000] {logging_mixin.py:154} INFO - [2025-05-08T16:13:14.097+0000] {dag.py:3722} INFO - Setting next_dagrun for example_nested_branch_dag to 2025-05-07T00:00:00+00:00, run_after=2025-05-08T00:00:00+00:00
[2025-05-08T16:13:14.136+0000] {processor.py:179} INFO - Processing /home/airflow/.local/lib/python3.8/site-packages/airflow/example_dags/example_nested_branch_dag.py took 0.240 seconds
[2025-05-08T16:13:44.600+0000] {processor.py:157} INFO - Started process (PID=368) to work on /home/airflow/.local/lib/python3.8/site-packages/airflow/example_dags/example_nested_branch_dag.py
[2025-05-08T16:13:44.601+0000] {processor.py:829} INFO - Processing file /home/airflow/.local/lib/python3.8/site-packages/airflow/example_dags/example_nested_branch_dag.py for tasks to queue
[2025-05-08T16:13:44.604+0000] {logging_mixin.py:154} INFO - [2025-05-08T16:13:44.604+0000] {dagbag.py:536} INFO - Filling up the DagBag from /home/airflow/.local/lib/python3.8/site-packages/airflow/example_dags/example_nested_branch_dag.py
[2025-05-08T16:13:44.619+0000] {processor.py:839} INFO - DAG(s) dict_keys(['example_nested_branch_dag']) retrieved from /home/airflow/.local/lib/python3.8/site-packages/airflow/example_dags/example_nested_branch_dag.py
[2025-05-08T16:13:44.656+0000] {logging_mixin.py:154} INFO - [2025-05-08T16:13:44.656+0000] {dag.py:2941} INFO - Sync 1 DAGs
[2025-05-08T16:13:44.694+0000] {logging_mixin.py:154} INFO - [2025-05-08T16:13:44.694+0000] {dag.py:3722} INFO - Setting next_dagrun for example_nested_branch_dag to 2025-05-07T00:00:00+00:00, run_after=2025-05-08T00:00:00+00:00
[2025-05-08T16:13:44.728+0000] {processor.py:179} INFO - Processing /home/airflow/.local/lib/python3.8/site-packages/airflow/example_dags/example_nested_branch_dag.py took 0.134 seconds
[2025-05-08T16:14:15.333+0000] {processor.py:157} INFO - Started process (PID=423) to work on /home/airflow/.local/lib/python3.8/site-packages/airflow/example_dags/example_nested_branch_dag.py
[2025-05-08T16:14:15.334+0000] {processor.py:829} INFO - Processing file /home/airflow/.local/lib/python3.8/site-packages/airflow/example_dags/example_nested_branch_dag.py for tasks to queue
[2025-05-08T16:14:15.337+0000] {logging_mixin.py:154} INFO - [2025-05-08T16:14:15.337+0000] {dagbag.py:536} INFO - Filling up the DagBag from /home/airflow/.local/lib/python3.8/site-packages/airflow/example_dags/example_nested_branch_dag.py
[2025-05-08T16:14:15.350+0000] {processor.py:839} INFO - DAG(s) dict_keys(['example_nested_branch_dag']) retrieved from /home/airflow/.local/lib/python3.8/site-packages/airflow/example_dags/example_nested_branch_dag.py
[2025-05-08T16:14:15.387+0000] {logging_mixin.py:154} INFO - [2025-05-08T16:14:15.387+0000] {dag.py:2941} INFO - Sync 1 DAGs
[2025-05-08T16:14:15.427+0000] {logging_mixin.py:154} INFO - [2025-05-08T16:14:15.427+0000] {dag.py:3722} INFO - Setting next_dagrun for example_nested_branch_dag to 2025-05-07T00:00:00+00:00, run_after=2025-05-08T00:00:00+00:00
[2025-05-08T16:14:15.464+0000] {processor.py:179} INFO - Processing /home/airflow/.local/lib/python3.8/site-packages/airflow/example_dags/example_nested_branch_dag.py took 0.135 seconds
[2025-05-08T16:14:46.056+0000] {processor.py:157} INFO - Started process (PID=478) to work on /home/airflow/.local/lib/python3.8/site-packages/airflow/example_dags/example_nested_branch_dag.py
[2025-05-08T16:14:46.058+0000] {processor.py:829} INFO - Processing file /home/airflow/.local/lib/python3.8/site-packages/airflow/example_dags/example_nested_branch_dag.py for tasks to queue
[2025-05-08T16:14:46.062+0000] {logging_mixin.py:154} INFO - [2025-05-08T16:14:46.061+0000] {dagbag.py:536} INFO - Filling up the DagBag from /home/airflow/.local/lib/python3.8/site-packages/airflow/example_dags/example_nested_branch_dag.py
[2025-05-08T16:14:46.079+0000] {processor.py:839} INFO - DAG(s) dict_keys(['example_nested_branch_dag']) retrieved from /home/airflow/.local/lib/python3.8/site-packages/airflow/example_dags/example_nested_branch_dag.py
[2025-05-08T16:14:46.118+0000] {logging_mixin.py:154} INFO - [2025-05-08T16:14:46.117+0000] {dag.py:2941} INFO - Sync 1 DAGs
[2025-05-08T16:14:46.158+0000] {logging_mixin.py:154} INFO - [2025-05-08T16:14:46.158+0000] {dag.py:3722} INFO - Setting next_dagrun for example_nested_branch_dag to 2025-05-07T00:00:00+00:00, run_after=2025-05-08T00:00:00+00:00
[2025-05-08T16:14:46.195+0000] {processor.py:179} INFO - Processing /home/airflow/.local/lib/python3.8/site-packages/airflow/example_dags/example_nested_branch_dag.py took 0.142 seconds
[2025-05-08T16:15:17.117+0000] {processor.py:157} INFO - Started process (PID=533) to work on /home/airflow/.local/lib/python3.8/site-packages/airflow/example_dags/example_nested_branch_dag.py
[2025-05-08T16:15:17.118+0000] {processor.py:829} INFO - Processing file /home/airflow/.local/lib/python3.8/site-packages/airflow/example_dags/example_nested_branch_dag.py for tasks to queue
[2025-05-08T16:15:17.121+0000] {logging_mixin.py:154} INFO - [2025-05-08T16:15:17.121+0000] {dagbag.py:536} INFO - Filling up the DagBag from /home/airflow/.local/lib/python3.8/site-packages/airflow/example_dags/example_nested_branch_dag.py
[2025-05-08T16:15:17.135+0000] {processor.py:839} INFO - DAG(s) dict_keys(['example_nested_branch_dag']) retrieved from /home/airflow/.local/lib/python3.8/site-packages/airflow/example_dags/example_nested_branch_dag.py
[2025-05-08T16:15:17.170+0000] {logging_mixin.py:154} INFO - [2025-05-08T16:15:17.170+0000] {dag.py:2941} INFO - Sync 1 DAGs
[2025-05-08T16:15:17.208+0000] {logging_mixin.py:154} INFO - [2025-05-08T16:15:17.207+0000] {dag.py:3722} INFO - Setting next_dagrun for example_nested_branch_dag to 2025-05-07T00:00:00+00:00, run_after=2025-05-08T00:00:00+00:00
[2025-05-08T16:15:17.249+0000] {processor.py:179} INFO - Processing /home/airflow/.local/lib/python3.8/site-packages/airflow/example_dags/example_nested_branch_dag.py took 0.137 seconds
[2025-05-08T16:15:47.446+0000] {processor.py:157} INFO - Started process (PID=588) to work on /home/airflow/.local/lib/python3.8/site-packages/airflow/example_dags/example_nested_branch_dag.py
[2025-05-08T16:15:47.447+0000] {processor.py:829} INFO - Processing file /home/airflow/.local/lib/python3.8/site-packages/airflow/example_dags/example_nested_branch_dag.py for tasks to queue
[2025-05-08T16:15:47.450+0000] {logging_mixin.py:154} INFO - [2025-05-08T16:15:47.450+0000] {dagbag.py:536} INFO - Filling up the DagBag from /home/airflow/.local/lib/python3.8/site-packages/airflow/example_dags/example_nested_branch_dag.py
[2025-05-08T16:15:47.466+0000] {processor.py:839} INFO - DAG(s) dict_keys(['example_nested_branch_dag']) retrieved from /home/airflow/.local/lib/python3.8/site-packages/airflow/example_dags/example_nested_branch_dag.py
[2025-05-08T16:15:47.502+0000] {logging_mixin.py:154} INFO - [2025-05-08T16:15:47.502+0000] {dag.py:2941} INFO - Sync 1 DAGs
[2025-05-08T16:15:47.540+0000] {logging_mixin.py:154} INFO - [2025-05-08T16:15:47.540+0000] {dag.py:3722} INFO - Setting next_dagrun for example_nested_branch_dag to 2025-05-07T00:00:00+00:00, run_after=2025-05-08T00:00:00+00:00
[2025-05-08T16:15:47.571+0000] {processor.py:179} INFO - Processing /home/airflow/.local/lib/python3.8/site-packages/airflow/example_dags/example_nested_branch_dag.py took 0.129 seconds
[2025-05-08T16:16:18.251+0000] {processor.py:157} INFO - Started process (PID=643) to work on /home/airflow/.local/lib/python3.8/site-packages/airflow/example_dags/example_nested_branch_dag.py
[2025-05-08T16:16:18.252+0000] {processor.py:829} INFO - Processing file /home/airflow/.local/lib/python3.8/site-packages/airflow/example_dags/example_nested_branch_dag.py for tasks to queue
[2025-05-08T16:16:18.255+0000] {logging_mixin.py:154} INFO - [2025-05-08T16:16:18.255+0000] {dagbag.py:536} INFO - Filling up the DagBag from /home/airflow/.local/lib/python3.8/site-packages/airflow/example_dags/example_nested_branch_dag.py
[2025-05-08T16:16:18.270+0000] {processor.py:839} INFO - DAG(s) dict_keys(['example_nested_branch_dag']) retrieved from /home/airflow/.local/lib/python3.8/site-packages/airflow/example_dags/example_nested_branch_dag.py
[2025-05-08T16:16:18.308+0000] {logging_mixin.py:154} INFO - [2025-05-08T16:16:18.308+0000] {dag.py:2941} INFO - Sync 1 DAGs
[2025-05-08T16:16:18.345+0000] {logging_mixin.py:154} INFO - [2025-05-08T16:16:18.345+0000] {dag.py:3722} INFO - Setting next_dagrun for example_nested_branch_dag to 2025-05-07T00:00:00+00:00, run_after=2025-05-08T00:00:00+00:00
[2025-05-08T16:16:18.375+0000] {processor.py:179} INFO - Processing /home/airflow/.local/lib/python3.8/site-packages/airflow/example_dags/example_nested_branch_dag.py took 0.128 seconds
[2025-05-08T16:16:49.024+0000] {processor.py:157} INFO - Started process (PID=698) to work on /home/airflow/.local/lib/python3.8/site-packages/airflow/example_dags/example_nested_branch_dag.py
[2025-05-08T16:16:49.026+0000] {processor.py:829} INFO - Processing file /home/airflow/.local/lib/python3.8/site-packages/airflow/example_dags/example_nested_branch_dag.py for tasks to queue
[2025-05-08T16:16:49.030+0000] {logging_mixin.py:154} INFO - [2025-05-08T16:16:49.030+0000] {dagbag.py:536} INFO - Filling up the DagBag from /home/airflow/.local/lib/python3.8/site-packages/airflow/example_dags/example_nested_branch_dag.py
[2025-05-08T16:16:49.050+0000] {processor.py:839} INFO - DAG(s) dict_keys(['example_nested_branch_dag']) retrieved from /home/airflow/.local/lib/python3.8/site-packages/airflow/example_dags/example_nested_branch_dag.py
[2025-05-08T16:16:49.082+0000] {logging_mixin.py:154} INFO - [2025-05-08T16:16:49.082+0000] {dag.py:2941} INFO - Sync 1 DAGs
[2025-05-08T16:16:49.114+0000] {logging_mixin.py:154} INFO - [2025-05-08T16:16:49.114+0000] {dag.py:3722} INFO - Setting next_dagrun for example_nested_branch_dag to 2025-05-07T00:00:00+00:00, run_after=2025-05-08T00:00:00+00:00
[2025-05-08T16:16:49.140+0000] {processor.py:179} INFO - Processing /home/airflow/.local/lib/python3.8/site-packages/airflow/example_dags/example_nested_branch_dag.py took 0.123 seconds
[2025-05-08T16:17:20.004+0000] {processor.py:157} INFO - Started process (PID=753) to work on /home/airflow/.local/lib/python3.8/site-packages/airflow/example_dags/example_nested_branch_dag.py
[2025-05-08T16:17:20.006+0000] {processor.py:829} INFO - Processing file /home/airflow/.local/lib/python3.8/site-packages/airflow/example_dags/example_nested_branch_dag.py for tasks to queue
[2025-05-08T16:17:20.010+0000] {logging_mixin.py:154} INFO - [2025-05-08T16:17:20.009+0000] {dagbag.py:536} INFO - Filling up the DagBag from /home/airflow/.local/lib/python3.8/site-packages/airflow/example_dags/example_nested_branch_dag.py
[2025-05-08T16:17:20.025+0000] {processor.py:839} INFO - DAG(s) dict_keys(['example_nested_branch_dag']) retrieved from /home/airflow/.local/lib/python3.8/site-packages/airflow/example_dags/example_nested_branch_dag.py
[2025-05-08T16:17:20.069+0000] {logging_mixin.py:154} INFO - [2025-05-08T16:17:20.069+0000] {dag.py:2941} INFO - Sync 1 DAGs
[2025-05-08T16:17:20.100+0000] {logging_mixin.py:154} INFO - [2025-05-08T16:17:20.100+0000] {dag.py:3722} INFO - Setting next_dagrun for example_nested_branch_dag to 2025-05-07T00:00:00+00:00, run_after=2025-05-08T00:00:00+00:00
[2025-05-08T16:17:20.133+0000] {processor.py:179} INFO - Processing /home/airflow/.local/lib/python3.8/site-packages/airflow/example_dags/example_nested_branch_dag.py took 0.133 seconds
[2025-05-08T16:17:50.177+0000] {processor.py:157} INFO - Started process (PID=807) to work on /home/airflow/.local/lib/python3.8/site-packages/airflow/example_dags/example_nested_branch_dag.py
[2025-05-08T16:17:50.178+0000] {processor.py:829} INFO - Processing file /home/airflow/.local/lib/python3.8/site-packages/airflow/example_dags/example_nested_branch_dag.py for tasks to queue
[2025-05-08T16:17:50.181+0000] {logging_mixin.py:154} INFO - [2025-05-08T16:17:50.180+0000] {dagbag.py:536} INFO - Filling up the DagBag from /home/airflow/.local/lib/python3.8/site-packages/airflow/example_dags/example_nested_branch_dag.py
[2025-05-08T16:17:50.193+0000] {processor.py:839} INFO - DAG(s) dict_keys(['example_nested_branch_dag']) retrieved from /home/airflow/.local/lib/python3.8/site-packages/airflow/example_dags/example_nested_branch_dag.py
[2025-05-08T16:17:50.231+0000] {logging_mixin.py:154} INFO - [2025-05-08T16:17:50.230+0000] {dag.py:2941} INFO - Sync 1 DAGs
[2025-05-08T16:17:50.266+0000] {logging_mixin.py:154} INFO - [2025-05-08T16:17:50.266+0000] {dag.py:3722} INFO - Setting next_dagrun for example_nested_branch_dag to 2025-05-07T00:00:00+00:00, run_after=2025-05-08T00:00:00+00:00
[2025-05-08T16:17:50.292+0000] {processor.py:179} INFO - Processing /home/airflow/.local/lib/python3.8/site-packages/airflow/example_dags/example_nested_branch_dag.py took 0.121 seconds
