[2025-05-08T16:11:09.942+0000] {processor.py:157} INFO - Started process (PID=88) to work on /home/airflow/.local/lib/python3.8/site-packages/airflow/example_dags/example_params_trigger_ui.py
[2025-05-08T16:11:09.946+0000] {processor.py:829} INFO - Processing file /home/airflow/.local/lib/python3.8/site-packages/airflow/example_dags/example_params_trigger_ui.py for tasks to queue
[2025-05-08T16:11:09.950+0000] {logging_mixin.py:154} INFO - [2025-05-08T16:11:09.949+0000] {dagbag.py:536} INFO - Filling up the DagBag from /home/airflow/.local/lib/python3.8/site-packages/airflow/example_dags/example_params_trigger_ui.py
[2025-05-08T16:11:10.009+0000] {processor.py:839} INFO - DAG(s) dict_keys(['example_params_trigger_ui']) retrieved from /home/airflow/.local/lib/python3.8/site-packages/airflow/example_dags/example_params_trigger_ui.py
[2025-05-08T16:11:10.213+0000] {logging_mixin.py:154} INFO - [2025-05-08T16:11:10.213+0000] {dag.py:2941} INFO - Sync 1 DAGs
[2025-05-08T16:11:10.279+0000] {logging_mixin.py:154} INFO - [2025-05-08T16:11:10.279+0000] {dag.py:3722} INFO - Setting next_dagrun for example_params_trigger_ui to None, run_after=None
[2025-05-08T16:11:10.357+0000] {processor.py:179} INFO - Processing /home/airflow/.local/lib/python3.8/site-packages/airflow/example_dags/example_params_trigger_ui.py took 0.422 seconds
[2025-05-08T16:11:40.579+0000] {processor.py:157} INFO - Started process (PID=143) to work on /home/airflow/.local/lib/python3.8/site-packages/airflow/example_dags/example_params_trigger_ui.py
[2025-05-08T16:11:40.581+0000] {processor.py:829} INFO - Processing file /home/airflow/.local/lib/python3.8/site-packages/airflow/example_dags/example_params_trigger_ui.py for tasks to queue
[2025-05-08T16:11:40.585+0000] {logging_mixin.py:154} INFO - [2025-05-08T16:11:40.585+0000] {dagbag.py:536} INFO - Filling up the DagBag from /home/airflow/.local/lib/python3.8/site-packages/airflow/example_dags/example_params_trigger_ui.py
[2025-05-08T16:11:40.620+0000] {processor.py:839} INFO - DAG(s) dict_keys(['example_params_trigger_ui']) retrieved from /home/airflow/.local/lib/python3.8/site-packages/airflow/example_dags/example_params_trigger_ui.py
[2025-05-08T16:11:40.747+0000] {logging_mixin.py:154} INFO - [2025-05-08T16:11:40.747+0000] {dag.py:2941} INFO - Sync 1 DAGs
[2025-05-08T16:11:40.778+0000] {logging_mixin.py:154} INFO - [2025-05-08T16:11:40.777+0000] {dag.py:3722} INFO - Setting next_dagrun for example_params_trigger_ui to None, run_after=None
[2025-05-08T16:11:40.810+0000] {processor.py:179} INFO - Processing /home/airflow/.local/lib/python3.8/site-packages/airflow/example_dags/example_params_trigger_ui.py took 0.238 seconds
[2025-05-08T16:12:11.120+0000] {processor.py:157} INFO - Started process (PID=198) to work on /home/airflow/.local/lib/python3.8/site-packages/airflow/example_dags/example_params_trigger_ui.py
[2025-05-08T16:12:11.123+0000] {processor.py:829} INFO - Processing file /home/airflow/.local/lib/python3.8/site-packages/airflow/example_dags/example_params_trigger_ui.py for tasks to queue
[2025-05-08T16:12:11.128+0000] {logging_mixin.py:154} INFO - [2025-05-08T16:12:11.127+0000] {dagbag.py:536} INFO - Filling up the DagBag from /home/airflow/.local/lib/python3.8/site-packages/airflow/example_dags/example_params_trigger_ui.py
[2025-05-08T16:12:11.147+0000] {processor.py:839} INFO - DAG(s) dict_keys(['example_params_trigger_ui']) retrieved from /home/airflow/.local/lib/python3.8/site-packages/airflow/example_dags/example_params_trigger_ui.py
[2025-05-08T16:12:11.230+0000] {logging_mixin.py:154} INFO - [2025-05-08T16:12:11.230+0000] {dag.py:2941} INFO - Sync 1 DAGs
[2025-05-08T16:12:11.252+0000] {logging_mixin.py:154} INFO - [2025-05-08T16:12:11.251+0000] {dag.py:3722} INFO - Setting next_dagrun for example_params_trigger_ui to None, run_after=None
[2025-05-08T16:12:11.287+0000] {processor.py:179} INFO - Processing /home/airflow/.local/lib/python3.8/site-packages/airflow/example_dags/example_params_trigger_ui.py took 0.172 seconds
[2025-05-08T16:12:41.816+0000] {processor.py:157} INFO - Started process (PID=253) to work on /home/airflow/.local/lib/python3.8/site-packages/airflow/example_dags/example_params_trigger_ui.py
[2025-05-08T16:12:41.819+0000] {processor.py:829} INFO - Processing file /home/airflow/.local/lib/python3.8/site-packages/airflow/example_dags/example_params_trigger_ui.py for tasks to queue
[2025-05-08T16:12:41.824+0000] {logging_mixin.py:154} INFO - [2025-05-08T16:12:41.823+0000] {dagbag.py:536} INFO - Filling up the DagBag from /home/airflow/.local/lib/python3.8/site-packages/airflow/example_dags/example_params_trigger_ui.py
[2025-05-08T16:12:41.860+0000] {processor.py:839} INFO - DAG(s) dict_keys(['example_params_trigger_ui']) retrieved from /home/airflow/.local/lib/python3.8/site-packages/airflow/example_dags/example_params_trigger_ui.py
[2025-05-08T16:12:41.957+0000] {logging_mixin.py:154} INFO - [2025-05-08T16:12:41.956+0000] {dag.py:2941} INFO - Sync 1 DAGs
[2025-05-08T16:12:41.976+0000] {logging_mixin.py:154} INFO - [2025-05-08T16:12:41.976+0000] {dag.py:3722} INFO - Setting next_dagrun for example_params_trigger_ui to None, run_after=None
[2025-05-08T16:12:42.014+0000] {processor.py:179} INFO - Processing /home/airflow/.local/lib/python3.8/site-packages/airflow/example_dags/example_params_trigger_ui.py took 0.204 seconds
[2025-05-08T16:13:12.339+0000] {processor.py:157} INFO - Started process (PID=308) to work on /home/airflow/.local/lib/python3.8/site-packages/airflow/example_dags/example_params_trigger_ui.py
[2025-05-08T16:13:12.341+0000] {processor.py:829} INFO - Processing file /home/airflow/.local/lib/python3.8/site-packages/airflow/example_dags/example_params_trigger_ui.py for tasks to queue
[2025-05-08T16:13:12.344+0000] {logging_mixin.py:154} INFO - [2025-05-08T16:13:12.344+0000] {dagbag.py:536} INFO - Filling up the DagBag from /home/airflow/.local/lib/python3.8/site-packages/airflow/example_dags/example_params_trigger_ui.py
[2025-05-08T16:13:12.377+0000] {processor.py:839} INFO - DAG(s) dict_keys(['example_params_trigger_ui']) retrieved from /home/airflow/.local/lib/python3.8/site-packages/airflow/example_dags/example_params_trigger_ui.py
[2025-05-08T16:13:12.510+0000] {logging_mixin.py:154} INFO - [2025-05-08T16:13:12.509+0000] {dag.py:2941} INFO - Sync 1 DAGs
[2025-05-08T16:13:12.536+0000] {logging_mixin.py:154} INFO - [2025-05-08T16:13:12.536+0000] {dag.py:3722} INFO - Setting next_dagrun for example_params_trigger_ui to None, run_after=None
[2025-05-08T16:13:12.628+0000] {processor.py:179} INFO - Processing /home/airflow/.local/lib/python3.8/site-packages/airflow/example_dags/example_params_trigger_ui.py took 0.294 seconds
[2025-05-08T16:13:43.008+0000] {processor.py:157} INFO - Started process (PID=363) to work on /home/airflow/.local/lib/python3.8/site-packages/airflow/example_dags/example_params_trigger_ui.py
[2025-05-08T16:13:43.010+0000] {processor.py:829} INFO - Processing file /home/airflow/.local/lib/python3.8/site-packages/airflow/example_dags/example_params_trigger_ui.py for tasks to queue
[2025-05-08T16:13:43.017+0000] {logging_mixin.py:154} INFO - [2025-05-08T16:13:43.015+0000] {dagbag.py:536} INFO - Filling up the DagBag from /home/airflow/.local/lib/python3.8/site-packages/airflow/example_dags/example_params_trigger_ui.py
[2025-05-08T16:13:43.051+0000] {processor.py:839} INFO - DAG(s) dict_keys(['example_params_trigger_ui']) retrieved from /home/airflow/.local/lib/python3.8/site-packages/airflow/example_dags/example_params_trigger_ui.py
[2025-05-08T16:13:43.158+0000] {logging_mixin.py:154} INFO - [2025-05-08T16:13:43.157+0000] {dag.py:2941} INFO - Sync 1 DAGs
[2025-05-08T16:13:43.184+0000] {logging_mixin.py:154} INFO - [2025-05-08T16:13:43.184+0000] {dag.py:3722} INFO - Setting next_dagrun for example_params_trigger_ui to None, run_after=None
[2025-05-08T16:13:43.220+0000] {processor.py:179} INFO - Processing /home/airflow/.local/lib/python3.8/site-packages/airflow/example_dags/example_params_trigger_ui.py took 0.222 seconds
[2025-05-08T16:14:13.711+0000] {processor.py:157} INFO - Started process (PID=418) to work on /home/airflow/.local/lib/python3.8/site-packages/airflow/example_dags/example_params_trigger_ui.py
[2025-05-08T16:14:13.712+0000] {processor.py:829} INFO - Processing file /home/airflow/.local/lib/python3.8/site-packages/airflow/example_dags/example_params_trigger_ui.py for tasks to queue
[2025-05-08T16:14:13.716+0000] {logging_mixin.py:154} INFO - [2025-05-08T16:14:13.716+0000] {dagbag.py:536} INFO - Filling up the DagBag from /home/airflow/.local/lib/python3.8/site-packages/airflow/example_dags/example_params_trigger_ui.py
[2025-05-08T16:14:13.742+0000] {processor.py:839} INFO - DAG(s) dict_keys(['example_params_trigger_ui']) retrieved from /home/airflow/.local/lib/python3.8/site-packages/airflow/example_dags/example_params_trigger_ui.py
[2025-05-08T16:14:13.816+0000] {logging_mixin.py:154} INFO - [2025-05-08T16:14:13.816+0000] {dag.py:2941} INFO - Sync 1 DAGs
[2025-05-08T16:14:13.843+0000] {logging_mixin.py:154} INFO - [2025-05-08T16:14:13.842+0000] {dag.py:3722} INFO - Setting next_dagrun for example_params_trigger_ui to None, run_after=None
[2025-05-08T16:14:13.890+0000] {processor.py:179} INFO - Processing /home/airflow/.local/lib/python3.8/site-packages/airflow/example_dags/example_params_trigger_ui.py took 0.184 seconds
[2025-05-08T16:14:44.683+0000] {processor.py:157} INFO - Started process (PID=473) to work on /home/airflow/.local/lib/python3.8/site-packages/airflow/example_dags/example_params_trigger_ui.py
[2025-05-08T16:14:44.685+0000] {processor.py:829} INFO - Processing file /home/airflow/.local/lib/python3.8/site-packages/airflow/example_dags/example_params_trigger_ui.py for tasks to queue
[2025-05-08T16:14:44.687+0000] {logging_mixin.py:154} INFO - [2025-05-08T16:14:44.687+0000] {dagbag.py:536} INFO - Filling up the DagBag from /home/airflow/.local/lib/python3.8/site-packages/airflow/example_dags/example_params_trigger_ui.py
[2025-05-08T16:14:44.708+0000] {processor.py:839} INFO - DAG(s) dict_keys(['example_params_trigger_ui']) retrieved from /home/airflow/.local/lib/python3.8/site-packages/airflow/example_dags/example_params_trigger_ui.py
[2025-05-08T16:14:44.783+0000] {logging_mixin.py:154} INFO - [2025-05-08T16:14:44.783+0000] {dag.py:2941} INFO - Sync 1 DAGs
[2025-05-08T16:14:44.800+0000] {logging_mixin.py:154} INFO - [2025-05-08T16:14:44.800+0000] {dag.py:3722} INFO - Setting next_dagrun for example_params_trigger_ui to None, run_after=None
[2025-05-08T16:14:44.837+0000] {processor.py:179} INFO - Processing /home/airflow/.local/lib/python3.8/site-packages/airflow/example_dags/example_params_trigger_ui.py took 0.158 seconds
[2025-05-08T16:15:15.662+0000] {processor.py:157} INFO - Started process (PID=528) to work on /home/airflow/.local/lib/python3.8/site-packages/airflow/example_dags/example_params_trigger_ui.py
[2025-05-08T16:15:15.664+0000] {processor.py:829} INFO - Processing file /home/airflow/.local/lib/python3.8/site-packages/airflow/example_dags/example_params_trigger_ui.py for tasks to queue
[2025-05-08T16:15:15.668+0000] {logging_mixin.py:154} INFO - [2025-05-08T16:15:15.668+0000] {dagbag.py:536} INFO - Filling up the DagBag from /home/airflow/.local/lib/python3.8/site-packages/airflow/example_dags/example_params_trigger_ui.py
[2025-05-08T16:15:15.692+0000] {processor.py:839} INFO - DAG(s) dict_keys(['example_params_trigger_ui']) retrieved from /home/airflow/.local/lib/python3.8/site-packages/airflow/example_dags/example_params_trigger_ui.py
[2025-05-08T16:15:15.775+0000] {logging_mixin.py:154} INFO - [2025-05-08T16:15:15.774+0000] {dag.py:2941} INFO - Sync 1 DAGs
[2025-05-08T16:15:15.795+0000] {logging_mixin.py:154} INFO - [2025-05-08T16:15:15.794+0000] {dag.py:3722} INFO - Setting next_dagrun for example_params_trigger_ui to None, run_after=None
[2025-05-08T16:15:15.824+0000] {processor.py:179} INFO - Processing /home/airflow/.local/lib/python3.8/site-packages/airflow/example_dags/example_params_trigger_ui.py took 0.167 seconds
[2025-05-08T16:15:46.942+0000] {processor.py:157} INFO - Started process (PID=583) to work on /home/airflow/.local/lib/python3.8/site-packages/airflow/example_dags/example_params_trigger_ui.py
[2025-05-08T16:15:46.943+0000] {processor.py:829} INFO - Processing file /home/airflow/.local/lib/python3.8/site-packages/airflow/example_dags/example_params_trigger_ui.py for tasks to queue
[2025-05-08T16:15:46.946+0000] {logging_mixin.py:154} INFO - [2025-05-08T16:15:46.946+0000] {dagbag.py:536} INFO - Filling up the DagBag from /home/airflow/.local/lib/python3.8/site-packages/airflow/example_dags/example_params_trigger_ui.py
[2025-05-08T16:15:46.980+0000] {processor.py:839} INFO - DAG(s) dict_keys(['example_params_trigger_ui']) retrieved from /home/airflow/.local/lib/python3.8/site-packages/airflow/example_dags/example_params_trigger_ui.py
[2025-05-08T16:15:47.057+0000] {logging_mixin.py:154} INFO - [2025-05-08T16:15:47.056+0000] {dag.py:2941} INFO - Sync 1 DAGs
[2025-05-08T16:15:47.073+0000] {logging_mixin.py:154} INFO - [2025-05-08T16:15:47.073+0000] {dag.py:3722} INFO - Setting next_dagrun for example_params_trigger_ui to None, run_after=None
[2025-05-08T16:15:47.105+0000] {processor.py:179} INFO - Processing /home/airflow/.local/lib/python3.8/site-packages/airflow/example_dags/example_params_trigger_ui.py took 0.168 seconds
[2025-05-08T16:16:17.382+0000] {processor.py:157} INFO - Started process (PID=638) to work on /home/airflow/.local/lib/python3.8/site-packages/airflow/example_dags/example_params_trigger_ui.py
[2025-05-08T16:16:17.383+0000] {processor.py:829} INFO - Processing file /home/airflow/.local/lib/python3.8/site-packages/airflow/example_dags/example_params_trigger_ui.py for tasks to queue
[2025-05-08T16:16:17.389+0000] {logging_mixin.py:154} INFO - [2025-05-08T16:16:17.389+0000] {dagbag.py:536} INFO - Filling up the DagBag from /home/airflow/.local/lib/python3.8/site-packages/airflow/example_dags/example_params_trigger_ui.py
[2025-05-08T16:16:17.417+0000] {processor.py:839} INFO - DAG(s) dict_keys(['example_params_trigger_ui']) retrieved from /home/airflow/.local/lib/python3.8/site-packages/airflow/example_dags/example_params_trigger_ui.py
[2025-05-08T16:16:17.510+0000] {logging_mixin.py:154} INFO - [2025-05-08T16:16:17.509+0000] {dag.py:2941} INFO - Sync 1 DAGs
[2025-05-08T16:16:17.531+0000] {logging_mixin.py:154} INFO - [2025-05-08T16:16:17.530+0000] {dag.py:3722} INFO - Setting next_dagrun for example_params_trigger_ui to None, run_after=None
[2025-05-08T16:16:17.561+0000] {processor.py:179} INFO - Processing /home/airflow/.local/lib/python3.8/site-packages/airflow/example_dags/example_params_trigger_ui.py took 0.184 seconds
[2025-05-08T16:16:48.146+0000] {processor.py:157} INFO - Started process (PID=692) to work on /home/airflow/.local/lib/python3.8/site-packages/airflow/example_dags/example_params_trigger_ui.py
[2025-05-08T16:16:48.148+0000] {processor.py:829} INFO - Processing file /home/airflow/.local/lib/python3.8/site-packages/airflow/example_dags/example_params_trigger_ui.py for tasks to queue
[2025-05-08T16:16:48.154+0000] {logging_mixin.py:154} INFO - [2025-05-08T16:16:48.154+0000] {dagbag.py:536} INFO - Filling up the DagBag from /home/airflow/.local/lib/python3.8/site-packages/airflow/example_dags/example_params_trigger_ui.py
[2025-05-08T16:16:48.180+0000] {processor.py:839} INFO - DAG(s) dict_keys(['example_params_trigger_ui']) retrieved from /home/airflow/.local/lib/python3.8/site-packages/airflow/example_dags/example_params_trigger_ui.py
[2025-05-08T16:16:48.258+0000] {logging_mixin.py:154} INFO - [2025-05-08T16:16:48.258+0000] {dag.py:2941} INFO - Sync 1 DAGs
[2025-05-08T16:16:48.279+0000] {logging_mixin.py:154} INFO - [2025-05-08T16:16:48.279+0000] {dag.py:3722} INFO - Setting next_dagrun for example_params_trigger_ui to None, run_after=None
[2025-05-08T16:16:48.309+0000] {processor.py:179} INFO - Processing /home/airflow/.local/lib/python3.8/site-packages/airflow/example_dags/example_params_trigger_ui.py took 0.167 seconds
[2025-05-08T16:17:18.486+0000] {processor.py:157} INFO - Started process (PID=747) to work on /home/airflow/.local/lib/python3.8/site-packages/airflow/example_dags/example_params_trigger_ui.py
[2025-05-08T16:17:18.487+0000] {processor.py:829} INFO - Processing file /home/airflow/.local/lib/python3.8/site-packages/airflow/example_dags/example_params_trigger_ui.py for tasks to queue
[2025-05-08T16:17:18.492+0000] {logging_mixin.py:154} INFO - [2025-05-08T16:17:18.492+0000] {dagbag.py:536} INFO - Filling up the DagBag from /home/airflow/.local/lib/python3.8/site-packages/airflow/example_dags/example_params_trigger_ui.py
[2025-05-08T16:17:18.517+0000] {processor.py:839} INFO - DAG(s) dict_keys(['example_params_trigger_ui']) retrieved from /home/airflow/.local/lib/python3.8/site-packages/airflow/example_dags/example_params_trigger_ui.py
[2025-05-08T16:17:18.585+0000] {logging_mixin.py:154} INFO - [2025-05-08T16:17:18.585+0000] {dag.py:2941} INFO - Sync 1 DAGs
[2025-05-08T16:17:18.601+0000] {logging_mixin.py:154} INFO - [2025-05-08T16:17:18.601+0000] {dag.py:3722} INFO - Setting next_dagrun for example_params_trigger_ui to None, run_after=None
[2025-05-08T16:17:18.630+0000] {processor.py:179} INFO - Processing /home/airflow/.local/lib/python3.8/site-packages/airflow/example_dags/example_params_trigger_ui.py took 0.148 seconds
[2025-05-08T16:17:48.672+0000] {processor.py:157} INFO - Started process (PID=802) to work on /home/airflow/.local/lib/python3.8/site-packages/airflow/example_dags/example_params_trigger_ui.py
[2025-05-08T16:17:48.673+0000] {processor.py:829} INFO - Processing file /home/airflow/.local/lib/python3.8/site-packages/airflow/example_dags/example_params_trigger_ui.py for tasks to queue
[2025-05-08T16:17:48.677+0000] {logging_mixin.py:154} INFO - [2025-05-08T16:17:48.676+0000] {dagbag.py:536} INFO - Filling up the DagBag from /home/airflow/.local/lib/python3.8/site-packages/airflow/example_dags/example_params_trigger_ui.py
[2025-05-08T16:17:48.699+0000] {processor.py:839} INFO - DAG(s) dict_keys(['example_params_trigger_ui']) retrieved from /home/airflow/.local/lib/python3.8/site-packages/airflow/example_dags/example_params_trigger_ui.py
[2025-05-08T16:17:48.775+0000] {logging_mixin.py:154} INFO - [2025-05-08T16:17:48.775+0000] {dag.py:2941} INFO - Sync 1 DAGs
[2025-05-08T16:17:48.794+0000] {logging_mixin.py:154} INFO - [2025-05-08T16:17:48.794+0000] {dag.py:3722} INFO - Setting next_dagrun for example_params_trigger_ui to None, run_after=None
[2025-05-08T16:17:48.831+0000] {processor.py:179} INFO - Processing /home/airflow/.local/lib/python3.8/site-packages/airflow/example_dags/example_params_trigger_ui.py took 0.164 seconds
