[2025-05-08T16:11:09.613+0000] {processor.py:157} INFO - Started process (PID=86) to work on /home/airflow/.local/lib/python3.8/site-packages/airflow/example_dags/example_task_group.py
[2025-05-08T16:11:09.615+0000] {processor.py:829} INFO - Processing file /home/airflow/.local/lib/python3.8/site-packages/airflow/example_dags/example_task_group.py for tasks to queue
[2025-05-08T16:11:09.622+0000] {logging_mixin.py:154} INFO - [2025-05-08T16:11:09.621+0000] {dagbag.py:536} INFO - Filling up the DagBag from /home/airflow/.local/lib/python3.8/site-packages/airflow/example_dags/example_task_group.py
[2025-05-08T16:11:09.652+0000] {processor.py:839} INFO - DAG(s) dict_keys(['example_task_group']) retrieved from /home/airflow/.local/lib/python3.8/site-packages/airflow/example_dags/example_task_group.py
[2025-05-08T16:11:09.755+0000] {logging_mixin.py:154} INFO - [2025-05-08T16:11:09.754+0000] {dag.py:2941} INFO - Sync 1 DAGs
[2025-05-08T16:11:09.821+0000] {logging_mixin.py:154} INFO - [2025-05-08T16:11:09.821+0000] {dag.py:3722} INFO - Setting next_dagrun for example_task_group to 2025-05-07T16:11:09.820851+00:00, run_after=2025-05-08T16:11:09.820851+00:00
[2025-05-08T16:11:09.882+0000] {processor.py:179} INFO - Processing /home/airflow/.local/lib/python3.8/site-packages/airflow/example_dags/example_task_group.py took 0.297 seconds
[2025-05-08T16:11:40.342+0000] {processor.py:157} INFO - Started process (PID=141) to work on /home/airflow/.local/lib/python3.8/site-packages/airflow/example_dags/example_task_group.py
[2025-05-08T16:11:40.343+0000] {processor.py:829} INFO - Processing file /home/airflow/.local/lib/python3.8/site-packages/airflow/example_dags/example_task_group.py for tasks to queue
[2025-05-08T16:11:40.348+0000] {logging_mixin.py:154} INFO - [2025-05-08T16:11:40.348+0000] {dagbag.py:536} INFO - Filling up the DagBag from /home/airflow/.local/lib/python3.8/site-packages/airflow/example_dags/example_task_group.py
[2025-05-08T16:11:40.359+0000] {processor.py:839} INFO - DAG(s) dict_keys(['example_task_group']) retrieved from /home/airflow/.local/lib/python3.8/site-packages/airflow/example_dags/example_task_group.py
[2025-05-08T16:11:40.410+0000] {logging_mixin.py:154} INFO - [2025-05-08T16:11:40.409+0000] {dag.py:2941} INFO - Sync 1 DAGs
[2025-05-08T16:11:40.466+0000] {logging_mixin.py:154} INFO - [2025-05-08T16:11:40.466+0000] {dag.py:3722} INFO - Setting next_dagrun for example_task_group to 2025-05-07T16:11:40.465885+00:00, run_after=2025-05-08T16:11:40.465885+00:00
[2025-05-08T16:11:40.536+0000] {processor.py:179} INFO - Processing /home/airflow/.local/lib/python3.8/site-packages/airflow/example_dags/example_task_group.py took 0.202 seconds
[2025-05-08T16:12:10.966+0000] {processor.py:157} INFO - Started process (PID=196) to work on /home/airflow/.local/lib/python3.8/site-packages/airflow/example_dags/example_task_group.py
[2025-05-08T16:12:10.968+0000] {processor.py:829} INFO - Processing file /home/airflow/.local/lib/python3.8/site-packages/airflow/example_dags/example_task_group.py for tasks to queue
[2025-05-08T16:12:10.972+0000] {logging_mixin.py:154} INFO - [2025-05-08T16:12:10.972+0000] {dagbag.py:536} INFO - Filling up the DagBag from /home/airflow/.local/lib/python3.8/site-packages/airflow/example_dags/example_task_group.py
[2025-05-08T16:12:10.984+0000] {processor.py:839} INFO - DAG(s) dict_keys(['example_task_group']) retrieved from /home/airflow/.local/lib/python3.8/site-packages/airflow/example_dags/example_task_group.py
[2025-05-08T16:12:11.025+0000] {logging_mixin.py:154} INFO - [2025-05-08T16:12:11.024+0000] {dag.py:2941} INFO - Sync 1 DAGs
[2025-05-08T16:12:11.058+0000] {logging_mixin.py:154} INFO - [2025-05-08T16:12:11.058+0000] {dag.py:3722} INFO - Setting next_dagrun for example_task_group to 2025-05-07T16:12:11.058154+00:00, run_after=2025-05-08T16:12:11.058154+00:00
[2025-05-08T16:12:11.086+0000] {processor.py:179} INFO - Processing /home/airflow/.local/lib/python3.8/site-packages/airflow/example_dags/example_task_group.py took 0.126 seconds
[2025-05-08T16:12:41.547+0000] {processor.py:157} INFO - Started process (PID=251) to work on /home/airflow/.local/lib/python3.8/site-packages/airflow/example_dags/example_task_group.py
[2025-05-08T16:12:41.549+0000] {processor.py:829} INFO - Processing file /home/airflow/.local/lib/python3.8/site-packages/airflow/example_dags/example_task_group.py for tasks to queue
[2025-05-08T16:12:41.555+0000] {logging_mixin.py:154} INFO - [2025-05-08T16:12:41.554+0000] {dagbag.py:536} INFO - Filling up the DagBag from /home/airflow/.local/lib/python3.8/site-packages/airflow/example_dags/example_task_group.py
[2025-05-08T16:12:41.574+0000] {processor.py:839} INFO - DAG(s) dict_keys(['example_task_group']) retrieved from /home/airflow/.local/lib/python3.8/site-packages/airflow/example_dags/example_task_group.py
[2025-05-08T16:12:41.661+0000] {logging_mixin.py:154} INFO - [2025-05-08T16:12:41.660+0000] {dag.py:2941} INFO - Sync 1 DAGs
[2025-05-08T16:12:41.715+0000] {logging_mixin.py:154} INFO - [2025-05-08T16:12:41.714+0000] {dag.py:3722} INFO - Setting next_dagrun for example_task_group to 2025-05-07T16:12:41.714074+00:00, run_after=2025-05-08T16:12:41.714074+00:00
[2025-05-08T16:12:41.772+0000] {processor.py:179} INFO - Processing /home/airflow/.local/lib/python3.8/site-packages/airflow/example_dags/example_task_group.py took 0.233 seconds
[2025-05-08T16:13:12.170+0000] {processor.py:157} INFO - Started process (PID=306) to work on /home/airflow/.local/lib/python3.8/site-packages/airflow/example_dags/example_task_group.py
[2025-05-08T16:13:12.172+0000] {processor.py:829} INFO - Processing file /home/airflow/.local/lib/python3.8/site-packages/airflow/example_dags/example_task_group.py for tasks to queue
[2025-05-08T16:13:12.176+0000] {logging_mixin.py:154} INFO - [2025-05-08T16:13:12.175+0000] {dagbag.py:536} INFO - Filling up the DagBag from /home/airflow/.local/lib/python3.8/site-packages/airflow/example_dags/example_task_group.py
[2025-05-08T16:13:12.189+0000] {processor.py:839} INFO - DAG(s) dict_keys(['example_task_group']) retrieved from /home/airflow/.local/lib/python3.8/site-packages/airflow/example_dags/example_task_group.py
[2025-05-08T16:13:12.225+0000] {logging_mixin.py:154} INFO - [2025-05-08T16:13:12.224+0000] {dag.py:2941} INFO - Sync 1 DAGs
[2025-05-08T16:13:12.268+0000] {logging_mixin.py:154} INFO - [2025-05-08T16:13:12.267+0000] {dag.py:3722} INFO - Setting next_dagrun for example_task_group to 2025-05-07T16:13:12.267356+00:00, run_after=2025-05-08T16:13:12.267356+00:00
[2025-05-08T16:13:12.303+0000] {processor.py:179} INFO - Processing /home/airflow/.local/lib/python3.8/site-packages/airflow/example_dags/example_task_group.py took 0.139 seconds
[2025-05-08T16:13:42.776+0000] {processor.py:157} INFO - Started process (PID=361) to work on /home/airflow/.local/lib/python3.8/site-packages/airflow/example_dags/example_task_group.py
[2025-05-08T16:13:42.777+0000] {processor.py:829} INFO - Processing file /home/airflow/.local/lib/python3.8/site-packages/airflow/example_dags/example_task_group.py for tasks to queue
[2025-05-08T16:13:42.782+0000] {logging_mixin.py:154} INFO - [2025-05-08T16:13:42.781+0000] {dagbag.py:536} INFO - Filling up the DagBag from /home/airflow/.local/lib/python3.8/site-packages/airflow/example_dags/example_task_group.py
[2025-05-08T16:13:42.797+0000] {processor.py:839} INFO - DAG(s) dict_keys(['example_task_group']) retrieved from /home/airflow/.local/lib/python3.8/site-packages/airflow/example_dags/example_task_group.py
[2025-05-08T16:13:42.853+0000] {logging_mixin.py:154} INFO - [2025-05-08T16:13:42.852+0000] {dag.py:2941} INFO - Sync 1 DAGs
[2025-05-08T16:13:42.913+0000] {logging_mixin.py:154} INFO - [2025-05-08T16:13:42.912+0000] {dag.py:3722} INFO - Setting next_dagrun for example_task_group to 2025-05-07T16:13:42.911848+00:00, run_after=2025-05-08T16:13:42.911848+00:00
[2025-05-08T16:13:42.958+0000] {processor.py:179} INFO - Processing /home/airflow/.local/lib/python3.8/site-packages/airflow/example_dags/example_task_group.py took 0.188 seconds
[2025-05-08T16:14:13.560+0000] {processor.py:157} INFO - Started process (PID=416) to work on /home/airflow/.local/lib/python3.8/site-packages/airflow/example_dags/example_task_group.py
[2025-05-08T16:14:13.563+0000] {processor.py:829} INFO - Processing file /home/airflow/.local/lib/python3.8/site-packages/airflow/example_dags/example_task_group.py for tasks to queue
[2025-05-08T16:14:13.566+0000] {logging_mixin.py:154} INFO - [2025-05-08T16:14:13.566+0000] {dagbag.py:536} INFO - Filling up the DagBag from /home/airflow/.local/lib/python3.8/site-packages/airflow/example_dags/example_task_group.py
[2025-05-08T16:14:13.575+0000] {processor.py:839} INFO - DAG(s) dict_keys(['example_task_group']) retrieved from /home/airflow/.local/lib/python3.8/site-packages/airflow/example_dags/example_task_group.py
[2025-05-08T16:14:13.614+0000] {logging_mixin.py:154} INFO - [2025-05-08T16:14:13.614+0000] {dag.py:2941} INFO - Sync 1 DAGs
[2025-05-08T16:14:13.649+0000] {logging_mixin.py:154} INFO - [2025-05-08T16:14:13.648+0000] {dag.py:3722} INFO - Setting next_dagrun for example_task_group to 2025-05-07T16:14:13.648341+00:00, run_after=2025-05-08T16:14:13.648341+00:00
[2025-05-08T16:14:13.677+0000] {processor.py:179} INFO - Processing /home/airflow/.local/lib/python3.8/site-packages/airflow/example_dags/example_task_group.py took 0.122 seconds
[2025-05-08T16:14:44.538+0000] {processor.py:157} INFO - Started process (PID=471) to work on /home/airflow/.local/lib/python3.8/site-packages/airflow/example_dags/example_task_group.py
[2025-05-08T16:14:44.539+0000] {processor.py:829} INFO - Processing file /home/airflow/.local/lib/python3.8/site-packages/airflow/example_dags/example_task_group.py for tasks to queue
[2025-05-08T16:14:44.542+0000] {logging_mixin.py:154} INFO - [2025-05-08T16:14:44.542+0000] {dagbag.py:536} INFO - Filling up the DagBag from /home/airflow/.local/lib/python3.8/site-packages/airflow/example_dags/example_task_group.py
[2025-05-08T16:14:44.551+0000] {processor.py:839} INFO - DAG(s) dict_keys(['example_task_group']) retrieved from /home/airflow/.local/lib/python3.8/site-packages/airflow/example_dags/example_task_group.py
[2025-05-08T16:14:44.588+0000] {logging_mixin.py:154} INFO - [2025-05-08T16:14:44.588+0000] {dag.py:2941} INFO - Sync 1 DAGs
[2025-05-08T16:14:44.622+0000] {logging_mixin.py:154} INFO - [2025-05-08T16:14:44.622+0000] {dag.py:3722} INFO - Setting next_dagrun for example_task_group to 2025-05-07T16:14:44.621839+00:00, run_after=2025-05-08T16:14:44.621839+00:00
[2025-05-08T16:14:44.649+0000] {processor.py:179} INFO - Processing /home/airflow/.local/lib/python3.8/site-packages/airflow/example_dags/example_task_group.py took 0.116 seconds
[2025-05-08T16:15:15.508+0000] {processor.py:157} INFO - Started process (PID=526) to work on /home/airflow/.local/lib/python3.8/site-packages/airflow/example_dags/example_task_group.py
[2025-05-08T16:15:15.510+0000] {processor.py:829} INFO - Processing file /home/airflow/.local/lib/python3.8/site-packages/airflow/example_dags/example_task_group.py for tasks to queue
[2025-05-08T16:15:15.514+0000] {logging_mixin.py:154} INFO - [2025-05-08T16:15:15.513+0000] {dagbag.py:536} INFO - Filling up the DagBag from /home/airflow/.local/lib/python3.8/site-packages/airflow/example_dags/example_task_group.py
[2025-05-08T16:15:15.526+0000] {processor.py:839} INFO - DAG(s) dict_keys(['example_task_group']) retrieved from /home/airflow/.local/lib/python3.8/site-packages/airflow/example_dags/example_task_group.py
[2025-05-08T16:15:15.561+0000] {logging_mixin.py:154} INFO - [2025-05-08T16:15:15.561+0000] {dag.py:2941} INFO - Sync 1 DAGs
[2025-05-08T16:15:15.594+0000] {logging_mixin.py:154} INFO - [2025-05-08T16:15:15.593+0000] {dag.py:3722} INFO - Setting next_dagrun for example_task_group to 2025-05-07T16:15:15.593510+00:00, run_after=2025-05-08T16:15:15.593510+00:00
[2025-05-08T16:15:15.625+0000] {processor.py:179} INFO - Processing /home/airflow/.local/lib/python3.8/site-packages/airflow/example_dags/example_task_group.py took 0.125 seconds
[2025-05-08T16:15:46.605+0000] {processor.py:157} INFO - Started process (PID=581) to work on /home/airflow/.local/lib/python3.8/site-packages/airflow/example_dags/example_task_group.py
[2025-05-08T16:15:46.607+0000] {processor.py:829} INFO - Processing file /home/airflow/.local/lib/python3.8/site-packages/airflow/example_dags/example_task_group.py for tasks to queue
[2025-05-08T16:15:46.611+0000] {logging_mixin.py:154} INFO - [2025-05-08T16:15:46.611+0000] {dagbag.py:536} INFO - Filling up the DagBag from /home/airflow/.local/lib/python3.8/site-packages/airflow/example_dags/example_task_group.py
[2025-05-08T16:15:46.624+0000] {processor.py:839} INFO - DAG(s) dict_keys(['example_task_group']) retrieved from /home/airflow/.local/lib/python3.8/site-packages/airflow/example_dags/example_task_group.py
[2025-05-08T16:15:46.655+0000] {logging_mixin.py:154} INFO - [2025-05-08T16:15:46.655+0000] {dag.py:2941} INFO - Sync 1 DAGs
[2025-05-08T16:15:46.686+0000] {logging_mixin.py:154} INFO - [2025-05-08T16:15:46.686+0000] {dag.py:3722} INFO - Setting next_dagrun for example_task_group to 2025-05-07T16:15:46.685766+00:00, run_after=2025-05-08T16:15:46.685766+00:00
[2025-05-08T16:15:46.728+0000] {processor.py:179} INFO - Processing /home/airflow/.local/lib/python3.8/site-packages/airflow/example_dags/example_task_group.py took 0.128 seconds
[2025-05-08T16:16:17.018+0000] {processor.py:157} INFO - Started process (PID=635) to work on /home/airflow/.local/lib/python3.8/site-packages/airflow/example_dags/example_task_group.py
[2025-05-08T16:16:17.020+0000] {processor.py:829} INFO - Processing file /home/airflow/.local/lib/python3.8/site-packages/airflow/example_dags/example_task_group.py for tasks to queue
[2025-05-08T16:16:17.023+0000] {logging_mixin.py:154} INFO - [2025-05-08T16:16:17.023+0000] {dagbag.py:536} INFO - Filling up the DagBag from /home/airflow/.local/lib/python3.8/site-packages/airflow/example_dags/example_task_group.py
[2025-05-08T16:16:17.032+0000] {processor.py:839} INFO - DAG(s) dict_keys(['example_task_group']) retrieved from /home/airflow/.local/lib/python3.8/site-packages/airflow/example_dags/example_task_group.py
[2025-05-08T16:16:17.073+0000] {logging_mixin.py:154} INFO - [2025-05-08T16:16:17.072+0000] {dag.py:2941} INFO - Sync 1 DAGs
[2025-05-08T16:16:17.119+0000] {logging_mixin.py:154} INFO - [2025-05-08T16:16:17.119+0000] {dag.py:3722} INFO - Setting next_dagrun for example_task_group to 2025-05-07T16:16:17.118646+00:00, run_after=2025-05-08T16:16:17.118646+00:00
[2025-05-08T16:16:17.154+0000] {processor.py:179} INFO - Processing /home/airflow/.local/lib/python3.8/site-packages/airflow/example_dags/example_task_group.py took 0.142 seconds
[2025-05-08T16:16:47.971+0000] {processor.py:157} INFO - Started process (PID=690) to work on /home/airflow/.local/lib/python3.8/site-packages/airflow/example_dags/example_task_group.py
[2025-05-08T16:16:47.972+0000] {processor.py:829} INFO - Processing file /home/airflow/.local/lib/python3.8/site-packages/airflow/example_dags/example_task_group.py for tasks to queue
[2025-05-08T16:16:47.977+0000] {logging_mixin.py:154} INFO - [2025-05-08T16:16:47.977+0000] {dagbag.py:536} INFO - Filling up the DagBag from /home/airflow/.local/lib/python3.8/site-packages/airflow/example_dags/example_task_group.py
[2025-05-08T16:16:47.993+0000] {processor.py:839} INFO - DAG(s) dict_keys(['example_task_group']) retrieved from /home/airflow/.local/lib/python3.8/site-packages/airflow/example_dags/example_task_group.py
[2025-05-08T16:16:48.035+0000] {logging_mixin.py:154} INFO - [2025-05-08T16:16:48.034+0000] {dag.py:2941} INFO - Sync 1 DAGs
[2025-05-08T16:16:48.073+0000] {logging_mixin.py:154} INFO - [2025-05-08T16:16:48.073+0000] {dag.py:3722} INFO - Setting next_dagrun for example_task_group to 2025-05-07T16:16:48.072387+00:00, run_after=2025-05-08T16:16:48.072387+00:00
[2025-05-08T16:16:48.112+0000] {processor.py:179} INFO - Processing /home/airflow/.local/lib/python3.8/site-packages/airflow/example_dags/example_task_group.py took 0.145 seconds
[2025-05-08T16:17:18.357+0000] {processor.py:157} INFO - Started process (PID=745) to work on /home/airflow/.local/lib/python3.8/site-packages/airflow/example_dags/example_task_group.py
[2025-05-08T16:17:18.359+0000] {processor.py:829} INFO - Processing file /home/airflow/.local/lib/python3.8/site-packages/airflow/example_dags/example_task_group.py for tasks to queue
[2025-05-08T16:17:18.365+0000] {logging_mixin.py:154} INFO - [2025-05-08T16:17:18.364+0000] {dagbag.py:536} INFO - Filling up the DagBag from /home/airflow/.local/lib/python3.8/site-packages/airflow/example_dags/example_task_group.py
[2025-05-08T16:17:18.374+0000] {processor.py:839} INFO - DAG(s) dict_keys(['example_task_group']) retrieved from /home/airflow/.local/lib/python3.8/site-packages/airflow/example_dags/example_task_group.py
[2025-05-08T16:17:18.402+0000] {logging_mixin.py:154} INFO - [2025-05-08T16:17:18.401+0000] {dag.py:2941} INFO - Sync 1 DAGs
[2025-05-08T16:17:18.431+0000] {logging_mixin.py:154} INFO - [2025-05-08T16:17:18.431+0000] {dag.py:3722} INFO - Setting next_dagrun for example_task_group to 2025-05-07T16:17:18.431158+00:00, run_after=2025-05-08T16:17:18.431158+00:00
[2025-05-08T16:17:18.456+0000] {processor.py:179} INFO - Processing /home/airflow/.local/lib/python3.8/site-packages/airflow/example_dags/example_task_group.py took 0.103 seconds
[2025-05-08T16:17:48.515+0000] {processor.py:157} INFO - Started process (PID=800) to work on /home/airflow/.local/lib/python3.8/site-packages/airflow/example_dags/example_task_group.py
[2025-05-08T16:17:48.516+0000] {processor.py:829} INFO - Processing file /home/airflow/.local/lib/python3.8/site-packages/airflow/example_dags/example_task_group.py for tasks to queue
[2025-05-08T16:17:48.520+0000] {logging_mixin.py:154} INFO - [2025-05-08T16:17:48.520+0000] {dagbag.py:536} INFO - Filling up the DagBag from /home/airflow/.local/lib/python3.8/site-packages/airflow/example_dags/example_task_group.py
[2025-05-08T16:17:48.535+0000] {processor.py:839} INFO - DAG(s) dict_keys(['example_task_group']) retrieved from /home/airflow/.local/lib/python3.8/site-packages/airflow/example_dags/example_task_group.py
[2025-05-08T16:17:48.569+0000] {logging_mixin.py:154} INFO - [2025-05-08T16:17:48.569+0000] {dag.py:2941} INFO - Sync 1 DAGs
[2025-05-08T16:17:48.601+0000] {logging_mixin.py:154} INFO - [2025-05-08T16:17:48.600+0000] {dag.py:3722} INFO - Setting next_dagrun for example_task_group to 2025-05-07T16:17:48.600047+00:00, run_after=2025-05-08T16:17:48.600047+00:00
[2025-05-08T16:17:48.633+0000] {processor.py:179} INFO - Processing /home/airflow/.local/lib/python3.8/site-packages/airflow/example_dags/example_task_group.py took 0.122 seconds
