[2025-05-08T16:11:12.054+0000] {processor.py:157} INFO - Started process (PID=97) to work on /home/airflow/.local/lib/python3.8/site-packages/airflow/example_dags/example_sensor_decorator.py
[2025-05-08T16:11:12.056+0000] {processor.py:829} INFO - Processing file /home/airflow/.local/lib/python3.8/site-packages/airflow/example_dags/example_sensor_decorator.py for tasks to queue
[2025-05-08T16:11:12.061+0000] {logging_mixin.py:154} INFO - [2025-05-08T16:11:12.060+0000] {dagbag.py:536} INFO - Filling up the DagBag from /home/airflow/.local/lib/python3.8/site-packages/airflow/example_dags/example_sensor_decorator.py
[2025-05-08T16:11:12.076+0000] {processor.py:839} INFO - DAG(s) dict_keys(['example_sensor_decorator']) retrieved from /home/airflow/.local/lib/python3.8/site-packages/airflow/example_dags/example_sensor_decorator.py
[2025-05-08T16:11:12.134+0000] {logging_mixin.py:154} INFO - [2025-05-08T16:11:12.134+0000] {dag.py:2941} INFO - Sync 1 DAGs
[2025-05-08T16:11:12.178+0000] {logging_mixin.py:154} INFO - [2025-05-08T16:11:12.177+0000] {dag.py:3722} INFO - Setting next_dagrun for example_sensor_decorator to None, run_after=None
[2025-05-08T16:11:12.220+0000] {processor.py:179} INFO - Processing /home/airflow/.local/lib/python3.8/site-packages/airflow/example_dags/example_sensor_decorator.py took 0.174 seconds
[2025-05-08T16:11:42.834+0000] {processor.py:157} INFO - Started process (PID=152) to work on /home/airflow/.local/lib/python3.8/site-packages/airflow/example_dags/example_sensor_decorator.py
[2025-05-08T16:11:42.836+0000] {processor.py:829} INFO - Processing file /home/airflow/.local/lib/python3.8/site-packages/airflow/example_dags/example_sensor_decorator.py for tasks to queue
[2025-05-08T16:11:42.841+0000] {logging_mixin.py:154} INFO - [2025-05-08T16:11:42.839+0000] {dagbag.py:536} INFO - Filling up the DagBag from /home/airflow/.local/lib/python3.8/site-packages/airflow/example_dags/example_sensor_decorator.py
[2025-05-08T16:11:42.853+0000] {processor.py:839} INFO - DAG(s) dict_keys(['example_sensor_decorator']) retrieved from /home/airflow/.local/lib/python3.8/site-packages/airflow/example_dags/example_sensor_decorator.py
[2025-05-08T16:11:42.932+0000] {logging_mixin.py:154} INFO - [2025-05-08T16:11:42.932+0000] {dag.py:2941} INFO - Sync 1 DAGs
[2025-05-08T16:11:42.974+0000] {logging_mixin.py:154} INFO - [2025-05-08T16:11:42.974+0000] {dag.py:3722} INFO - Setting next_dagrun for example_sensor_decorator to None, run_after=None
[2025-05-08T16:11:43.008+0000] {processor.py:179} INFO - Processing /home/airflow/.local/lib/python3.8/site-packages/airflow/example_dags/example_sensor_decorator.py took 0.179 seconds
[2025-05-08T16:12:13.043+0000] {processor.py:157} INFO - Started process (PID=207) to work on /home/airflow/.local/lib/python3.8/site-packages/airflow/example_dags/example_sensor_decorator.py
[2025-05-08T16:12:13.044+0000] {processor.py:829} INFO - Processing file /home/airflow/.local/lib/python3.8/site-packages/airflow/example_dags/example_sensor_decorator.py for tasks to queue
[2025-05-08T16:12:13.047+0000] {logging_mixin.py:154} INFO - [2025-05-08T16:12:13.047+0000] {dagbag.py:536} INFO - Filling up the DagBag from /home/airflow/.local/lib/python3.8/site-packages/airflow/example_dags/example_sensor_decorator.py
[2025-05-08T16:12:13.054+0000] {processor.py:839} INFO - DAG(s) dict_keys(['example_sensor_decorator']) retrieved from /home/airflow/.local/lib/python3.8/site-packages/airflow/example_dags/example_sensor_decorator.py
[2025-05-08T16:12:13.098+0000] {logging_mixin.py:154} INFO - [2025-05-08T16:12:13.098+0000] {dag.py:2941} INFO - Sync 1 DAGs
[2025-05-08T16:12:13.125+0000] {logging_mixin.py:154} INFO - [2025-05-08T16:12:13.124+0000] {dag.py:3722} INFO - Setting next_dagrun for example_sensor_decorator to None, run_after=None
[2025-05-08T16:12:13.170+0000] {processor.py:179} INFO - Processing /home/airflow/.local/lib/python3.8/site-packages/airflow/example_dags/example_sensor_decorator.py took 0.131 seconds
[2025-05-08T16:12:43.734+0000] {processor.py:157} INFO - Started process (PID=262) to work on /home/airflow/.local/lib/python3.8/site-packages/airflow/example_dags/example_sensor_decorator.py
[2025-05-08T16:12:43.735+0000] {processor.py:829} INFO - Processing file /home/airflow/.local/lib/python3.8/site-packages/airflow/example_dags/example_sensor_decorator.py for tasks to queue
[2025-05-08T16:12:43.741+0000] {logging_mixin.py:154} INFO - [2025-05-08T16:12:43.739+0000] {dagbag.py:536} INFO - Filling up the DagBag from /home/airflow/.local/lib/python3.8/site-packages/airflow/example_dags/example_sensor_decorator.py
[2025-05-08T16:12:43.751+0000] {processor.py:839} INFO - DAG(s) dict_keys(['example_sensor_decorator']) retrieved from /home/airflow/.local/lib/python3.8/site-packages/airflow/example_dags/example_sensor_decorator.py
[2025-05-08T16:12:43.791+0000] {logging_mixin.py:154} INFO - [2025-05-08T16:12:43.790+0000] {dag.py:2941} INFO - Sync 1 DAGs
[2025-05-08T16:12:43.813+0000] {logging_mixin.py:154} INFO - [2025-05-08T16:12:43.812+0000] {dag.py:3722} INFO - Setting next_dagrun for example_sensor_decorator to None, run_after=None
[2025-05-08T16:12:43.843+0000] {processor.py:179} INFO - Processing /home/airflow/.local/lib/python3.8/site-packages/airflow/example_dags/example_sensor_decorator.py took 0.117 seconds
[2025-05-08T16:13:14.444+0000] {processor.py:157} INFO - Started process (PID=317) to work on /home/airflow/.local/lib/python3.8/site-packages/airflow/example_dags/example_sensor_decorator.py
[2025-05-08T16:13:14.446+0000] {processor.py:829} INFO - Processing file /home/airflow/.local/lib/python3.8/site-packages/airflow/example_dags/example_sensor_decorator.py for tasks to queue
[2025-05-08T16:13:14.449+0000] {logging_mixin.py:154} INFO - [2025-05-08T16:13:14.448+0000] {dagbag.py:536} INFO - Filling up the DagBag from /home/airflow/.local/lib/python3.8/site-packages/airflow/example_dags/example_sensor_decorator.py
[2025-05-08T16:13:14.457+0000] {processor.py:839} INFO - DAG(s) dict_keys(['example_sensor_decorator']) retrieved from /home/airflow/.local/lib/python3.8/site-packages/airflow/example_dags/example_sensor_decorator.py
[2025-05-08T16:13:14.490+0000] {logging_mixin.py:154} INFO - [2025-05-08T16:13:14.490+0000] {dag.py:2941} INFO - Sync 1 DAGs
[2025-05-08T16:13:14.516+0000] {logging_mixin.py:154} INFO - [2025-05-08T16:13:14.515+0000] {dag.py:3722} INFO - Setting next_dagrun for example_sensor_decorator to None, run_after=None
[2025-05-08T16:13:14.557+0000] {processor.py:179} INFO - Processing /home/airflow/.local/lib/python3.8/site-packages/airflow/example_dags/example_sensor_decorator.py took 0.120 seconds
[2025-05-08T16:13:44.963+0000] {processor.py:157} INFO - Started process (PID=372) to work on /home/airflow/.local/lib/python3.8/site-packages/airflow/example_dags/example_sensor_decorator.py
[2025-05-08T16:13:44.965+0000] {processor.py:829} INFO - Processing file /home/airflow/.local/lib/python3.8/site-packages/airflow/example_dags/example_sensor_decorator.py for tasks to queue
[2025-05-08T16:13:44.969+0000] {logging_mixin.py:154} INFO - [2025-05-08T16:13:44.968+0000] {dagbag.py:536} INFO - Filling up the DagBag from /home/airflow/.local/lib/python3.8/site-packages/airflow/example_dags/example_sensor_decorator.py
[2025-05-08T16:13:44.982+0000] {processor.py:839} INFO - DAG(s) dict_keys(['example_sensor_decorator']) retrieved from /home/airflow/.local/lib/python3.8/site-packages/airflow/example_dags/example_sensor_decorator.py
[2025-05-08T16:13:45.048+0000] {logging_mixin.py:154} INFO - [2025-05-08T16:13:45.047+0000] {dag.py:2941} INFO - Sync 1 DAGs
[2025-05-08T16:13:45.078+0000] {logging_mixin.py:154} INFO - [2025-05-08T16:13:45.078+0000] {dag.py:3722} INFO - Setting next_dagrun for example_sensor_decorator to None, run_after=None
[2025-05-08T16:13:45.141+0000] {processor.py:179} INFO - Processing /home/airflow/.local/lib/python3.8/site-packages/airflow/example_dags/example_sensor_decorator.py took 0.183 seconds
[2025-05-08T16:14:15.676+0000] {processor.py:157} INFO - Started process (PID=427) to work on /home/airflow/.local/lib/python3.8/site-packages/airflow/example_dags/example_sensor_decorator.py
[2025-05-08T16:14:15.677+0000] {processor.py:829} INFO - Processing file /home/airflow/.local/lib/python3.8/site-packages/airflow/example_dags/example_sensor_decorator.py for tasks to queue
[2025-05-08T16:14:15.680+0000] {logging_mixin.py:154} INFO - [2025-05-08T16:14:15.680+0000] {dagbag.py:536} INFO - Filling up the DagBag from /home/airflow/.local/lib/python3.8/site-packages/airflow/example_dags/example_sensor_decorator.py
[2025-05-08T16:14:15.691+0000] {processor.py:839} INFO - DAG(s) dict_keys(['example_sensor_decorator']) retrieved from /home/airflow/.local/lib/python3.8/site-packages/airflow/example_dags/example_sensor_decorator.py
[2025-05-08T16:14:15.724+0000] {logging_mixin.py:154} INFO - [2025-05-08T16:14:15.724+0000] {dag.py:2941} INFO - Sync 1 DAGs
[2025-05-08T16:14:15.743+0000] {logging_mixin.py:154} INFO - [2025-05-08T16:14:15.743+0000] {dag.py:3722} INFO - Setting next_dagrun for example_sensor_decorator to None, run_after=None
[2025-05-08T16:14:15.774+0000] {processor.py:179} INFO - Processing /home/airflow/.local/lib/python3.8/site-packages/airflow/example_dags/example_sensor_decorator.py took 0.104 seconds
[2025-05-08T16:14:46.400+0000] {processor.py:157} INFO - Started process (PID=482) to work on /home/airflow/.local/lib/python3.8/site-packages/airflow/example_dags/example_sensor_decorator.py
[2025-05-08T16:14:46.401+0000] {processor.py:829} INFO - Processing file /home/airflow/.local/lib/python3.8/site-packages/airflow/example_dags/example_sensor_decorator.py for tasks to queue
[2025-05-08T16:14:46.405+0000] {logging_mixin.py:154} INFO - [2025-05-08T16:14:46.404+0000] {dagbag.py:536} INFO - Filling up the DagBag from /home/airflow/.local/lib/python3.8/site-packages/airflow/example_dags/example_sensor_decorator.py
[2025-05-08T16:14:46.415+0000] {processor.py:839} INFO - DAG(s) dict_keys(['example_sensor_decorator']) retrieved from /home/airflow/.local/lib/python3.8/site-packages/airflow/example_dags/example_sensor_decorator.py
[2025-05-08T16:14:46.446+0000] {logging_mixin.py:154} INFO - [2025-05-08T16:14:46.446+0000] {dag.py:2941} INFO - Sync 1 DAGs
[2025-05-08T16:14:46.466+0000] {logging_mixin.py:154} INFO - [2025-05-08T16:14:46.465+0000] {dag.py:3722} INFO - Setting next_dagrun for example_sensor_decorator to None, run_after=None
[2025-05-08T16:14:46.488+0000] {processor.py:179} INFO - Processing /home/airflow/.local/lib/python3.8/site-packages/airflow/example_dags/example_sensor_decorator.py took 0.092 seconds
[2025-05-08T16:15:17.437+0000] {processor.py:157} INFO - Started process (PID=537) to work on /home/airflow/.local/lib/python3.8/site-packages/airflow/example_dags/example_sensor_decorator.py
[2025-05-08T16:15:17.440+0000] {processor.py:829} INFO - Processing file /home/airflow/.local/lib/python3.8/site-packages/airflow/example_dags/example_sensor_decorator.py for tasks to queue
[2025-05-08T16:15:17.444+0000] {logging_mixin.py:154} INFO - [2025-05-08T16:15:17.443+0000] {dagbag.py:536} INFO - Filling up the DagBag from /home/airflow/.local/lib/python3.8/site-packages/airflow/example_dags/example_sensor_decorator.py
[2025-05-08T16:15:17.452+0000] {processor.py:839} INFO - DAG(s) dict_keys(['example_sensor_decorator']) retrieved from /home/airflow/.local/lib/python3.8/site-packages/airflow/example_dags/example_sensor_decorator.py
[2025-05-08T16:15:17.481+0000] {logging_mixin.py:154} INFO - [2025-05-08T16:15:17.480+0000] {dag.py:2941} INFO - Sync 1 DAGs
[2025-05-08T16:15:17.502+0000] {logging_mixin.py:154} INFO - [2025-05-08T16:15:17.501+0000] {dag.py:3722} INFO - Setting next_dagrun for example_sensor_decorator to None, run_after=None
[2025-05-08T16:15:17.528+0000] {processor.py:179} INFO - Processing /home/airflow/.local/lib/python3.8/site-packages/airflow/example_dags/example_sensor_decorator.py took 0.096 seconds
[2025-05-08T16:15:47.783+0000] {processor.py:157} INFO - Started process (PID=592) to work on /home/airflow/.local/lib/python3.8/site-packages/airflow/example_dags/example_sensor_decorator.py
[2025-05-08T16:15:47.785+0000] {processor.py:829} INFO - Processing file /home/airflow/.local/lib/python3.8/site-packages/airflow/example_dags/example_sensor_decorator.py for tasks to queue
[2025-05-08T16:15:47.792+0000] {logging_mixin.py:154} INFO - [2025-05-08T16:15:47.791+0000] {dagbag.py:536} INFO - Filling up the DagBag from /home/airflow/.local/lib/python3.8/site-packages/airflow/example_dags/example_sensor_decorator.py
[2025-05-08T16:15:47.801+0000] {processor.py:839} INFO - DAG(s) dict_keys(['example_sensor_decorator']) retrieved from /home/airflow/.local/lib/python3.8/site-packages/airflow/example_dags/example_sensor_decorator.py
[2025-05-08T16:15:47.837+0000] {logging_mixin.py:154} INFO - [2025-05-08T16:15:47.837+0000] {dag.py:2941} INFO - Sync 1 DAGs
[2025-05-08T16:15:47.856+0000] {logging_mixin.py:154} INFO - [2025-05-08T16:15:47.856+0000] {dag.py:3722} INFO - Setting next_dagrun for example_sensor_decorator to None, run_after=None
[2025-05-08T16:15:47.935+0000] {processor.py:179} INFO - Processing /home/airflow/.local/lib/python3.8/site-packages/airflow/example_dags/example_sensor_decorator.py took 0.157 seconds
[2025-05-08T16:16:18.693+0000] {processor.py:157} INFO - Started process (PID=647) to work on /home/airflow/.local/lib/python3.8/site-packages/airflow/example_dags/example_sensor_decorator.py
[2025-05-08T16:16:18.694+0000] {processor.py:829} INFO - Processing file /home/airflow/.local/lib/python3.8/site-packages/airflow/example_dags/example_sensor_decorator.py for tasks to queue
[2025-05-08T16:16:18.698+0000] {logging_mixin.py:154} INFO - [2025-05-08T16:16:18.698+0000] {dagbag.py:536} INFO - Filling up the DagBag from /home/airflow/.local/lib/python3.8/site-packages/airflow/example_dags/example_sensor_decorator.py
[2025-05-08T16:16:18.707+0000] {processor.py:839} INFO - DAG(s) dict_keys(['example_sensor_decorator']) retrieved from /home/airflow/.local/lib/python3.8/site-packages/airflow/example_dags/example_sensor_decorator.py
[2025-05-08T16:16:18.745+0000] {logging_mixin.py:154} INFO - [2025-05-08T16:16:18.745+0000] {dag.py:2941} INFO - Sync 1 DAGs
[2025-05-08T16:16:18.764+0000] {logging_mixin.py:154} INFO - [2025-05-08T16:16:18.764+0000] {dag.py:3722} INFO - Setting next_dagrun for example_sensor_decorator to None, run_after=None
[2025-05-08T16:16:18.791+0000] {processor.py:179} INFO - Processing /home/airflow/.local/lib/python3.8/site-packages/airflow/example_dags/example_sensor_decorator.py took 0.108 seconds
[2025-05-08T16:16:49.354+0000] {processor.py:157} INFO - Started process (PID=702) to work on /home/airflow/.local/lib/python3.8/site-packages/airflow/example_dags/example_sensor_decorator.py
[2025-05-08T16:16:49.356+0000] {processor.py:829} INFO - Processing file /home/airflow/.local/lib/python3.8/site-packages/airflow/example_dags/example_sensor_decorator.py for tasks to queue
[2025-05-08T16:16:49.361+0000] {logging_mixin.py:154} INFO - [2025-05-08T16:16:49.360+0000] {dagbag.py:536} INFO - Filling up the DagBag from /home/airflow/.local/lib/python3.8/site-packages/airflow/example_dags/example_sensor_decorator.py
[2025-05-08T16:16:49.371+0000] {processor.py:839} INFO - DAG(s) dict_keys(['example_sensor_decorator']) retrieved from /home/airflow/.local/lib/python3.8/site-packages/airflow/example_dags/example_sensor_decorator.py
[2025-05-08T16:16:49.404+0000] {logging_mixin.py:154} INFO - [2025-05-08T16:16:49.403+0000] {dag.py:2941} INFO - Sync 1 DAGs
[2025-05-08T16:16:49.419+0000] {logging_mixin.py:154} INFO - [2025-05-08T16:16:49.419+0000] {dag.py:3722} INFO - Setting next_dagrun for example_sensor_decorator to None, run_after=None
[2025-05-08T16:16:49.450+0000] {processor.py:179} INFO - Processing /home/airflow/.local/lib/python3.8/site-packages/airflow/example_dags/example_sensor_decorator.py took 0.101 seconds
[2025-05-08T16:17:20.457+0000] {processor.py:157} INFO - Started process (PID=757) to work on /home/airflow/.local/lib/python3.8/site-packages/airflow/example_dags/example_sensor_decorator.py
[2025-05-08T16:17:20.459+0000] {processor.py:829} INFO - Processing file /home/airflow/.local/lib/python3.8/site-packages/airflow/example_dags/example_sensor_decorator.py for tasks to queue
[2025-05-08T16:17:20.466+0000] {logging_mixin.py:154} INFO - [2025-05-08T16:17:20.466+0000] {dagbag.py:536} INFO - Filling up the DagBag from /home/airflow/.local/lib/python3.8/site-packages/airflow/example_dags/example_sensor_decorator.py
[2025-05-08T16:17:20.475+0000] {processor.py:839} INFO - DAG(s) dict_keys(['example_sensor_decorator']) retrieved from /home/airflow/.local/lib/python3.8/site-packages/airflow/example_dags/example_sensor_decorator.py
[2025-05-08T16:17:20.500+0000] {logging_mixin.py:154} INFO - [2025-05-08T16:17:20.499+0000] {dag.py:2941} INFO - Sync 1 DAGs
[2025-05-08T16:17:20.514+0000] {logging_mixin.py:154} INFO - [2025-05-08T16:17:20.514+0000] {dag.py:3722} INFO - Setting next_dagrun for example_sensor_decorator to None, run_after=None
[2025-05-08T16:17:20.535+0000] {processor.py:179} INFO - Processing /home/airflow/.local/lib/python3.8/site-packages/airflow/example_dags/example_sensor_decorator.py took 0.084 seconds
[2025-05-08T16:17:51.215+0000] {processor.py:157} INFO - Started process (PID=812) to work on /home/airflow/.local/lib/python3.8/site-packages/airflow/example_dags/example_sensor_decorator.py
[2025-05-08T16:17:51.217+0000] {processor.py:829} INFO - Processing file /home/airflow/.local/lib/python3.8/site-packages/airflow/example_dags/example_sensor_decorator.py for tasks to queue
[2025-05-08T16:17:51.222+0000] {logging_mixin.py:154} INFO - [2025-05-08T16:17:51.221+0000] {dagbag.py:536} INFO - Filling up the DagBag from /home/airflow/.local/lib/python3.8/site-packages/airflow/example_dags/example_sensor_decorator.py
[2025-05-08T16:17:51.236+0000] {processor.py:839} INFO - DAG(s) dict_keys(['example_sensor_decorator']) retrieved from /home/airflow/.local/lib/python3.8/site-packages/airflow/example_dags/example_sensor_decorator.py
[2025-05-08T16:17:51.276+0000] {logging_mixin.py:154} INFO - [2025-05-08T16:17:51.275+0000] {dag.py:2941} INFO - Sync 1 DAGs
[2025-05-08T16:17:51.292+0000] {logging_mixin.py:154} INFO - [2025-05-08T16:17:51.292+0000] {dag.py:3722} INFO - Setting next_dagrun for example_sensor_decorator to None, run_after=None
[2025-05-08T16:17:51.328+0000] {processor.py:179} INFO - Processing /home/airflow/.local/lib/python3.8/site-packages/airflow/example_dags/example_sensor_decorator.py took 0.120 seconds
