[2025-05-08T16:11:09.302+0000] {processor.py:157} INFO - Started process (PID=83) to work on /home/airflow/.local/lib/python3.8/site-packages/airflow/example_dags/example_time_delta_sensor_async.py
[2025-05-08T16:11:09.305+0000] {processor.py:829} INFO - Processing file /home/airflow/.local/lib/python3.8/site-packages/airflow/example_dags/example_time_delta_sensor_async.py for tasks to queue
[2025-05-08T16:11:09.310+0000] {logging_mixin.py:154} INFO - [2025-05-08T16:11:09.310+0000] {dagbag.py:536} INFO - Filling up the DagBag from /home/airflow/.local/lib/python3.8/site-packages/airflow/example_dags/example_time_delta_sensor_async.py
[2025-05-08T16:11:09.321+0000] {processor.py:839} INFO - DAG(s) dict_keys(['example_time_delta_sensor_async']) retrieved from /home/airflow/.local/lib/python3.8/site-packages/airflow/example_dags/example_time_delta_sensor_async.py
[2025-05-08T16:11:09.370+0000] {logging_mixin.py:154} INFO - [2025-05-08T16:11:09.369+0000] {dag.py:2941} INFO - Sync 1 DAGs
[2025-05-08T16:11:09.399+0000] {logging_mixin.py:154} INFO - [2025-05-08T16:11:09.399+0000] {dag.py:3722} INFO - Setting next_dagrun for example_time_delta_sensor_async to None, run_after=None
[2025-05-08T16:11:09.440+0000] {processor.py:179} INFO - Processing /home/airflow/.local/lib/python3.8/site-packages/airflow/example_dags/example_time_delta_sensor_async.py took 0.150 seconds
[2025-05-08T16:11:39.986+0000] {processor.py:157} INFO - Started process (PID=138) to work on /home/airflow/.local/lib/python3.8/site-packages/airflow/example_dags/example_time_delta_sensor_async.py
[2025-05-08T16:11:39.988+0000] {processor.py:829} INFO - Processing file /home/airflow/.local/lib/python3.8/site-packages/airflow/example_dags/example_time_delta_sensor_async.py for tasks to queue
[2025-05-08T16:11:39.992+0000] {logging_mixin.py:154} INFO - [2025-05-08T16:11:39.991+0000] {dagbag.py:536} INFO - Filling up the DagBag from /home/airflow/.local/lib/python3.8/site-packages/airflow/example_dags/example_time_delta_sensor_async.py
[2025-05-08T16:11:40.001+0000] {processor.py:839} INFO - DAG(s) dict_keys(['example_time_delta_sensor_async']) retrieved from /home/airflow/.local/lib/python3.8/site-packages/airflow/example_dags/example_time_delta_sensor_async.py
[2025-05-08T16:11:40.041+0000] {logging_mixin.py:154} INFO - [2025-05-08T16:11:40.041+0000] {dag.py:2941} INFO - Sync 1 DAGs
[2025-05-08T16:11:40.062+0000] {logging_mixin.py:154} INFO - [2025-05-08T16:11:40.062+0000] {dag.py:3722} INFO - Setting next_dagrun for example_time_delta_sensor_async to None, run_after=None
[2025-05-08T16:11:40.100+0000] {processor.py:179} INFO - Processing /home/airflow/.local/lib/python3.8/site-packages/airflow/example_dags/example_time_delta_sensor_async.py took 0.119 seconds
[2025-05-08T16:12:10.749+0000] {processor.py:157} INFO - Started process (PID=193) to work on /home/airflow/.local/lib/python3.8/site-packages/airflow/example_dags/example_time_delta_sensor_async.py
[2025-05-08T16:12:10.751+0000] {processor.py:829} INFO - Processing file /home/airflow/.local/lib/python3.8/site-packages/airflow/example_dags/example_time_delta_sensor_async.py for tasks to queue
[2025-05-08T16:12:10.754+0000] {logging_mixin.py:154} INFO - [2025-05-08T16:12:10.753+0000] {dagbag.py:536} INFO - Filling up the DagBag from /home/airflow/.local/lib/python3.8/site-packages/airflow/example_dags/example_time_delta_sensor_async.py
[2025-05-08T16:12:10.762+0000] {processor.py:839} INFO - DAG(s) dict_keys(['example_time_delta_sensor_async']) retrieved from /home/airflow/.local/lib/python3.8/site-packages/airflow/example_dags/example_time_delta_sensor_async.py
[2025-05-08T16:12:10.800+0000] {logging_mixin.py:154} INFO - [2025-05-08T16:12:10.799+0000] {dag.py:2941} INFO - Sync 1 DAGs
[2025-05-08T16:12:10.818+0000] {logging_mixin.py:154} INFO - [2025-05-08T16:12:10.817+0000] {dag.py:3722} INFO - Setting next_dagrun for example_time_delta_sensor_async to None, run_after=None
[2025-05-08T16:12:10.854+0000] {processor.py:179} INFO - Processing /home/airflow/.local/lib/python3.8/site-packages/airflow/example_dags/example_time_delta_sensor_async.py took 0.109 seconds
[2025-05-08T16:12:41.325+0000] {processor.py:157} INFO - Started process (PID=248) to work on /home/airflow/.local/lib/python3.8/site-packages/airflow/example_dags/example_time_delta_sensor_async.py
[2025-05-08T16:12:41.327+0000] {processor.py:829} INFO - Processing file /home/airflow/.local/lib/python3.8/site-packages/airflow/example_dags/example_time_delta_sensor_async.py for tasks to queue
[2025-05-08T16:12:41.331+0000] {logging_mixin.py:154} INFO - [2025-05-08T16:12:41.331+0000] {dagbag.py:536} INFO - Filling up the DagBag from /home/airflow/.local/lib/python3.8/site-packages/airflow/example_dags/example_time_delta_sensor_async.py
[2025-05-08T16:12:41.341+0000] {processor.py:839} INFO - DAG(s) dict_keys(['example_time_delta_sensor_async']) retrieved from /home/airflow/.local/lib/python3.8/site-packages/airflow/example_dags/example_time_delta_sensor_async.py
[2025-05-08T16:12:41.382+0000] {logging_mixin.py:154} INFO - [2025-05-08T16:12:41.382+0000] {dag.py:2941} INFO - Sync 1 DAGs
[2025-05-08T16:12:41.400+0000] {logging_mixin.py:154} INFO - [2025-05-08T16:12:41.400+0000] {dag.py:3722} INFO - Setting next_dagrun for example_time_delta_sensor_async to None, run_after=None
[2025-05-08T16:12:41.431+0000] {processor.py:179} INFO - Processing /home/airflow/.local/lib/python3.8/site-packages/airflow/example_dags/example_time_delta_sensor_async.py took 0.113 seconds
[2025-05-08T16:13:11.667+0000] {processor.py:157} INFO - Started process (PID=303) to work on /home/airflow/.local/lib/python3.8/site-packages/airflow/example_dags/example_time_delta_sensor_async.py
[2025-05-08T16:13:11.670+0000] {processor.py:829} INFO - Processing file /home/airflow/.local/lib/python3.8/site-packages/airflow/example_dags/example_time_delta_sensor_async.py for tasks to queue
[2025-05-08T16:13:11.674+0000] {logging_mixin.py:154} INFO - [2025-05-08T16:13:11.674+0000] {dagbag.py:536} INFO - Filling up the DagBag from /home/airflow/.local/lib/python3.8/site-packages/airflow/example_dags/example_time_delta_sensor_async.py
[2025-05-08T16:13:11.684+0000] {processor.py:839} INFO - DAG(s) dict_keys(['example_time_delta_sensor_async']) retrieved from /home/airflow/.local/lib/python3.8/site-packages/airflow/example_dags/example_time_delta_sensor_async.py
[2025-05-08T16:13:11.725+0000] {logging_mixin.py:154} INFO - [2025-05-08T16:13:11.725+0000] {dag.py:2941} INFO - Sync 1 DAGs
[2025-05-08T16:13:11.746+0000] {logging_mixin.py:154} INFO - [2025-05-08T16:13:11.746+0000] {dag.py:3722} INFO - Setting next_dagrun for example_time_delta_sensor_async to None, run_after=None
[2025-05-08T16:13:11.780+0000] {processor.py:179} INFO - Processing /home/airflow/.local/lib/python3.8/site-packages/airflow/example_dags/example_time_delta_sensor_async.py took 0.119 seconds
[2025-05-08T16:13:42.594+0000] {processor.py:157} INFO - Started process (PID=358) to work on /home/airflow/.local/lib/python3.8/site-packages/airflow/example_dags/example_time_delta_sensor_async.py
[2025-05-08T16:13:42.595+0000] {processor.py:829} INFO - Processing file /home/airflow/.local/lib/python3.8/site-packages/airflow/example_dags/example_time_delta_sensor_async.py for tasks to queue
[2025-05-08T16:13:42.598+0000] {logging_mixin.py:154} INFO - [2025-05-08T16:13:42.597+0000] {dagbag.py:536} INFO - Filling up the DagBag from /home/airflow/.local/lib/python3.8/site-packages/airflow/example_dags/example_time_delta_sensor_async.py
[2025-05-08T16:13:42.603+0000] {processor.py:839} INFO - DAG(s) dict_keys(['example_time_delta_sensor_async']) retrieved from /home/airflow/.local/lib/python3.8/site-packages/airflow/example_dags/example_time_delta_sensor_async.py
[2025-05-08T16:13:42.641+0000] {logging_mixin.py:154} INFO - [2025-05-08T16:13:42.640+0000] {dag.py:2941} INFO - Sync 1 DAGs
[2025-05-08T16:13:42.654+0000] {logging_mixin.py:154} INFO - [2025-05-08T16:13:42.654+0000] {dag.py:3722} INFO - Setting next_dagrun for example_time_delta_sensor_async to None, run_after=None
[2025-05-08T16:13:42.686+0000] {processor.py:179} INFO - Processing /home/airflow/.local/lib/python3.8/site-packages/airflow/example_dags/example_time_delta_sensor_async.py took 0.098 seconds
[2025-05-08T16:14:13.422+0000] {processor.py:157} INFO - Started process (PID=413) to work on /home/airflow/.local/lib/python3.8/site-packages/airflow/example_dags/example_time_delta_sensor_async.py
[2025-05-08T16:14:13.424+0000] {processor.py:829} INFO - Processing file /home/airflow/.local/lib/python3.8/site-packages/airflow/example_dags/example_time_delta_sensor_async.py for tasks to queue
[2025-05-08T16:14:13.429+0000] {logging_mixin.py:154} INFO - [2025-05-08T16:14:13.429+0000] {dagbag.py:536} INFO - Filling up the DagBag from /home/airflow/.local/lib/python3.8/site-packages/airflow/example_dags/example_time_delta_sensor_async.py
[2025-05-08T16:14:13.438+0000] {processor.py:839} INFO - DAG(s) dict_keys(['example_time_delta_sensor_async']) retrieved from /home/airflow/.local/lib/python3.8/site-packages/airflow/example_dags/example_time_delta_sensor_async.py
[2025-05-08T16:14:13.467+0000] {logging_mixin.py:154} INFO - [2025-05-08T16:14:13.467+0000] {dag.py:2941} INFO - Sync 1 DAGs
[2025-05-08T16:14:13.481+0000] {logging_mixin.py:154} INFO - [2025-05-08T16:14:13.480+0000] {dag.py:3722} INFO - Setting next_dagrun for example_time_delta_sensor_async to None, run_after=None
[2025-05-08T16:14:13.505+0000] {processor.py:179} INFO - Processing /home/airflow/.local/lib/python3.8/site-packages/airflow/example_dags/example_time_delta_sensor_async.py took 0.088 seconds
[2025-05-08T16:14:44.050+0000] {processor.py:157} INFO - Started process (PID=468) to work on /home/airflow/.local/lib/python3.8/site-packages/airflow/example_dags/example_time_delta_sensor_async.py
[2025-05-08T16:14:44.051+0000] {processor.py:829} INFO - Processing file /home/airflow/.local/lib/python3.8/site-packages/airflow/example_dags/example_time_delta_sensor_async.py for tasks to queue
[2025-05-08T16:14:44.054+0000] {logging_mixin.py:154} INFO - [2025-05-08T16:14:44.053+0000] {dagbag.py:536} INFO - Filling up the DagBag from /home/airflow/.local/lib/python3.8/site-packages/airflow/example_dags/example_time_delta_sensor_async.py
[2025-05-08T16:14:44.061+0000] {processor.py:839} INFO - DAG(s) dict_keys(['example_time_delta_sensor_async']) retrieved from /home/airflow/.local/lib/python3.8/site-packages/airflow/example_dags/example_time_delta_sensor_async.py
[2025-05-08T16:14:44.090+0000] {logging_mixin.py:154} INFO - [2025-05-08T16:14:44.090+0000] {dag.py:2941} INFO - Sync 1 DAGs
[2025-05-08T16:14:44.105+0000] {logging_mixin.py:154} INFO - [2025-05-08T16:14:44.105+0000] {dag.py:3722} INFO - Setting next_dagrun for example_time_delta_sensor_async to None, run_after=None
[2025-05-08T16:14:44.136+0000] {processor.py:179} INFO - Processing /home/airflow/.local/lib/python3.8/site-packages/airflow/example_dags/example_time_delta_sensor_async.py took 0.091 seconds
[2025-05-08T16:15:15.022+0000] {processor.py:157} INFO - Started process (PID=523) to work on /home/airflow/.local/lib/python3.8/site-packages/airflow/example_dags/example_time_delta_sensor_async.py
[2025-05-08T16:15:15.027+0000] {processor.py:829} INFO - Processing file /home/airflow/.local/lib/python3.8/site-packages/airflow/example_dags/example_time_delta_sensor_async.py for tasks to queue
[2025-05-08T16:15:15.032+0000] {logging_mixin.py:154} INFO - [2025-05-08T16:15:15.031+0000] {dagbag.py:536} INFO - Filling up the DagBag from /home/airflow/.local/lib/python3.8/site-packages/airflow/example_dags/example_time_delta_sensor_async.py
[2025-05-08T16:15:15.041+0000] {processor.py:839} INFO - DAG(s) dict_keys(['example_time_delta_sensor_async']) retrieved from /home/airflow/.local/lib/python3.8/site-packages/airflow/example_dags/example_time_delta_sensor_async.py
[2025-05-08T16:15:15.083+0000] {logging_mixin.py:154} INFO - [2025-05-08T16:15:15.082+0000] {dag.py:2941} INFO - Sync 1 DAGs
[2025-05-08T16:15:15.108+0000] {logging_mixin.py:154} INFO - [2025-05-08T16:15:15.107+0000] {dag.py:3722} INFO - Setting next_dagrun for example_time_delta_sensor_async to None, run_after=None
[2025-05-08T16:15:15.146+0000] {processor.py:179} INFO - Processing /home/airflow/.local/lib/python3.8/site-packages/airflow/example_dags/example_time_delta_sensor_async.py took 0.132 seconds
[2025-05-08T16:15:45.330+0000] {processor.py:157} INFO - Started process (PID=577) to work on /home/airflow/.local/lib/python3.8/site-packages/airflow/example_dags/example_time_delta_sensor_async.py
[2025-05-08T16:15:45.331+0000] {processor.py:829} INFO - Processing file /home/airflow/.local/lib/python3.8/site-packages/airflow/example_dags/example_time_delta_sensor_async.py for tasks to queue
[2025-05-08T16:15:45.334+0000] {logging_mixin.py:154} INFO - [2025-05-08T16:15:45.334+0000] {dagbag.py:536} INFO - Filling up the DagBag from /home/airflow/.local/lib/python3.8/site-packages/airflow/example_dags/example_time_delta_sensor_async.py
[2025-05-08T16:15:45.341+0000] {processor.py:839} INFO - DAG(s) dict_keys(['example_time_delta_sensor_async']) retrieved from /home/airflow/.local/lib/python3.8/site-packages/airflow/example_dags/example_time_delta_sensor_async.py
[2025-05-08T16:15:45.383+0000] {logging_mixin.py:154} INFO - [2025-05-08T16:15:45.383+0000] {dag.py:2941} INFO - Sync 1 DAGs
[2025-05-08T16:15:45.400+0000] {logging_mixin.py:154} INFO - [2025-05-08T16:15:45.399+0000] {dag.py:3722} INFO - Setting next_dagrun for example_time_delta_sensor_async to None, run_after=None
[2025-05-08T16:15:45.434+0000] {processor.py:179} INFO - Processing /home/airflow/.local/lib/python3.8/site-packages/airflow/example_dags/example_time_delta_sensor_async.py took 0.109 seconds
[2025-05-08T16:16:15.866+0000] {processor.py:157} INFO - Started process (PID=632) to work on /home/airflow/.local/lib/python3.8/site-packages/airflow/example_dags/example_time_delta_sensor_async.py
[2025-05-08T16:16:15.869+0000] {processor.py:829} INFO - Processing file /home/airflow/.local/lib/python3.8/site-packages/airflow/example_dags/example_time_delta_sensor_async.py for tasks to queue
[2025-05-08T16:16:15.873+0000] {logging_mixin.py:154} INFO - [2025-05-08T16:16:15.872+0000] {dagbag.py:536} INFO - Filling up the DagBag from /home/airflow/.local/lib/python3.8/site-packages/airflow/example_dags/example_time_delta_sensor_async.py
[2025-05-08T16:16:15.882+0000] {processor.py:839} INFO - DAG(s) dict_keys(['example_time_delta_sensor_async']) retrieved from /home/airflow/.local/lib/python3.8/site-packages/airflow/example_dags/example_time_delta_sensor_async.py
[2025-05-08T16:16:15.926+0000] {logging_mixin.py:154} INFO - [2025-05-08T16:16:15.926+0000] {dag.py:2941} INFO - Sync 1 DAGs
[2025-05-08T16:16:15.943+0000] {logging_mixin.py:154} INFO - [2025-05-08T16:16:15.943+0000] {dag.py:3722} INFO - Setting next_dagrun for example_time_delta_sensor_async to None, run_after=None
[2025-05-08T16:16:15.977+0000] {processor.py:179} INFO - Processing /home/airflow/.local/lib/python3.8/site-packages/airflow/example_dags/example_time_delta_sensor_async.py took 0.122 seconds
[2025-05-08T16:16:46.819+0000] {processor.py:157} INFO - Started process (PID=687) to work on /home/airflow/.local/lib/python3.8/site-packages/airflow/example_dags/example_time_delta_sensor_async.py
[2025-05-08T16:16:46.820+0000] {processor.py:829} INFO - Processing file /home/airflow/.local/lib/python3.8/site-packages/airflow/example_dags/example_time_delta_sensor_async.py for tasks to queue
[2025-05-08T16:16:46.826+0000] {logging_mixin.py:154} INFO - [2025-05-08T16:16:46.825+0000] {dagbag.py:536} INFO - Filling up the DagBag from /home/airflow/.local/lib/python3.8/site-packages/airflow/example_dags/example_time_delta_sensor_async.py
[2025-05-08T16:16:46.835+0000] {processor.py:839} INFO - DAG(s) dict_keys(['example_time_delta_sensor_async']) retrieved from /home/airflow/.local/lib/python3.8/site-packages/airflow/example_dags/example_time_delta_sensor_async.py
[2025-05-08T16:16:46.870+0000] {logging_mixin.py:154} INFO - [2025-05-08T16:16:46.870+0000] {dag.py:2941} INFO - Sync 1 DAGs
[2025-05-08T16:16:46.887+0000] {logging_mixin.py:154} INFO - [2025-05-08T16:16:46.887+0000] {dag.py:3722} INFO - Setting next_dagrun for example_time_delta_sensor_async to None, run_after=None
[2025-05-08T16:16:46.925+0000] {processor.py:179} INFO - Processing /home/airflow/.local/lib/python3.8/site-packages/airflow/example_dags/example_time_delta_sensor_async.py took 0.110 seconds
[2025-05-08T16:17:17.193+0000] {processor.py:157} INFO - Started process (PID=742) to work on /home/airflow/.local/lib/python3.8/site-packages/airflow/example_dags/example_time_delta_sensor_async.py
[2025-05-08T16:17:17.195+0000] {processor.py:829} INFO - Processing file /home/airflow/.local/lib/python3.8/site-packages/airflow/example_dags/example_time_delta_sensor_async.py for tasks to queue
[2025-05-08T16:17:17.199+0000] {logging_mixin.py:154} INFO - [2025-05-08T16:17:17.198+0000] {dagbag.py:536} INFO - Filling up the DagBag from /home/airflow/.local/lib/python3.8/site-packages/airflow/example_dags/example_time_delta_sensor_async.py
[2025-05-08T16:17:17.209+0000] {processor.py:839} INFO - DAG(s) dict_keys(['example_time_delta_sensor_async']) retrieved from /home/airflow/.local/lib/python3.8/site-packages/airflow/example_dags/example_time_delta_sensor_async.py
[2025-05-08T16:17:17.252+0000] {logging_mixin.py:154} INFO - [2025-05-08T16:17:17.251+0000] {dag.py:2941} INFO - Sync 1 DAGs
[2025-05-08T16:17:17.276+0000] {logging_mixin.py:154} INFO - [2025-05-08T16:17:17.276+0000] {dag.py:3722} INFO - Setting next_dagrun for example_time_delta_sensor_async to None, run_after=None
[2025-05-08T16:17:17.311+0000] {processor.py:179} INFO - Processing /home/airflow/.local/lib/python3.8/site-packages/airflow/example_dags/example_time_delta_sensor_async.py took 0.122 seconds
[2025-05-08T16:17:47.369+0000] {processor.py:157} INFO - Started process (PID=797) to work on /home/airflow/.local/lib/python3.8/site-packages/airflow/example_dags/example_time_delta_sensor_async.py
[2025-05-08T16:17:47.370+0000] {processor.py:829} INFO - Processing file /home/airflow/.local/lib/python3.8/site-packages/airflow/example_dags/example_time_delta_sensor_async.py for tasks to queue
[2025-05-08T16:17:47.373+0000] {logging_mixin.py:154} INFO - [2025-05-08T16:17:47.373+0000] {dagbag.py:536} INFO - Filling up the DagBag from /home/airflow/.local/lib/python3.8/site-packages/airflow/example_dags/example_time_delta_sensor_async.py
[2025-05-08T16:17:47.380+0000] {processor.py:839} INFO - DAG(s) dict_keys(['example_time_delta_sensor_async']) retrieved from /home/airflow/.local/lib/python3.8/site-packages/airflow/example_dags/example_time_delta_sensor_async.py
[2025-05-08T16:17:47.420+0000] {logging_mixin.py:154} INFO - [2025-05-08T16:17:47.420+0000] {dag.py:2941} INFO - Sync 1 DAGs
[2025-05-08T16:17:47.439+0000] {logging_mixin.py:154} INFO - [2025-05-08T16:17:47.439+0000] {dag.py:3722} INFO - Setting next_dagrun for example_time_delta_sensor_async to None, run_after=None
[2025-05-08T16:17:47.473+0000] {processor.py:179} INFO - Processing /home/airflow/.local/lib/python3.8/site-packages/airflow/example_dags/example_time_delta_sensor_async.py took 0.107 seconds
