[2025-05-08T16:11:15.594+0000] {processor.py:157} INFO - Started process (PID=112) to work on /home/airflow/.local/lib/python3.8/site-packages/airflow/example_dags/example_branch_operator.py
[2025-05-08T16:11:15.597+0000] {processor.py:829} INFO - Processing file /home/airflow/.local/lib/python3.8/site-packages/airflow/example_dags/example_branch_operator.py for tasks to queue
[2025-05-08T16:11:15.603+0000] {logging_mixin.py:154} INFO - [2025-05-08T16:11:15.602+0000] {dagbag.py:536} INFO - Filling up the DagBag from /home/airflow/.local/lib/python3.8/site-packages/airflow/example_dags/example_branch_operator.py
[2025-05-08T16:11:15.626+0000] {processor.py:839} INFO - DAG(s) dict_keys(['example_branch_operator']) retrieved from /home/airflow/.local/lib/python3.8/site-packages/airflow/example_dags/example_branch_operator.py
[2025-05-08T16:11:15.670+0000] {logging_mixin.py:154} INFO - [2025-05-08T16:11:15.670+0000] {dag.py:2941} INFO - Sync 1 DAGs
[2025-05-08T16:11:15.714+0000] {logging_mixin.py:154} INFO - [2025-05-08T16:11:15.713+0000] {dag.py:3722} INFO - Setting next_dagrun for example_branch_operator to 2025-05-07T00:00:00+00:00, run_after=2025-05-08T00:00:00+00:00
[2025-05-08T16:11:15.754+0000] {processor.py:179} INFO - Processing /home/airflow/.local/lib/python3.8/site-packages/airflow/example_dags/example_branch_operator.py took 0.168 seconds
[2025-05-08T16:11:46.396+0000] {processor.py:157} INFO - Started process (PID=167) to work on /home/airflow/.local/lib/python3.8/site-packages/airflow/example_dags/example_branch_operator.py
[2025-05-08T16:11:46.398+0000] {processor.py:829} INFO - Processing file /home/airflow/.local/lib/python3.8/site-packages/airflow/example_dags/example_branch_operator.py for tasks to queue
[2025-05-08T16:11:46.402+0000] {logging_mixin.py:154} INFO - [2025-05-08T16:11:46.401+0000] {dagbag.py:536} INFO - Filling up the DagBag from /home/airflow/.local/lib/python3.8/site-packages/airflow/example_dags/example_branch_operator.py
[2025-05-08T16:11:46.419+0000] {processor.py:839} INFO - DAG(s) dict_keys(['example_branch_operator']) retrieved from /home/airflow/.local/lib/python3.8/site-packages/airflow/example_dags/example_branch_operator.py
[2025-05-08T16:11:46.465+0000] {logging_mixin.py:154} INFO - [2025-05-08T16:11:46.465+0000] {dag.py:2941} INFO - Sync 1 DAGs
[2025-05-08T16:11:46.504+0000] {logging_mixin.py:154} INFO - [2025-05-08T16:11:46.504+0000] {dag.py:3722} INFO - Setting next_dagrun for example_branch_operator to 2025-05-07T00:00:00+00:00, run_after=2025-05-08T00:00:00+00:00
[2025-05-08T16:11:46.545+0000] {processor.py:179} INFO - Processing /home/airflow/.local/lib/python3.8/site-packages/airflow/example_dags/example_branch_operator.py took 0.152 seconds
[2025-05-08T16:12:17.483+0000] {processor.py:157} INFO - Started process (PID=222) to work on /home/airflow/.local/lib/python3.8/site-packages/airflow/example_dags/example_branch_operator.py
[2025-05-08T16:12:17.484+0000] {processor.py:829} INFO - Processing file /home/airflow/.local/lib/python3.8/site-packages/airflow/example_dags/example_branch_operator.py for tasks to queue
[2025-05-08T16:12:17.487+0000] {logging_mixin.py:154} INFO - [2025-05-08T16:12:17.487+0000] {dagbag.py:536} INFO - Filling up the DagBag from /home/airflow/.local/lib/python3.8/site-packages/airflow/example_dags/example_branch_operator.py
[2025-05-08T16:12:17.506+0000] {processor.py:839} INFO - DAG(s) dict_keys(['example_branch_operator']) retrieved from /home/airflow/.local/lib/python3.8/site-packages/airflow/example_dags/example_branch_operator.py
[2025-05-08T16:12:17.544+0000] {logging_mixin.py:154} INFO - [2025-05-08T16:12:17.544+0000] {dag.py:2941} INFO - Sync 1 DAGs
[2025-05-08T16:12:17.585+0000] {logging_mixin.py:154} INFO - [2025-05-08T16:12:17.584+0000] {dag.py:3722} INFO - Setting next_dagrun for example_branch_operator to 2025-05-07T00:00:00+00:00, run_after=2025-05-08T00:00:00+00:00
[2025-05-08T16:12:17.622+0000] {processor.py:179} INFO - Processing /home/airflow/.local/lib/python3.8/site-packages/airflow/example_dags/example_branch_operator.py took 0.146 seconds
[2025-05-08T16:12:48.161+0000] {processor.py:157} INFO - Started process (PID=277) to work on /home/airflow/.local/lib/python3.8/site-packages/airflow/example_dags/example_branch_operator.py
[2025-05-08T16:12:48.163+0000] {processor.py:829} INFO - Processing file /home/airflow/.local/lib/python3.8/site-packages/airflow/example_dags/example_branch_operator.py for tasks to queue
[2025-05-08T16:12:48.168+0000] {logging_mixin.py:154} INFO - [2025-05-08T16:12:48.167+0000] {dagbag.py:536} INFO - Filling up the DagBag from /home/airflow/.local/lib/python3.8/site-packages/airflow/example_dags/example_branch_operator.py
[2025-05-08T16:12:48.188+0000] {processor.py:839} INFO - DAG(s) dict_keys(['example_branch_operator']) retrieved from /home/airflow/.local/lib/python3.8/site-packages/airflow/example_dags/example_branch_operator.py
[2025-05-08T16:12:48.229+0000] {logging_mixin.py:154} INFO - [2025-05-08T16:12:48.228+0000] {dag.py:2941} INFO - Sync 1 DAGs
[2025-05-08T16:12:48.263+0000] {logging_mixin.py:154} INFO - [2025-05-08T16:12:48.262+0000] {dag.py:3722} INFO - Setting next_dagrun for example_branch_operator to 2025-05-07T00:00:00+00:00, run_after=2025-05-08T00:00:00+00:00
[2025-05-08T16:12:48.297+0000] {processor.py:179} INFO - Processing /home/airflow/.local/lib/python3.8/site-packages/airflow/example_dags/example_branch_operator.py took 0.141 seconds
[2025-05-08T16:13:19.137+0000] {processor.py:157} INFO - Started process (PID=332) to work on /home/airflow/.local/lib/python3.8/site-packages/airflow/example_dags/example_branch_operator.py
[2025-05-08T16:13:19.138+0000] {processor.py:829} INFO - Processing file /home/airflow/.local/lib/python3.8/site-packages/airflow/example_dags/example_branch_operator.py for tasks to queue
[2025-05-08T16:13:19.141+0000] {logging_mixin.py:154} INFO - [2025-05-08T16:13:19.140+0000] {dagbag.py:536} INFO - Filling up the DagBag from /home/airflow/.local/lib/python3.8/site-packages/airflow/example_dags/example_branch_operator.py
[2025-05-08T16:13:19.154+0000] {processor.py:839} INFO - DAG(s) dict_keys(['example_branch_operator']) retrieved from /home/airflow/.local/lib/python3.8/site-packages/airflow/example_dags/example_branch_operator.py
[2025-05-08T16:13:19.194+0000] {logging_mixin.py:154} INFO - [2025-05-08T16:13:19.193+0000] {dag.py:2941} INFO - Sync 1 DAGs
[2025-05-08T16:13:19.242+0000] {logging_mixin.py:154} INFO - [2025-05-08T16:13:19.242+0000] {dag.py:3722} INFO - Setting next_dagrun for example_branch_operator to 2025-05-07T00:00:00+00:00, run_after=2025-05-08T00:00:00+00:00
[2025-05-08T16:13:19.289+0000] {processor.py:179} INFO - Processing /home/airflow/.local/lib/python3.8/site-packages/airflow/example_dags/example_branch_operator.py took 0.156 seconds
[2025-05-08T16:13:50.165+0000] {processor.py:157} INFO - Started process (PID=387) to work on /home/airflow/.local/lib/python3.8/site-packages/airflow/example_dags/example_branch_operator.py
[2025-05-08T16:13:50.168+0000] {processor.py:829} INFO - Processing file /home/airflow/.local/lib/python3.8/site-packages/airflow/example_dags/example_branch_operator.py for tasks to queue
[2025-05-08T16:13:50.171+0000] {logging_mixin.py:154} INFO - [2025-05-08T16:13:50.171+0000] {dagbag.py:536} INFO - Filling up the DagBag from /home/airflow/.local/lib/python3.8/site-packages/airflow/example_dags/example_branch_operator.py
[2025-05-08T16:13:50.182+0000] {processor.py:839} INFO - DAG(s) dict_keys(['example_branch_operator']) retrieved from /home/airflow/.local/lib/python3.8/site-packages/airflow/example_dags/example_branch_operator.py
[2025-05-08T16:13:50.212+0000] {logging_mixin.py:154} INFO - [2025-05-08T16:13:50.212+0000] {dag.py:2941} INFO - Sync 1 DAGs
[2025-05-08T16:13:50.246+0000] {logging_mixin.py:154} INFO - [2025-05-08T16:13:50.246+0000] {dag.py:3722} INFO - Setting next_dagrun for example_branch_operator to 2025-05-07T00:00:00+00:00, run_after=2025-05-08T00:00:00+00:00
[2025-05-08T16:13:50.280+0000] {processor.py:179} INFO - Processing /home/airflow/.local/lib/python3.8/site-packages/airflow/example_dags/example_branch_operator.py took 0.120 seconds
[2025-05-08T16:14:21.872+0000] {processor.py:157} INFO - Started process (PID=442) to work on /home/airflow/.local/lib/python3.8/site-packages/airflow/example_dags/example_branch_operator.py
[2025-05-08T16:14:21.874+0000] {processor.py:829} INFO - Processing file /home/airflow/.local/lib/python3.8/site-packages/airflow/example_dags/example_branch_operator.py for tasks to queue
[2025-05-08T16:14:21.879+0000] {logging_mixin.py:154} INFO - [2025-05-08T16:14:21.878+0000] {dagbag.py:536} INFO - Filling up the DagBag from /home/airflow/.local/lib/python3.8/site-packages/airflow/example_dags/example_branch_operator.py
[2025-05-08T16:14:21.903+0000] {processor.py:839} INFO - DAG(s) dict_keys(['example_branch_operator']) retrieved from /home/airflow/.local/lib/python3.8/site-packages/airflow/example_dags/example_branch_operator.py
[2025-05-08T16:14:21.951+0000] {logging_mixin.py:154} INFO - [2025-05-08T16:14:21.950+0000] {dag.py:2941} INFO - Sync 1 DAGs
[2025-05-08T16:14:22.003+0000] {logging_mixin.py:154} INFO - [2025-05-08T16:14:22.003+0000] {dag.py:3722} INFO - Setting next_dagrun for example_branch_operator to 2025-05-07T00:00:00+00:00, run_after=2025-05-08T00:00:00+00:00
[2025-05-08T16:14:22.043+0000] {processor.py:179} INFO - Processing /home/airflow/.local/lib/python3.8/site-packages/airflow/example_dags/example_branch_operator.py took 0.177 seconds
[2025-05-08T16:14:52.590+0000] {processor.py:157} INFO - Started process (PID=497) to work on /home/airflow/.local/lib/python3.8/site-packages/airflow/example_dags/example_branch_operator.py
[2025-05-08T16:14:52.593+0000] {processor.py:829} INFO - Processing file /home/airflow/.local/lib/python3.8/site-packages/airflow/example_dags/example_branch_operator.py for tasks to queue
[2025-05-08T16:14:52.599+0000] {logging_mixin.py:154} INFO - [2025-05-08T16:14:52.598+0000] {dagbag.py:536} INFO - Filling up the DagBag from /home/airflow/.local/lib/python3.8/site-packages/airflow/example_dags/example_branch_operator.py
[2025-05-08T16:14:52.636+0000] {processor.py:839} INFO - DAG(s) dict_keys(['example_branch_operator']) retrieved from /home/airflow/.local/lib/python3.8/site-packages/airflow/example_dags/example_branch_operator.py
[2025-05-08T16:14:52.805+0000] {logging_mixin.py:154} INFO - [2025-05-08T16:14:52.804+0000] {dag.py:2941} INFO - Sync 1 DAGs
[2025-05-08T16:14:52.905+0000] {logging_mixin.py:154} INFO - [2025-05-08T16:14:52.904+0000] {dag.py:3722} INFO - Setting next_dagrun for example_branch_operator to 2025-05-07T00:00:00+00:00, run_after=2025-05-08T00:00:00+00:00
[2025-05-08T16:14:52.959+0000] {processor.py:179} INFO - Processing /home/airflow/.local/lib/python3.8/site-packages/airflow/example_dags/example_branch_operator.py took 0.383 seconds
[2025-05-08T16:15:23.060+0000] {processor.py:157} INFO - Started process (PID=552) to work on /home/airflow/.local/lib/python3.8/site-packages/airflow/example_dags/example_branch_operator.py
[2025-05-08T16:15:23.061+0000] {processor.py:829} INFO - Processing file /home/airflow/.local/lib/python3.8/site-packages/airflow/example_dags/example_branch_operator.py for tasks to queue
[2025-05-08T16:15:23.066+0000] {logging_mixin.py:154} INFO - [2025-05-08T16:15:23.065+0000] {dagbag.py:536} INFO - Filling up the DagBag from /home/airflow/.local/lib/python3.8/site-packages/airflow/example_dags/example_branch_operator.py
[2025-05-08T16:15:23.079+0000] {processor.py:839} INFO - DAG(s) dict_keys(['example_branch_operator']) retrieved from /home/airflow/.local/lib/python3.8/site-packages/airflow/example_dags/example_branch_operator.py
[2025-05-08T16:15:23.112+0000] {logging_mixin.py:154} INFO - [2025-05-08T16:15:23.111+0000] {dag.py:2941} INFO - Sync 1 DAGs
[2025-05-08T16:15:23.147+0000] {logging_mixin.py:154} INFO - [2025-05-08T16:15:23.147+0000] {dag.py:3722} INFO - Setting next_dagrun for example_branch_operator to 2025-05-07T00:00:00+00:00, run_after=2025-05-08T00:00:00+00:00
[2025-05-08T16:15:23.177+0000] {processor.py:179} INFO - Processing /home/airflow/.local/lib/python3.8/site-packages/airflow/example_dags/example_branch_operator.py took 0.124 seconds
[2025-05-08T16:15:53.671+0000] {processor.py:157} INFO - Started process (PID=607) to work on /home/airflow/.local/lib/python3.8/site-packages/airflow/example_dags/example_branch_operator.py
[2025-05-08T16:15:53.672+0000] {processor.py:829} INFO - Processing file /home/airflow/.local/lib/python3.8/site-packages/airflow/example_dags/example_branch_operator.py for tasks to queue
[2025-05-08T16:15:53.675+0000] {logging_mixin.py:154} INFO - [2025-05-08T16:15:53.675+0000] {dagbag.py:536} INFO - Filling up the DagBag from /home/airflow/.local/lib/python3.8/site-packages/airflow/example_dags/example_branch_operator.py
[2025-05-08T16:15:53.686+0000] {processor.py:839} INFO - DAG(s) dict_keys(['example_branch_operator']) retrieved from /home/airflow/.local/lib/python3.8/site-packages/airflow/example_dags/example_branch_operator.py
[2025-05-08T16:15:53.715+0000] {logging_mixin.py:154} INFO - [2025-05-08T16:15:53.715+0000] {dag.py:2941} INFO - Sync 1 DAGs
[2025-05-08T16:15:53.744+0000] {logging_mixin.py:154} INFO - [2025-05-08T16:15:53.743+0000] {dag.py:3722} INFO - Setting next_dagrun for example_branch_operator to 2025-05-07T00:00:00+00:00, run_after=2025-05-08T00:00:00+00:00
[2025-05-08T16:15:53.773+0000] {processor.py:179} INFO - Processing /home/airflow/.local/lib/python3.8/site-packages/airflow/example_dags/example_branch_operator.py took 0.107 seconds
[2025-05-08T16:16:24.039+0000] {processor.py:157} INFO - Started process (PID=662) to work on /home/airflow/.local/lib/python3.8/site-packages/airflow/example_dags/example_branch_operator.py
[2025-05-08T16:16:24.040+0000] {processor.py:829} INFO - Processing file /home/airflow/.local/lib/python3.8/site-packages/airflow/example_dags/example_branch_operator.py for tasks to queue
[2025-05-08T16:16:24.043+0000] {logging_mixin.py:154} INFO - [2025-05-08T16:16:24.043+0000] {dagbag.py:536} INFO - Filling up the DagBag from /home/airflow/.local/lib/python3.8/site-packages/airflow/example_dags/example_branch_operator.py
[2025-05-08T16:16:24.054+0000] {processor.py:839} INFO - DAG(s) dict_keys(['example_branch_operator']) retrieved from /home/airflow/.local/lib/python3.8/site-packages/airflow/example_dags/example_branch_operator.py
[2025-05-08T16:16:24.086+0000] {logging_mixin.py:154} INFO - [2025-05-08T16:16:24.085+0000] {dag.py:2941} INFO - Sync 1 DAGs
[2025-05-08T16:16:24.126+0000] {logging_mixin.py:154} INFO - [2025-05-08T16:16:24.125+0000] {dag.py:3722} INFO - Setting next_dagrun for example_branch_operator to 2025-05-07T00:00:00+00:00, run_after=2025-05-08T00:00:00+00:00
[2025-05-08T16:16:24.158+0000] {processor.py:179} INFO - Processing /home/airflow/.local/lib/python3.8/site-packages/airflow/example_dags/example_branch_operator.py took 0.124 seconds
[2025-05-08T16:16:54.759+0000] {processor.py:157} INFO - Started process (PID=717) to work on /home/airflow/.local/lib/python3.8/site-packages/airflow/example_dags/example_branch_operator.py
[2025-05-08T16:16:54.761+0000] {processor.py:829} INFO - Processing file /home/airflow/.local/lib/python3.8/site-packages/airflow/example_dags/example_branch_operator.py for tasks to queue
[2025-05-08T16:16:54.766+0000] {logging_mixin.py:154} INFO - [2025-05-08T16:16:54.765+0000] {dagbag.py:536} INFO - Filling up the DagBag from /home/airflow/.local/lib/python3.8/site-packages/airflow/example_dags/example_branch_operator.py
[2025-05-08T16:16:54.788+0000] {processor.py:839} INFO - DAG(s) dict_keys(['example_branch_operator']) retrieved from /home/airflow/.local/lib/python3.8/site-packages/airflow/example_dags/example_branch_operator.py
[2025-05-08T16:16:54.837+0000] {logging_mixin.py:154} INFO - [2025-05-08T16:16:54.836+0000] {dag.py:2941} INFO - Sync 1 DAGs
[2025-05-08T16:16:54.900+0000] {logging_mixin.py:154} INFO - [2025-05-08T16:16:54.899+0000] {dag.py:3722} INFO - Setting next_dagrun for example_branch_operator to 2025-05-07T00:00:00+00:00, run_after=2025-05-08T00:00:00+00:00
[2025-05-08T16:16:54.947+0000] {processor.py:179} INFO - Processing /home/airflow/.local/lib/python3.8/site-packages/airflow/example_dags/example_branch_operator.py took 0.195 seconds
[2025-05-08T16:17:25.550+0000] {processor.py:157} INFO - Started process (PID=772) to work on /home/airflow/.local/lib/python3.8/site-packages/airflow/example_dags/example_branch_operator.py
[2025-05-08T16:17:25.552+0000] {processor.py:829} INFO - Processing file /home/airflow/.local/lib/python3.8/site-packages/airflow/example_dags/example_branch_operator.py for tasks to queue
[2025-05-08T16:17:25.556+0000] {logging_mixin.py:154} INFO - [2025-05-08T16:17:25.555+0000] {dagbag.py:536} INFO - Filling up the DagBag from /home/airflow/.local/lib/python3.8/site-packages/airflow/example_dags/example_branch_operator.py
[2025-05-08T16:17:25.573+0000] {processor.py:839} INFO - DAG(s) dict_keys(['example_branch_operator']) retrieved from /home/airflow/.local/lib/python3.8/site-packages/airflow/example_dags/example_branch_operator.py
[2025-05-08T16:17:25.607+0000] {logging_mixin.py:154} INFO - [2025-05-08T16:17:25.607+0000] {dag.py:2941} INFO - Sync 1 DAGs
[2025-05-08T16:17:25.646+0000] {logging_mixin.py:154} INFO - [2025-05-08T16:17:25.645+0000] {dag.py:3722} INFO - Setting next_dagrun for example_branch_operator to 2025-05-07T00:00:00+00:00, run_after=2025-05-08T00:00:00+00:00
[2025-05-08T16:17:25.684+0000] {processor.py:179} INFO - Processing /home/airflow/.local/lib/python3.8/site-packages/airflow/example_dags/example_branch_operator.py took 0.139 seconds
