[2025-05-08T16:11:09.851+0000] {processor.py:157} INFO - Started process (PID=87) to work on /home/airflow/.local/lib/python3.8/site-packages/airflow/example_dags/example_branch_day_of_week_operator.py
[2025-05-08T16:11:09.854+0000] {processor.py:829} INFO - Processing file /home/airflow/.local/lib/python3.8/site-packages/airflow/example_dags/example_branch_day_of_week_operator.py for tasks to queue
[2025-05-08T16:11:09.859+0000] {logging_mixin.py:154} INFO - [2025-05-08T16:11:09.858+0000] {dagbag.py:536} INFO - Filling up the DagBag from /home/airflow/.local/lib/python3.8/site-packages/airflow/example_dags/example_branch_day_of_week_operator.py
[2025-05-08T16:11:09.890+0000] {processor.py:839} INFO - DAG(s) dict_keys(['example_weekday_branch_operator']) retrieved from /home/airflow/.local/lib/python3.8/site-packages/airflow/example_dags/example_branch_day_of_week_operator.py
[2025-05-08T16:11:09.971+0000] {logging_mixin.py:154} INFO - [2025-05-08T16:11:09.971+0000] {dag.py:2941} INFO - Sync 1 DAGs
[2025-05-08T16:11:10.073+0000] {logging_mixin.py:154} INFO - [2025-05-08T16:11:10.073+0000] {dag.py:3722} INFO - Setting next_dagrun for example_weekday_branch_operator to 2025-05-07T00:00:00+00:00, run_after=2025-05-08T00:00:00+00:00
[2025-05-08T16:11:10.130+0000] {processor.py:179} INFO - Processing /home/airflow/.local/lib/python3.8/site-packages/airflow/example_dags/example_branch_day_of_week_operator.py took 0.295 seconds
[2025-05-08T16:11:40.550+0000] {processor.py:157} INFO - Started process (PID=142) to work on /home/airflow/.local/lib/python3.8/site-packages/airflow/example_dags/example_branch_day_of_week_operator.py
[2025-05-08T16:11:40.551+0000] {processor.py:829} INFO - Processing file /home/airflow/.local/lib/python3.8/site-packages/airflow/example_dags/example_branch_day_of_week_operator.py for tasks to queue
[2025-05-08T16:11:40.555+0000] {logging_mixin.py:154} INFO - [2025-05-08T16:11:40.555+0000] {dagbag.py:536} INFO - Filling up the DagBag from /home/airflow/.local/lib/python3.8/site-packages/airflow/example_dags/example_branch_day_of_week_operator.py
[2025-05-08T16:11:40.573+0000] {processor.py:839} INFO - DAG(s) dict_keys(['example_weekday_branch_operator']) retrieved from /home/airflow/.local/lib/python3.8/site-packages/airflow/example_dags/example_branch_day_of_week_operator.py
[2025-05-08T16:11:40.620+0000] {logging_mixin.py:154} INFO - [2025-05-08T16:11:40.620+0000] {dag.py:2941} INFO - Sync 1 DAGs
[2025-05-08T16:11:40.667+0000] {logging_mixin.py:154} INFO - [2025-05-08T16:11:40.667+0000] {dag.py:3722} INFO - Setting next_dagrun for example_weekday_branch_operator to 2025-05-07T00:00:00+00:00, run_after=2025-05-08T00:00:00+00:00
[2025-05-08T16:11:40.708+0000] {processor.py:179} INFO - Processing /home/airflow/.local/lib/python3.8/site-packages/airflow/example_dags/example_branch_day_of_week_operator.py took 0.165 seconds
[2025-05-08T16:12:11.041+0000] {processor.py:157} INFO - Started process (PID=197) to work on /home/airflow/.local/lib/python3.8/site-packages/airflow/example_dags/example_branch_day_of_week_operator.py
[2025-05-08T16:12:11.042+0000] {processor.py:829} INFO - Processing file /home/airflow/.local/lib/python3.8/site-packages/airflow/example_dags/example_branch_day_of_week_operator.py for tasks to queue
[2025-05-08T16:12:11.046+0000] {logging_mixin.py:154} INFO - [2025-05-08T16:12:11.045+0000] {dagbag.py:536} INFO - Filling up the DagBag from /home/airflow/.local/lib/python3.8/site-packages/airflow/example_dags/example_branch_day_of_week_operator.py
[2025-05-08T16:12:11.057+0000] {processor.py:839} INFO - DAG(s) dict_keys(['example_weekday_branch_operator']) retrieved from /home/airflow/.local/lib/python3.8/site-packages/airflow/example_dags/example_branch_day_of_week_operator.py
[2025-05-08T16:12:11.092+0000] {logging_mixin.py:154} INFO - [2025-05-08T16:12:11.091+0000] {dag.py:2941} INFO - Sync 1 DAGs
[2025-05-08T16:12:11.131+0000] {logging_mixin.py:154} INFO - [2025-05-08T16:12:11.130+0000] {dag.py:3722} INFO - Setting next_dagrun for example_weekday_branch_operator to 2025-05-07T00:00:00+00:00, run_after=2025-05-08T00:00:00+00:00
[2025-05-08T16:12:11.166+0000] {processor.py:179} INFO - Processing /home/airflow/.local/lib/python3.8/site-packages/airflow/example_dags/example_branch_day_of_week_operator.py took 0.130 seconds
[2025-05-08T16:12:41.681+0000] {processor.py:157} INFO - Started process (PID=252) to work on /home/airflow/.local/lib/python3.8/site-packages/airflow/example_dags/example_branch_day_of_week_operator.py
[2025-05-08T16:12:41.682+0000] {processor.py:829} INFO - Processing file /home/airflow/.local/lib/python3.8/site-packages/airflow/example_dags/example_branch_day_of_week_operator.py for tasks to queue
[2025-05-08T16:12:41.688+0000] {logging_mixin.py:154} INFO - [2025-05-08T16:12:41.687+0000] {dagbag.py:536} INFO - Filling up the DagBag from /home/airflow/.local/lib/python3.8/site-packages/airflow/example_dags/example_branch_day_of_week_operator.py
[2025-05-08T16:12:41.723+0000] {processor.py:839} INFO - DAG(s) dict_keys(['example_weekday_branch_operator']) retrieved from /home/airflow/.local/lib/python3.8/site-packages/airflow/example_dags/example_branch_day_of_week_operator.py
[2025-05-08T16:12:41.794+0000] {logging_mixin.py:154} INFO - [2025-05-08T16:12:41.794+0000] {dag.py:2941} INFO - Sync 1 DAGs
[2025-05-08T16:12:41.855+0000] {logging_mixin.py:154} INFO - [2025-05-08T16:12:41.854+0000] {dag.py:3722} INFO - Setting next_dagrun for example_weekday_branch_operator to 2025-05-07T00:00:00+00:00, run_after=2025-05-08T00:00:00+00:00
[2025-05-08T16:12:41.902+0000] {processor.py:179} INFO - Processing /home/airflow/.local/lib/python3.8/site-packages/airflow/example_dags/example_branch_day_of_week_operator.py took 0.228 seconds
[2025-05-08T16:13:12.213+0000] {processor.py:157} INFO - Started process (PID=307) to work on /home/airflow/.local/lib/python3.8/site-packages/airflow/example_dags/example_branch_day_of_week_operator.py
[2025-05-08T16:13:12.215+0000] {processor.py:829} INFO - Processing file /home/airflow/.local/lib/python3.8/site-packages/airflow/example_dags/example_branch_day_of_week_operator.py for tasks to queue
[2025-05-08T16:13:12.219+0000] {logging_mixin.py:154} INFO - [2025-05-08T16:13:12.218+0000] {dagbag.py:536} INFO - Filling up the DagBag from /home/airflow/.local/lib/python3.8/site-packages/airflow/example_dags/example_branch_day_of_week_operator.py
[2025-05-08T16:13:12.233+0000] {processor.py:839} INFO - DAG(s) dict_keys(['example_weekday_branch_operator']) retrieved from /home/airflow/.local/lib/python3.8/site-packages/airflow/example_dags/example_branch_day_of_week_operator.py
[2025-05-08T16:13:12.278+0000] {logging_mixin.py:154} INFO - [2025-05-08T16:13:12.278+0000] {dag.py:2941} INFO - Sync 1 DAGs
[2025-05-08T16:13:12.315+0000] {logging_mixin.py:154} INFO - [2025-05-08T16:13:12.315+0000] {dag.py:3722} INFO - Setting next_dagrun for example_weekday_branch_operator to 2025-05-07T00:00:00+00:00, run_after=2025-05-08T00:00:00+00:00
[2025-05-08T16:13:12.353+0000] {processor.py:179} INFO - Processing /home/airflow/.local/lib/python3.8/site-packages/airflow/example_dags/example_branch_day_of_week_operator.py took 0.146 seconds
[2025-05-08T16:13:42.946+0000] {processor.py:157} INFO - Started process (PID=362) to work on /home/airflow/.local/lib/python3.8/site-packages/airflow/example_dags/example_branch_day_of_week_operator.py
[2025-05-08T16:13:42.948+0000] {processor.py:829} INFO - Processing file /home/airflow/.local/lib/python3.8/site-packages/airflow/example_dags/example_branch_day_of_week_operator.py for tasks to queue
[2025-05-08T16:13:42.957+0000] {logging_mixin.py:154} INFO - [2025-05-08T16:13:42.957+0000] {dagbag.py:536} INFO - Filling up the DagBag from /home/airflow/.local/lib/python3.8/site-packages/airflow/example_dags/example_branch_day_of_week_operator.py
[2025-05-08T16:13:42.974+0000] {processor.py:839} INFO - DAG(s) dict_keys(['example_weekday_branch_operator']) retrieved from /home/airflow/.local/lib/python3.8/site-packages/airflow/example_dags/example_branch_day_of_week_operator.py
[2025-05-08T16:13:43.039+0000] {logging_mixin.py:154} INFO - [2025-05-08T16:13:43.039+0000] {dag.py:2941} INFO - Sync 1 DAGs
[2025-05-08T16:13:43.094+0000] {logging_mixin.py:154} INFO - [2025-05-08T16:13:43.094+0000] {dag.py:3722} INFO - Setting next_dagrun for example_weekday_branch_operator to 2025-05-07T00:00:00+00:00, run_after=2025-05-08T00:00:00+00:00
[2025-05-08T16:13:43.134+0000] {processor.py:179} INFO - Processing /home/airflow/.local/lib/python3.8/site-packages/airflow/example_dags/example_branch_day_of_week_operator.py took 0.194 seconds
[2025-05-08T16:14:13.669+0000] {processor.py:157} INFO - Started process (PID=417) to work on /home/airflow/.local/lib/python3.8/site-packages/airflow/example_dags/example_branch_day_of_week_operator.py
[2025-05-08T16:14:13.670+0000] {processor.py:829} INFO - Processing file /home/airflow/.local/lib/python3.8/site-packages/airflow/example_dags/example_branch_day_of_week_operator.py for tasks to queue
[2025-05-08T16:14:13.673+0000] {logging_mixin.py:154} INFO - [2025-05-08T16:14:13.673+0000] {dagbag.py:536} INFO - Filling up the DagBag from /home/airflow/.local/lib/python3.8/site-packages/airflow/example_dags/example_branch_day_of_week_operator.py
[2025-05-08T16:14:13.685+0000] {processor.py:839} INFO - DAG(s) dict_keys(['example_weekday_branch_operator']) retrieved from /home/airflow/.local/lib/python3.8/site-packages/airflow/example_dags/example_branch_day_of_week_operator.py
[2025-05-08T16:14:13.716+0000] {logging_mixin.py:154} INFO - [2025-05-08T16:14:13.716+0000] {dag.py:2941} INFO - Sync 1 DAGs
[2025-05-08T16:14:13.747+0000] {logging_mixin.py:154} INFO - [2025-05-08T16:14:13.747+0000] {dag.py:3722} INFO - Setting next_dagrun for example_weekday_branch_operator to 2025-05-07T00:00:00+00:00, run_after=2025-05-08T00:00:00+00:00
[2025-05-08T16:14:13.776+0000] {processor.py:179} INFO - Processing /home/airflow/.local/lib/python3.8/site-packages/airflow/example_dags/example_branch_day_of_week_operator.py took 0.113 seconds
[2025-05-08T16:14:44.621+0000] {processor.py:157} INFO - Started process (PID=472) to work on /home/airflow/.local/lib/python3.8/site-packages/airflow/example_dags/example_branch_day_of_week_operator.py
[2025-05-08T16:14:44.623+0000] {processor.py:829} INFO - Processing file /home/airflow/.local/lib/python3.8/site-packages/airflow/example_dags/example_branch_day_of_week_operator.py for tasks to queue
[2025-05-08T16:14:44.628+0000] {logging_mixin.py:154} INFO - [2025-05-08T16:14:44.627+0000] {dagbag.py:536} INFO - Filling up the DagBag from /home/airflow/.local/lib/python3.8/site-packages/airflow/example_dags/example_branch_day_of_week_operator.py
[2025-05-08T16:14:44.639+0000] {processor.py:839} INFO - DAG(s) dict_keys(['example_weekday_branch_operator']) retrieved from /home/airflow/.local/lib/python3.8/site-packages/airflow/example_dags/example_branch_day_of_week_operator.py
[2025-05-08T16:14:44.674+0000] {logging_mixin.py:154} INFO - [2025-05-08T16:14:44.674+0000] {dag.py:2941} INFO - Sync 1 DAGs
[2025-05-08T16:14:44.711+0000] {logging_mixin.py:154} INFO - [2025-05-08T16:14:44.710+0000] {dag.py:3722} INFO - Setting next_dagrun for example_weekday_branch_operator to 2025-05-07T00:00:00+00:00, run_after=2025-05-08T00:00:00+00:00
[2025-05-08T16:14:44.741+0000] {processor.py:179} INFO - Processing /home/airflow/.local/lib/python3.8/site-packages/airflow/example_dags/example_branch_day_of_week_operator.py took 0.126 seconds
[2025-05-08T16:15:15.630+0000] {processor.py:157} INFO - Started process (PID=527) to work on /home/airflow/.local/lib/python3.8/site-packages/airflow/example_dags/example_branch_day_of_week_operator.py
[2025-05-08T16:15:15.631+0000] {processor.py:829} INFO - Processing file /home/airflow/.local/lib/python3.8/site-packages/airflow/example_dags/example_branch_day_of_week_operator.py for tasks to queue
[2025-05-08T16:15:15.634+0000] {logging_mixin.py:154} INFO - [2025-05-08T16:15:15.634+0000] {dagbag.py:536} INFO - Filling up the DagBag from /home/airflow/.local/lib/python3.8/site-packages/airflow/example_dags/example_branch_day_of_week_operator.py
[2025-05-08T16:15:15.645+0000] {processor.py:839} INFO - DAG(s) dict_keys(['example_weekday_branch_operator']) retrieved from /home/airflow/.local/lib/python3.8/site-packages/airflow/example_dags/example_branch_day_of_week_operator.py
[2025-05-08T16:15:15.679+0000] {logging_mixin.py:154} INFO - [2025-05-08T16:15:15.679+0000] {dag.py:2941} INFO - Sync 1 DAGs
[2025-05-08T16:15:15.709+0000] {logging_mixin.py:154} INFO - [2025-05-08T16:15:15.708+0000] {dag.py:3722} INFO - Setting next_dagrun for example_weekday_branch_operator to 2025-05-07T00:00:00+00:00, run_after=2025-05-08T00:00:00+00:00
[2025-05-08T16:15:15.738+0000] {processor.py:179} INFO - Processing /home/airflow/.local/lib/python3.8/site-packages/airflow/example_dags/example_branch_day_of_week_operator.py took 0.113 seconds
[2025-05-08T16:15:46.760+0000] {processor.py:157} INFO - Started process (PID=582) to work on /home/airflow/.local/lib/python3.8/site-packages/airflow/example_dags/example_branch_day_of_week_operator.py
[2025-05-08T16:15:46.762+0000] {processor.py:829} INFO - Processing file /home/airflow/.local/lib/python3.8/site-packages/airflow/example_dags/example_branch_day_of_week_operator.py for tasks to queue
[2025-05-08T16:15:46.767+0000] {logging_mixin.py:154} INFO - [2025-05-08T16:15:46.767+0000] {dagbag.py:536} INFO - Filling up the DagBag from /home/airflow/.local/lib/python3.8/site-packages/airflow/example_dags/example_branch_day_of_week_operator.py
[2025-05-08T16:15:46.782+0000] {processor.py:839} INFO - DAG(s) dict_keys(['example_weekday_branch_operator']) retrieved from /home/airflow/.local/lib/python3.8/site-packages/airflow/example_dags/example_branch_day_of_week_operator.py
[2025-05-08T16:15:46.822+0000] {logging_mixin.py:154} INFO - [2025-05-08T16:15:46.822+0000] {dag.py:2941} INFO - Sync 1 DAGs
[2025-05-08T16:15:46.877+0000] {logging_mixin.py:154} INFO - [2025-05-08T16:15:46.877+0000] {dag.py:3722} INFO - Setting next_dagrun for example_weekday_branch_operator to 2025-05-07T00:00:00+00:00, run_after=2025-05-08T00:00:00+00:00
[2025-05-08T16:15:46.910+0000] {processor.py:179} INFO - Processing /home/airflow/.local/lib/python3.8/site-packages/airflow/example_dags/example_branch_day_of_week_operator.py took 0.157 seconds
[2025-05-08T16:16:17.184+0000] {processor.py:157} INFO - Started process (PID=636) to work on /home/airflow/.local/lib/python3.8/site-packages/airflow/example_dags/example_branch_day_of_week_operator.py
[2025-05-08T16:16:17.185+0000] {processor.py:829} INFO - Processing file /home/airflow/.local/lib/python3.8/site-packages/airflow/example_dags/example_branch_day_of_week_operator.py for tasks to queue
[2025-05-08T16:16:17.189+0000] {logging_mixin.py:154} INFO - [2025-05-08T16:16:17.188+0000] {dagbag.py:536} INFO - Filling up the DagBag from /home/airflow/.local/lib/python3.8/site-packages/airflow/example_dags/example_branch_day_of_week_operator.py
[2025-05-08T16:16:17.199+0000] {processor.py:839} INFO - DAG(s) dict_keys(['example_weekday_branch_operator']) retrieved from /home/airflow/.local/lib/python3.8/site-packages/airflow/example_dags/example_branch_day_of_week_operator.py
[2025-05-08T16:16:17.243+0000] {logging_mixin.py:154} INFO - [2025-05-08T16:16:17.242+0000] {dag.py:2941} INFO - Sync 1 DAGs
[2025-05-08T16:16:17.287+0000] {logging_mixin.py:154} INFO - [2025-05-08T16:16:17.286+0000] {dag.py:3722} INFO - Setting next_dagrun for example_weekday_branch_operator to 2025-05-07T00:00:00+00:00, run_after=2025-05-08T00:00:00+00:00
[2025-05-08T16:16:17.338+0000] {processor.py:179} INFO - Processing /home/airflow/.local/lib/python3.8/site-packages/airflow/example_dags/example_branch_day_of_week_operator.py took 0.158 seconds
[2025-05-08T16:16:48.120+0000] {processor.py:157} INFO - Started process (PID=691) to work on /home/airflow/.local/lib/python3.8/site-packages/airflow/example_dags/example_branch_day_of_week_operator.py
[2025-05-08T16:16:48.122+0000] {processor.py:829} INFO - Processing file /home/airflow/.local/lib/python3.8/site-packages/airflow/example_dags/example_branch_day_of_week_operator.py for tasks to queue
[2025-05-08T16:16:48.126+0000] {logging_mixin.py:154} INFO - [2025-05-08T16:16:48.125+0000] {dagbag.py:536} INFO - Filling up the DagBag from /home/airflow/.local/lib/python3.8/site-packages/airflow/example_dags/example_branch_day_of_week_operator.py
[2025-05-08T16:16:48.140+0000] {processor.py:839} INFO - DAG(s) dict_keys(['example_weekday_branch_operator']) retrieved from /home/airflow/.local/lib/python3.8/site-packages/airflow/example_dags/example_branch_day_of_week_operator.py
[2025-05-08T16:16:48.178+0000] {logging_mixin.py:154} INFO - [2025-05-08T16:16:48.178+0000] {dag.py:2941} INFO - Sync 1 DAGs
[2025-05-08T16:16:48.217+0000] {logging_mixin.py:154} INFO - [2025-05-08T16:16:48.217+0000] {dag.py:3722} INFO - Setting next_dagrun for example_weekday_branch_operator to 2025-05-07T00:00:00+00:00, run_after=2025-05-08T00:00:00+00:00
[2025-05-08T16:16:48.247+0000] {processor.py:179} INFO - Processing /home/airflow/.local/lib/python3.8/site-packages/airflow/example_dags/example_branch_day_of_week_operator.py took 0.131 seconds
[2025-05-08T16:17:18.470+0000] {processor.py:157} INFO - Started process (PID=746) to work on /home/airflow/.local/lib/python3.8/site-packages/airflow/example_dags/example_branch_day_of_week_operator.py
[2025-05-08T16:17:18.471+0000] {processor.py:829} INFO - Processing file /home/airflow/.local/lib/python3.8/site-packages/airflow/example_dags/example_branch_day_of_week_operator.py for tasks to queue
[2025-05-08T16:17:18.476+0000] {logging_mixin.py:154} INFO - [2025-05-08T16:17:18.476+0000] {dagbag.py:536} INFO - Filling up the DagBag from /home/airflow/.local/lib/python3.8/site-packages/airflow/example_dags/example_branch_day_of_week_operator.py
[2025-05-08T16:17:18.487+0000] {processor.py:839} INFO - DAG(s) dict_keys(['example_weekday_branch_operator']) retrieved from /home/airflow/.local/lib/python3.8/site-packages/airflow/example_dags/example_branch_day_of_week_operator.py
[2025-05-08T16:17:18.513+0000] {logging_mixin.py:154} INFO - [2025-05-08T16:17:18.513+0000] {dag.py:2941} INFO - Sync 1 DAGs
[2025-05-08T16:17:18.541+0000] {logging_mixin.py:154} INFO - [2025-05-08T16:17:18.541+0000] {dag.py:3722} INFO - Setting next_dagrun for example_weekday_branch_operator to 2025-05-07T00:00:00+00:00, run_after=2025-05-08T00:00:00+00:00
[2025-05-08T16:17:18.568+0000] {processor.py:179} INFO - Processing /home/airflow/.local/lib/python3.8/site-packages/airflow/example_dags/example_branch_day_of_week_operator.py took 0.101 seconds
[2025-05-08T16:17:48.637+0000] {processor.py:157} INFO - Started process (PID=801) to work on /home/airflow/.local/lib/python3.8/site-packages/airflow/example_dags/example_branch_day_of_week_operator.py
[2025-05-08T16:17:48.640+0000] {processor.py:829} INFO - Processing file /home/airflow/.local/lib/python3.8/site-packages/airflow/example_dags/example_branch_day_of_week_operator.py for tasks to queue
[2025-05-08T16:17:48.643+0000] {logging_mixin.py:154} INFO - [2025-05-08T16:17:48.643+0000] {dagbag.py:536} INFO - Filling up the DagBag from /home/airflow/.local/lib/python3.8/site-packages/airflow/example_dags/example_branch_day_of_week_operator.py
[2025-05-08T16:17:48.658+0000] {processor.py:839} INFO - DAG(s) dict_keys(['example_weekday_branch_operator']) retrieved from /home/airflow/.local/lib/python3.8/site-packages/airflow/example_dags/example_branch_day_of_week_operator.py
[2025-05-08T16:17:48.691+0000] {logging_mixin.py:154} INFO - [2025-05-08T16:17:48.691+0000] {dag.py:2941} INFO - Sync 1 DAGs
[2025-05-08T16:17:48.728+0000] {logging_mixin.py:154} INFO - [2025-05-08T16:17:48.728+0000] {dag.py:3722} INFO - Setting next_dagrun for example_weekday_branch_operator to 2025-05-07T00:00:00+00:00, run_after=2025-05-08T00:00:00+00:00
[2025-05-08T16:17:48.759+0000] {processor.py:179} INFO - Processing /home/airflow/.local/lib/python3.8/site-packages/airflow/example_dags/example_branch_day_of_week_operator.py took 0.126 seconds
