[2025-05-08T16:11:14.989+0000] {processor.py:157} INFO - Started process (PID=107) to work on /home/airflow/.local/lib/python3.8/site-packages/airflow/example_dags/example_xcomargs.py
[2025-05-08T16:11:14.992+0000] {processor.py:829} INFO - Processing file /home/airflow/.local/lib/python3.8/site-packages/airflow/example_dags/example_xcomargs.py for tasks to queue
[2025-05-08T16:11:14.997+0000] {logging_mixin.py:154} INFO - [2025-05-08T16:11:14.996+0000] {dagbag.py:536} INFO - Filling up the DagBag from /home/airflow/.local/lib/python3.8/site-packages/airflow/example_dags/example_xcomargs.py
[2025-05-08T16:11:15.025+0000] {processor.py:839} INFO - DAG(s) dict_keys(['example_xcom_args_with_operators', 'example_xcom_args']) retrieved from /home/airflow/.local/lib/python3.8/site-packages/airflow/example_dags/example_xcomargs.py
[2025-05-08T16:11:15.101+0000] {logging_mixin.py:154} INFO - [2025-05-08T16:11:15.101+0000] {dag.py:2941} INFO - Sync 2 DAGs
[2025-05-08T16:11:15.133+0000] {logging_mixin.py:154} INFO - [2025-05-08T16:11:15.133+0000] {dag.py:3722} INFO - Setting next_dagrun for example_xcom_args to None, run_after=None
[2025-05-08T16:11:15.145+0000] {logging_mixin.py:154} INFO - [2025-05-08T16:11:15.144+0000] {dag.py:3722} INFO - Setting next_dagrun for example_xcom_args_with_operators to None, run_after=None
[2025-05-08T16:11:15.198+0000] {processor.py:179} INFO - Processing /home/airflow/.local/lib/python3.8/site-packages/airflow/example_dags/example_xcomargs.py took 0.222 seconds
[2025-05-08T16:11:45.739+0000] {processor.py:157} INFO - Started process (PID=162) to work on /home/airflow/.local/lib/python3.8/site-packages/airflow/example_dags/example_xcomargs.py
[2025-05-08T16:11:45.741+0000] {processor.py:829} INFO - Processing file /home/airflow/.local/lib/python3.8/site-packages/airflow/example_dags/example_xcomargs.py for tasks to queue
[2025-05-08T16:11:45.747+0000] {logging_mixin.py:154} INFO - [2025-05-08T16:11:45.745+0000] {dagbag.py:536} INFO - Filling up the DagBag from /home/airflow/.local/lib/python3.8/site-packages/airflow/example_dags/example_xcomargs.py
[2025-05-08T16:11:45.764+0000] {processor.py:839} INFO - DAG(s) dict_keys(['example_xcom_args_with_operators', 'example_xcom_args']) retrieved from /home/airflow/.local/lib/python3.8/site-packages/airflow/example_dags/example_xcomargs.py
[2025-05-08T16:11:45.824+0000] {logging_mixin.py:154} INFO - [2025-05-08T16:11:45.824+0000] {dag.py:2941} INFO - Sync 2 DAGs
[2025-05-08T16:11:45.854+0000] {logging_mixin.py:154} INFO - [2025-05-08T16:11:45.854+0000] {dag.py:3722} INFO - Setting next_dagrun for example_xcom_args to None, run_after=None
[2025-05-08T16:11:45.863+0000] {logging_mixin.py:154} INFO - [2025-05-08T16:11:45.863+0000] {dag.py:3722} INFO - Setting next_dagrun for example_xcom_args_with_operators to None, run_after=None
[2025-05-08T16:11:45.954+0000] {processor.py:179} INFO - Processing /home/airflow/.local/lib/python3.8/site-packages/airflow/example_dags/example_xcomargs.py took 0.219 seconds
[2025-05-08T16:12:16.939+0000] {processor.py:157} INFO - Started process (PID=217) to work on /home/airflow/.local/lib/python3.8/site-packages/airflow/example_dags/example_xcomargs.py
[2025-05-08T16:12:16.941+0000] {processor.py:829} INFO - Processing file /home/airflow/.local/lib/python3.8/site-packages/airflow/example_dags/example_xcomargs.py for tasks to queue
[2025-05-08T16:12:16.945+0000] {logging_mixin.py:154} INFO - [2025-05-08T16:12:16.944+0000] {dagbag.py:536} INFO - Filling up the DagBag from /home/airflow/.local/lib/python3.8/site-packages/airflow/example_dags/example_xcomargs.py
[2025-05-08T16:12:16.954+0000] {processor.py:839} INFO - DAG(s) dict_keys(['example_xcom_args_with_operators', 'example_xcom_args']) retrieved from /home/airflow/.local/lib/python3.8/site-packages/airflow/example_dags/example_xcomargs.py
[2025-05-08T16:12:16.993+0000] {logging_mixin.py:154} INFO - [2025-05-08T16:12:16.993+0000] {dag.py:2941} INFO - Sync 2 DAGs
[2025-05-08T16:12:17.021+0000] {logging_mixin.py:154} INFO - [2025-05-08T16:12:17.020+0000] {dag.py:3722} INFO - Setting next_dagrun for example_xcom_args to None, run_after=None
[2025-05-08T16:12:17.029+0000] {logging_mixin.py:154} INFO - [2025-05-08T16:12:17.028+0000] {dag.py:3722} INFO - Setting next_dagrun for example_xcom_args_with_operators to None, run_after=None
[2025-05-08T16:12:17.062+0000] {processor.py:179} INFO - Processing /home/airflow/.local/lib/python3.8/site-packages/airflow/example_dags/example_xcomargs.py took 0.128 seconds
[2025-05-08T16:12:47.545+0000] {processor.py:157} INFO - Started process (PID=272) to work on /home/airflow/.local/lib/python3.8/site-packages/airflow/example_dags/example_xcomargs.py
[2025-05-08T16:12:47.547+0000] {processor.py:829} INFO - Processing file /home/airflow/.local/lib/python3.8/site-packages/airflow/example_dags/example_xcomargs.py for tasks to queue
[2025-05-08T16:12:47.551+0000] {logging_mixin.py:154} INFO - [2025-05-08T16:12:47.550+0000] {dagbag.py:536} INFO - Filling up the DagBag from /home/airflow/.local/lib/python3.8/site-packages/airflow/example_dags/example_xcomargs.py
[2025-05-08T16:12:47.562+0000] {processor.py:839} INFO - DAG(s) dict_keys(['example_xcom_args', 'example_xcom_args_with_operators']) retrieved from /home/airflow/.local/lib/python3.8/site-packages/airflow/example_dags/example_xcomargs.py
[2025-05-08T16:12:47.612+0000] {logging_mixin.py:154} INFO - [2025-05-08T16:12:47.612+0000] {dag.py:2941} INFO - Sync 2 DAGs
[2025-05-08T16:12:47.637+0000] {logging_mixin.py:154} INFO - [2025-05-08T16:12:47.637+0000] {dag.py:3722} INFO - Setting next_dagrun for example_xcom_args to None, run_after=None
[2025-05-08T16:12:47.643+0000] {logging_mixin.py:154} INFO - [2025-05-08T16:12:47.643+0000] {dag.py:3722} INFO - Setting next_dagrun for example_xcom_args_with_operators to None, run_after=None
[2025-05-08T16:12:47.677+0000] {processor.py:179} INFO - Processing /home/airflow/.local/lib/python3.8/site-packages/airflow/example_dags/example_xcomargs.py took 0.136 seconds
[2025-05-08T16:13:18.563+0000] {processor.py:157} INFO - Started process (PID=327) to work on /home/airflow/.local/lib/python3.8/site-packages/airflow/example_dags/example_xcomargs.py
[2025-05-08T16:13:18.565+0000] {processor.py:829} INFO - Processing file /home/airflow/.local/lib/python3.8/site-packages/airflow/example_dags/example_xcomargs.py for tasks to queue
[2025-05-08T16:13:18.572+0000] {logging_mixin.py:154} INFO - [2025-05-08T16:13:18.571+0000] {dagbag.py:536} INFO - Filling up the DagBag from /home/airflow/.local/lib/python3.8/site-packages/airflow/example_dags/example_xcomargs.py
[2025-05-08T16:13:18.583+0000] {processor.py:839} INFO - DAG(s) dict_keys(['example_xcom_args_with_operators', 'example_xcom_args']) retrieved from /home/airflow/.local/lib/python3.8/site-packages/airflow/example_dags/example_xcomargs.py
[2025-05-08T16:13:18.623+0000] {logging_mixin.py:154} INFO - [2025-05-08T16:13:18.622+0000] {dag.py:2941} INFO - Sync 2 DAGs
[2025-05-08T16:13:18.649+0000] {logging_mixin.py:154} INFO - [2025-05-08T16:13:18.649+0000] {dag.py:3722} INFO - Setting next_dagrun for example_xcom_args to None, run_after=None
[2025-05-08T16:13:18.656+0000] {logging_mixin.py:154} INFO - [2025-05-08T16:13:18.656+0000] {dag.py:3722} INFO - Setting next_dagrun for example_xcom_args_with_operators to None, run_after=None
[2025-05-08T16:13:18.701+0000] {processor.py:179} INFO - Processing /home/airflow/.local/lib/python3.8/site-packages/airflow/example_dags/example_xcomargs.py took 0.144 seconds
[2025-05-08T16:13:48.733+0000] {processor.py:157} INFO - Started process (PID=382) to work on /home/airflow/.local/lib/python3.8/site-packages/airflow/example_dags/example_xcomargs.py
[2025-05-08T16:13:48.734+0000] {processor.py:829} INFO - Processing file /home/airflow/.local/lib/python3.8/site-packages/airflow/example_dags/example_xcomargs.py for tasks to queue
[2025-05-08T16:13:48.738+0000] {logging_mixin.py:154} INFO - [2025-05-08T16:13:48.738+0000] {dagbag.py:536} INFO - Filling up the DagBag from /home/airflow/.local/lib/python3.8/site-packages/airflow/example_dags/example_xcomargs.py
[2025-05-08T16:13:48.748+0000] {processor.py:839} INFO - DAG(s) dict_keys(['example_xcom_args', 'example_xcom_args_with_operators']) retrieved from /home/airflow/.local/lib/python3.8/site-packages/airflow/example_dags/example_xcomargs.py
[2025-05-08T16:13:48.793+0000] {logging_mixin.py:154} INFO - [2025-05-08T16:13:48.793+0000] {dag.py:2941} INFO - Sync 2 DAGs
[2025-05-08T16:13:48.812+0000] {logging_mixin.py:154} INFO - [2025-05-08T16:13:48.811+0000] {dag.py:3722} INFO - Setting next_dagrun for example_xcom_args to None, run_after=None
[2025-05-08T16:13:48.817+0000] {logging_mixin.py:154} INFO - [2025-05-08T16:13:48.817+0000] {dag.py:3722} INFO - Setting next_dagrun for example_xcom_args_with_operators to None, run_after=None
[2025-05-08T16:13:48.845+0000] {processor.py:179} INFO - Processing /home/airflow/.local/lib/python3.8/site-packages/airflow/example_dags/example_xcomargs.py took 0.117 seconds
[2025-05-08T16:14:19.607+0000] {processor.py:157} INFO - Started process (PID=437) to work on /home/airflow/.local/lib/python3.8/site-packages/airflow/example_dags/example_xcomargs.py
[2025-05-08T16:14:19.609+0000] {processor.py:829} INFO - Processing file /home/airflow/.local/lib/python3.8/site-packages/airflow/example_dags/example_xcomargs.py for tasks to queue
[2025-05-08T16:14:19.617+0000] {logging_mixin.py:154} INFO - [2025-05-08T16:14:19.616+0000] {dagbag.py:536} INFO - Filling up the DagBag from /home/airflow/.local/lib/python3.8/site-packages/airflow/example_dags/example_xcomargs.py
[2025-05-08T16:14:19.633+0000] {processor.py:839} INFO - DAG(s) dict_keys(['example_xcom_args', 'example_xcom_args_with_operators']) retrieved from /home/airflow/.local/lib/python3.8/site-packages/airflow/example_dags/example_xcomargs.py
[2025-05-08T16:14:19.682+0000] {logging_mixin.py:154} INFO - [2025-05-08T16:14:19.682+0000] {dag.py:2941} INFO - Sync 2 DAGs
[2025-05-08T16:14:19.712+0000] {logging_mixin.py:154} INFO - [2025-05-08T16:14:19.711+0000] {dag.py:3722} INFO - Setting next_dagrun for example_xcom_args to None, run_after=None
[2025-05-08T16:14:19.717+0000] {logging_mixin.py:154} INFO - [2025-05-08T16:14:19.717+0000] {dag.py:3722} INFO - Setting next_dagrun for example_xcom_args_with_operators to None, run_after=None
[2025-05-08T16:14:19.751+0000] {processor.py:179} INFO - Processing /home/airflow/.local/lib/python3.8/site-packages/airflow/example_dags/example_xcomargs.py took 0.152 seconds
[2025-05-08T16:14:50.132+0000] {processor.py:157} INFO - Started process (PID=492) to work on /home/airflow/.local/lib/python3.8/site-packages/airflow/example_dags/example_xcomargs.py
[2025-05-08T16:14:50.134+0000] {processor.py:829} INFO - Processing file /home/airflow/.local/lib/python3.8/site-packages/airflow/example_dags/example_xcomargs.py for tasks to queue
[2025-05-08T16:14:50.139+0000] {logging_mixin.py:154} INFO - [2025-05-08T16:14:50.138+0000] {dagbag.py:536} INFO - Filling up the DagBag from /home/airflow/.local/lib/python3.8/site-packages/airflow/example_dags/example_xcomargs.py
[2025-05-08T16:14:50.149+0000] {processor.py:839} INFO - DAG(s) dict_keys(['example_xcom_args_with_operators', 'example_xcom_args']) retrieved from /home/airflow/.local/lib/python3.8/site-packages/airflow/example_dags/example_xcomargs.py
[2025-05-08T16:14:50.191+0000] {logging_mixin.py:154} INFO - [2025-05-08T16:14:50.190+0000] {dag.py:2941} INFO - Sync 2 DAGs
[2025-05-08T16:14:50.211+0000] {logging_mixin.py:154} INFO - [2025-05-08T16:14:50.210+0000] {dag.py:3722} INFO - Setting next_dagrun for example_xcom_args to None, run_after=None
[2025-05-08T16:14:50.218+0000] {logging_mixin.py:154} INFO - [2025-05-08T16:14:50.217+0000] {dag.py:3722} INFO - Setting next_dagrun for example_xcom_args_with_operators to None, run_after=None
[2025-05-08T16:14:50.247+0000] {processor.py:179} INFO - Processing /home/airflow/.local/lib/python3.8/site-packages/airflow/example_dags/example_xcomargs.py took 0.119 seconds
[2025-05-08T16:15:20.550+0000] {processor.py:157} INFO - Started process (PID=547) to work on /home/airflow/.local/lib/python3.8/site-packages/airflow/example_dags/example_xcomargs.py
[2025-05-08T16:15:20.552+0000] {processor.py:829} INFO - Processing file /home/airflow/.local/lib/python3.8/site-packages/airflow/example_dags/example_xcomargs.py for tasks to queue
[2025-05-08T16:15:20.555+0000] {logging_mixin.py:154} INFO - [2025-05-08T16:15:20.554+0000] {dagbag.py:536} INFO - Filling up the DagBag from /home/airflow/.local/lib/python3.8/site-packages/airflow/example_dags/example_xcomargs.py
[2025-05-08T16:15:20.564+0000] {processor.py:839} INFO - DAG(s) dict_keys(['example_xcom_args_with_operators', 'example_xcom_args']) retrieved from /home/airflow/.local/lib/python3.8/site-packages/airflow/example_dags/example_xcomargs.py
[2025-05-08T16:15:20.616+0000] {logging_mixin.py:154} INFO - [2025-05-08T16:15:20.616+0000] {dag.py:2941} INFO - Sync 2 DAGs
[2025-05-08T16:15:20.634+0000] {logging_mixin.py:154} INFO - [2025-05-08T16:15:20.633+0000] {dag.py:3722} INFO - Setting next_dagrun for example_xcom_args to None, run_after=None
[2025-05-08T16:15:20.639+0000] {logging_mixin.py:154} INFO - [2025-05-08T16:15:20.638+0000] {dag.py:3722} INFO - Setting next_dagrun for example_xcom_args_with_operators to None, run_after=None
[2025-05-08T16:15:20.661+0000] {processor.py:179} INFO - Processing /home/airflow/.local/lib/python3.8/site-packages/airflow/example_dags/example_xcomargs.py took 0.115 seconds
[2025-05-08T16:15:51.274+0000] {processor.py:157} INFO - Started process (PID=602) to work on /home/airflow/.local/lib/python3.8/site-packages/airflow/example_dags/example_xcomargs.py
[2025-05-08T16:15:51.275+0000] {processor.py:829} INFO - Processing file /home/airflow/.local/lib/python3.8/site-packages/airflow/example_dags/example_xcomargs.py for tasks to queue
[2025-05-08T16:15:51.279+0000] {logging_mixin.py:154} INFO - [2025-05-08T16:15:51.278+0000] {dagbag.py:536} INFO - Filling up the DagBag from /home/airflow/.local/lib/python3.8/site-packages/airflow/example_dags/example_xcomargs.py
[2025-05-08T16:15:51.288+0000] {processor.py:839} INFO - DAG(s) dict_keys(['example_xcom_args_with_operators', 'example_xcom_args']) retrieved from /home/airflow/.local/lib/python3.8/site-packages/airflow/example_dags/example_xcomargs.py
[2025-05-08T16:15:51.331+0000] {logging_mixin.py:154} INFO - [2025-05-08T16:15:51.330+0000] {dag.py:2941} INFO - Sync 2 DAGs
[2025-05-08T16:15:51.349+0000] {logging_mixin.py:154} INFO - [2025-05-08T16:15:51.349+0000] {dag.py:3722} INFO - Setting next_dagrun for example_xcom_args to None, run_after=None
[2025-05-08T16:15:51.353+0000] {logging_mixin.py:154} INFO - [2025-05-08T16:15:51.353+0000] {dag.py:3722} INFO - Setting next_dagrun for example_xcom_args_with_operators to None, run_after=None
[2025-05-08T16:15:51.374+0000] {processor.py:179} INFO - Processing /home/airflow/.local/lib/python3.8/site-packages/airflow/example_dags/example_xcomargs.py took 0.104 seconds
[2025-05-08T16:16:21.659+0000] {processor.py:157} INFO - Started process (PID=657) to work on /home/airflow/.local/lib/python3.8/site-packages/airflow/example_dags/example_xcomargs.py
[2025-05-08T16:16:21.661+0000] {processor.py:829} INFO - Processing file /home/airflow/.local/lib/python3.8/site-packages/airflow/example_dags/example_xcomargs.py for tasks to queue
[2025-05-08T16:16:21.665+0000] {logging_mixin.py:154} INFO - [2025-05-08T16:16:21.665+0000] {dagbag.py:536} INFO - Filling up the DagBag from /home/airflow/.local/lib/python3.8/site-packages/airflow/example_dags/example_xcomargs.py
[2025-05-08T16:16:21.685+0000] {processor.py:839} INFO - DAG(s) dict_keys(['example_xcom_args', 'example_xcom_args_with_operators']) retrieved from /home/airflow/.local/lib/python3.8/site-packages/airflow/example_dags/example_xcomargs.py
[2025-05-08T16:16:21.733+0000] {logging_mixin.py:154} INFO - [2025-05-08T16:16:21.733+0000] {dag.py:2941} INFO - Sync 2 DAGs
[2025-05-08T16:16:21.754+0000] {logging_mixin.py:154} INFO - [2025-05-08T16:16:21.754+0000] {dag.py:3722} INFO - Setting next_dagrun for example_xcom_args to None, run_after=None
[2025-05-08T16:16:21.760+0000] {logging_mixin.py:154} INFO - [2025-05-08T16:16:21.759+0000] {dag.py:3722} INFO - Setting next_dagrun for example_xcom_args_with_operators to None, run_after=None
[2025-05-08T16:16:21.812+0000] {processor.py:179} INFO - Processing /home/airflow/.local/lib/python3.8/site-packages/airflow/example_dags/example_xcomargs.py took 0.159 seconds
[2025-05-08T16:16:52.117+0000] {processor.py:157} INFO - Started process (PID=712) to work on /home/airflow/.local/lib/python3.8/site-packages/airflow/example_dags/example_xcomargs.py
[2025-05-08T16:16:52.119+0000] {processor.py:829} INFO - Processing file /home/airflow/.local/lib/python3.8/site-packages/airflow/example_dags/example_xcomargs.py for tasks to queue
[2025-05-08T16:16:52.123+0000] {logging_mixin.py:154} INFO - [2025-05-08T16:16:52.122+0000] {dagbag.py:536} INFO - Filling up the DagBag from /home/airflow/.local/lib/python3.8/site-packages/airflow/example_dags/example_xcomargs.py
[2025-05-08T16:16:52.140+0000] {processor.py:839} INFO - DAG(s) dict_keys(['example_xcom_args', 'example_xcom_args_with_operators']) retrieved from /home/airflow/.local/lib/python3.8/site-packages/airflow/example_dags/example_xcomargs.py
[2025-05-08T16:16:52.197+0000] {logging_mixin.py:154} INFO - [2025-05-08T16:16:52.196+0000] {dag.py:2941} INFO - Sync 2 DAGs
[2025-05-08T16:16:52.225+0000] {logging_mixin.py:154} INFO - [2025-05-08T16:16:52.224+0000] {dag.py:3722} INFO - Setting next_dagrun for example_xcom_args to None, run_after=None
[2025-05-08T16:16:52.235+0000] {logging_mixin.py:154} INFO - [2025-05-08T16:16:52.233+0000] {dag.py:3722} INFO - Setting next_dagrun for example_xcom_args_with_operators to None, run_after=None
[2025-05-08T16:16:52.289+0000] {processor.py:179} INFO - Processing /home/airflow/.local/lib/python3.8/site-packages/airflow/example_dags/example_xcomargs.py took 0.178 seconds
[2025-05-08T16:17:23.029+0000] {processor.py:157} INFO - Started process (PID=767) to work on /home/airflow/.local/lib/python3.8/site-packages/airflow/example_dags/example_xcomargs.py
[2025-05-08T16:17:23.031+0000] {processor.py:829} INFO - Processing file /home/airflow/.local/lib/python3.8/site-packages/airflow/example_dags/example_xcomargs.py for tasks to queue
[2025-05-08T16:17:23.035+0000] {logging_mixin.py:154} INFO - [2025-05-08T16:17:23.035+0000] {dagbag.py:536} INFO - Filling up the DagBag from /home/airflow/.local/lib/python3.8/site-packages/airflow/example_dags/example_xcomargs.py
[2025-05-08T16:17:23.048+0000] {processor.py:839} INFO - DAG(s) dict_keys(['example_xcom_args_with_operators', 'example_xcom_args']) retrieved from /home/airflow/.local/lib/python3.8/site-packages/airflow/example_dags/example_xcomargs.py
[2025-05-08T16:17:23.092+0000] {logging_mixin.py:154} INFO - [2025-05-08T16:17:23.091+0000] {dag.py:2941} INFO - Sync 2 DAGs
[2025-05-08T16:17:23.111+0000] {logging_mixin.py:154} INFO - [2025-05-08T16:17:23.111+0000] {dag.py:3722} INFO - Setting next_dagrun for example_xcom_args to None, run_after=None
[2025-05-08T16:17:23.117+0000] {logging_mixin.py:154} INFO - [2025-05-08T16:17:23.116+0000] {dag.py:3722} INFO - Setting next_dagrun for example_xcom_args_with_operators to None, run_after=None
[2025-05-08T16:17:23.137+0000] {processor.py:179} INFO - Processing /home/airflow/.local/lib/python3.8/site-packages/airflow/example_dags/example_xcomargs.py took 0.115 seconds
