[2025-05-08T16:11:08.021+0000] {processor.py:157} INFO - Started process (PID=76) to work on /home/airflow/.local/lib/python3.8/site-packages/airflow/example_dags/example_subdag_operator.py
[2025-05-08T16:11:08.026+0000] {processor.py:829} INFO - Processing file /home/airflow/.local/lib/python3.8/site-packages/airflow/example_dags/example_subdag_operator.py for tasks to queue
[2025-05-08T16:11:08.032+0000] {logging_mixin.py:154} INFO - [2025-05-08T16:11:08.031+0000] {dagbag.py:536} INFO - Filling up the DagBag from /home/airflow/.local/lib/python3.8/site-packages/airflow/example_dags/example_subdag_operator.py
[2025-05-08T16:11:08.086+0000] {processor.py:839} INFO - DAG(s) dict_keys(['example_subdag_operator.section-1', 'example_subdag_operator.section-2', 'example_subdag_operator']) retrieved from /home/airflow/.local/lib/python3.8/site-packages/airflow/example_dags/example_subdag_operator.py
[2025-05-08T16:11:08.131+0000] {logging_mixin.py:154} INFO - [2025-05-08T16:11:08.130+0000] {dag.py:2941} INFO - Sync 3 DAGs
[2025-05-08T16:11:08.194+0000] {logging_mixin.py:154} INFO - [2025-05-08T16:11:08.193+0000] {dag.py:3722} INFO - Setting next_dagrun for example_subdag_operator to 2022-01-01T00:00:00+00:00, run_after=2022-01-01T00:00:00+00:00
[2025-05-08T16:11:08.203+0000] {logging_mixin.py:154} INFO - [2025-05-08T16:11:08.203+0000] {dag.py:3722} INFO - Setting next_dagrun for example_subdag_operator.section-1 to None, run_after=None
[2025-05-08T16:11:08.207+0000] {logging_mixin.py:154} INFO - [2025-05-08T16:11:08.206+0000] {dag.py:3722} INFO - Setting next_dagrun for example_subdag_operator.section-2 to None, run_after=None
[2025-05-08T16:11:08.222+0000] {logging_mixin.py:154} INFO - [2025-05-08T16:11:08.222+0000] {dag.py:2941} INFO - Sync 2 DAGs
[2025-05-08T16:11:08.234+0000] {logging_mixin.py:154} INFO - [2025-05-08T16:11:08.233+0000] {dag.py:3722} INFO - Setting next_dagrun for example_subdag_operator.section-1 to None, run_after=None
[2025-05-08T16:11:08.235+0000] {logging_mixin.py:154} INFO - [2025-05-08T16:11:08.234+0000] {dag.py:3722} INFO - Setting next_dagrun for example_subdag_operator.section-2 to None, run_after=None
[2025-05-08T16:11:08.259+0000] {processor.py:179} INFO - Processing /home/airflow/.local/lib/python3.8/site-packages/airflow/example_dags/example_subdag_operator.py took 0.245 seconds
[2025-05-08T16:11:38.376+0000] {processor.py:157} INFO - Started process (PID=130) to work on /home/airflow/.local/lib/python3.8/site-packages/airflow/example_dags/example_subdag_operator.py
[2025-05-08T16:11:38.386+0000] {processor.py:829} INFO - Processing file /home/airflow/.local/lib/python3.8/site-packages/airflow/example_dags/example_subdag_operator.py for tasks to queue
[2025-05-08T16:11:38.391+0000] {logging_mixin.py:154} INFO - [2025-05-08T16:11:38.390+0000] {dagbag.py:536} INFO - Filling up the DagBag from /home/airflow/.local/lib/python3.8/site-packages/airflow/example_dags/example_subdag_operator.py
[2025-05-08T16:11:38.434+0000] {processor.py:839} INFO - DAG(s) dict_keys(['example_subdag_operator.section-1', 'example_subdag_operator.section-2', 'example_subdag_operator']) retrieved from /home/airflow/.local/lib/python3.8/site-packages/airflow/example_dags/example_subdag_operator.py
[2025-05-08T16:11:38.454+0000] {logging_mixin.py:154} INFO - [2025-05-08T16:11:38.454+0000] {dag.py:2941} INFO - Sync 3 DAGs
[2025-05-08T16:11:38.483+0000] {logging_mixin.py:154} INFO - [2025-05-08T16:11:38.482+0000] {dag.py:3722} INFO - Setting next_dagrun for example_subdag_operator to 2022-01-01T00:00:00+00:00, run_after=2022-01-01T00:00:00+00:00
[2025-05-08T16:11:38.489+0000] {logging_mixin.py:154} INFO - [2025-05-08T16:11:38.489+0000] {dag.py:3722} INFO - Setting next_dagrun for example_subdag_operator.section-1 to None, run_after=None
[2025-05-08T16:11:38.491+0000] {logging_mixin.py:154} INFO - [2025-05-08T16:11:38.491+0000] {dag.py:3722} INFO - Setting next_dagrun for example_subdag_operator.section-2 to None, run_after=None
[2025-05-08T16:11:38.501+0000] {logging_mixin.py:154} INFO - [2025-05-08T16:11:38.500+0000] {dag.py:2941} INFO - Sync 2 DAGs
[2025-05-08T16:11:38.509+0000] {logging_mixin.py:154} INFO - [2025-05-08T16:11:38.509+0000] {dag.py:3722} INFO - Setting next_dagrun for example_subdag_operator.section-1 to None, run_after=None
[2025-05-08T16:11:38.510+0000] {logging_mixin.py:154} INFO - [2025-05-08T16:11:38.510+0000] {dag.py:3722} INFO - Setting next_dagrun for example_subdag_operator.section-2 to None, run_after=None
[2025-05-08T16:11:38.533+0000] {processor.py:179} INFO - Processing /home/airflow/.local/lib/python3.8/site-packages/airflow/example_dags/example_subdag_operator.py took 0.161 seconds
[2025-05-08T16:12:08.830+0000] {processor.py:157} INFO - Started process (PID=185) to work on /home/airflow/.local/lib/python3.8/site-packages/airflow/example_dags/example_subdag_operator.py
[2025-05-08T16:12:08.833+0000] {processor.py:829} INFO - Processing file /home/airflow/.local/lib/python3.8/site-packages/airflow/example_dags/example_subdag_operator.py for tasks to queue
[2025-05-08T16:12:08.836+0000] {logging_mixin.py:154} INFO - [2025-05-08T16:12:08.836+0000] {dagbag.py:536} INFO - Filling up the DagBag from /home/airflow/.local/lib/python3.8/site-packages/airflow/example_dags/example_subdag_operator.py
[2025-05-08T16:12:08.883+0000] {processor.py:839} INFO - DAG(s) dict_keys(['example_subdag_operator.section-1', 'example_subdag_operator.section-2', 'example_subdag_operator']) retrieved from /home/airflow/.local/lib/python3.8/site-packages/airflow/example_dags/example_subdag_operator.py
[2025-05-08T16:12:08.905+0000] {logging_mixin.py:154} INFO - [2025-05-08T16:12:08.905+0000] {dag.py:2941} INFO - Sync 3 DAGs
[2025-05-08T16:12:08.939+0000] {logging_mixin.py:154} INFO - [2025-05-08T16:12:08.939+0000] {dag.py:3722} INFO - Setting next_dagrun for example_subdag_operator to 2022-01-01T00:00:00+00:00, run_after=2022-01-01T00:00:00+00:00
[2025-05-08T16:12:08.946+0000] {logging_mixin.py:154} INFO - [2025-05-08T16:12:08.945+0000] {dag.py:3722} INFO - Setting next_dagrun for example_subdag_operator.section-1 to None, run_after=None
[2025-05-08T16:12:08.950+0000] {logging_mixin.py:154} INFO - [2025-05-08T16:12:08.949+0000] {dag.py:3722} INFO - Setting next_dagrun for example_subdag_operator.section-2 to None, run_after=None
[2025-05-08T16:12:08.966+0000] {logging_mixin.py:154} INFO - [2025-05-08T16:12:08.966+0000] {dag.py:2941} INFO - Sync 2 DAGs
[2025-05-08T16:12:08.977+0000] {logging_mixin.py:154} INFO - [2025-05-08T16:12:08.977+0000] {dag.py:3722} INFO - Setting next_dagrun for example_subdag_operator.section-1 to None, run_after=None
[2025-05-08T16:12:08.978+0000] {logging_mixin.py:154} INFO - [2025-05-08T16:12:08.977+0000] {dag.py:3722} INFO - Setting next_dagrun for example_subdag_operator.section-2 to None, run_after=None
[2025-05-08T16:12:09.002+0000] {processor.py:179} INFO - Processing /home/airflow/.local/lib/python3.8/site-packages/airflow/example_dags/example_subdag_operator.py took 0.177 seconds
[2025-05-08T16:12:39.368+0000] {processor.py:157} INFO - Started process (PID=240) to work on /home/airflow/.local/lib/python3.8/site-packages/airflow/example_dags/example_subdag_operator.py
[2025-05-08T16:12:39.370+0000] {processor.py:829} INFO - Processing file /home/airflow/.local/lib/python3.8/site-packages/airflow/example_dags/example_subdag_operator.py for tasks to queue
[2025-05-08T16:12:39.374+0000] {logging_mixin.py:154} INFO - [2025-05-08T16:12:39.373+0000] {dagbag.py:536} INFO - Filling up the DagBag from /home/airflow/.local/lib/python3.8/site-packages/airflow/example_dags/example_subdag_operator.py
[2025-05-08T16:12:39.406+0000] {processor.py:839} INFO - DAG(s) dict_keys(['example_subdag_operator.section-1', 'example_subdag_operator.section-2', 'example_subdag_operator']) retrieved from /home/airflow/.local/lib/python3.8/site-packages/airflow/example_dags/example_subdag_operator.py
[2025-05-08T16:12:39.436+0000] {logging_mixin.py:154} INFO - [2025-05-08T16:12:39.436+0000] {dag.py:2941} INFO - Sync 3 DAGs
[2025-05-08T16:12:39.469+0000] {logging_mixin.py:154} INFO - [2025-05-08T16:12:39.469+0000] {dag.py:3722} INFO - Setting next_dagrun for example_subdag_operator to 2022-01-01T00:00:00+00:00, run_after=2022-01-01T00:00:00+00:00
[2025-05-08T16:12:39.477+0000] {logging_mixin.py:154} INFO - [2025-05-08T16:12:39.477+0000] {dag.py:3722} INFO - Setting next_dagrun for example_subdag_operator.section-1 to None, run_after=None
[2025-05-08T16:12:39.481+0000] {logging_mixin.py:154} INFO - [2025-05-08T16:12:39.481+0000] {dag.py:3722} INFO - Setting next_dagrun for example_subdag_operator.section-2 to None, run_after=None
[2025-05-08T16:12:39.492+0000] {logging_mixin.py:154} INFO - [2025-05-08T16:12:39.491+0000] {dag.py:2941} INFO - Sync 2 DAGs
[2025-05-08T16:12:39.499+0000] {logging_mixin.py:154} INFO - [2025-05-08T16:12:39.499+0000] {dag.py:3722} INFO - Setting next_dagrun for example_subdag_operator.section-1 to None, run_after=None
[2025-05-08T16:12:39.500+0000] {logging_mixin.py:154} INFO - [2025-05-08T16:12:39.500+0000] {dag.py:3722} INFO - Setting next_dagrun for example_subdag_operator.section-2 to None, run_after=None
[2025-05-08T16:12:39.517+0000] {processor.py:179} INFO - Processing /home/airflow/.local/lib/python3.8/site-packages/airflow/example_dags/example_subdag_operator.py took 0.154 seconds
[2025-05-08T16:13:09.878+0000] {processor.py:157} INFO - Started process (PID=295) to work on /home/airflow/.local/lib/python3.8/site-packages/airflow/example_dags/example_subdag_operator.py
[2025-05-08T16:13:09.880+0000] {processor.py:829} INFO - Processing file /home/airflow/.local/lib/python3.8/site-packages/airflow/example_dags/example_subdag_operator.py for tasks to queue
[2025-05-08T16:13:09.884+0000] {logging_mixin.py:154} INFO - [2025-05-08T16:13:09.884+0000] {dagbag.py:536} INFO - Filling up the DagBag from /home/airflow/.local/lib/python3.8/site-packages/airflow/example_dags/example_subdag_operator.py
[2025-05-08T16:13:09.933+0000] {processor.py:839} INFO - DAG(s) dict_keys(['example_subdag_operator.section-1', 'example_subdag_operator.section-2', 'example_subdag_operator']) retrieved from /home/airflow/.local/lib/python3.8/site-packages/airflow/example_dags/example_subdag_operator.py
[2025-05-08T16:13:09.968+0000] {logging_mixin.py:154} INFO - [2025-05-08T16:13:09.968+0000] {dag.py:2941} INFO - Sync 3 DAGs
[2025-05-08T16:13:10.005+0000] {logging_mixin.py:154} INFO - [2025-05-08T16:13:10.005+0000] {dag.py:3722} INFO - Setting next_dagrun for example_subdag_operator to 2022-01-01T00:00:00+00:00, run_after=2022-01-01T00:00:00+00:00
[2025-05-08T16:13:10.017+0000] {logging_mixin.py:154} INFO - [2025-05-08T16:13:10.017+0000] {dag.py:3722} INFO - Setting next_dagrun for example_subdag_operator.section-1 to None, run_after=None
[2025-05-08T16:13:10.021+0000] {logging_mixin.py:154} INFO - [2025-05-08T16:13:10.021+0000] {dag.py:3722} INFO - Setting next_dagrun for example_subdag_operator.section-2 to None, run_after=None
[2025-05-08T16:13:10.037+0000] {logging_mixin.py:154} INFO - [2025-05-08T16:13:10.037+0000] {dag.py:2941} INFO - Sync 2 DAGs
[2025-05-08T16:13:10.047+0000] {logging_mixin.py:154} INFO - [2025-05-08T16:13:10.047+0000] {dag.py:3722} INFO - Setting next_dagrun for example_subdag_operator.section-1 to None, run_after=None
[2025-05-08T16:13:10.048+0000] {logging_mixin.py:154} INFO - [2025-05-08T16:13:10.048+0000] {dag.py:3722} INFO - Setting next_dagrun for example_subdag_operator.section-2 to None, run_after=None
[2025-05-08T16:13:10.070+0000] {processor.py:179} INFO - Processing /home/airflow/.local/lib/python3.8/site-packages/airflow/example_dags/example_subdag_operator.py took 0.198 seconds
[2025-05-08T16:13:40.267+0000] {processor.py:157} INFO - Started process (PID=351) to work on /home/airflow/.local/lib/python3.8/site-packages/airflow/example_dags/example_subdag_operator.py
[2025-05-08T16:13:40.269+0000] {processor.py:829} INFO - Processing file /home/airflow/.local/lib/python3.8/site-packages/airflow/example_dags/example_subdag_operator.py for tasks to queue
[2025-05-08T16:13:40.275+0000] {logging_mixin.py:154} INFO - [2025-05-08T16:13:40.274+0000] {dagbag.py:536} INFO - Filling up the DagBag from /home/airflow/.local/lib/python3.8/site-packages/airflow/example_dags/example_subdag_operator.py
[2025-05-08T16:13:40.314+0000] {processor.py:839} INFO - DAG(s) dict_keys(['example_subdag_operator.section-1', 'example_subdag_operator.section-2', 'example_subdag_operator']) retrieved from /home/airflow/.local/lib/python3.8/site-packages/airflow/example_dags/example_subdag_operator.py
[2025-05-08T16:13:40.332+0000] {logging_mixin.py:154} INFO - [2025-05-08T16:13:40.332+0000] {dag.py:2941} INFO - Sync 3 DAGs
[2025-05-08T16:13:40.361+0000] {logging_mixin.py:154} INFO - [2025-05-08T16:13:40.361+0000] {dag.py:3722} INFO - Setting next_dagrun for example_subdag_operator to 2022-01-01T00:00:00+00:00, run_after=2022-01-01T00:00:00+00:00
[2025-05-08T16:13:40.366+0000] {logging_mixin.py:154} INFO - [2025-05-08T16:13:40.366+0000] {dag.py:3722} INFO - Setting next_dagrun for example_subdag_operator.section-1 to None, run_after=None
[2025-05-08T16:13:40.368+0000] {logging_mixin.py:154} INFO - [2025-05-08T16:13:40.368+0000] {dag.py:3722} INFO - Setting next_dagrun for example_subdag_operator.section-2 to None, run_after=None
[2025-05-08T16:13:40.380+0000] {logging_mixin.py:154} INFO - [2025-05-08T16:13:40.380+0000] {dag.py:2941} INFO - Sync 2 DAGs
[2025-05-08T16:13:40.392+0000] {logging_mixin.py:154} INFO - [2025-05-08T16:13:40.390+0000] {dag.py:3722} INFO - Setting next_dagrun for example_subdag_operator.section-1 to None, run_after=None
[2025-05-08T16:13:40.393+0000] {logging_mixin.py:154} INFO - [2025-05-08T16:13:40.393+0000] {dag.py:3722} INFO - Setting next_dagrun for example_subdag_operator.section-2 to None, run_after=None
[2025-05-08T16:13:40.415+0000] {processor.py:179} INFO - Processing /home/airflow/.local/lib/python3.8/site-packages/airflow/example_dags/example_subdag_operator.py took 0.153 seconds
[2025-05-08T16:14:11.305+0000] {processor.py:157} INFO - Started process (PID=406) to work on /home/airflow/.local/lib/python3.8/site-packages/airflow/example_dags/example_subdag_operator.py
[2025-05-08T16:14:11.306+0000] {processor.py:829} INFO - Processing file /home/airflow/.local/lib/python3.8/site-packages/airflow/example_dags/example_subdag_operator.py for tasks to queue
[2025-05-08T16:14:11.309+0000] {logging_mixin.py:154} INFO - [2025-05-08T16:14:11.309+0000] {dagbag.py:536} INFO - Filling up the DagBag from /home/airflow/.local/lib/python3.8/site-packages/airflow/example_dags/example_subdag_operator.py
[2025-05-08T16:14:11.343+0000] {processor.py:839} INFO - DAG(s) dict_keys(['example_subdag_operator.section-1', 'example_subdag_operator.section-2', 'example_subdag_operator']) retrieved from /home/airflow/.local/lib/python3.8/site-packages/airflow/example_dags/example_subdag_operator.py
[2025-05-08T16:14:11.360+0000] {logging_mixin.py:154} INFO - [2025-05-08T16:14:11.360+0000] {dag.py:2941} INFO - Sync 3 DAGs
[2025-05-08T16:14:11.387+0000] {logging_mixin.py:154} INFO - [2025-05-08T16:14:11.387+0000] {dag.py:3722} INFO - Setting next_dagrun for example_subdag_operator to 2022-01-01T00:00:00+00:00, run_after=2022-01-01T00:00:00+00:00
[2025-05-08T16:14:11.392+0000] {logging_mixin.py:154} INFO - [2025-05-08T16:14:11.392+0000] {dag.py:3722} INFO - Setting next_dagrun for example_subdag_operator.section-1 to None, run_after=None
[2025-05-08T16:14:11.394+0000] {logging_mixin.py:154} INFO - [2025-05-08T16:14:11.394+0000] {dag.py:3722} INFO - Setting next_dagrun for example_subdag_operator.section-2 to None, run_after=None
[2025-05-08T16:14:11.403+0000] {logging_mixin.py:154} INFO - [2025-05-08T16:14:11.403+0000] {dag.py:2941} INFO - Sync 2 DAGs
[2025-05-08T16:14:11.411+0000] {logging_mixin.py:154} INFO - [2025-05-08T16:14:11.410+0000] {dag.py:3722} INFO - Setting next_dagrun for example_subdag_operator.section-1 to None, run_after=None
[2025-05-08T16:14:11.412+0000] {logging_mixin.py:154} INFO - [2025-05-08T16:14:11.411+0000] {dag.py:3722} INFO - Setting next_dagrun for example_subdag_operator.section-2 to None, run_after=None
[2025-05-08T16:14:11.425+0000] {processor.py:179} INFO - Processing /home/airflow/.local/lib/python3.8/site-packages/airflow/example_dags/example_subdag_operator.py took 0.124 seconds
[2025-05-08T16:14:41.680+0000] {processor.py:157} INFO - Started process (PID=461) to work on /home/airflow/.local/lib/python3.8/site-packages/airflow/example_dags/example_subdag_operator.py
[2025-05-08T16:14:41.681+0000] {processor.py:829} INFO - Processing file /home/airflow/.local/lib/python3.8/site-packages/airflow/example_dags/example_subdag_operator.py for tasks to queue
[2025-05-08T16:14:41.684+0000] {logging_mixin.py:154} INFO - [2025-05-08T16:14:41.683+0000] {dagbag.py:536} INFO - Filling up the DagBag from /home/airflow/.local/lib/python3.8/site-packages/airflow/example_dags/example_subdag_operator.py
[2025-05-08T16:14:41.712+0000] {processor.py:839} INFO - DAG(s) dict_keys(['example_subdag_operator.section-1', 'example_subdag_operator.section-2', 'example_subdag_operator']) retrieved from /home/airflow/.local/lib/python3.8/site-packages/airflow/example_dags/example_subdag_operator.py
[2025-05-08T16:14:41.730+0000] {logging_mixin.py:154} INFO - [2025-05-08T16:14:41.730+0000] {dag.py:2941} INFO - Sync 3 DAGs
[2025-05-08T16:14:41.751+0000] {logging_mixin.py:154} INFO - [2025-05-08T16:14:41.751+0000] {dag.py:3722} INFO - Setting next_dagrun for example_subdag_operator to 2022-01-01T00:00:00+00:00, run_after=2022-01-01T00:00:00+00:00
[2025-05-08T16:14:41.755+0000] {logging_mixin.py:154} INFO - [2025-05-08T16:14:41.755+0000] {dag.py:3722} INFO - Setting next_dagrun for example_subdag_operator.section-1 to None, run_after=None
[2025-05-08T16:14:41.757+0000] {logging_mixin.py:154} INFO - [2025-05-08T16:14:41.756+0000] {dag.py:3722} INFO - Setting next_dagrun for example_subdag_operator.section-2 to None, run_after=None
[2025-05-08T16:14:41.764+0000] {logging_mixin.py:154} INFO - [2025-05-08T16:14:41.764+0000] {dag.py:2941} INFO - Sync 2 DAGs
[2025-05-08T16:14:41.770+0000] {logging_mixin.py:154} INFO - [2025-05-08T16:14:41.770+0000] {dag.py:3722} INFO - Setting next_dagrun for example_subdag_operator.section-1 to None, run_after=None
[2025-05-08T16:14:41.771+0000] {logging_mixin.py:154} INFO - [2025-05-08T16:14:41.771+0000] {dag.py:3722} INFO - Setting next_dagrun for example_subdag_operator.section-2 to None, run_after=None
[2025-05-08T16:14:41.785+0000] {processor.py:179} INFO - Processing /home/airflow/.local/lib/python3.8/site-packages/airflow/example_dags/example_subdag_operator.py took 0.109 seconds
[2025-05-08T16:15:12.581+0000] {processor.py:157} INFO - Started process (PID=516) to work on /home/airflow/.local/lib/python3.8/site-packages/airflow/example_dags/example_subdag_operator.py
[2025-05-08T16:15:12.582+0000] {processor.py:829} INFO - Processing file /home/airflow/.local/lib/python3.8/site-packages/airflow/example_dags/example_subdag_operator.py for tasks to queue
[2025-05-08T16:15:12.585+0000] {logging_mixin.py:154} INFO - [2025-05-08T16:15:12.585+0000] {dagbag.py:536} INFO - Filling up the DagBag from /home/airflow/.local/lib/python3.8/site-packages/airflow/example_dags/example_subdag_operator.py
[2025-05-08T16:15:12.622+0000] {processor.py:839} INFO - DAG(s) dict_keys(['example_subdag_operator.section-1', 'example_subdag_operator.section-2', 'example_subdag_operator']) retrieved from /home/airflow/.local/lib/python3.8/site-packages/airflow/example_dags/example_subdag_operator.py
[2025-05-08T16:15:12.645+0000] {logging_mixin.py:154} INFO - [2025-05-08T16:15:12.644+0000] {dag.py:2941} INFO - Sync 3 DAGs
[2025-05-08T16:15:12.682+0000] {logging_mixin.py:154} INFO - [2025-05-08T16:15:12.682+0000] {dag.py:3722} INFO - Setting next_dagrun for example_subdag_operator to 2022-01-01T00:00:00+00:00, run_after=2022-01-01T00:00:00+00:00
[2025-05-08T16:15:12.687+0000] {logging_mixin.py:154} INFO - [2025-05-08T16:15:12.687+0000] {dag.py:3722} INFO - Setting next_dagrun for example_subdag_operator.section-1 to None, run_after=None
[2025-05-08T16:15:12.689+0000] {logging_mixin.py:154} INFO - [2025-05-08T16:15:12.689+0000] {dag.py:3722} INFO - Setting next_dagrun for example_subdag_operator.section-2 to None, run_after=None
[2025-05-08T16:15:12.701+0000] {logging_mixin.py:154} INFO - [2025-05-08T16:15:12.700+0000] {dag.py:2941} INFO - Sync 2 DAGs
[2025-05-08T16:15:12.711+0000] {logging_mixin.py:154} INFO - [2025-05-08T16:15:12.711+0000] {dag.py:3722} INFO - Setting next_dagrun for example_subdag_operator.section-1 to None, run_after=None
[2025-05-08T16:15:12.713+0000] {logging_mixin.py:154} INFO - [2025-05-08T16:15:12.712+0000] {dag.py:3722} INFO - Setting next_dagrun for example_subdag_operator.section-2 to None, run_after=None
[2025-05-08T16:15:12.739+0000] {processor.py:179} INFO - Processing /home/airflow/.local/lib/python3.8/site-packages/airflow/example_dags/example_subdag_operator.py took 0.166 seconds
[2025-05-08T16:15:42.769+0000] {processor.py:157} INFO - Started process (PID=571) to work on /home/airflow/.local/lib/python3.8/site-packages/airflow/example_dags/example_subdag_operator.py
[2025-05-08T16:15:42.771+0000] {processor.py:829} INFO - Processing file /home/airflow/.local/lib/python3.8/site-packages/airflow/example_dags/example_subdag_operator.py for tasks to queue
[2025-05-08T16:15:42.775+0000] {logging_mixin.py:154} INFO - [2025-05-08T16:15:42.775+0000] {dagbag.py:536} INFO - Filling up the DagBag from /home/airflow/.local/lib/python3.8/site-packages/airflow/example_dags/example_subdag_operator.py
[2025-05-08T16:15:42.812+0000] {processor.py:839} INFO - DAG(s) dict_keys(['example_subdag_operator.section-1', 'example_subdag_operator.section-2', 'example_subdag_operator']) retrieved from /home/airflow/.local/lib/python3.8/site-packages/airflow/example_dags/example_subdag_operator.py
[2025-05-08T16:15:42.832+0000] {logging_mixin.py:154} INFO - [2025-05-08T16:15:42.832+0000] {dag.py:2941} INFO - Sync 3 DAGs
[2025-05-08T16:15:42.862+0000] {logging_mixin.py:154} INFO - [2025-05-08T16:15:42.861+0000] {dag.py:3722} INFO - Setting next_dagrun for example_subdag_operator to 2022-01-01T00:00:00+00:00, run_after=2022-01-01T00:00:00+00:00
[2025-05-08T16:15:42.868+0000] {logging_mixin.py:154} INFO - [2025-05-08T16:15:42.868+0000] {dag.py:3722} INFO - Setting next_dagrun for example_subdag_operator.section-1 to None, run_after=None
[2025-05-08T16:15:42.871+0000] {logging_mixin.py:154} INFO - [2025-05-08T16:15:42.870+0000] {dag.py:3722} INFO - Setting next_dagrun for example_subdag_operator.section-2 to None, run_after=None
[2025-05-08T16:15:42.880+0000] {logging_mixin.py:154} INFO - [2025-05-08T16:15:42.880+0000] {dag.py:2941} INFO - Sync 2 DAGs
[2025-05-08T16:15:42.887+0000] {logging_mixin.py:154} INFO - [2025-05-08T16:15:42.887+0000] {dag.py:3722} INFO - Setting next_dagrun for example_subdag_operator.section-1 to None, run_after=None
[2025-05-08T16:15:42.888+0000] {logging_mixin.py:154} INFO - [2025-05-08T16:15:42.888+0000] {dag.py:3722} INFO - Setting next_dagrun for example_subdag_operator.section-2 to None, run_after=None
[2025-05-08T16:15:42.909+0000] {processor.py:179} INFO - Processing /home/airflow/.local/lib/python3.8/site-packages/airflow/example_dags/example_subdag_operator.py took 0.145 seconds
[2025-05-08T16:16:13.047+0000] {processor.py:157} INFO - Started process (PID=625) to work on /home/airflow/.local/lib/python3.8/site-packages/airflow/example_dags/example_subdag_operator.py
[2025-05-08T16:16:13.049+0000] {processor.py:829} INFO - Processing file /home/airflow/.local/lib/python3.8/site-packages/airflow/example_dags/example_subdag_operator.py for tasks to queue
[2025-05-08T16:16:13.055+0000] {logging_mixin.py:154} INFO - [2025-05-08T16:16:13.054+0000] {dagbag.py:536} INFO - Filling up the DagBag from /home/airflow/.local/lib/python3.8/site-packages/airflow/example_dags/example_subdag_operator.py
[2025-05-08T16:16:13.114+0000] {processor.py:839} INFO - DAG(s) dict_keys(['example_subdag_operator.section-1', 'example_subdag_operator.section-2', 'example_subdag_operator']) retrieved from /home/airflow/.local/lib/python3.8/site-packages/airflow/example_dags/example_subdag_operator.py
[2025-05-08T16:16:13.147+0000] {logging_mixin.py:154} INFO - [2025-05-08T16:16:13.146+0000] {dag.py:2941} INFO - Sync 3 DAGs
[2025-05-08T16:16:13.192+0000] {logging_mixin.py:154} INFO - [2025-05-08T16:16:13.192+0000] {dag.py:3722} INFO - Setting next_dagrun for example_subdag_operator to 2022-01-01T00:00:00+00:00, run_after=2022-01-01T00:00:00+00:00
[2025-05-08T16:16:13.199+0000] {logging_mixin.py:154} INFO - [2025-05-08T16:16:13.199+0000] {dag.py:3722} INFO - Setting next_dagrun for example_subdag_operator.section-1 to None, run_after=None
[2025-05-08T16:16:13.201+0000] {logging_mixin.py:154} INFO - [2025-05-08T16:16:13.201+0000] {dag.py:3722} INFO - Setting next_dagrun for example_subdag_operator.section-2 to None, run_after=None
[2025-05-08T16:16:13.219+0000] {logging_mixin.py:154} INFO - [2025-05-08T16:16:13.218+0000] {dag.py:2941} INFO - Sync 2 DAGs
[2025-05-08T16:16:13.229+0000] {logging_mixin.py:154} INFO - [2025-05-08T16:16:13.229+0000] {dag.py:3722} INFO - Setting next_dagrun for example_subdag_operator.section-1 to None, run_after=None
[2025-05-08T16:16:13.230+0000] {logging_mixin.py:154} INFO - [2025-05-08T16:16:13.230+0000] {dag.py:3722} INFO - Setting next_dagrun for example_subdag_operator.section-2 to None, run_after=None
[2025-05-08T16:16:13.249+0000] {processor.py:179} INFO - Processing /home/airflow/.local/lib/python3.8/site-packages/airflow/example_dags/example_subdag_operator.py took 0.207 seconds
[2025-05-08T16:16:43.296+0000] {processor.py:157} INFO - Started process (PID=680) to work on /home/airflow/.local/lib/python3.8/site-packages/airflow/example_dags/example_subdag_operator.py
[2025-05-08T16:16:43.297+0000] {processor.py:829} INFO - Processing file /home/airflow/.local/lib/python3.8/site-packages/airflow/example_dags/example_subdag_operator.py for tasks to queue
[2025-05-08T16:16:43.300+0000] {logging_mixin.py:154} INFO - [2025-05-08T16:16:43.300+0000] {dagbag.py:536} INFO - Filling up the DagBag from /home/airflow/.local/lib/python3.8/site-packages/airflow/example_dags/example_subdag_operator.py
[2025-05-08T16:16:43.340+0000] {processor.py:839} INFO - DAG(s) dict_keys(['example_subdag_operator.section-1', 'example_subdag_operator.section-2', 'example_subdag_operator']) retrieved from /home/airflow/.local/lib/python3.8/site-packages/airflow/example_dags/example_subdag_operator.py
[2025-05-08T16:16:43.366+0000] {logging_mixin.py:154} INFO - [2025-05-08T16:16:43.366+0000] {dag.py:2941} INFO - Sync 3 DAGs
[2025-05-08T16:16:43.400+0000] {logging_mixin.py:154} INFO - [2025-05-08T16:16:43.399+0000] {dag.py:3722} INFO - Setting next_dagrun for example_subdag_operator to 2022-01-01T00:00:00+00:00, run_after=2022-01-01T00:00:00+00:00
[2025-05-08T16:16:43.405+0000] {logging_mixin.py:154} INFO - [2025-05-08T16:16:43.405+0000] {dag.py:3722} INFO - Setting next_dagrun for example_subdag_operator.section-1 to None, run_after=None
[2025-05-08T16:16:43.408+0000] {logging_mixin.py:154} INFO - [2025-05-08T16:16:43.407+0000] {dag.py:3722} INFO - Setting next_dagrun for example_subdag_operator.section-2 to None, run_after=None
[2025-05-08T16:16:43.420+0000] {logging_mixin.py:154} INFO - [2025-05-08T16:16:43.420+0000] {dag.py:2941} INFO - Sync 2 DAGs
[2025-05-08T16:16:43.428+0000] {logging_mixin.py:154} INFO - [2025-05-08T16:16:43.428+0000] {dag.py:3722} INFO - Setting next_dagrun for example_subdag_operator.section-1 to None, run_after=None
[2025-05-08T16:16:43.429+0000] {logging_mixin.py:154} INFO - [2025-05-08T16:16:43.429+0000] {dag.py:3722} INFO - Setting next_dagrun for example_subdag_operator.section-2 to None, run_after=None
[2025-05-08T16:16:43.443+0000] {processor.py:179} INFO - Processing /home/airflow/.local/lib/python3.8/site-packages/airflow/example_dags/example_subdag_operator.py took 0.151 seconds
[2025-05-08T16:17:13.534+0000] {processor.py:157} INFO - Started process (PID=735) to work on /home/airflow/.local/lib/python3.8/site-packages/airflow/example_dags/example_subdag_operator.py
[2025-05-08T16:17:13.535+0000] {processor.py:829} INFO - Processing file /home/airflow/.local/lib/python3.8/site-packages/airflow/example_dags/example_subdag_operator.py for tasks to queue
[2025-05-08T16:17:13.539+0000] {logging_mixin.py:154} INFO - [2025-05-08T16:17:13.538+0000] {dagbag.py:536} INFO - Filling up the DagBag from /home/airflow/.local/lib/python3.8/site-packages/airflow/example_dags/example_subdag_operator.py
[2025-05-08T16:17:13.586+0000] {processor.py:839} INFO - DAG(s) dict_keys(['example_subdag_operator.section-1', 'example_subdag_operator.section-2', 'example_subdag_operator']) retrieved from /home/airflow/.local/lib/python3.8/site-packages/airflow/example_dags/example_subdag_operator.py
[2025-05-08T16:17:13.606+0000] {logging_mixin.py:154} INFO - [2025-05-08T16:17:13.606+0000] {dag.py:2941} INFO - Sync 3 DAGs
[2025-05-08T16:17:13.639+0000] {logging_mixin.py:154} INFO - [2025-05-08T16:17:13.638+0000] {dag.py:3722} INFO - Setting next_dagrun for example_subdag_operator to 2022-01-01T00:00:00+00:00, run_after=2022-01-01T00:00:00+00:00
[2025-05-08T16:17:13.648+0000] {logging_mixin.py:154} INFO - [2025-05-08T16:17:13.648+0000] {dag.py:3722} INFO - Setting next_dagrun for example_subdag_operator.section-1 to None, run_after=None
[2025-05-08T16:17:13.653+0000] {logging_mixin.py:154} INFO - [2025-05-08T16:17:13.653+0000] {dag.py:3722} INFO - Setting next_dagrun for example_subdag_operator.section-2 to None, run_after=None
[2025-05-08T16:17:13.668+0000] {logging_mixin.py:154} INFO - [2025-05-08T16:17:13.668+0000] {dag.py:2941} INFO - Sync 2 DAGs
[2025-05-08T16:17:13.679+0000] {logging_mixin.py:154} INFO - [2025-05-08T16:17:13.678+0000] {dag.py:3722} INFO - Setting next_dagrun for example_subdag_operator.section-1 to None, run_after=None
[2025-05-08T16:17:13.680+0000] {logging_mixin.py:154} INFO - [2025-05-08T16:17:13.679+0000] {dag.py:3722} INFO - Setting next_dagrun for example_subdag_operator.section-2 to None, run_after=None
[2025-05-08T16:17:13.695+0000] {processor.py:179} INFO - Processing /home/airflow/.local/lib/python3.8/site-packages/airflow/example_dags/example_subdag_operator.py took 0.166 seconds
[2025-05-08T16:17:43.728+0000] {processor.py:157} INFO - Started process (PID=790) to work on /home/airflow/.local/lib/python3.8/site-packages/airflow/example_dags/example_subdag_operator.py
[2025-05-08T16:17:43.730+0000] {processor.py:829} INFO - Processing file /home/airflow/.local/lib/python3.8/site-packages/airflow/example_dags/example_subdag_operator.py for tasks to queue
[2025-05-08T16:17:43.735+0000] {logging_mixin.py:154} INFO - [2025-05-08T16:17:43.734+0000] {dagbag.py:536} INFO - Filling up the DagBag from /home/airflow/.local/lib/python3.8/site-packages/airflow/example_dags/example_subdag_operator.py
[2025-05-08T16:17:43.779+0000] {processor.py:839} INFO - DAG(s) dict_keys(['example_subdag_operator.section-1', 'example_subdag_operator.section-2', 'example_subdag_operator']) retrieved from /home/airflow/.local/lib/python3.8/site-packages/airflow/example_dags/example_subdag_operator.py
[2025-05-08T16:17:43.802+0000] {logging_mixin.py:154} INFO - [2025-05-08T16:17:43.801+0000] {dag.py:2941} INFO - Sync 3 DAGs
[2025-05-08T16:17:43.843+0000] {logging_mixin.py:154} INFO - [2025-05-08T16:17:43.842+0000] {dag.py:3722} INFO - Setting next_dagrun for example_subdag_operator to 2022-01-01T00:00:00+00:00, run_after=2022-01-01T00:00:00+00:00
[2025-05-08T16:17:43.849+0000] {logging_mixin.py:154} INFO - [2025-05-08T16:17:43.849+0000] {dag.py:3722} INFO - Setting next_dagrun for example_subdag_operator.section-1 to None, run_after=None
[2025-05-08T16:17:43.853+0000] {logging_mixin.py:154} INFO - [2025-05-08T16:17:43.852+0000] {dag.py:3722} INFO - Setting next_dagrun for example_subdag_operator.section-2 to None, run_after=None
[2025-05-08T16:17:43.869+0000] {logging_mixin.py:154} INFO - [2025-05-08T16:17:43.869+0000] {dag.py:2941} INFO - Sync 2 DAGs
[2025-05-08T16:17:43.880+0000] {logging_mixin.py:154} INFO - [2025-05-08T16:17:43.880+0000] {dag.py:3722} INFO - Setting next_dagrun for example_subdag_operator.section-1 to None, run_after=None
[2025-05-08T16:17:43.881+0000] {logging_mixin.py:154} INFO - [2025-05-08T16:17:43.881+0000] {dag.py:3722} INFO - Setting next_dagrun for example_subdag_operator.section-2 to None, run_after=None
[2025-05-08T16:17:43.901+0000] {processor.py:179} INFO - Processing /home/airflow/.local/lib/python3.8/site-packages/airflow/example_dags/example_subdag_operator.py took 0.184 seconds
