[2025-05-08T16:11:10.698+0000] {processor.py:157} INFO - Started process (PID=91) to work on /home/airflow/.local/lib/python3.8/site-packages/airflow/example_dags/example_branch_python_dop_operator_3.py
[2025-05-08T16:11:10.711+0000] {processor.py:829} INFO - Processing file /home/airflow/.local/lib/python3.8/site-packages/airflow/example_dags/example_branch_python_dop_operator_3.py for tasks to queue
[2025-05-08T16:11:10.730+0000] {logging_mixin.py:154} INFO - [2025-05-08T16:11:10.728+0000] {dagbag.py:536} INFO - Filling up the DagBag from /home/airflow/.local/lib/python3.8/site-packages/airflow/example_dags/example_branch_python_dop_operator_3.py
[2025-05-08T16:11:10.798+0000] {processor.py:839} INFO - DAG(s) dict_keys(['example_branch_dop_operator_v3']) retrieved from /home/airflow/.local/lib/python3.8/site-packages/airflow/example_dags/example_branch_python_dop_operator_3.py
[2025-05-08T16:11:10.965+0000] {logging_mixin.py:154} INFO - [2025-05-08T16:11:10.957+0000] {dag.py:2941} INFO - Sync 1 DAGs
[2025-05-08T16:11:11.082+0000] {logging_mixin.py:154} INFO - [2025-05-08T16:11:11.082+0000] {dag.py:3722} INFO - Setting next_dagrun for example_branch_dop_operator_v3 to 2025-05-08T16:10:00+00:00, run_after=2025-05-08T16:11:00+00:00
[2025-05-08T16:11:11.187+0000] {processor.py:179} INFO - Processing /home/airflow/.local/lib/python3.8/site-packages/airflow/example_dags/example_branch_python_dop_operator_3.py took 0.506 seconds
[2025-05-08T16:11:41.879+0000] {processor.py:157} INFO - Started process (PID=146) to work on /home/airflow/.local/lib/python3.8/site-packages/airflow/example_dags/example_branch_python_dop_operator_3.py
[2025-05-08T16:11:41.882+0000] {processor.py:829} INFO - Processing file /home/airflow/.local/lib/python3.8/site-packages/airflow/example_dags/example_branch_python_dop_operator_3.py for tasks to queue
[2025-05-08T16:11:41.889+0000] {logging_mixin.py:154} INFO - [2025-05-08T16:11:41.888+0000] {dagbag.py:536} INFO - Filling up the DagBag from /home/airflow/.local/lib/python3.8/site-packages/airflow/example_dags/example_branch_python_dop_operator_3.py
[2025-05-08T16:11:41.906+0000] {processor.py:839} INFO - DAG(s) dict_keys(['example_branch_dop_operator_v3']) retrieved from /home/airflow/.local/lib/python3.8/site-packages/airflow/example_dags/example_branch_python_dop_operator_3.py
[2025-05-08T16:11:41.962+0000] {logging_mixin.py:154} INFO - [2025-05-08T16:11:41.962+0000] {dag.py:2941} INFO - Sync 1 DAGs
[2025-05-08T16:11:42.019+0000] {logging_mixin.py:154} INFO - [2025-05-08T16:11:42.019+0000] {dag.py:3722} INFO - Setting next_dagrun for example_branch_dop_operator_v3 to 2025-05-08T16:10:00+00:00, run_after=2025-05-08T16:11:00+00:00
[2025-05-08T16:11:42.082+0000] {processor.py:179} INFO - Processing /home/airflow/.local/lib/python3.8/site-packages/airflow/example_dags/example_branch_python_dop_operator_3.py took 0.213 seconds
[2025-05-08T16:12:12.329+0000] {processor.py:157} INFO - Started process (PID=201) to work on /home/airflow/.local/lib/python3.8/site-packages/airflow/example_dags/example_branch_python_dop_operator_3.py
[2025-05-08T16:12:12.330+0000] {processor.py:829} INFO - Processing file /home/airflow/.local/lib/python3.8/site-packages/airflow/example_dags/example_branch_python_dop_operator_3.py for tasks to queue
[2025-05-08T16:12:12.333+0000] {logging_mixin.py:154} INFO - [2025-05-08T16:12:12.333+0000] {dagbag.py:536} INFO - Filling up the DagBag from /home/airflow/.local/lib/python3.8/site-packages/airflow/example_dags/example_branch_python_dop_operator_3.py
[2025-05-08T16:12:12.343+0000] {processor.py:839} INFO - DAG(s) dict_keys(['example_branch_dop_operator_v3']) retrieved from /home/airflow/.local/lib/python3.8/site-packages/airflow/example_dags/example_branch_python_dop_operator_3.py
[2025-05-08T16:12:12.381+0000] {logging_mixin.py:154} INFO - [2025-05-08T16:12:12.381+0000] {dag.py:2941} INFO - Sync 1 DAGs
[2025-05-08T16:12:12.418+0000] {logging_mixin.py:154} INFO - [2025-05-08T16:12:12.418+0000] {dag.py:3722} INFO - Setting next_dagrun for example_branch_dop_operator_v3 to 2025-05-08T16:11:00+00:00, run_after=2025-05-08T16:12:00+00:00
[2025-05-08T16:12:12.452+0000] {processor.py:179} INFO - Processing /home/airflow/.local/lib/python3.8/site-packages/airflow/example_dags/example_branch_python_dop_operator_3.py took 0.128 seconds
[2025-05-08T16:12:43.061+0000] {processor.py:157} INFO - Started process (PID=256) to work on /home/airflow/.local/lib/python3.8/site-packages/airflow/example_dags/example_branch_python_dop_operator_3.py
[2025-05-08T16:12:43.063+0000] {processor.py:829} INFO - Processing file /home/airflow/.local/lib/python3.8/site-packages/airflow/example_dags/example_branch_python_dop_operator_3.py for tasks to queue
[2025-05-08T16:12:43.067+0000] {logging_mixin.py:154} INFO - [2025-05-08T16:12:43.067+0000] {dagbag.py:536} INFO - Filling up the DagBag from /home/airflow/.local/lib/python3.8/site-packages/airflow/example_dags/example_branch_python_dop_operator_3.py
[2025-05-08T16:12:43.083+0000] {processor.py:839} INFO - DAG(s) dict_keys(['example_branch_dop_operator_v3']) retrieved from /home/airflow/.local/lib/python3.8/site-packages/airflow/example_dags/example_branch_python_dop_operator_3.py
[2025-05-08T16:12:43.127+0000] {logging_mixin.py:154} INFO - [2025-05-08T16:12:43.126+0000] {dag.py:2941} INFO - Sync 1 DAGs
[2025-05-08T16:12:43.163+0000] {logging_mixin.py:154} INFO - [2025-05-08T16:12:43.163+0000] {dag.py:3722} INFO - Setting next_dagrun for example_branch_dop_operator_v3 to 2025-05-08T16:11:00+00:00, run_after=2025-05-08T16:12:00+00:00
[2025-05-08T16:12:43.209+0000] {processor.py:179} INFO - Processing /home/airflow/.local/lib/python3.8/site-packages/airflow/example_dags/example_branch_python_dop_operator_3.py took 0.153 seconds
[2025-05-08T16:13:13.680+0000] {processor.py:157} INFO - Started process (PID=311) to work on /home/airflow/.local/lib/python3.8/site-packages/airflow/example_dags/example_branch_python_dop_operator_3.py
[2025-05-08T16:13:13.682+0000] {processor.py:829} INFO - Processing file /home/airflow/.local/lib/python3.8/site-packages/airflow/example_dags/example_branch_python_dop_operator_3.py for tasks to queue
[2025-05-08T16:13:13.685+0000] {logging_mixin.py:154} INFO - [2025-05-08T16:13:13.685+0000] {dagbag.py:536} INFO - Filling up the DagBag from /home/airflow/.local/lib/python3.8/site-packages/airflow/example_dags/example_branch_python_dop_operator_3.py
[2025-05-08T16:13:13.699+0000] {processor.py:839} INFO - DAG(s) dict_keys(['example_branch_dop_operator_v3']) retrieved from /home/airflow/.local/lib/python3.8/site-packages/airflow/example_dags/example_branch_python_dop_operator_3.py
[2025-05-08T16:13:13.739+0000] {logging_mixin.py:154} INFO - [2025-05-08T16:13:13.739+0000] {dag.py:2941} INFO - Sync 1 DAGs
[2025-05-08T16:13:13.796+0000] {logging_mixin.py:154} INFO - [2025-05-08T16:13:13.795+0000] {dag.py:3722} INFO - Setting next_dagrun for example_branch_dop_operator_v3 to 2025-05-08T16:12:00+00:00, run_after=2025-05-08T16:13:00+00:00
[2025-05-08T16:13:13.843+0000] {processor.py:179} INFO - Processing /home/airflow/.local/lib/python3.8/site-packages/airflow/example_dags/example_branch_python_dop_operator_3.py took 0.170 seconds
[2025-05-08T16:13:44.277+0000] {processor.py:157} INFO - Started process (PID=366) to work on /home/airflow/.local/lib/python3.8/site-packages/airflow/example_dags/example_branch_python_dop_operator_3.py
[2025-05-08T16:13:44.280+0000] {processor.py:829} INFO - Processing file /home/airflow/.local/lib/python3.8/site-packages/airflow/example_dags/example_branch_python_dop_operator_3.py for tasks to queue
[2025-05-08T16:13:44.284+0000] {logging_mixin.py:154} INFO - [2025-05-08T16:13:44.283+0000] {dagbag.py:536} INFO - Filling up the DagBag from /home/airflow/.local/lib/python3.8/site-packages/airflow/example_dags/example_branch_python_dop_operator_3.py
[2025-05-08T16:13:44.298+0000] {processor.py:839} INFO - DAG(s) dict_keys(['example_branch_dop_operator_v3']) retrieved from /home/airflow/.local/lib/python3.8/site-packages/airflow/example_dags/example_branch_python_dop_operator_3.py
[2025-05-08T16:13:44.339+0000] {logging_mixin.py:154} INFO - [2025-05-08T16:13:44.339+0000] {dag.py:2941} INFO - Sync 1 DAGs
[2025-05-08T16:13:44.391+0000] {logging_mixin.py:154} INFO - [2025-05-08T16:13:44.391+0000] {dag.py:3722} INFO - Setting next_dagrun for example_branch_dop_operator_v3 to 2025-05-08T16:12:00+00:00, run_after=2025-05-08T16:13:00+00:00
[2025-05-08T16:13:44.428+0000] {processor.py:179} INFO - Processing /home/airflow/.local/lib/python3.8/site-packages/airflow/example_dags/example_branch_python_dop_operator_3.py took 0.162 seconds
[2025-05-08T16:14:14.985+0000] {processor.py:157} INFO - Started process (PID=421) to work on /home/airflow/.local/lib/python3.8/site-packages/airflow/example_dags/example_branch_python_dop_operator_3.py
[2025-05-08T16:14:14.987+0000] {processor.py:829} INFO - Processing file /home/airflow/.local/lib/python3.8/site-packages/airflow/example_dags/example_branch_python_dop_operator_3.py for tasks to queue
[2025-05-08T16:14:14.993+0000] {logging_mixin.py:154} INFO - [2025-05-08T16:14:14.993+0000] {dagbag.py:536} INFO - Filling up the DagBag from /home/airflow/.local/lib/python3.8/site-packages/airflow/example_dags/example_branch_python_dop_operator_3.py
[2025-05-08T16:14:15.017+0000] {processor.py:839} INFO - DAG(s) dict_keys(['example_branch_dop_operator_v3']) retrieved from /home/airflow/.local/lib/python3.8/site-packages/airflow/example_dags/example_branch_python_dop_operator_3.py
[2025-05-08T16:14:15.068+0000] {logging_mixin.py:154} INFO - [2025-05-08T16:14:15.068+0000] {dag.py:2941} INFO - Sync 1 DAGs
[2025-05-08T16:14:15.125+0000] {logging_mixin.py:154} INFO - [2025-05-08T16:14:15.124+0000] {dag.py:3722} INFO - Setting next_dagrun for example_branch_dop_operator_v3 to 2025-05-08T16:13:00+00:00, run_after=2025-05-08T16:14:00+00:00
[2025-05-08T16:14:15.172+0000] {processor.py:179} INFO - Processing /home/airflow/.local/lib/python3.8/site-packages/airflow/example_dags/example_branch_python_dop_operator_3.py took 0.193 seconds
[2025-05-08T16:14:45.888+0000] {processor.py:157} INFO - Started process (PID=476) to work on /home/airflow/.local/lib/python3.8/site-packages/airflow/example_dags/example_branch_python_dop_operator_3.py
[2025-05-08T16:14:45.889+0000] {processor.py:829} INFO - Processing file /home/airflow/.local/lib/python3.8/site-packages/airflow/example_dags/example_branch_python_dop_operator_3.py for tasks to queue
[2025-05-08T16:14:45.892+0000] {logging_mixin.py:154} INFO - [2025-05-08T16:14:45.892+0000] {dagbag.py:536} INFO - Filling up the DagBag from /home/airflow/.local/lib/python3.8/site-packages/airflow/example_dags/example_branch_python_dop_operator_3.py
[2025-05-08T16:14:45.905+0000] {processor.py:839} INFO - DAG(s) dict_keys(['example_branch_dop_operator_v3']) retrieved from /home/airflow/.local/lib/python3.8/site-packages/airflow/example_dags/example_branch_python_dop_operator_3.py
[2025-05-08T16:14:45.944+0000] {logging_mixin.py:154} INFO - [2025-05-08T16:14:45.943+0000] {dag.py:2941} INFO - Sync 1 DAGs
[2025-05-08T16:14:45.989+0000] {logging_mixin.py:154} INFO - [2025-05-08T16:14:45.989+0000] {dag.py:3722} INFO - Setting next_dagrun for example_branch_dop_operator_v3 to 2025-05-08T16:13:00+00:00, run_after=2025-05-08T16:14:00+00:00
[2025-05-08T16:14:46.023+0000] {processor.py:179} INFO - Processing /home/airflow/.local/lib/python3.8/site-packages/airflow/example_dags/example_branch_python_dop_operator_3.py took 0.140 seconds
[2025-05-08T16:15:16.868+0000] {processor.py:157} INFO - Started process (PID=531) to work on /home/airflow/.local/lib/python3.8/site-packages/airflow/example_dags/example_branch_python_dop_operator_3.py
[2025-05-08T16:15:16.870+0000] {processor.py:829} INFO - Processing file /home/airflow/.local/lib/python3.8/site-packages/airflow/example_dags/example_branch_python_dop_operator_3.py for tasks to queue
[2025-05-08T16:15:16.873+0000] {logging_mixin.py:154} INFO - [2025-05-08T16:15:16.872+0000] {dagbag.py:536} INFO - Filling up the DagBag from /home/airflow/.local/lib/python3.8/site-packages/airflow/example_dags/example_branch_python_dop_operator_3.py
[2025-05-08T16:15:16.884+0000] {processor.py:839} INFO - DAG(s) dict_keys(['example_branch_dop_operator_v3']) retrieved from /home/airflow/.local/lib/python3.8/site-packages/airflow/example_dags/example_branch_python_dop_operator_3.py
[2025-05-08T16:15:16.916+0000] {logging_mixin.py:154} INFO - [2025-05-08T16:15:16.915+0000] {dag.py:2941} INFO - Sync 1 DAGs
[2025-05-08T16:15:16.951+0000] {logging_mixin.py:154} INFO - [2025-05-08T16:15:16.951+0000] {dag.py:3722} INFO - Setting next_dagrun for example_branch_dop_operator_v3 to 2025-05-08T16:14:00+00:00, run_after=2025-05-08T16:15:00+00:00
[2025-05-08T16:15:16.977+0000] {processor.py:179} INFO - Processing /home/airflow/.local/lib/python3.8/site-packages/airflow/example_dags/example_branch_python_dop_operator_3.py took 0.115 seconds
[2025-05-08T16:15:47.270+0000] {processor.py:157} INFO - Started process (PID=586) to work on /home/airflow/.local/lib/python3.8/site-packages/airflow/example_dags/example_branch_python_dop_operator_3.py
[2025-05-08T16:15:47.271+0000] {processor.py:829} INFO - Processing file /home/airflow/.local/lib/python3.8/site-packages/airflow/example_dags/example_branch_python_dop_operator_3.py for tasks to queue
[2025-05-08T16:15:47.274+0000] {logging_mixin.py:154} INFO - [2025-05-08T16:15:47.274+0000] {dagbag.py:536} INFO - Filling up the DagBag from /home/airflow/.local/lib/python3.8/site-packages/airflow/example_dags/example_branch_python_dop_operator_3.py
[2025-05-08T16:15:47.288+0000] {processor.py:839} INFO - DAG(s) dict_keys(['example_branch_dop_operator_v3']) retrieved from /home/airflow/.local/lib/python3.8/site-packages/airflow/example_dags/example_branch_python_dop_operator_3.py
[2025-05-08T16:15:47.334+0000] {logging_mixin.py:154} INFO - [2025-05-08T16:15:47.334+0000] {dag.py:2941} INFO - Sync 1 DAGs
[2025-05-08T16:15:47.380+0000] {logging_mixin.py:154} INFO - [2025-05-08T16:15:47.380+0000] {dag.py:3722} INFO - Setting next_dagrun for example_branch_dop_operator_v3 to 2025-05-08T16:14:00+00:00, run_after=2025-05-08T16:15:00+00:00
[2025-05-08T16:15:47.419+0000] {processor.py:179} INFO - Processing /home/airflow/.local/lib/python3.8/site-packages/airflow/example_dags/example_branch_python_dop_operator_3.py took 0.153 seconds
[2025-05-08T16:16:18.073+0000] {processor.py:157} INFO - Started process (PID=641) to work on /home/airflow/.local/lib/python3.8/site-packages/airflow/example_dags/example_branch_python_dop_operator_3.py
[2025-05-08T16:16:18.075+0000] {processor.py:829} INFO - Processing file /home/airflow/.local/lib/python3.8/site-packages/airflow/example_dags/example_branch_python_dop_operator_3.py for tasks to queue
[2025-05-08T16:16:18.079+0000] {logging_mixin.py:154} INFO - [2025-05-08T16:16:18.078+0000] {dagbag.py:536} INFO - Filling up the DagBag from /home/airflow/.local/lib/python3.8/site-packages/airflow/example_dags/example_branch_python_dop_operator_3.py
[2025-05-08T16:16:18.092+0000] {processor.py:839} INFO - DAG(s) dict_keys(['example_branch_dop_operator_v3']) retrieved from /home/airflow/.local/lib/python3.8/site-packages/airflow/example_dags/example_branch_python_dop_operator_3.py
[2025-05-08T16:16:18.130+0000] {logging_mixin.py:154} INFO - [2025-05-08T16:16:18.130+0000] {dag.py:2941} INFO - Sync 1 DAGs
[2025-05-08T16:16:18.175+0000] {logging_mixin.py:154} INFO - [2025-05-08T16:16:18.175+0000] {dag.py:3722} INFO - Setting next_dagrun for example_branch_dop_operator_v3 to 2025-05-08T16:15:00+00:00, run_after=2025-05-08T16:16:00+00:00
[2025-05-08T16:16:18.220+0000] {processor.py:179} INFO - Processing /home/airflow/.local/lib/python3.8/site-packages/airflow/example_dags/example_branch_python_dop_operator_3.py took 0.152 seconds
[2025-05-08T16:16:48.596+0000] {processor.py:157} INFO - Started process (PID=696) to work on /home/airflow/.local/lib/python3.8/site-packages/airflow/example_dags/example_branch_python_dop_operator_3.py
[2025-05-08T16:16:48.599+0000] {processor.py:829} INFO - Processing file /home/airflow/.local/lib/python3.8/site-packages/airflow/example_dags/example_branch_python_dop_operator_3.py for tasks to queue
[2025-05-08T16:16:48.602+0000] {logging_mixin.py:154} INFO - [2025-05-08T16:16:48.601+0000] {dagbag.py:536} INFO - Filling up the DagBag from /home/airflow/.local/lib/python3.8/site-packages/airflow/example_dags/example_branch_python_dop_operator_3.py
[2025-05-08T16:16:48.614+0000] {processor.py:839} INFO - DAG(s) dict_keys(['example_branch_dop_operator_v3']) retrieved from /home/airflow/.local/lib/python3.8/site-packages/airflow/example_dags/example_branch_python_dop_operator_3.py
[2025-05-08T16:16:48.644+0000] {logging_mixin.py:154} INFO - [2025-05-08T16:16:48.644+0000] {dag.py:2941} INFO - Sync 1 DAGs
[2025-05-08T16:16:48.680+0000] {logging_mixin.py:154} INFO - [2025-05-08T16:16:48.679+0000] {dag.py:3722} INFO - Setting next_dagrun for example_branch_dop_operator_v3 to 2025-05-08T16:15:00+00:00, run_after=2025-05-08T16:16:00+00:00
[2025-05-08T16:16:48.722+0000] {processor.py:179} INFO - Processing /home/airflow/.local/lib/python3.8/site-packages/airflow/example_dags/example_branch_python_dop_operator_3.py took 0.130 seconds
[2025-05-08T16:17:18.751+0000] {processor.py:157} INFO - Started process (PID=750) to work on /home/airflow/.local/lib/python3.8/site-packages/airflow/example_dags/example_branch_python_dop_operator_3.py
[2025-05-08T16:17:18.752+0000] {processor.py:829} INFO - Processing file /home/airflow/.local/lib/python3.8/site-packages/airflow/example_dags/example_branch_python_dop_operator_3.py for tasks to queue
[2025-05-08T16:17:18.754+0000] {logging_mixin.py:154} INFO - [2025-05-08T16:17:18.754+0000] {dagbag.py:536} INFO - Filling up the DagBag from /home/airflow/.local/lib/python3.8/site-packages/airflow/example_dags/example_branch_python_dop_operator_3.py
[2025-05-08T16:17:18.771+0000] {processor.py:839} INFO - DAG(s) dict_keys(['example_branch_dop_operator_v3']) retrieved from /home/airflow/.local/lib/python3.8/site-packages/airflow/example_dags/example_branch_python_dop_operator_3.py
[2025-05-08T16:17:18.801+0000] {logging_mixin.py:154} INFO - [2025-05-08T16:17:18.801+0000] {dag.py:2941} INFO - Sync 1 DAGs
[2025-05-08T16:17:18.842+0000] {logging_mixin.py:154} INFO - [2025-05-08T16:17:18.842+0000] {dag.py:3722} INFO - Setting next_dagrun for example_branch_dop_operator_v3 to 2025-05-08T16:16:00+00:00, run_after=2025-05-08T16:17:00+00:00
[2025-05-08T16:17:18.865+0000] {processor.py:179} INFO - Processing /home/airflow/.local/lib/python3.8/site-packages/airflow/example_dags/example_branch_python_dop_operator_3.py took 0.119 seconds
[2025-05-08T16:17:48.955+0000] {processor.py:157} INFO - Started process (PID=805) to work on /home/airflow/.local/lib/python3.8/site-packages/airflow/example_dags/example_branch_python_dop_operator_3.py
[2025-05-08T16:17:48.956+0000] {processor.py:829} INFO - Processing file /home/airflow/.local/lib/python3.8/site-packages/airflow/example_dags/example_branch_python_dop_operator_3.py for tasks to queue
[2025-05-08T16:17:48.960+0000] {logging_mixin.py:154} INFO - [2025-05-08T16:17:48.959+0000] {dagbag.py:536} INFO - Filling up the DagBag from /home/airflow/.local/lib/python3.8/site-packages/airflow/example_dags/example_branch_python_dop_operator_3.py
[2025-05-08T16:17:48.971+0000] {processor.py:839} INFO - DAG(s) dict_keys(['example_branch_dop_operator_v3']) retrieved from /home/airflow/.local/lib/python3.8/site-packages/airflow/example_dags/example_branch_python_dop_operator_3.py
[2025-05-08T16:17:49.004+0000] {logging_mixin.py:154} INFO - [2025-05-08T16:17:49.003+0000] {dag.py:2941} INFO - Sync 1 DAGs
[2025-05-08T16:17:49.036+0000] {logging_mixin.py:154} INFO - [2025-05-08T16:17:49.036+0000] {dag.py:3722} INFO - Setting next_dagrun for example_branch_dop_operator_v3 to 2025-05-08T16:16:00+00:00, run_after=2025-05-08T16:17:00+00:00
[2025-05-08T16:17:49.061+0000] {processor.py:179} INFO - Processing /home/airflow/.local/lib/python3.8/site-packages/airflow/example_dags/example_branch_python_dop_operator_3.py took 0.110 seconds
