[2025-05-08T16:11:08.348+0000] {processor.py:157} INFO - Started process (PID=77) to work on /home/airflow/.local/lib/python3.8/site-packages/airflow/example_dags/example_external_task_marker_dag.py
[2025-05-08T16:11:08.350+0000] {processor.py:829} INFO - Processing file /home/airflow/.local/lib/python3.8/site-packages/airflow/example_dags/example_external_task_marker_dag.py for tasks to queue
[2025-05-08T16:11:08.354+0000] {logging_mixin.py:154} INFO - [2025-05-08T16:11:08.354+0000] {dagbag.py:536} INFO - Filling up the DagBag from /home/airflow/.local/lib/python3.8/site-packages/airflow/example_dags/example_external_task_marker_dag.py
[2025-05-08T16:11:08.364+0000] {processor.py:839} INFO - DAG(s) dict_keys(['example_external_task_marker_child', 'example_external_task_marker_parent']) retrieved from /home/airflow/.local/lib/python3.8/site-packages/airflow/example_dags/example_external_task_marker_dag.py
[2025-05-08T16:11:08.425+0000] {logging_mixin.py:154} INFO - [2025-05-08T16:11:08.425+0000] {dag.py:2941} INFO - Sync 2 DAGs
[2025-05-08T16:11:08.459+0000] {logging_mixin.py:154} INFO - [2025-05-08T16:11:08.458+0000] {dag.py:3722} INFO - Setting next_dagrun for example_external_task_marker_child to None, run_after=None
[2025-05-08T16:11:08.465+0000] {logging_mixin.py:154} INFO - [2025-05-08T16:11:08.465+0000] {dag.py:3722} INFO - Setting next_dagrun for example_external_task_marker_parent to None, run_after=None
[2025-05-08T16:11:08.504+0000] {processor.py:179} INFO - Processing /home/airflow/.local/lib/python3.8/site-packages/airflow/example_dags/example_external_task_marker_dag.py took 0.162 seconds
[2025-05-08T16:11:38.571+0000] {processor.py:157} INFO - Started process (PID=131) to work on /home/airflow/.local/lib/python3.8/site-packages/airflow/example_dags/example_external_task_marker_dag.py
[2025-05-08T16:11:38.575+0000] {processor.py:829} INFO - Processing file /home/airflow/.local/lib/python3.8/site-packages/airflow/example_dags/example_external_task_marker_dag.py for tasks to queue
[2025-05-08T16:11:38.579+0000] {logging_mixin.py:154} INFO - [2025-05-08T16:11:38.579+0000] {dagbag.py:536} INFO - Filling up the DagBag from /home/airflow/.local/lib/python3.8/site-packages/airflow/example_dags/example_external_task_marker_dag.py
[2025-05-08T16:11:38.593+0000] {processor.py:839} INFO - DAG(s) dict_keys(['example_external_task_marker_child', 'example_external_task_marker_parent']) retrieved from /home/airflow/.local/lib/python3.8/site-packages/airflow/example_dags/example_external_task_marker_dag.py
[2025-05-08T16:11:38.647+0000] {logging_mixin.py:154} INFO - [2025-05-08T16:11:38.646+0000] {dag.py:2941} INFO - Sync 2 DAGs
[2025-05-08T16:11:38.748+0000] {logging_mixin.py:154} INFO - [2025-05-08T16:11:38.747+0000] {dag.py:3722} INFO - Setting next_dagrun for example_external_task_marker_child to None, run_after=None
[2025-05-08T16:11:38.755+0000] {logging_mixin.py:154} INFO - [2025-05-08T16:11:38.754+0000] {dag.py:3722} INFO - Setting next_dagrun for example_external_task_marker_parent to None, run_after=None
[2025-05-08T16:11:38.793+0000] {processor.py:179} INFO - Processing /home/airflow/.local/lib/python3.8/site-packages/airflow/example_dags/example_external_task_marker_dag.py took 0.229 seconds
[2025-05-08T16:12:08.850+0000] {processor.py:157} INFO - Started process (PID=186) to work on /home/airflow/.local/lib/python3.8/site-packages/airflow/example_dags/example_external_task_marker_dag.py
[2025-05-08T16:12:08.852+0000] {processor.py:829} INFO - Processing file /home/airflow/.local/lib/python3.8/site-packages/airflow/example_dags/example_external_task_marker_dag.py for tasks to queue
[2025-05-08T16:12:08.855+0000] {logging_mixin.py:154} INFO - [2025-05-08T16:12:08.855+0000] {dagbag.py:536} INFO - Filling up the DagBag from /home/airflow/.local/lib/python3.8/site-packages/airflow/example_dags/example_external_task_marker_dag.py
[2025-05-08T16:12:08.866+0000] {processor.py:839} INFO - DAG(s) dict_keys(['example_external_task_marker_parent', 'example_external_task_marker_child']) retrieved from /home/airflow/.local/lib/python3.8/site-packages/airflow/example_dags/example_external_task_marker_dag.py
[2025-05-08T16:12:08.919+0000] {logging_mixin.py:154} INFO - [2025-05-08T16:12:08.919+0000] {dag.py:2941} INFO - Sync 2 DAGs
[2025-05-08T16:12:08.943+0000] {logging_mixin.py:154} INFO - [2025-05-08T16:12:08.943+0000] {dag.py:3722} INFO - Setting next_dagrun for example_external_task_marker_child to None, run_after=None
[2025-05-08T16:12:08.949+0000] {logging_mixin.py:154} INFO - [2025-05-08T16:12:08.948+0000] {dag.py:3722} INFO - Setting next_dagrun for example_external_task_marker_parent to None, run_after=None
[2025-05-08T16:12:08.983+0000] {processor.py:179} INFO - Processing /home/airflow/.local/lib/python3.8/site-packages/airflow/example_dags/example_external_task_marker_dag.py took 0.138 seconds
[2025-05-08T16:12:39.566+0000] {processor.py:157} INFO - Started process (PID=241) to work on /home/airflow/.local/lib/python3.8/site-packages/airflow/example_dags/example_external_task_marker_dag.py
[2025-05-08T16:12:39.568+0000] {processor.py:829} INFO - Processing file /home/airflow/.local/lib/python3.8/site-packages/airflow/example_dags/example_external_task_marker_dag.py for tasks to queue
[2025-05-08T16:12:39.572+0000] {logging_mixin.py:154} INFO - [2025-05-08T16:12:39.571+0000] {dagbag.py:536} INFO - Filling up the DagBag from /home/airflow/.local/lib/python3.8/site-packages/airflow/example_dags/example_external_task_marker_dag.py
[2025-05-08T16:12:39.583+0000] {processor.py:839} INFO - DAG(s) dict_keys(['example_external_task_marker_child', 'example_external_task_marker_parent']) retrieved from /home/airflow/.local/lib/python3.8/site-packages/airflow/example_dags/example_external_task_marker_dag.py
[2025-05-08T16:12:39.615+0000] {logging_mixin.py:154} INFO - [2025-05-08T16:12:39.615+0000] {dag.py:2941} INFO - Sync 2 DAGs
[2025-05-08T16:12:39.634+0000] {logging_mixin.py:154} INFO - [2025-05-08T16:12:39.634+0000] {dag.py:3722} INFO - Setting next_dagrun for example_external_task_marker_child to None, run_after=None
[2025-05-08T16:12:39.638+0000] {logging_mixin.py:154} INFO - [2025-05-08T16:12:39.637+0000] {dag.py:3722} INFO - Setting next_dagrun for example_external_task_marker_parent to None, run_after=None
[2025-05-08T16:12:39.657+0000] {processor.py:179} INFO - Processing /home/airflow/.local/lib/python3.8/site-packages/airflow/example_dags/example_external_task_marker_dag.py took 0.097 seconds
[2025-05-08T16:13:09.888+0000] {processor.py:157} INFO - Started process (PID=296) to work on /home/airflow/.local/lib/python3.8/site-packages/airflow/example_dags/example_external_task_marker_dag.py
[2025-05-08T16:13:09.889+0000] {processor.py:829} INFO - Processing file /home/airflow/.local/lib/python3.8/site-packages/airflow/example_dags/example_external_task_marker_dag.py for tasks to queue
[2025-05-08T16:13:09.893+0000] {logging_mixin.py:154} INFO - [2025-05-08T16:13:09.892+0000] {dagbag.py:536} INFO - Filling up the DagBag from /home/airflow/.local/lib/python3.8/site-packages/airflow/example_dags/example_external_task_marker_dag.py
[2025-05-08T16:13:09.903+0000] {processor.py:839} INFO - DAG(s) dict_keys(['example_external_task_marker_parent', 'example_external_task_marker_child']) retrieved from /home/airflow/.local/lib/python3.8/site-packages/airflow/example_dags/example_external_task_marker_dag.py
[2025-05-08T16:13:09.963+0000] {logging_mixin.py:154} INFO - [2025-05-08T16:13:09.963+0000] {dag.py:2941} INFO - Sync 2 DAGs
[2025-05-08T16:13:09.989+0000] {logging_mixin.py:154} INFO - [2025-05-08T16:13:09.989+0000] {dag.py:3722} INFO - Setting next_dagrun for example_external_task_marker_child to None, run_after=None
[2025-05-08T16:13:09.996+0000] {logging_mixin.py:154} INFO - [2025-05-08T16:13:09.996+0000] {dag.py:3722} INFO - Setting next_dagrun for example_external_task_marker_parent to None, run_after=None
[2025-05-08T16:13:10.033+0000] {processor.py:179} INFO - Processing /home/airflow/.local/lib/python3.8/site-packages/airflow/example_dags/example_external_task_marker_dag.py took 0.151 seconds
[2025-05-08T16:13:40.113+0000] {processor.py:157} INFO - Started process (PID=350) to work on /home/airflow/.local/lib/python3.8/site-packages/airflow/example_dags/example_external_task_marker_dag.py
[2025-05-08T16:13:40.115+0000] {processor.py:829} INFO - Processing file /home/airflow/.local/lib/python3.8/site-packages/airflow/example_dags/example_external_task_marker_dag.py for tasks to queue
[2025-05-08T16:13:40.120+0000] {logging_mixin.py:154} INFO - [2025-05-08T16:13:40.120+0000] {dagbag.py:536} INFO - Filling up the DagBag from /home/airflow/.local/lib/python3.8/site-packages/airflow/example_dags/example_external_task_marker_dag.py
[2025-05-08T16:13:40.129+0000] {processor.py:839} INFO - DAG(s) dict_keys(['example_external_task_marker_child', 'example_external_task_marker_parent']) retrieved from /home/airflow/.local/lib/python3.8/site-packages/airflow/example_dags/example_external_task_marker_dag.py
[2025-05-08T16:13:40.177+0000] {logging_mixin.py:154} INFO - [2025-05-08T16:13:40.177+0000] {dag.py:2941} INFO - Sync 2 DAGs
[2025-05-08T16:13:40.196+0000] {logging_mixin.py:154} INFO - [2025-05-08T16:13:40.196+0000] {dag.py:3722} INFO - Setting next_dagrun for example_external_task_marker_child to None, run_after=None
[2025-05-08T16:13:40.201+0000] {logging_mixin.py:154} INFO - [2025-05-08T16:13:40.201+0000] {dag.py:3722} INFO - Setting next_dagrun for example_external_task_marker_parent to None, run_after=None
[2025-05-08T16:13:40.236+0000] {processor.py:179} INFO - Processing /home/airflow/.local/lib/python3.8/site-packages/airflow/example_dags/example_external_task_marker_dag.py took 0.129 seconds
[2025-05-08T16:14:10.293+0000] {processor.py:157} INFO - Started process (PID=405) to work on /home/airflow/.local/lib/python3.8/site-packages/airflow/example_dags/example_external_task_marker_dag.py
[2025-05-08T16:14:10.295+0000] {processor.py:829} INFO - Processing file /home/airflow/.local/lib/python3.8/site-packages/airflow/example_dags/example_external_task_marker_dag.py for tasks to queue
[2025-05-08T16:14:10.298+0000] {logging_mixin.py:154} INFO - [2025-05-08T16:14:10.298+0000] {dagbag.py:536} INFO - Filling up the DagBag from /home/airflow/.local/lib/python3.8/site-packages/airflow/example_dags/example_external_task_marker_dag.py
[2025-05-08T16:14:10.304+0000] {processor.py:839} INFO - DAG(s) dict_keys(['example_external_task_marker_parent', 'example_external_task_marker_child']) retrieved from /home/airflow/.local/lib/python3.8/site-packages/airflow/example_dags/example_external_task_marker_dag.py
[2025-05-08T16:14:10.335+0000] {logging_mixin.py:154} INFO - [2025-05-08T16:14:10.335+0000] {dag.py:2941} INFO - Sync 2 DAGs
[2025-05-08T16:14:10.349+0000] {logging_mixin.py:154} INFO - [2025-05-08T16:14:10.349+0000] {dag.py:3722} INFO - Setting next_dagrun for example_external_task_marker_child to None, run_after=None
[2025-05-08T16:14:10.353+0000] {logging_mixin.py:154} INFO - [2025-05-08T16:14:10.353+0000] {dag.py:3722} INFO - Setting next_dagrun for example_external_task_marker_parent to None, run_after=None
[2025-05-08T16:14:10.372+0000] {processor.py:179} INFO - Processing /home/airflow/.local/lib/python3.8/site-packages/airflow/example_dags/example_external_task_marker_dag.py took 0.083 seconds
[2025-05-08T16:14:40.676+0000] {processor.py:157} INFO - Started process (PID=460) to work on /home/airflow/.local/lib/python3.8/site-packages/airflow/example_dags/example_external_task_marker_dag.py
[2025-05-08T16:14:40.679+0000] {processor.py:829} INFO - Processing file /home/airflow/.local/lib/python3.8/site-packages/airflow/example_dags/example_external_task_marker_dag.py for tasks to queue
[2025-05-08T16:14:40.685+0000] {logging_mixin.py:154} INFO - [2025-05-08T16:14:40.684+0000] {dagbag.py:536} INFO - Filling up the DagBag from /home/airflow/.local/lib/python3.8/site-packages/airflow/example_dags/example_external_task_marker_dag.py
[2025-05-08T16:14:40.695+0000] {processor.py:839} INFO - DAG(s) dict_keys(['example_external_task_marker_child', 'example_external_task_marker_parent']) retrieved from /home/airflow/.local/lib/python3.8/site-packages/airflow/example_dags/example_external_task_marker_dag.py
[2025-05-08T16:14:40.735+0000] {logging_mixin.py:154} INFO - [2025-05-08T16:14:40.735+0000] {dag.py:2941} INFO - Sync 2 DAGs
[2025-05-08T16:14:40.754+0000] {logging_mixin.py:154} INFO - [2025-05-08T16:14:40.753+0000] {dag.py:3722} INFO - Setting next_dagrun for example_external_task_marker_child to None, run_after=None
[2025-05-08T16:14:40.762+0000] {logging_mixin.py:154} INFO - [2025-05-08T16:14:40.762+0000] {dag.py:3722} INFO - Setting next_dagrun for example_external_task_marker_parent to None, run_after=None
[2025-05-08T16:14:40.795+0000] {processor.py:179} INFO - Processing /home/airflow/.local/lib/python3.8/site-packages/airflow/example_dags/example_external_task_marker_dag.py took 0.129 seconds
[2025-05-08T16:15:11.566+0000] {processor.py:157} INFO - Started process (PID=515) to work on /home/airflow/.local/lib/python3.8/site-packages/airflow/example_dags/example_external_task_marker_dag.py
[2025-05-08T16:15:11.569+0000] {processor.py:829} INFO - Processing file /home/airflow/.local/lib/python3.8/site-packages/airflow/example_dags/example_external_task_marker_dag.py for tasks to queue
[2025-05-08T16:15:11.573+0000] {logging_mixin.py:154} INFO - [2025-05-08T16:15:11.573+0000] {dagbag.py:536} INFO - Filling up the DagBag from /home/airflow/.local/lib/python3.8/site-packages/airflow/example_dags/example_external_task_marker_dag.py
[2025-05-08T16:15:11.583+0000] {processor.py:839} INFO - DAG(s) dict_keys(['example_external_task_marker_child', 'example_external_task_marker_parent']) retrieved from /home/airflow/.local/lib/python3.8/site-packages/airflow/example_dags/example_external_task_marker_dag.py
[2025-05-08T16:15:11.660+0000] {logging_mixin.py:154} INFO - [2025-05-08T16:15:11.659+0000] {dag.py:2941} INFO - Sync 2 DAGs
[2025-05-08T16:15:11.685+0000] {logging_mixin.py:154} INFO - [2025-05-08T16:15:11.684+0000] {dag.py:3722} INFO - Setting next_dagrun for example_external_task_marker_child to None, run_after=None
[2025-05-08T16:15:11.695+0000] {logging_mixin.py:154} INFO - [2025-05-08T16:15:11.694+0000] {dag.py:3722} INFO - Setting next_dagrun for example_external_task_marker_parent to None, run_after=None
[2025-05-08T16:15:11.742+0000] {processor.py:179} INFO - Processing /home/airflow/.local/lib/python3.8/site-packages/airflow/example_dags/example_external_task_marker_dag.py took 0.186 seconds
[2025-05-08T16:15:42.754+0000] {processor.py:157} INFO - Started process (PID=570) to work on /home/airflow/.local/lib/python3.8/site-packages/airflow/example_dags/example_external_task_marker_dag.py
[2025-05-08T16:15:42.756+0000] {processor.py:829} INFO - Processing file /home/airflow/.local/lib/python3.8/site-packages/airflow/example_dags/example_external_task_marker_dag.py for tasks to queue
[2025-05-08T16:15:42.758+0000] {logging_mixin.py:154} INFO - [2025-05-08T16:15:42.758+0000] {dagbag.py:536} INFO - Filling up the DagBag from /home/airflow/.local/lib/python3.8/site-packages/airflow/example_dags/example_external_task_marker_dag.py
[2025-05-08T16:15:42.767+0000] {processor.py:839} INFO - DAG(s) dict_keys(['example_external_task_marker_parent', 'example_external_task_marker_child']) retrieved from /home/airflow/.local/lib/python3.8/site-packages/airflow/example_dags/example_external_task_marker_dag.py
[2025-05-08T16:15:42.808+0000] {logging_mixin.py:154} INFO - [2025-05-08T16:15:42.808+0000] {dag.py:2941} INFO - Sync 2 DAGs
[2025-05-08T16:15:42.830+0000] {logging_mixin.py:154} INFO - [2025-05-08T16:15:42.829+0000] {dag.py:3722} INFO - Setting next_dagrun for example_external_task_marker_child to None, run_after=None
[2025-05-08T16:15:42.835+0000] {logging_mixin.py:154} INFO - [2025-05-08T16:15:42.835+0000] {dag.py:3722} INFO - Setting next_dagrun for example_external_task_marker_parent to None, run_after=None
[2025-05-08T16:15:42.858+0000] {processor.py:179} INFO - Processing /home/airflow/.local/lib/python3.8/site-packages/airflow/example_dags/example_external_task_marker_dag.py took 0.108 seconds
[2025-05-08T16:16:13.056+0000] {processor.py:157} INFO - Started process (PID=626) to work on /home/airflow/.local/lib/python3.8/site-packages/airflow/example_dags/example_external_task_marker_dag.py
[2025-05-08T16:16:13.057+0000] {processor.py:829} INFO - Processing file /home/airflow/.local/lib/python3.8/site-packages/airflow/example_dags/example_external_task_marker_dag.py for tasks to queue
[2025-05-08T16:16:13.061+0000] {logging_mixin.py:154} INFO - [2025-05-08T16:16:13.060+0000] {dagbag.py:536} INFO - Filling up the DagBag from /home/airflow/.local/lib/python3.8/site-packages/airflow/example_dags/example_external_task_marker_dag.py
[2025-05-08T16:16:13.075+0000] {processor.py:839} INFO - DAG(s) dict_keys(['example_external_task_marker_child', 'example_external_task_marker_parent']) retrieved from /home/airflow/.local/lib/python3.8/site-packages/airflow/example_dags/example_external_task_marker_dag.py
[2025-05-08T16:16:13.136+0000] {logging_mixin.py:154} INFO - [2025-05-08T16:16:13.136+0000] {dag.py:2941} INFO - Sync 2 DAGs
[2025-05-08T16:16:13.167+0000] {logging_mixin.py:154} INFO - [2025-05-08T16:16:13.166+0000] {dag.py:3722} INFO - Setting next_dagrun for example_external_task_marker_child to None, run_after=None
[2025-05-08T16:16:13.177+0000] {logging_mixin.py:154} INFO - [2025-05-08T16:16:13.176+0000] {dag.py:3722} INFO - Setting next_dagrun for example_external_task_marker_parent to None, run_after=None
[2025-05-08T16:16:13.214+0000] {processor.py:179} INFO - Processing /home/airflow/.local/lib/python3.8/site-packages/airflow/example_dags/example_external_task_marker_dag.py took 0.164 seconds
[2025-05-08T16:16:43.301+0000] {processor.py:157} INFO - Started process (PID=681) to work on /home/airflow/.local/lib/python3.8/site-packages/airflow/example_dags/example_external_task_marker_dag.py
[2025-05-08T16:16:43.303+0000] {processor.py:829} INFO - Processing file /home/airflow/.local/lib/python3.8/site-packages/airflow/example_dags/example_external_task_marker_dag.py for tasks to queue
[2025-05-08T16:16:43.307+0000] {logging_mixin.py:154} INFO - [2025-05-08T16:16:43.306+0000] {dagbag.py:536} INFO - Filling up the DagBag from /home/airflow/.local/lib/python3.8/site-packages/airflow/example_dags/example_external_task_marker_dag.py
[2025-05-08T16:16:43.314+0000] {processor.py:839} INFO - DAG(s) dict_keys(['example_external_task_marker_parent', 'example_external_task_marker_child']) retrieved from /home/airflow/.local/lib/python3.8/site-packages/airflow/example_dags/example_external_task_marker_dag.py
[2025-05-08T16:16:43.357+0000] {logging_mixin.py:154} INFO - [2025-05-08T16:16:43.356+0000] {dag.py:2941} INFO - Sync 2 DAGs
[2025-05-08T16:16:43.379+0000] {logging_mixin.py:154} INFO - [2025-05-08T16:16:43.378+0000] {dag.py:3722} INFO - Setting next_dagrun for example_external_task_marker_child to None, run_after=None
[2025-05-08T16:16:43.388+0000] {logging_mixin.py:154} INFO - [2025-05-08T16:16:43.388+0000] {dag.py:3722} INFO - Setting next_dagrun for example_external_task_marker_parent to None, run_after=None
[2025-05-08T16:16:43.415+0000] {processor.py:179} INFO - Processing /home/airflow/.local/lib/python3.8/site-packages/airflow/example_dags/example_external_task_marker_dag.py took 0.118 seconds
[2025-05-08T16:17:13.537+0000] {processor.py:157} INFO - Started process (PID=736) to work on /home/airflow/.local/lib/python3.8/site-packages/airflow/example_dags/example_external_task_marker_dag.py
[2025-05-08T16:17:13.538+0000] {processor.py:829} INFO - Processing file /home/airflow/.local/lib/python3.8/site-packages/airflow/example_dags/example_external_task_marker_dag.py for tasks to queue
[2025-05-08T16:17:13.541+0000] {logging_mixin.py:154} INFO - [2025-05-08T16:17:13.541+0000] {dagbag.py:536} INFO - Filling up the DagBag from /home/airflow/.local/lib/python3.8/site-packages/airflow/example_dags/example_external_task_marker_dag.py
[2025-05-08T16:17:13.548+0000] {processor.py:839} INFO - DAG(s) dict_keys(['example_external_task_marker_parent', 'example_external_task_marker_child']) retrieved from /home/airflow/.local/lib/python3.8/site-packages/airflow/example_dags/example_external_task_marker_dag.py
[2025-05-08T16:17:13.591+0000] {logging_mixin.py:154} INFO - [2025-05-08T16:17:13.591+0000] {dag.py:2941} INFO - Sync 2 DAGs
[2025-05-08T16:17:13.612+0000] {logging_mixin.py:154} INFO - [2025-05-08T16:17:13.612+0000] {dag.py:3722} INFO - Setting next_dagrun for example_external_task_marker_child to None, run_after=None
[2025-05-08T16:17:13.618+0000] {logging_mixin.py:154} INFO - [2025-05-08T16:17:13.618+0000] {dag.py:3722} INFO - Setting next_dagrun for example_external_task_marker_parent to None, run_after=None
[2025-05-08T16:17:13.653+0000] {processor.py:179} INFO - Processing /home/airflow/.local/lib/python3.8/site-packages/airflow/example_dags/example_external_task_marker_dag.py took 0.120 seconds
[2025-05-08T16:17:43.932+0000] {processor.py:157} INFO - Started process (PID=791) to work on /home/airflow/.local/lib/python3.8/site-packages/airflow/example_dags/example_external_task_marker_dag.py
[2025-05-08T16:17:43.933+0000] {processor.py:829} INFO - Processing file /home/airflow/.local/lib/python3.8/site-packages/airflow/example_dags/example_external_task_marker_dag.py for tasks to queue
[2025-05-08T16:17:43.937+0000] {logging_mixin.py:154} INFO - [2025-05-08T16:17:43.937+0000] {dagbag.py:536} INFO - Filling up the DagBag from /home/airflow/.local/lib/python3.8/site-packages/airflow/example_dags/example_external_task_marker_dag.py
[2025-05-08T16:17:43.946+0000] {processor.py:839} INFO - DAG(s) dict_keys(['example_external_task_marker_parent', 'example_external_task_marker_child']) retrieved from /home/airflow/.local/lib/python3.8/site-packages/airflow/example_dags/example_external_task_marker_dag.py
[2025-05-08T16:17:44.005+0000] {logging_mixin.py:154} INFO - [2025-05-08T16:17:44.005+0000] {dag.py:2941} INFO - Sync 2 DAGs
[2025-05-08T16:17:44.029+0000] {logging_mixin.py:154} INFO - [2025-05-08T16:17:44.029+0000] {dag.py:3722} INFO - Setting next_dagrun for example_external_task_marker_child to None, run_after=None
[2025-05-08T16:17:44.038+0000] {logging_mixin.py:154} INFO - [2025-05-08T16:17:44.037+0000] {dag.py:3722} INFO - Setting next_dagrun for example_external_task_marker_parent to None, run_after=None
[2025-05-08T16:17:44.071+0000] {processor.py:179} INFO - Processing /home/airflow/.local/lib/python3.8/site-packages/airflow/example_dags/example_external_task_marker_dag.py took 0.143 seconds
