[2025-05-08T16:11:15.554+0000] {processor.py:157} INFO - Started process (PID=111) to work on /home/airflow/.local/lib/python3.8/site-packages/airflow/example_dags/example_complex.py
[2025-05-08T16:11:15.556+0000] {processor.py:829} INFO - Processing file /home/airflow/.local/lib/python3.8/site-packages/airflow/example_dags/example_complex.py for tasks to queue
[2025-05-08T16:11:15.563+0000] {logging_mixin.py:154} INFO - [2025-05-08T16:11:15.561+0000] {dagbag.py:536} INFO - Filling up the DagBag from /home/airflow/.local/lib/python3.8/site-packages/airflow/example_dags/example_complex.py
[2025-05-08T16:11:15.596+0000] {processor.py:839} INFO - DAG(s) dict_keys(['example_complex']) retrieved from /home/airflow/.local/lib/python3.8/site-packages/airflow/example_dags/example_complex.py
[2025-05-08T16:11:15.668+0000] {logging_mixin.py:154} INFO - [2025-05-08T16:11:15.667+0000] {dag.py:2941} INFO - Sync 1 DAGs
[2025-05-08T16:11:15.690+0000] {logging_mixin.py:154} INFO - [2025-05-08T16:11:15.690+0000] {dag.py:3722} INFO - Setting next_dagrun for example_complex to None, run_after=None
[2025-05-08T16:11:15.729+0000] {processor.py:179} INFO - Processing /home/airflow/.local/lib/python3.8/site-packages/airflow/example_dags/example_complex.py took 0.184 seconds
[2025-05-08T16:11:46.256+0000] {processor.py:157} INFO - Started process (PID=166) to work on /home/airflow/.local/lib/python3.8/site-packages/airflow/example_dags/example_complex.py
[2025-05-08T16:11:46.258+0000] {processor.py:829} INFO - Processing file /home/airflow/.local/lib/python3.8/site-packages/airflow/example_dags/example_complex.py for tasks to queue
[2025-05-08T16:11:46.263+0000] {logging_mixin.py:154} INFO - [2025-05-08T16:11:46.262+0000] {dagbag.py:536} INFO - Filling up the DagBag from /home/airflow/.local/lib/python3.8/site-packages/airflow/example_dags/example_complex.py
[2025-05-08T16:11:46.289+0000] {processor.py:839} INFO - DAG(s) dict_keys(['example_complex']) retrieved from /home/airflow/.local/lib/python3.8/site-packages/airflow/example_dags/example_complex.py
[2025-05-08T16:11:46.374+0000] {logging_mixin.py:154} INFO - [2025-05-08T16:11:46.373+0000] {dag.py:2941} INFO - Sync 1 DAGs
[2025-05-08T16:11:46.396+0000] {logging_mixin.py:154} INFO - [2025-05-08T16:11:46.395+0000] {dag.py:3722} INFO - Setting next_dagrun for example_complex to None, run_after=None
[2025-05-08T16:11:46.432+0000] {processor.py:179} INFO - Processing /home/airflow/.local/lib/python3.8/site-packages/airflow/example_dags/example_complex.py took 0.182 seconds
[2025-05-08T16:12:17.342+0000] {processor.py:157} INFO - Started process (PID=221) to work on /home/airflow/.local/lib/python3.8/site-packages/airflow/example_dags/example_complex.py
[2025-05-08T16:12:17.343+0000] {processor.py:829} INFO - Processing file /home/airflow/.local/lib/python3.8/site-packages/airflow/example_dags/example_complex.py for tasks to queue
[2025-05-08T16:12:17.347+0000] {logging_mixin.py:154} INFO - [2025-05-08T16:12:17.346+0000] {dagbag.py:536} INFO - Filling up the DagBag from /home/airflow/.local/lib/python3.8/site-packages/airflow/example_dags/example_complex.py
[2025-05-08T16:12:17.363+0000] {processor.py:839} INFO - DAG(s) dict_keys(['example_complex']) retrieved from /home/airflow/.local/lib/python3.8/site-packages/airflow/example_dags/example_complex.py
[2025-05-08T16:12:17.428+0000] {logging_mixin.py:154} INFO - [2025-05-08T16:12:17.427+0000] {dag.py:2941} INFO - Sync 1 DAGs
[2025-05-08T16:12:17.452+0000] {logging_mixin.py:154} INFO - [2025-05-08T16:12:17.452+0000] {dag.py:3722} INFO - Setting next_dagrun for example_complex to None, run_after=None
[2025-05-08T16:12:17.493+0000] {processor.py:179} INFO - Processing /home/airflow/.local/lib/python3.8/site-packages/airflow/example_dags/example_complex.py took 0.158 seconds
[2025-05-08T16:12:48.056+0000] {processor.py:157} INFO - Started process (PID=276) to work on /home/airflow/.local/lib/python3.8/site-packages/airflow/example_dags/example_complex.py
[2025-05-08T16:12:48.059+0000] {processor.py:829} INFO - Processing file /home/airflow/.local/lib/python3.8/site-packages/airflow/example_dags/example_complex.py for tasks to queue
[2025-05-08T16:12:48.063+0000] {logging_mixin.py:154} INFO - [2025-05-08T16:12:48.062+0000] {dagbag.py:536} INFO - Filling up the DagBag from /home/airflow/.local/lib/python3.8/site-packages/airflow/example_dags/example_complex.py
[2025-05-08T16:12:48.081+0000] {processor.py:839} INFO - DAG(s) dict_keys(['example_complex']) retrieved from /home/airflow/.local/lib/python3.8/site-packages/airflow/example_dags/example_complex.py
[2025-05-08T16:12:48.130+0000] {logging_mixin.py:154} INFO - [2025-05-08T16:12:48.129+0000] {dag.py:2941} INFO - Sync 1 DAGs
[2025-05-08T16:12:48.148+0000] {logging_mixin.py:154} INFO - [2025-05-08T16:12:48.148+0000] {dag.py:3722} INFO - Setting next_dagrun for example_complex to None, run_after=None
[2025-05-08T16:12:48.187+0000] {processor.py:179} INFO - Processing /home/airflow/.local/lib/python3.8/site-packages/airflow/example_dags/example_complex.py took 0.135 seconds
[2025-05-08T16:13:18.980+0000] {processor.py:157} INFO - Started process (PID=331) to work on /home/airflow/.local/lib/python3.8/site-packages/airflow/example_dags/example_complex.py
[2025-05-08T16:13:18.982+0000] {processor.py:829} INFO - Processing file /home/airflow/.local/lib/python3.8/site-packages/airflow/example_dags/example_complex.py for tasks to queue
[2025-05-08T16:13:18.989+0000] {logging_mixin.py:154} INFO - [2025-05-08T16:13:18.988+0000] {dagbag.py:536} INFO - Filling up the DagBag from /home/airflow/.local/lib/python3.8/site-packages/airflow/example_dags/example_complex.py
[2025-05-08T16:13:19.019+0000] {processor.py:839} INFO - DAG(s) dict_keys(['example_complex']) retrieved from /home/airflow/.local/lib/python3.8/site-packages/airflow/example_dags/example_complex.py
[2025-05-08T16:13:19.098+0000] {logging_mixin.py:154} INFO - [2025-05-08T16:13:19.098+0000] {dag.py:2941} INFO - Sync 1 DAGs
[2025-05-08T16:13:19.121+0000] {logging_mixin.py:154} INFO - [2025-05-08T16:13:19.121+0000] {dag.py:3722} INFO - Setting next_dagrun for example_complex to None, run_after=None
[2025-05-08T16:13:19.150+0000] {processor.py:179} INFO - Processing /home/airflow/.local/lib/python3.8/site-packages/airflow/example_dags/example_complex.py took 0.177 seconds
[2025-05-08T16:13:50.051+0000] {processor.py:157} INFO - Started process (PID=386) to work on /home/airflow/.local/lib/python3.8/site-packages/airflow/example_dags/example_complex.py
[2025-05-08T16:13:50.052+0000] {processor.py:829} INFO - Processing file /home/airflow/.local/lib/python3.8/site-packages/airflow/example_dags/example_complex.py for tasks to queue
[2025-05-08T16:13:50.055+0000] {logging_mixin.py:154} INFO - [2025-05-08T16:13:50.055+0000] {dagbag.py:536} INFO - Filling up the DagBag from /home/airflow/.local/lib/python3.8/site-packages/airflow/example_dags/example_complex.py
[2025-05-08T16:13:50.076+0000] {processor.py:839} INFO - DAG(s) dict_keys(['example_complex']) retrieved from /home/airflow/.local/lib/python3.8/site-packages/airflow/example_dags/example_complex.py
[2025-05-08T16:13:50.118+0000] {logging_mixin.py:154} INFO - [2025-05-08T16:13:50.117+0000] {dag.py:2941} INFO - Sync 1 DAGs
[2025-05-08T16:13:50.136+0000] {logging_mixin.py:154} INFO - [2025-05-08T16:13:50.136+0000] {dag.py:3722} INFO - Setting next_dagrun for example_complex to None, run_after=None
[2025-05-08T16:13:50.167+0000] {processor.py:179} INFO - Processing /home/airflow/.local/lib/python3.8/site-packages/airflow/example_dags/example_complex.py took 0.121 seconds
[2025-05-08T16:14:21.700+0000] {processor.py:157} INFO - Started process (PID=441) to work on /home/airflow/.local/lib/python3.8/site-packages/airflow/example_dags/example_complex.py
[2025-05-08T16:14:21.703+0000] {processor.py:829} INFO - Processing file /home/airflow/.local/lib/python3.8/site-packages/airflow/example_dags/example_complex.py for tasks to queue
[2025-05-08T16:14:21.707+0000] {logging_mixin.py:154} INFO - [2025-05-08T16:14:21.706+0000] {dagbag.py:536} INFO - Filling up the DagBag from /home/airflow/.local/lib/python3.8/site-packages/airflow/example_dags/example_complex.py
[2025-05-08T16:14:21.734+0000] {processor.py:839} INFO - DAG(s) dict_keys(['example_complex']) retrieved from /home/airflow/.local/lib/python3.8/site-packages/airflow/example_dags/example_complex.py
[2025-05-08T16:14:21.792+0000] {logging_mixin.py:154} INFO - [2025-05-08T16:14:21.791+0000] {dag.py:2941} INFO - Sync 1 DAGs
[2025-05-08T16:14:21.824+0000] {logging_mixin.py:154} INFO - [2025-05-08T16:14:21.824+0000] {dag.py:3722} INFO - Setting next_dagrun for example_complex to None, run_after=None
[2025-05-08T16:14:21.876+0000] {processor.py:179} INFO - Processing /home/airflow/.local/lib/python3.8/site-packages/airflow/example_dags/example_complex.py took 0.180 seconds
[2025-05-08T16:14:52.332+0000] {processor.py:157} INFO - Started process (PID=496) to work on /home/airflow/.local/lib/python3.8/site-packages/airflow/example_dags/example_complex.py
[2025-05-08T16:14:52.334+0000] {processor.py:829} INFO - Processing file /home/airflow/.local/lib/python3.8/site-packages/airflow/example_dags/example_complex.py for tasks to queue
[2025-05-08T16:14:52.337+0000] {logging_mixin.py:154} INFO - [2025-05-08T16:14:52.337+0000] {dagbag.py:536} INFO - Filling up the DagBag from /home/airflow/.local/lib/python3.8/site-packages/airflow/example_dags/example_complex.py
[2025-05-08T16:14:52.352+0000] {processor.py:839} INFO - DAG(s) dict_keys(['example_complex']) retrieved from /home/airflow/.local/lib/python3.8/site-packages/airflow/example_dags/example_complex.py
[2025-05-08T16:14:52.489+0000] {logging_mixin.py:154} INFO - [2025-05-08T16:14:52.488+0000] {dag.py:2941} INFO - Sync 1 DAGs
[2025-05-08T16:14:52.536+0000] {logging_mixin.py:154} INFO - [2025-05-08T16:14:52.534+0000] {dag.py:3722} INFO - Setting next_dagrun for example_complex to None, run_after=None
[2025-05-08T16:14:52.619+0000] {processor.py:179} INFO - Processing /home/airflow/.local/lib/python3.8/site-packages/airflow/example_dags/example_complex.py took 0.293 seconds
[2025-05-08T16:15:22.907+0000] {processor.py:157} INFO - Started process (PID=551) to work on /home/airflow/.local/lib/python3.8/site-packages/airflow/example_dags/example_complex.py
[2025-05-08T16:15:22.908+0000] {processor.py:829} INFO - Processing file /home/airflow/.local/lib/python3.8/site-packages/airflow/example_dags/example_complex.py for tasks to queue
[2025-05-08T16:15:22.913+0000] {logging_mixin.py:154} INFO - [2025-05-08T16:15:22.912+0000] {dagbag.py:536} INFO - Filling up the DagBag from /home/airflow/.local/lib/python3.8/site-packages/airflow/example_dags/example_complex.py
[2025-05-08T16:15:22.931+0000] {processor.py:839} INFO - DAG(s) dict_keys(['example_complex']) retrieved from /home/airflow/.local/lib/python3.8/site-packages/airflow/example_dags/example_complex.py
[2025-05-08T16:15:22.979+0000] {logging_mixin.py:154} INFO - [2025-05-08T16:15:22.978+0000] {dag.py:2941} INFO - Sync 1 DAGs
[2025-05-08T16:15:23.011+0000] {logging_mixin.py:154} INFO - [2025-05-08T16:15:23.010+0000] {dag.py:3722} INFO - Setting next_dagrun for example_complex to None, run_after=None
[2025-05-08T16:15:23.052+0000] {processor.py:179} INFO - Processing /home/airflow/.local/lib/python3.8/site-packages/airflow/example_dags/example_complex.py took 0.152 seconds
[2025-05-08T16:15:53.549+0000] {processor.py:157} INFO - Started process (PID=606) to work on /home/airflow/.local/lib/python3.8/site-packages/airflow/example_dags/example_complex.py
[2025-05-08T16:15:53.550+0000] {processor.py:829} INFO - Processing file /home/airflow/.local/lib/python3.8/site-packages/airflow/example_dags/example_complex.py for tasks to queue
[2025-05-08T16:15:53.554+0000] {logging_mixin.py:154} INFO - [2025-05-08T16:15:53.553+0000] {dagbag.py:536} INFO - Filling up the DagBag from /home/airflow/.local/lib/python3.8/site-packages/airflow/example_dags/example_complex.py
[2025-05-08T16:15:53.574+0000] {processor.py:839} INFO - DAG(s) dict_keys(['example_complex']) retrieved from /home/airflow/.local/lib/python3.8/site-packages/airflow/example_dags/example_complex.py
[2025-05-08T16:15:53.625+0000] {logging_mixin.py:154} INFO - [2025-05-08T16:15:53.625+0000] {dag.py:2941} INFO - Sync 1 DAGs
[2025-05-08T16:15:53.642+0000] {logging_mixin.py:154} INFO - [2025-05-08T16:15:53.642+0000] {dag.py:3722} INFO - Setting next_dagrun for example_complex to None, run_after=None
[2025-05-08T16:15:53.673+0000] {processor.py:179} INFO - Processing /home/airflow/.local/lib/python3.8/site-packages/airflow/example_dags/example_complex.py took 0.128 seconds
[2025-05-08T16:16:23.919+0000] {processor.py:157} INFO - Started process (PID=661) to work on /home/airflow/.local/lib/python3.8/site-packages/airflow/example_dags/example_complex.py
[2025-05-08T16:16:23.921+0000] {processor.py:829} INFO - Processing file /home/airflow/.local/lib/python3.8/site-packages/airflow/example_dags/example_complex.py for tasks to queue
[2025-05-08T16:16:23.925+0000] {logging_mixin.py:154} INFO - [2025-05-08T16:16:23.925+0000] {dagbag.py:536} INFO - Filling up the DagBag from /home/airflow/.local/lib/python3.8/site-packages/airflow/example_dags/example_complex.py
[2025-05-08T16:16:23.941+0000] {processor.py:839} INFO - DAG(s) dict_keys(['example_complex']) retrieved from /home/airflow/.local/lib/python3.8/site-packages/airflow/example_dags/example_complex.py
[2025-05-08T16:16:23.985+0000] {logging_mixin.py:154} INFO - [2025-05-08T16:16:23.985+0000] {dag.py:2941} INFO - Sync 1 DAGs
[2025-05-08T16:16:24.003+0000] {logging_mixin.py:154} INFO - [2025-05-08T16:16:24.002+0000] {dag.py:3722} INFO - Setting next_dagrun for example_complex to None, run_after=None
[2025-05-08T16:16:24.033+0000] {processor.py:179} INFO - Processing /home/airflow/.local/lib/python3.8/site-packages/airflow/example_dags/example_complex.py took 0.119 seconds
[2025-05-08T16:16:54.556+0000] {processor.py:157} INFO - Started process (PID=716) to work on /home/airflow/.local/lib/python3.8/site-packages/airflow/example_dags/example_complex.py
[2025-05-08T16:16:54.558+0000] {processor.py:829} INFO - Processing file /home/airflow/.local/lib/python3.8/site-packages/airflow/example_dags/example_complex.py for tasks to queue
[2025-05-08T16:16:54.563+0000] {logging_mixin.py:154} INFO - [2025-05-08T16:16:54.563+0000] {dagbag.py:536} INFO - Filling up the DagBag from /home/airflow/.local/lib/python3.8/site-packages/airflow/example_dags/example_complex.py
[2025-05-08T16:16:54.590+0000] {processor.py:839} INFO - DAG(s) dict_keys(['example_complex']) retrieved from /home/airflow/.local/lib/python3.8/site-packages/airflow/example_dags/example_complex.py
[2025-05-08T16:16:54.682+0000] {logging_mixin.py:154} INFO - [2025-05-08T16:16:54.682+0000] {dag.py:2941} INFO - Sync 1 DAGs
[2025-05-08T16:16:54.733+0000] {logging_mixin.py:154} INFO - [2025-05-08T16:16:54.732+0000] {dag.py:3722} INFO - Setting next_dagrun for example_complex to None, run_after=None
[2025-05-08T16:16:54.783+0000] {processor.py:179} INFO - Processing /home/airflow/.local/lib/python3.8/site-packages/airflow/example_dags/example_complex.py took 0.237 seconds
[2025-05-08T16:17:25.427+0000] {processor.py:157} INFO - Started process (PID=771) to work on /home/airflow/.local/lib/python3.8/site-packages/airflow/example_dags/example_complex.py
[2025-05-08T16:17:25.429+0000] {processor.py:829} INFO - Processing file /home/airflow/.local/lib/python3.8/site-packages/airflow/example_dags/example_complex.py for tasks to queue
[2025-05-08T16:17:25.433+0000] {logging_mixin.py:154} INFO - [2025-05-08T16:17:25.432+0000] {dagbag.py:536} INFO - Filling up the DagBag from /home/airflow/.local/lib/python3.8/site-packages/airflow/example_dags/example_complex.py
[2025-05-08T16:17:25.448+0000] {processor.py:839} INFO - DAG(s) dict_keys(['example_complex']) retrieved from /home/airflow/.local/lib/python3.8/site-packages/airflow/example_dags/example_complex.py
[2025-05-08T16:17:25.503+0000] {logging_mixin.py:154} INFO - [2025-05-08T16:17:25.503+0000] {dag.py:2941} INFO - Sync 1 DAGs
[2025-05-08T16:17:25.522+0000] {logging_mixin.py:154} INFO - [2025-05-08T16:17:25.522+0000] {dag.py:3722} INFO - Setting next_dagrun for example_complex to None, run_after=None
[2025-05-08T16:17:25.557+0000] {processor.py:179} INFO - Processing /home/airflow/.local/lib/python3.8/site-packages/airflow/example_dags/example_complex.py took 0.135 seconds
