[2025-05-08T16:11:08.949+0000] {processor.py:157} INFO - Started process (PID=81) to work on /home/airflow/.local/lib/python3.8/site-packages/airflow/example_dags/example_python_operator.py
[2025-05-08T16:11:08.953+0000] {processor.py:829} INFO - Processing file /home/airflow/.local/lib/python3.8/site-packages/airflow/example_dags/example_python_operator.py for tasks to queue
[2025-05-08T16:11:08.956+0000] {logging_mixin.py:154} INFO - [2025-05-08T16:11:08.956+0000] {dagbag.py:536} INFO - Filling up the DagBag from /home/airflow/.local/lib/python3.8/site-packages/airflow/example_dags/example_python_operator.py
[2025-05-08T16:11:08.995+0000] {processor.py:839} INFO - DAG(s) dict_keys(['example_python_operator']) retrieved from /home/airflow/.local/lib/python3.8/site-packages/airflow/example_dags/example_python_operator.py
[2025-05-08T16:11:09.268+0000] {logging_mixin.py:154} INFO - [2025-05-08T16:11:09.268+0000] {dag.py:2941} INFO - Sync 1 DAGs
[2025-05-08T16:11:09.286+0000] {logging_mixin.py:154} INFO - [2025-05-08T16:11:09.286+0000] {dag.py:3722} INFO - Setting next_dagrun for example_python_operator to None, run_after=None
[2025-05-08T16:11:09.329+0000] {processor.py:179} INFO - Processing /home/airflow/.local/lib/python3.8/site-packages/airflow/example_dags/example_python_operator.py took 0.392 seconds
[2025-05-08T16:11:39.792+0000] {processor.py:157} INFO - Started process (PID=136) to work on /home/airflow/.local/lib/python3.8/site-packages/airflow/example_dags/example_python_operator.py
[2025-05-08T16:11:39.794+0000] {processor.py:829} INFO - Processing file /home/airflow/.local/lib/python3.8/site-packages/airflow/example_dags/example_python_operator.py for tasks to queue
[2025-05-08T16:11:39.797+0000] {logging_mixin.py:154} INFO - [2025-05-08T16:11:39.797+0000] {dagbag.py:536} INFO - Filling up the DagBag from /home/airflow/.local/lib/python3.8/site-packages/airflow/example_dags/example_python_operator.py
[2025-05-08T16:11:39.817+0000] {processor.py:839} INFO - DAG(s) dict_keys(['example_python_operator']) retrieved from /home/airflow/.local/lib/python3.8/site-packages/airflow/example_dags/example_python_operator.py
[2025-05-08T16:11:39.877+0000] {logging_mixin.py:154} INFO - [2025-05-08T16:11:39.876+0000] {dag.py:2941} INFO - Sync 1 DAGs
[2025-05-08T16:11:39.904+0000] {logging_mixin.py:154} INFO - [2025-05-08T16:11:39.903+0000] {dag.py:3722} INFO - Setting next_dagrun for example_python_operator to None, run_after=None
[2025-05-08T16:11:39.949+0000] {processor.py:179} INFO - Processing /home/airflow/.local/lib/python3.8/site-packages/airflow/example_dags/example_python_operator.py took 0.164 seconds
[2025-05-08T16:12:10.592+0000] {processor.py:157} INFO - Started process (PID=191) to work on /home/airflow/.local/lib/python3.8/site-packages/airflow/example_dags/example_python_operator.py
[2025-05-08T16:12:10.594+0000] {processor.py:829} INFO - Processing file /home/airflow/.local/lib/python3.8/site-packages/airflow/example_dags/example_python_operator.py for tasks to queue
[2025-05-08T16:12:10.598+0000] {logging_mixin.py:154} INFO - [2025-05-08T16:12:10.598+0000] {dagbag.py:536} INFO - Filling up the DagBag from /home/airflow/.local/lib/python3.8/site-packages/airflow/example_dags/example_python_operator.py
[2025-05-08T16:12:10.612+0000] {processor.py:839} INFO - DAG(s) dict_keys(['example_python_operator']) retrieved from /home/airflow/.local/lib/python3.8/site-packages/airflow/example_dags/example_python_operator.py
[2025-05-08T16:12:10.652+0000] {logging_mixin.py:154} INFO - [2025-05-08T16:12:10.651+0000] {dag.py:2941} INFO - Sync 1 DAGs
[2025-05-08T16:12:10.679+0000] {logging_mixin.py:154} INFO - [2025-05-08T16:12:10.679+0000] {dag.py:3722} INFO - Setting next_dagrun for example_python_operator to None, run_after=None
[2025-05-08T16:12:10.721+0000] {processor.py:179} INFO - Processing /home/airflow/.local/lib/python3.8/site-packages/airflow/example_dags/example_python_operator.py took 0.132 seconds
[2025-05-08T16:12:41.020+0000] {processor.py:157} INFO - Started process (PID=246) to work on /home/airflow/.local/lib/python3.8/site-packages/airflow/example_dags/example_python_operator.py
[2025-05-08T16:12:41.021+0000] {processor.py:829} INFO - Processing file /home/airflow/.local/lib/python3.8/site-packages/airflow/example_dags/example_python_operator.py for tasks to queue
[2025-05-08T16:12:41.027+0000] {logging_mixin.py:154} INFO - [2025-05-08T16:12:41.026+0000] {dagbag.py:536} INFO - Filling up the DagBag from /home/airflow/.local/lib/python3.8/site-packages/airflow/example_dags/example_python_operator.py
[2025-05-08T16:12:41.042+0000] {processor.py:839} INFO - DAG(s) dict_keys(['example_python_operator']) retrieved from /home/airflow/.local/lib/python3.8/site-packages/airflow/example_dags/example_python_operator.py
[2025-05-08T16:12:41.086+0000] {logging_mixin.py:154} INFO - [2025-05-08T16:12:41.086+0000] {dag.py:2941} INFO - Sync 1 DAGs
[2025-05-08T16:12:41.102+0000] {logging_mixin.py:154} INFO - [2025-05-08T16:12:41.102+0000] {dag.py:3722} INFO - Setting next_dagrun for example_python_operator to None, run_after=None
[2025-05-08T16:12:41.142+0000] {processor.py:179} INFO - Processing /home/airflow/.local/lib/python3.8/site-packages/airflow/example_dags/example_python_operator.py took 0.128 seconds
[2025-05-08T16:13:11.358+0000] {processor.py:157} INFO - Started process (PID=300) to work on /home/airflow/.local/lib/python3.8/site-packages/airflow/example_dags/example_python_operator.py
[2025-05-08T16:13:11.359+0000] {processor.py:829} INFO - Processing file /home/airflow/.local/lib/python3.8/site-packages/airflow/example_dags/example_python_operator.py for tasks to queue
[2025-05-08T16:13:11.363+0000] {logging_mixin.py:154} INFO - [2025-05-08T16:13:11.362+0000] {dagbag.py:536} INFO - Filling up the DagBag from /home/airflow/.local/lib/python3.8/site-packages/airflow/example_dags/example_python_operator.py
[2025-05-08T16:13:11.381+0000] {processor.py:839} INFO - DAG(s) dict_keys(['example_python_operator']) retrieved from /home/airflow/.local/lib/python3.8/site-packages/airflow/example_dags/example_python_operator.py
[2025-05-08T16:13:11.424+0000] {logging_mixin.py:154} INFO - [2025-05-08T16:13:11.424+0000] {dag.py:2941} INFO - Sync 1 DAGs
[2025-05-08T16:13:11.448+0000] {logging_mixin.py:154} INFO - [2025-05-08T16:13:11.448+0000] {dag.py:3722} INFO - Setting next_dagrun for example_python_operator to None, run_after=None
[2025-05-08T16:13:11.489+0000] {processor.py:179} INFO - Processing /home/airflow/.local/lib/python3.8/site-packages/airflow/example_dags/example_python_operator.py took 0.136 seconds
[2025-05-08T16:13:42.133+0000] {processor.py:157} INFO - Started process (PID=355) to work on /home/airflow/.local/lib/python3.8/site-packages/airflow/example_dags/example_python_operator.py
[2025-05-08T16:13:42.137+0000] {processor.py:829} INFO - Processing file /home/airflow/.local/lib/python3.8/site-packages/airflow/example_dags/example_python_operator.py for tasks to queue
[2025-05-08T16:13:42.141+0000] {logging_mixin.py:154} INFO - [2025-05-08T16:13:42.140+0000] {dagbag.py:536} INFO - Filling up the DagBag from /home/airflow/.local/lib/python3.8/site-packages/airflow/example_dags/example_python_operator.py
[2025-05-08T16:13:42.168+0000] {processor.py:839} INFO - DAG(s) dict_keys(['example_python_operator']) retrieved from /home/airflow/.local/lib/python3.8/site-packages/airflow/example_dags/example_python_operator.py
[2025-05-08T16:13:42.227+0000] {logging_mixin.py:154} INFO - [2025-05-08T16:13:42.226+0000] {dag.py:2941} INFO - Sync 1 DAGs
[2025-05-08T16:13:42.256+0000] {logging_mixin.py:154} INFO - [2025-05-08T16:13:42.256+0000] {dag.py:3722} INFO - Setting next_dagrun for example_python_operator to None, run_after=None
[2025-05-08T16:13:42.298+0000] {processor.py:179} INFO - Processing /home/airflow/.local/lib/python3.8/site-packages/airflow/example_dags/example_python_operator.py took 0.205 seconds
[2025-05-08T16:14:12.738+0000] {processor.py:157} INFO - Started process (PID=410) to work on /home/airflow/.local/lib/python3.8/site-packages/airflow/example_dags/example_python_operator.py
[2025-05-08T16:14:12.739+0000] {processor.py:829} INFO - Processing file /home/airflow/.local/lib/python3.8/site-packages/airflow/example_dags/example_python_operator.py for tasks to queue
[2025-05-08T16:14:12.745+0000] {logging_mixin.py:154} INFO - [2025-05-08T16:14:12.744+0000] {dagbag.py:536} INFO - Filling up the DagBag from /home/airflow/.local/lib/python3.8/site-packages/airflow/example_dags/example_python_operator.py
[2025-05-08T16:14:12.762+0000] {processor.py:839} INFO - DAG(s) dict_keys(['example_python_operator']) retrieved from /home/airflow/.local/lib/python3.8/site-packages/airflow/example_dags/example_python_operator.py
[2025-05-08T16:14:12.799+0000] {logging_mixin.py:154} INFO - [2025-05-08T16:14:12.798+0000] {dag.py:2941} INFO - Sync 1 DAGs
[2025-05-08T16:14:12.818+0000] {logging_mixin.py:154} INFO - [2025-05-08T16:14:12.817+0000] {dag.py:3722} INFO - Setting next_dagrun for example_python_operator to None, run_after=None
[2025-05-08T16:14:12.857+0000] {processor.py:179} INFO - Processing /home/airflow/.local/lib/python3.8/site-packages/airflow/example_dags/example_python_operator.py took 0.125 seconds
[2025-05-08T16:14:42.906+0000] {processor.py:157} INFO - Started process (PID=465) to work on /home/airflow/.local/lib/python3.8/site-packages/airflow/example_dags/example_python_operator.py
[2025-05-08T16:14:42.908+0000] {processor.py:829} INFO - Processing file /home/airflow/.local/lib/python3.8/site-packages/airflow/example_dags/example_python_operator.py for tasks to queue
[2025-05-08T16:14:42.911+0000] {logging_mixin.py:154} INFO - [2025-05-08T16:14:42.911+0000] {dagbag.py:536} INFO - Filling up the DagBag from /home/airflow/.local/lib/python3.8/site-packages/airflow/example_dags/example_python_operator.py
[2025-05-08T16:14:42.927+0000] {processor.py:839} INFO - DAG(s) dict_keys(['example_python_operator']) retrieved from /home/airflow/.local/lib/python3.8/site-packages/airflow/example_dags/example_python_operator.py
[2025-05-08T16:14:42.965+0000] {logging_mixin.py:154} INFO - [2025-05-08T16:14:42.965+0000] {dag.py:2941} INFO - Sync 1 DAGs
[2025-05-08T16:14:42.983+0000] {logging_mixin.py:154} INFO - [2025-05-08T16:14:42.983+0000] {dag.py:3722} INFO - Setting next_dagrun for example_python_operator to None, run_after=None
[2025-05-08T16:14:43.009+0000] {processor.py:179} INFO - Processing /home/airflow/.local/lib/python3.8/site-packages/airflow/example_dags/example_python_operator.py took 0.109 seconds
[2025-05-08T16:15:13.984+0000] {processor.py:157} INFO - Started process (PID=520) to work on /home/airflow/.local/lib/python3.8/site-packages/airflow/example_dags/example_python_operator.py
[2025-05-08T16:15:13.986+0000] {processor.py:829} INFO - Processing file /home/airflow/.local/lib/python3.8/site-packages/airflow/example_dags/example_python_operator.py for tasks to queue
[2025-05-08T16:15:13.990+0000] {logging_mixin.py:154} INFO - [2025-05-08T16:15:13.989+0000] {dagbag.py:536} INFO - Filling up the DagBag from /home/airflow/.local/lib/python3.8/site-packages/airflow/example_dags/example_python_operator.py
[2025-05-08T16:15:14.002+0000] {processor.py:839} INFO - DAG(s) dict_keys(['example_python_operator']) retrieved from /home/airflow/.local/lib/python3.8/site-packages/airflow/example_dags/example_python_operator.py
[2025-05-08T16:15:14.036+0000] {logging_mixin.py:154} INFO - [2025-05-08T16:15:14.036+0000] {dag.py:2941} INFO - Sync 1 DAGs
[2025-05-08T16:15:14.052+0000] {logging_mixin.py:154} INFO - [2025-05-08T16:15:14.052+0000] {dag.py:3722} INFO - Setting next_dagrun for example_python_operator to None, run_after=None
[2025-05-08T16:15:14.077+0000] {processor.py:179} INFO - Processing /home/airflow/.local/lib/python3.8/site-packages/airflow/example_dags/example_python_operator.py took 0.097 seconds
[2025-05-08T16:15:44.148+0000] {processor.py:157} INFO - Started process (PID=575) to work on /home/airflow/.local/lib/python3.8/site-packages/airflow/example_dags/example_python_operator.py
[2025-05-08T16:15:44.151+0000] {processor.py:829} INFO - Processing file /home/airflow/.local/lib/python3.8/site-packages/airflow/example_dags/example_python_operator.py for tasks to queue
[2025-05-08T16:15:44.156+0000] {logging_mixin.py:154} INFO - [2025-05-08T16:15:44.155+0000] {dagbag.py:536} INFO - Filling up the DagBag from /home/airflow/.local/lib/python3.8/site-packages/airflow/example_dags/example_python_operator.py
[2025-05-08T16:15:44.177+0000] {processor.py:839} INFO - DAG(s) dict_keys(['example_python_operator']) retrieved from /home/airflow/.local/lib/python3.8/site-packages/airflow/example_dags/example_python_operator.py
[2025-05-08T16:15:44.221+0000] {logging_mixin.py:154} INFO - [2025-05-08T16:15:44.220+0000] {dag.py:2941} INFO - Sync 1 DAGs
[2025-05-08T16:15:44.247+0000] {logging_mixin.py:154} INFO - [2025-05-08T16:15:44.247+0000] {dag.py:3722} INFO - Setting next_dagrun for example_python_operator to None, run_after=None
[2025-05-08T16:15:44.287+0000] {processor.py:179} INFO - Processing /home/airflow/.local/lib/python3.8/site-packages/airflow/example_dags/example_python_operator.py took 0.148 seconds
[2025-05-08T16:16:14.685+0000] {processor.py:157} INFO - Started process (PID=630) to work on /home/airflow/.local/lib/python3.8/site-packages/airflow/example_dags/example_python_operator.py
[2025-05-08T16:16:14.687+0000] {processor.py:829} INFO - Processing file /home/airflow/.local/lib/python3.8/site-packages/airflow/example_dags/example_python_operator.py for tasks to queue
[2025-05-08T16:16:14.690+0000] {logging_mixin.py:154} INFO - [2025-05-08T16:16:14.690+0000] {dagbag.py:536} INFO - Filling up the DagBag from /home/airflow/.local/lib/python3.8/site-packages/airflow/example_dags/example_python_operator.py
[2025-05-08T16:16:14.705+0000] {processor.py:839} INFO - DAG(s) dict_keys(['example_python_operator']) retrieved from /home/airflow/.local/lib/python3.8/site-packages/airflow/example_dags/example_python_operator.py
[2025-05-08T16:16:14.755+0000] {logging_mixin.py:154} INFO - [2025-05-08T16:16:14.755+0000] {dag.py:2941} INFO - Sync 1 DAGs
[2025-05-08T16:16:14.780+0000] {logging_mixin.py:154} INFO - [2025-05-08T16:16:14.780+0000] {dag.py:3722} INFO - Setting next_dagrun for example_python_operator to None, run_after=None
[2025-05-08T16:16:14.824+0000] {processor.py:179} INFO - Processing /home/airflow/.local/lib/python3.8/site-packages/airflow/example_dags/example_python_operator.py took 0.143 seconds
[2025-05-08T16:16:45.801+0000] {processor.py:157} INFO - Started process (PID=685) to work on /home/airflow/.local/lib/python3.8/site-packages/airflow/example_dags/example_python_operator.py
[2025-05-08T16:16:45.802+0000] {processor.py:829} INFO - Processing file /home/airflow/.local/lib/python3.8/site-packages/airflow/example_dags/example_python_operator.py for tasks to queue
[2025-05-08T16:16:45.805+0000] {logging_mixin.py:154} INFO - [2025-05-08T16:16:45.804+0000] {dagbag.py:536} INFO - Filling up the DagBag from /home/airflow/.local/lib/python3.8/site-packages/airflow/example_dags/example_python_operator.py
[2025-05-08T16:16:45.823+0000] {processor.py:839} INFO - DAG(s) dict_keys(['example_python_operator']) retrieved from /home/airflow/.local/lib/python3.8/site-packages/airflow/example_dags/example_python_operator.py
[2025-05-08T16:16:45.863+0000] {logging_mixin.py:154} INFO - [2025-05-08T16:16:45.863+0000] {dag.py:2941} INFO - Sync 1 DAGs
[2025-05-08T16:16:45.885+0000] {logging_mixin.py:154} INFO - [2025-05-08T16:16:45.885+0000] {dag.py:3722} INFO - Setting next_dagrun for example_python_operator to None, run_after=None
[2025-05-08T16:16:45.924+0000] {processor.py:179} INFO - Processing /home/airflow/.local/lib/python3.8/site-packages/airflow/example_dags/example_python_operator.py took 0.128 seconds
[2025-05-08T16:17:16.051+0000] {processor.py:157} INFO - Started process (PID=740) to work on /home/airflow/.local/lib/python3.8/site-packages/airflow/example_dags/example_python_operator.py
[2025-05-08T16:17:16.053+0000] {processor.py:829} INFO - Processing file /home/airflow/.local/lib/python3.8/site-packages/airflow/example_dags/example_python_operator.py for tasks to queue
[2025-05-08T16:17:16.057+0000] {logging_mixin.py:154} INFO - [2025-05-08T16:17:16.056+0000] {dagbag.py:536} INFO - Filling up the DagBag from /home/airflow/.local/lib/python3.8/site-packages/airflow/example_dags/example_python_operator.py
[2025-05-08T16:17:16.078+0000] {processor.py:839} INFO - DAG(s) dict_keys(['example_python_operator']) retrieved from /home/airflow/.local/lib/python3.8/site-packages/airflow/example_dags/example_python_operator.py
[2025-05-08T16:17:16.120+0000] {logging_mixin.py:154} INFO - [2025-05-08T16:17:16.119+0000] {dag.py:2941} INFO - Sync 1 DAGs
[2025-05-08T16:17:16.138+0000] {logging_mixin.py:154} INFO - [2025-05-08T16:17:16.137+0000] {dag.py:3722} INFO - Setting next_dagrun for example_python_operator to None, run_after=None
[2025-05-08T16:17:16.171+0000] {processor.py:179} INFO - Processing /home/airflow/.local/lib/python3.8/site-packages/airflow/example_dags/example_python_operator.py took 0.124 seconds
[2025-05-08T16:17:46.353+0000] {processor.py:157} INFO - Started process (PID=795) to work on /home/airflow/.local/lib/python3.8/site-packages/airflow/example_dags/example_python_operator.py
[2025-05-08T16:17:46.355+0000] {processor.py:829} INFO - Processing file /home/airflow/.local/lib/python3.8/site-packages/airflow/example_dags/example_python_operator.py for tasks to queue
[2025-05-08T16:17:46.359+0000] {logging_mixin.py:154} INFO - [2025-05-08T16:17:46.358+0000] {dagbag.py:536} INFO - Filling up the DagBag from /home/airflow/.local/lib/python3.8/site-packages/airflow/example_dags/example_python_operator.py
[2025-05-08T16:17:46.376+0000] {processor.py:839} INFO - DAG(s) dict_keys(['example_python_operator']) retrieved from /home/airflow/.local/lib/python3.8/site-packages/airflow/example_dags/example_python_operator.py
[2025-05-08T16:17:46.423+0000] {logging_mixin.py:154} INFO - [2025-05-08T16:17:46.423+0000] {dag.py:2941} INFO - Sync 1 DAGs
[2025-05-08T16:17:46.441+0000] {logging_mixin.py:154} INFO - [2025-05-08T16:17:46.441+0000] {dag.py:3722} INFO - Setting next_dagrun for example_python_operator to None, run_after=None
[2025-05-08T16:17:46.485+0000] {processor.py:179} INFO - Processing /home/airflow/.local/lib/python3.8/site-packages/airflow/example_dags/example_python_operator.py took 0.137 seconds
