[2025-05-08T16:11:11.602+0000] {processor.py:157} INFO - Started process (PID=95) to work on /home/airflow/.local/lib/python3.8/site-packages/airflow/example_dags/example_bash_operator.py
[2025-05-08T16:11:11.605+0000] {processor.py:829} INFO - Processing file /home/airflow/.local/lib/python3.8/site-packages/airflow/example_dags/example_bash_operator.py for tasks to queue
[2025-05-08T16:11:11.609+0000] {logging_mixin.py:154} INFO - [2025-05-08T16:11:11.609+0000] {dagbag.py:536} INFO - Filling up the DagBag from /home/airflow/.local/lib/python3.8/site-packages/airflow/example_dags/example_bash_operator.py
[2025-05-08T16:11:11.644+0000] {processor.py:839} INFO - DAG(s) dict_keys(['example_bash_operator']) retrieved from /home/airflow/.local/lib/python3.8/site-packages/airflow/example_dags/example_bash_operator.py
[2025-05-08T16:11:11.876+0000] {logging_mixin.py:154} INFO - [2025-05-08T16:11:11.870+0000] {dag.py:2941} INFO - Sync 1 DAGs
[2025-05-08T16:11:11.952+0000] {logging_mixin.py:154} INFO - [2025-05-08T16:11:11.952+0000] {dag.py:3722} INFO - Setting next_dagrun for example_bash_operator to 2025-05-07T00:00:00+00:00, run_after=2025-05-08T00:00:00+00:00
[2025-05-08T16:11:12.006+0000] {processor.py:179} INFO - Processing /home/airflow/.local/lib/python3.8/site-packages/airflow/example_dags/example_bash_operator.py took 0.419 seconds
[2025-05-08T16:11:42.604+0000] {processor.py:157} INFO - Started process (PID=150) to work on /home/airflow/.local/lib/python3.8/site-packages/airflow/example_dags/example_bash_operator.py
[2025-05-08T16:11:42.605+0000] {processor.py:829} INFO - Processing file /home/airflow/.local/lib/python3.8/site-packages/airflow/example_dags/example_bash_operator.py for tasks to queue
[2025-05-08T16:11:42.610+0000] {logging_mixin.py:154} INFO - [2025-05-08T16:11:42.609+0000] {dagbag.py:536} INFO - Filling up the DagBag from /home/airflow/.local/lib/python3.8/site-packages/airflow/example_dags/example_bash_operator.py
[2025-05-08T16:11:42.638+0000] {processor.py:839} INFO - DAG(s) dict_keys(['example_bash_operator']) retrieved from /home/airflow/.local/lib/python3.8/site-packages/airflow/example_dags/example_bash_operator.py
[2025-05-08T16:11:42.696+0000] {logging_mixin.py:154} INFO - [2025-05-08T16:11:42.695+0000] {dag.py:2941} INFO - Sync 1 DAGs
[2025-05-08T16:11:42.761+0000] {logging_mixin.py:154} INFO - [2025-05-08T16:11:42.760+0000] {dag.py:3722} INFO - Setting next_dagrun for example_bash_operator to 2025-05-07T00:00:00+00:00, run_after=2025-05-08T00:00:00+00:00
[2025-05-08T16:11:42.802+0000] {processor.py:179} INFO - Processing /home/airflow/.local/lib/python3.8/site-packages/airflow/example_dags/example_bash_operator.py took 0.208 seconds
[2025-05-08T16:12:12.880+0000] {processor.py:157} INFO - Started process (PID=205) to work on /home/airflow/.local/lib/python3.8/site-packages/airflow/example_dags/example_bash_operator.py
[2025-05-08T16:12:12.881+0000] {processor.py:829} INFO - Processing file /home/airflow/.local/lib/python3.8/site-packages/airflow/example_dags/example_bash_operator.py for tasks to queue
[2025-05-08T16:12:12.883+0000] {logging_mixin.py:154} INFO - [2025-05-08T16:12:12.883+0000] {dagbag.py:536} INFO - Filling up the DagBag from /home/airflow/.local/lib/python3.8/site-packages/airflow/example_dags/example_bash_operator.py
[2025-05-08T16:12:12.899+0000] {processor.py:839} INFO - DAG(s) dict_keys(['example_bash_operator']) retrieved from /home/airflow/.local/lib/python3.8/site-packages/airflow/example_dags/example_bash_operator.py
[2025-05-08T16:12:12.947+0000] {logging_mixin.py:154} INFO - [2025-05-08T16:12:12.946+0000] {dag.py:2941} INFO - Sync 1 DAGs
[2025-05-08T16:12:12.984+0000] {logging_mixin.py:154} INFO - [2025-05-08T16:12:12.984+0000] {dag.py:3722} INFO - Setting next_dagrun for example_bash_operator to 2025-05-07T00:00:00+00:00, run_after=2025-05-08T00:00:00+00:00
[2025-05-08T16:12:13.016+0000] {processor.py:179} INFO - Processing /home/airflow/.local/lib/python3.8/site-packages/airflow/example_dags/example_bash_operator.py took 0.143 seconds
[2025-05-08T16:12:43.565+0000] {processor.py:157} INFO - Started process (PID=260) to work on /home/airflow/.local/lib/python3.8/site-packages/airflow/example_dags/example_bash_operator.py
[2025-05-08T16:12:43.567+0000] {processor.py:829} INFO - Processing file /home/airflow/.local/lib/python3.8/site-packages/airflow/example_dags/example_bash_operator.py for tasks to queue
[2025-05-08T16:12:43.573+0000] {logging_mixin.py:154} INFO - [2025-05-08T16:12:43.571+0000] {dagbag.py:536} INFO - Filling up the DagBag from /home/airflow/.local/lib/python3.8/site-packages/airflow/example_dags/example_bash_operator.py
[2025-05-08T16:12:43.596+0000] {processor.py:839} INFO - DAG(s) dict_keys(['example_bash_operator']) retrieved from /home/airflow/.local/lib/python3.8/site-packages/airflow/example_dags/example_bash_operator.py
[2025-05-08T16:12:43.647+0000] {logging_mixin.py:154} INFO - [2025-05-08T16:12:43.647+0000] {dag.py:2941} INFO - Sync 1 DAGs
[2025-05-08T16:12:43.684+0000] {logging_mixin.py:154} INFO - [2025-05-08T16:12:43.684+0000] {dag.py:3722} INFO - Setting next_dagrun for example_bash_operator to 2025-05-07T00:00:00+00:00, run_after=2025-05-08T00:00:00+00:00
[2025-05-08T16:12:43.723+0000] {processor.py:179} INFO - Processing /home/airflow/.local/lib/python3.8/site-packages/airflow/example_dags/example_bash_operator.py took 0.163 seconds
[2025-05-08T16:13:14.291+0000] {processor.py:157} INFO - Started process (PID=315) to work on /home/airflow/.local/lib/python3.8/site-packages/airflow/example_dags/example_bash_operator.py
[2025-05-08T16:13:14.292+0000] {processor.py:829} INFO - Processing file /home/airflow/.local/lib/python3.8/site-packages/airflow/example_dags/example_bash_operator.py for tasks to queue
[2025-05-08T16:13:14.296+0000] {logging_mixin.py:154} INFO - [2025-05-08T16:13:14.295+0000] {dagbag.py:536} INFO - Filling up the DagBag from /home/airflow/.local/lib/python3.8/site-packages/airflow/example_dags/example_bash_operator.py
[2025-05-08T16:13:14.314+0000] {processor.py:839} INFO - DAG(s) dict_keys(['example_bash_operator']) retrieved from /home/airflow/.local/lib/python3.8/site-packages/airflow/example_dags/example_bash_operator.py
[2025-05-08T16:13:14.363+0000] {logging_mixin.py:154} INFO - [2025-05-08T16:13:14.362+0000] {dag.py:2941} INFO - Sync 1 DAGs
[2025-05-08T16:13:14.403+0000] {logging_mixin.py:154} INFO - [2025-05-08T16:13:14.403+0000] {dag.py:3722} INFO - Setting next_dagrun for example_bash_operator to 2025-05-07T00:00:00+00:00, run_after=2025-05-08T00:00:00+00:00
[2025-05-08T16:13:14.444+0000] {processor.py:179} INFO - Processing /home/airflow/.local/lib/python3.8/site-packages/airflow/example_dags/example_bash_operator.py took 0.158 seconds
[2025-05-08T16:13:44.762+0000] {processor.py:157} INFO - Started process (PID=370) to work on /home/airflow/.local/lib/python3.8/site-packages/airflow/example_dags/example_bash_operator.py
[2025-05-08T16:13:44.764+0000] {processor.py:829} INFO - Processing file /home/airflow/.local/lib/python3.8/site-packages/airflow/example_dags/example_bash_operator.py for tasks to queue
[2025-05-08T16:13:44.768+0000] {logging_mixin.py:154} INFO - [2025-05-08T16:13:44.767+0000] {dagbag.py:536} INFO - Filling up the DagBag from /home/airflow/.local/lib/python3.8/site-packages/airflow/example_dags/example_bash_operator.py
[2025-05-08T16:13:44.785+0000] {processor.py:839} INFO - DAG(s) dict_keys(['example_bash_operator']) retrieved from /home/airflow/.local/lib/python3.8/site-packages/airflow/example_dags/example_bash_operator.py
[2025-05-08T16:13:44.849+0000] {logging_mixin.py:154} INFO - [2025-05-08T16:13:44.849+0000] {dag.py:2941} INFO - Sync 1 DAGs
[2025-05-08T16:13:44.896+0000] {logging_mixin.py:154} INFO - [2025-05-08T16:13:44.896+0000] {dag.py:3722} INFO - Setting next_dagrun for example_bash_operator to 2025-05-07T00:00:00+00:00, run_after=2025-05-08T00:00:00+00:00
[2025-05-08T16:13:44.929+0000] {processor.py:179} INFO - Processing /home/airflow/.local/lib/python3.8/site-packages/airflow/example_dags/example_bash_operator.py took 0.172 seconds
[2025-05-08T16:14:15.497+0000] {processor.py:157} INFO - Started process (PID=425) to work on /home/airflow/.local/lib/python3.8/site-packages/airflow/example_dags/example_bash_operator.py
[2025-05-08T16:14:15.499+0000] {processor.py:829} INFO - Processing file /home/airflow/.local/lib/python3.8/site-packages/airflow/example_dags/example_bash_operator.py for tasks to queue
[2025-05-08T16:14:15.503+0000] {logging_mixin.py:154} INFO - [2025-05-08T16:14:15.503+0000] {dagbag.py:536} INFO - Filling up the DagBag from /home/airflow/.local/lib/python3.8/site-packages/airflow/example_dags/example_bash_operator.py
[2025-05-08T16:14:15.526+0000] {processor.py:839} INFO - DAG(s) dict_keys(['example_bash_operator']) retrieved from /home/airflow/.local/lib/python3.8/site-packages/airflow/example_dags/example_bash_operator.py
[2025-05-08T16:14:15.572+0000] {logging_mixin.py:154} INFO - [2025-05-08T16:14:15.572+0000] {dag.py:2941} INFO - Sync 1 DAGs
[2025-05-08T16:14:15.604+0000] {logging_mixin.py:154} INFO - [2025-05-08T16:14:15.604+0000] {dag.py:3722} INFO - Setting next_dagrun for example_bash_operator to 2025-05-07T00:00:00+00:00, run_after=2025-05-08T00:00:00+00:00
[2025-05-08T16:14:15.638+0000] {processor.py:179} INFO - Processing /home/airflow/.local/lib/python3.8/site-packages/airflow/example_dags/example_bash_operator.py took 0.146 seconds
[2025-05-08T16:14:46.237+0000] {processor.py:157} INFO - Started process (PID=480) to work on /home/airflow/.local/lib/python3.8/site-packages/airflow/example_dags/example_bash_operator.py
[2025-05-08T16:14:46.238+0000] {processor.py:829} INFO - Processing file /home/airflow/.local/lib/python3.8/site-packages/airflow/example_dags/example_bash_operator.py for tasks to queue
[2025-05-08T16:14:46.241+0000] {logging_mixin.py:154} INFO - [2025-05-08T16:14:46.241+0000] {dagbag.py:536} INFO - Filling up the DagBag from /home/airflow/.local/lib/python3.8/site-packages/airflow/example_dags/example_bash_operator.py
[2025-05-08T16:14:46.256+0000] {processor.py:839} INFO - DAG(s) dict_keys(['example_bash_operator']) retrieved from /home/airflow/.local/lib/python3.8/site-packages/airflow/example_dags/example_bash_operator.py
[2025-05-08T16:14:46.299+0000] {logging_mixin.py:154} INFO - [2025-05-08T16:14:46.298+0000] {dag.py:2941} INFO - Sync 1 DAGs
[2025-05-08T16:14:46.336+0000] {logging_mixin.py:154} INFO - [2025-05-08T16:14:46.335+0000] {dag.py:3722} INFO - Setting next_dagrun for example_bash_operator to 2025-05-07T00:00:00+00:00, run_after=2025-05-08T00:00:00+00:00
[2025-05-08T16:14:46.365+0000] {processor.py:179} INFO - Processing /home/airflow/.local/lib/python3.8/site-packages/airflow/example_dags/example_bash_operator.py took 0.134 seconds
[2025-05-08T16:15:17.278+0000] {processor.py:157} INFO - Started process (PID=535) to work on /home/airflow/.local/lib/python3.8/site-packages/airflow/example_dags/example_bash_operator.py
[2025-05-08T16:15:17.280+0000] {processor.py:829} INFO - Processing file /home/airflow/.local/lib/python3.8/site-packages/airflow/example_dags/example_bash_operator.py for tasks to queue
[2025-05-08T16:15:17.283+0000] {logging_mixin.py:154} INFO - [2025-05-08T16:15:17.282+0000] {dagbag.py:536} INFO - Filling up the DagBag from /home/airflow/.local/lib/python3.8/site-packages/airflow/example_dags/example_bash_operator.py
[2025-05-08T16:15:17.297+0000] {processor.py:839} INFO - DAG(s) dict_keys(['example_bash_operator']) retrieved from /home/airflow/.local/lib/python3.8/site-packages/airflow/example_dags/example_bash_operator.py
[2025-05-08T16:15:17.339+0000] {logging_mixin.py:154} INFO - [2025-05-08T16:15:17.339+0000] {dag.py:2941} INFO - Sync 1 DAGs
[2025-05-08T16:15:17.378+0000] {logging_mixin.py:154} INFO - [2025-05-08T16:15:17.377+0000] {dag.py:3722} INFO - Setting next_dagrun for example_bash_operator to 2025-05-07T00:00:00+00:00, run_after=2025-05-08T00:00:00+00:00
[2025-05-08T16:15:17.404+0000] {processor.py:179} INFO - Processing /home/airflow/.local/lib/python3.8/site-packages/airflow/example_dags/example_bash_operator.py took 0.129 seconds
[2025-05-08T16:15:47.596+0000] {processor.py:157} INFO - Started process (PID=590) to work on /home/airflow/.local/lib/python3.8/site-packages/airflow/example_dags/example_bash_operator.py
[2025-05-08T16:15:47.598+0000] {processor.py:829} INFO - Processing file /home/airflow/.local/lib/python3.8/site-packages/airflow/example_dags/example_bash_operator.py for tasks to queue
[2025-05-08T16:15:47.601+0000] {logging_mixin.py:154} INFO - [2025-05-08T16:15:47.601+0000] {dagbag.py:536} INFO - Filling up the DagBag from /home/airflow/.local/lib/python3.8/site-packages/airflow/example_dags/example_bash_operator.py
[2025-05-08T16:15:47.621+0000] {processor.py:839} INFO - DAG(s) dict_keys(['example_bash_operator']) retrieved from /home/airflow/.local/lib/python3.8/site-packages/airflow/example_dags/example_bash_operator.py
[2025-05-08T16:15:47.678+0000] {logging_mixin.py:154} INFO - [2025-05-08T16:15:47.678+0000] {dag.py:2941} INFO - Sync 1 DAGs
[2025-05-08T16:15:47.711+0000] {logging_mixin.py:154} INFO - [2025-05-08T16:15:47.710+0000] {dag.py:3722} INFO - Setting next_dagrun for example_bash_operator to 2025-05-07T00:00:00+00:00, run_after=2025-05-08T00:00:00+00:00
[2025-05-08T16:15:47.739+0000] {processor.py:179} INFO - Processing /home/airflow/.local/lib/python3.8/site-packages/airflow/example_dags/example_bash_operator.py took 0.147 seconds
[2025-05-08T16:16:18.408+0000] {processor.py:157} INFO - Started process (PID=645) to work on /home/airflow/.local/lib/python3.8/site-packages/airflow/example_dags/example_bash_operator.py
[2025-05-08T16:16:18.411+0000] {processor.py:829} INFO - Processing file /home/airflow/.local/lib/python3.8/site-packages/airflow/example_dags/example_bash_operator.py for tasks to queue
[2025-05-08T16:16:18.413+0000] {logging_mixin.py:154} INFO - [2025-05-08T16:16:18.413+0000] {dagbag.py:536} INFO - Filling up the DagBag from /home/airflow/.local/lib/python3.8/site-packages/airflow/example_dags/example_bash_operator.py
[2025-05-08T16:16:18.428+0000] {processor.py:839} INFO - DAG(s) dict_keys(['example_bash_operator']) retrieved from /home/airflow/.local/lib/python3.8/site-packages/airflow/example_dags/example_bash_operator.py
[2025-05-08T16:16:18.469+0000] {logging_mixin.py:154} INFO - [2025-05-08T16:16:18.468+0000] {dag.py:2941} INFO - Sync 1 DAGs
[2025-05-08T16:16:18.500+0000] {logging_mixin.py:154} INFO - [2025-05-08T16:16:18.500+0000] {dag.py:3722} INFO - Setting next_dagrun for example_bash_operator to 2025-05-07T00:00:00+00:00, run_after=2025-05-08T00:00:00+00:00
[2025-05-08T16:16:18.533+0000] {processor.py:179} INFO - Processing /home/airflow/.local/lib/python3.8/site-packages/airflow/example_dags/example_bash_operator.py took 0.130 seconds
[2025-05-08T16:16:49.168+0000] {processor.py:157} INFO - Started process (PID=700) to work on /home/airflow/.local/lib/python3.8/site-packages/airflow/example_dags/example_bash_operator.py
[2025-05-08T16:16:49.169+0000] {processor.py:829} INFO - Processing file /home/airflow/.local/lib/python3.8/site-packages/airflow/example_dags/example_bash_operator.py for tasks to queue
[2025-05-08T16:16:49.172+0000] {logging_mixin.py:154} INFO - [2025-05-08T16:16:49.172+0000] {dagbag.py:536} INFO - Filling up the DagBag from /home/airflow/.local/lib/python3.8/site-packages/airflow/example_dags/example_bash_operator.py
[2025-05-08T16:16:49.187+0000] {processor.py:839} INFO - DAG(s) dict_keys(['example_bash_operator']) retrieved from /home/airflow/.local/lib/python3.8/site-packages/airflow/example_dags/example_bash_operator.py
[2025-05-08T16:16:49.238+0000] {logging_mixin.py:154} INFO - [2025-05-08T16:16:49.238+0000] {dag.py:2941} INFO - Sync 1 DAGs
[2025-05-08T16:16:49.292+0000] {logging_mixin.py:154} INFO - [2025-05-08T16:16:49.291+0000] {dag.py:3722} INFO - Setting next_dagrun for example_bash_operator to 2025-05-07T00:00:00+00:00, run_after=2025-05-08T00:00:00+00:00
[2025-05-08T16:16:49.337+0000] {processor.py:179} INFO - Processing /home/airflow/.local/lib/python3.8/site-packages/airflow/example_dags/example_bash_operator.py took 0.173 seconds
[2025-05-08T16:17:20.310+0000] {processor.py:157} INFO - Started process (PID=755) to work on /home/airflow/.local/lib/python3.8/site-packages/airflow/example_dags/example_bash_operator.py
[2025-05-08T16:17:20.312+0000] {processor.py:829} INFO - Processing file /home/airflow/.local/lib/python3.8/site-packages/airflow/example_dags/example_bash_operator.py for tasks to queue
[2025-05-08T16:17:20.315+0000] {logging_mixin.py:154} INFO - [2025-05-08T16:17:20.315+0000] {dagbag.py:536} INFO - Filling up the DagBag from /home/airflow/.local/lib/python3.8/site-packages/airflow/example_dags/example_bash_operator.py
[2025-05-08T16:17:20.334+0000] {processor.py:839} INFO - DAG(s) dict_keys(['example_bash_operator']) retrieved from /home/airflow/.local/lib/python3.8/site-packages/airflow/example_dags/example_bash_operator.py
[2025-05-08T16:17:20.383+0000] {logging_mixin.py:154} INFO - [2025-05-08T16:17:20.383+0000] {dag.py:2941} INFO - Sync 1 DAGs
[2025-05-08T16:17:20.412+0000] {logging_mixin.py:154} INFO - [2025-05-08T16:17:20.412+0000] {dag.py:3722} INFO - Setting next_dagrun for example_bash_operator to 2025-05-07T00:00:00+00:00, run_after=2025-05-08T00:00:00+00:00
[2025-05-08T16:17:20.442+0000] {processor.py:179} INFO - Processing /home/airflow/.local/lib/python3.8/site-packages/airflow/example_dags/example_bash_operator.py took 0.137 seconds
[2025-05-08T16:17:50.574+0000] {processor.py:157} INFO - Started process (PID=810) to work on /home/airflow/.local/lib/python3.8/site-packages/airflow/example_dags/example_bash_operator.py
[2025-05-08T16:17:50.575+0000] {processor.py:829} INFO - Processing file /home/airflow/.local/lib/python3.8/site-packages/airflow/example_dags/example_bash_operator.py for tasks to queue
[2025-05-08T16:17:50.580+0000] {logging_mixin.py:154} INFO - [2025-05-08T16:17:50.580+0000] {dagbag.py:536} INFO - Filling up the DagBag from /home/airflow/.local/lib/python3.8/site-packages/airflow/example_dags/example_bash_operator.py
[2025-05-08T16:17:50.608+0000] {processor.py:839} INFO - DAG(s) dict_keys(['example_bash_operator']) retrieved from /home/airflow/.local/lib/python3.8/site-packages/airflow/example_dags/example_bash_operator.py
[2025-05-08T16:17:50.676+0000] {logging_mixin.py:154} INFO - [2025-05-08T16:17:50.675+0000] {dag.py:2941} INFO - Sync 1 DAGs
[2025-05-08T16:17:50.891+0000] {logging_mixin.py:154} INFO - [2025-05-08T16:17:50.891+0000] {dag.py:3722} INFO - Setting next_dagrun for example_bash_operator to 2025-05-07T00:00:00+00:00, run_after=2025-05-08T00:00:00+00:00
[2025-05-08T16:17:50.971+0000] {processor.py:179} INFO - Processing /home/airflow/.local/lib/python3.8/site-packages/airflow/example_dags/example_bash_operator.py took 0.403 seconds
