[2025-05-08T16:11:11.140+0000] {processor.py:157} INFO - Started process (PID=92) to work on /home/airflow/.local/lib/python3.8/site-packages/airflow/example_dags/example_setup_teardown.py
[2025-05-08T16:11:11.157+0000] {processor.py:829} INFO - Processing file /home/airflow/.local/lib/python3.8/site-packages/airflow/example_dags/example_setup_teardown.py for tasks to queue
[2025-05-08T16:11:11.165+0000] {logging_mixin.py:154} INFO - [2025-05-08T16:11:11.163+0000] {dagbag.py:536} INFO - Filling up the DagBag from /home/airflow/.local/lib/python3.8/site-packages/airflow/example_dags/example_setup_teardown.py
[2025-05-08T16:11:11.198+0000] {processor.py:839} INFO - DAG(s) dict_keys(['example_setup_teardown']) retrieved from /home/airflow/.local/lib/python3.8/site-packages/airflow/example_dags/example_setup_teardown.py
[2025-05-08T16:11:11.270+0000] {logging_mixin.py:154} INFO - [2025-05-08T16:11:11.269+0000] {dag.py:2941} INFO - Sync 1 DAGs
[2025-05-08T16:11:11.323+0000] {logging_mixin.py:154} INFO - [2025-05-08T16:11:11.322+0000] {dag.py:3722} INFO - Setting next_dagrun for example_setup_teardown to 2025-05-07T16:11:11.322133+00:00, run_after=2025-05-08T16:11:11.322133+00:00
[2025-05-08T16:11:11.407+0000] {processor.py:179} INFO - Processing /home/airflow/.local/lib/python3.8/site-packages/airflow/example_dags/example_setup_teardown.py took 0.297 seconds
[2025-05-08T16:11:42.115+0000] {processor.py:157} INFO - Started process (PID=147) to work on /home/airflow/.local/lib/python3.8/site-packages/airflow/example_dags/example_setup_teardown.py
[2025-05-08T16:11:42.118+0000] {processor.py:829} INFO - Processing file /home/airflow/.local/lib/python3.8/site-packages/airflow/example_dags/example_setup_teardown.py for tasks to queue
[2025-05-08T16:11:42.123+0000] {logging_mixin.py:154} INFO - [2025-05-08T16:11:42.122+0000] {dagbag.py:536} INFO - Filling up the DagBag from /home/airflow/.local/lib/python3.8/site-packages/airflow/example_dags/example_setup_teardown.py
[2025-05-08T16:11:42.137+0000] {processor.py:839} INFO - DAG(s) dict_keys(['example_setup_teardown']) retrieved from /home/airflow/.local/lib/python3.8/site-packages/airflow/example_dags/example_setup_teardown.py
[2025-05-08T16:11:42.175+0000] {logging_mixin.py:154} INFO - [2025-05-08T16:11:42.174+0000] {dag.py:2941} INFO - Sync 1 DAGs
[2025-05-08T16:11:42.222+0000] {logging_mixin.py:154} INFO - [2025-05-08T16:11:42.222+0000] {dag.py:3722} INFO - Setting next_dagrun for example_setup_teardown to 2025-05-07T16:11:42.221678+00:00, run_after=2025-05-08T16:11:42.221678+00:00
[2025-05-08T16:11:42.263+0000] {processor.py:179} INFO - Processing /home/airflow/.local/lib/python3.8/site-packages/airflow/example_dags/example_setup_teardown.py took 0.154 seconds
[2025-05-08T16:12:12.481+0000] {processor.py:157} INFO - Started process (PID=202) to work on /home/airflow/.local/lib/python3.8/site-packages/airflow/example_dags/example_setup_teardown.py
[2025-05-08T16:12:12.482+0000] {processor.py:829} INFO - Processing file /home/airflow/.local/lib/python3.8/site-packages/airflow/example_dags/example_setup_teardown.py for tasks to queue
[2025-05-08T16:12:12.486+0000] {logging_mixin.py:154} INFO - [2025-05-08T16:12:12.485+0000] {dagbag.py:536} INFO - Filling up the DagBag from /home/airflow/.local/lib/python3.8/site-packages/airflow/example_dags/example_setup_teardown.py
[2025-05-08T16:12:12.494+0000] {processor.py:839} INFO - DAG(s) dict_keys(['example_setup_teardown']) retrieved from /home/airflow/.local/lib/python3.8/site-packages/airflow/example_dags/example_setup_teardown.py
[2025-05-08T16:12:12.527+0000] {logging_mixin.py:154} INFO - [2025-05-08T16:12:12.526+0000] {dag.py:2941} INFO - Sync 1 DAGs
[2025-05-08T16:12:12.570+0000] {logging_mixin.py:154} INFO - [2025-05-08T16:12:12.570+0000] {dag.py:3722} INFO - Setting next_dagrun for example_setup_teardown to 2025-05-07T16:12:12.570024+00:00, run_after=2025-05-08T16:12:12.570024+00:00
[2025-05-08T16:12:12.604+0000] {processor.py:179} INFO - Processing /home/airflow/.local/lib/python3.8/site-packages/airflow/example_dags/example_setup_teardown.py took 0.129 seconds
[2025-05-08T16:12:43.237+0000] {processor.py:157} INFO - Started process (PID=257) to work on /home/airflow/.local/lib/python3.8/site-packages/airflow/example_dags/example_setup_teardown.py
[2025-05-08T16:12:43.239+0000] {processor.py:829} INFO - Processing file /home/airflow/.local/lib/python3.8/site-packages/airflow/example_dags/example_setup_teardown.py for tasks to queue
[2025-05-08T16:12:43.242+0000] {logging_mixin.py:154} INFO - [2025-05-08T16:12:43.242+0000] {dagbag.py:536} INFO - Filling up the DagBag from /home/airflow/.local/lib/python3.8/site-packages/airflow/example_dags/example_setup_teardown.py
[2025-05-08T16:12:43.251+0000] {processor.py:839} INFO - DAG(s) dict_keys(['example_setup_teardown']) retrieved from /home/airflow/.local/lib/python3.8/site-packages/airflow/example_dags/example_setup_teardown.py
[2025-05-08T16:12:43.289+0000] {logging_mixin.py:154} INFO - [2025-05-08T16:12:43.289+0000] {dag.py:2941} INFO - Sync 1 DAGs
[2025-05-08T16:12:43.321+0000] {logging_mixin.py:154} INFO - [2025-05-08T16:12:43.321+0000] {dag.py:3722} INFO - Setting next_dagrun for example_setup_teardown to 2025-05-07T16:12:43.320594+00:00, run_after=2025-05-08T16:12:43.320594+00:00
[2025-05-08T16:12:43.358+0000] {processor.py:179} INFO - Processing /home/airflow/.local/lib/python3.8/site-packages/airflow/example_dags/example_setup_teardown.py took 0.127 seconds
[2025-05-08T16:13:13.892+0000] {processor.py:157} INFO - Started process (PID=312) to work on /home/airflow/.local/lib/python3.8/site-packages/airflow/example_dags/example_setup_teardown.py
[2025-05-08T16:13:13.894+0000] {processor.py:829} INFO - Processing file /home/airflow/.local/lib/python3.8/site-packages/airflow/example_dags/example_setup_teardown.py for tasks to queue
[2025-05-08T16:13:13.899+0000] {logging_mixin.py:154} INFO - [2025-05-08T16:13:13.898+0000] {dagbag.py:536} INFO - Filling up the DagBag from /home/airflow/.local/lib/python3.8/site-packages/airflow/example_dags/example_setup_teardown.py
[2025-05-08T16:13:13.914+0000] {processor.py:839} INFO - DAG(s) dict_keys(['example_setup_teardown']) retrieved from /home/airflow/.local/lib/python3.8/site-packages/airflow/example_dags/example_setup_teardown.py
[2025-05-08T16:13:13.975+0000] {logging_mixin.py:154} INFO - [2025-05-08T16:13:13.975+0000] {dag.py:2941} INFO - Sync 1 DAGs
[2025-05-08T16:13:14.042+0000] {logging_mixin.py:154} INFO - [2025-05-08T16:13:14.042+0000] {dag.py:3722} INFO - Setting next_dagrun for example_setup_teardown to 2025-05-07T16:13:14.041909+00:00, run_after=2025-05-08T16:13:14.041909+00:00
[2025-05-08T16:13:14.127+0000] {processor.py:179} INFO - Processing /home/airflow/.local/lib/python3.8/site-packages/airflow/example_dags/example_setup_teardown.py took 0.242 seconds
[2025-05-08T16:13:44.451+0000] {processor.py:157} INFO - Started process (PID=367) to work on /home/airflow/.local/lib/python3.8/site-packages/airflow/example_dags/example_setup_teardown.py
[2025-05-08T16:13:44.453+0000] {processor.py:829} INFO - Processing file /home/airflow/.local/lib/python3.8/site-packages/airflow/example_dags/example_setup_teardown.py for tasks to queue
[2025-05-08T16:13:44.456+0000] {logging_mixin.py:154} INFO - [2025-05-08T16:13:44.455+0000] {dagbag.py:536} INFO - Filling up the DagBag from /home/airflow/.local/lib/python3.8/site-packages/airflow/example_dags/example_setup_teardown.py
[2025-05-08T16:13:44.468+0000] {processor.py:839} INFO - DAG(s) dict_keys(['example_setup_teardown']) retrieved from /home/airflow/.local/lib/python3.8/site-packages/airflow/example_dags/example_setup_teardown.py
[2025-05-08T16:13:44.507+0000] {logging_mixin.py:154} INFO - [2025-05-08T16:13:44.506+0000] {dag.py:2941} INFO - Sync 1 DAGs
[2025-05-08T16:13:44.541+0000] {logging_mixin.py:154} INFO - [2025-05-08T16:13:44.541+0000] {dag.py:3722} INFO - Setting next_dagrun for example_setup_teardown to 2025-05-07T16:13:44.541147+00:00, run_after=2025-05-08T16:13:44.541147+00:00
[2025-05-08T16:13:44.572+0000] {processor.py:179} INFO - Processing /home/airflow/.local/lib/python3.8/site-packages/airflow/example_dags/example_setup_teardown.py took 0.125 seconds
[2025-05-08T16:14:15.213+0000] {processor.py:157} INFO - Started process (PID=422) to work on /home/airflow/.local/lib/python3.8/site-packages/airflow/example_dags/example_setup_teardown.py
[2025-05-08T16:14:15.215+0000] {processor.py:829} INFO - Processing file /home/airflow/.local/lib/python3.8/site-packages/airflow/example_dags/example_setup_teardown.py for tasks to queue
[2025-05-08T16:14:15.219+0000] {logging_mixin.py:154} INFO - [2025-05-08T16:14:15.219+0000] {dagbag.py:536} INFO - Filling up the DagBag from /home/airflow/.local/lib/python3.8/site-packages/airflow/example_dags/example_setup_teardown.py
[2025-05-08T16:14:15.230+0000] {processor.py:839} INFO - DAG(s) dict_keys(['example_setup_teardown']) retrieved from /home/airflow/.local/lib/python3.8/site-packages/airflow/example_dags/example_setup_teardown.py
[2025-05-08T16:14:15.257+0000] {logging_mixin.py:154} INFO - [2025-05-08T16:14:15.257+0000] {dag.py:2941} INFO - Sync 1 DAGs
[2025-05-08T16:14:15.284+0000] {logging_mixin.py:154} INFO - [2025-05-08T16:14:15.284+0000] {dag.py:3722} INFO - Setting next_dagrun for example_setup_teardown to 2025-05-07T16:14:15.284203+00:00, run_after=2025-05-08T16:14:15.284203+00:00
[2025-05-08T16:14:15.309+0000] {processor.py:179} INFO - Processing /home/airflow/.local/lib/python3.8/site-packages/airflow/example_dags/example_setup_teardown.py took 0.103 seconds
[2025-05-08T16:14:46.041+0000] {processor.py:157} INFO - Started process (PID=477) to work on /home/airflow/.local/lib/python3.8/site-packages/airflow/example_dags/example_setup_teardown.py
[2025-05-08T16:14:46.042+0000] {processor.py:829} INFO - Processing file /home/airflow/.local/lib/python3.8/site-packages/airflow/example_dags/example_setup_teardown.py for tasks to queue
[2025-05-08T16:14:46.047+0000] {logging_mixin.py:154} INFO - [2025-05-08T16:14:46.046+0000] {dagbag.py:536} INFO - Filling up the DagBag from /home/airflow/.local/lib/python3.8/site-packages/airflow/example_dags/example_setup_teardown.py
[2025-05-08T16:14:46.057+0000] {processor.py:839} INFO - DAG(s) dict_keys(['example_setup_teardown']) retrieved from /home/airflow/.local/lib/python3.8/site-packages/airflow/example_dags/example_setup_teardown.py
[2025-05-08T16:14:46.093+0000] {logging_mixin.py:154} INFO - [2025-05-08T16:14:46.093+0000] {dag.py:2941} INFO - Sync 1 DAGs
[2025-05-08T16:14:46.133+0000] {logging_mixin.py:154} INFO - [2025-05-08T16:14:46.132+0000] {dag.py:3722} INFO - Setting next_dagrun for example_setup_teardown to 2025-05-07T16:14:46.132385+00:00, run_after=2025-05-08T16:14:46.132385+00:00
[2025-05-08T16:14:46.165+0000] {processor.py:179} INFO - Processing /home/airflow/.local/lib/python3.8/site-packages/airflow/example_dags/example_setup_teardown.py took 0.129 seconds
[2025-05-08T16:15:17.002+0000] {processor.py:157} INFO - Started process (PID=532) to work on /home/airflow/.local/lib/python3.8/site-packages/airflow/example_dags/example_setup_teardown.py
[2025-05-08T16:15:17.004+0000] {processor.py:829} INFO - Processing file /home/airflow/.local/lib/python3.8/site-packages/airflow/example_dags/example_setup_teardown.py for tasks to queue
[2025-05-08T16:15:17.006+0000] {logging_mixin.py:154} INFO - [2025-05-08T16:15:17.006+0000] {dagbag.py:536} INFO - Filling up the DagBag from /home/airflow/.local/lib/python3.8/site-packages/airflow/example_dags/example_setup_teardown.py
[2025-05-08T16:15:17.016+0000] {processor.py:839} INFO - DAG(s) dict_keys(['example_setup_teardown']) retrieved from /home/airflow/.local/lib/python3.8/site-packages/airflow/example_dags/example_setup_teardown.py
[2025-05-08T16:15:17.042+0000] {logging_mixin.py:154} INFO - [2025-05-08T16:15:17.042+0000] {dag.py:2941} INFO - Sync 1 DAGs
[2025-05-08T16:15:17.069+0000] {logging_mixin.py:154} INFO - [2025-05-08T16:15:17.069+0000] {dag.py:3722} INFO - Setting next_dagrun for example_setup_teardown to 2025-05-07T16:15:17.069033+00:00, run_after=2025-05-08T16:15:17.069033+00:00
[2025-05-08T16:15:17.092+0000] {processor.py:179} INFO - Processing /home/airflow/.local/lib/python3.8/site-packages/airflow/example_dags/example_setup_teardown.py took 0.095 seconds
[2025-05-08T16:15:47.381+0000] {processor.py:157} INFO - Started process (PID=587) to work on /home/airflow/.local/lib/python3.8/site-packages/airflow/example_dags/example_setup_teardown.py
[2025-05-08T16:15:47.383+0000] {processor.py:829} INFO - Processing file /home/airflow/.local/lib/python3.8/site-packages/airflow/example_dags/example_setup_teardown.py for tasks to queue
[2025-05-08T16:15:47.387+0000] {logging_mixin.py:154} INFO - [2025-05-08T16:15:47.387+0000] {dagbag.py:536} INFO - Filling up the DagBag from /home/airflow/.local/lib/python3.8/site-packages/airflow/example_dags/example_setup_teardown.py
[2025-05-08T16:15:47.403+0000] {processor.py:839} INFO - DAG(s) dict_keys(['example_setup_teardown']) retrieved from /home/airflow/.local/lib/python3.8/site-packages/airflow/example_dags/example_setup_teardown.py
[2025-05-08T16:15:47.435+0000] {logging_mixin.py:154} INFO - [2025-05-08T16:15:47.435+0000] {dag.py:2941} INFO - Sync 1 DAGs
[2025-05-08T16:15:47.462+0000] {logging_mixin.py:154} INFO - [2025-05-08T16:15:47.462+0000] {dag.py:3722} INFO - Setting next_dagrun for example_setup_teardown to 2025-05-07T16:15:47.462023+00:00, run_after=2025-05-08T16:15:47.462023+00:00
[2025-05-08T16:15:47.493+0000] {processor.py:179} INFO - Processing /home/airflow/.local/lib/python3.8/site-packages/airflow/example_dags/example_setup_teardown.py took 0.118 seconds
[2025-05-08T16:16:18.093+0000] {processor.py:157} INFO - Started process (PID=642) to work on /home/airflow/.local/lib/python3.8/site-packages/airflow/example_dags/example_setup_teardown.py
[2025-05-08T16:16:18.094+0000] {processor.py:829} INFO - Processing file /home/airflow/.local/lib/python3.8/site-packages/airflow/example_dags/example_setup_teardown.py for tasks to queue
[2025-05-08T16:16:18.098+0000] {logging_mixin.py:154} INFO - [2025-05-08T16:16:18.098+0000] {dagbag.py:536} INFO - Filling up the DagBag from /home/airflow/.local/lib/python3.8/site-packages/airflow/example_dags/example_setup_teardown.py
[2025-05-08T16:16:18.110+0000] {processor.py:839} INFO - DAG(s) dict_keys(['example_setup_teardown']) retrieved from /home/airflow/.local/lib/python3.8/site-packages/airflow/example_dags/example_setup_teardown.py
[2025-05-08T16:16:18.150+0000] {logging_mixin.py:154} INFO - [2025-05-08T16:16:18.149+0000] {dag.py:2941} INFO - Sync 1 DAGs
[2025-05-08T16:16:18.197+0000] {logging_mixin.py:154} INFO - [2025-05-08T16:16:18.197+0000] {dag.py:3722} INFO - Setting next_dagrun for example_setup_teardown to 2025-05-07T16:16:18.196499+00:00, run_after=2025-05-08T16:16:18.196499+00:00
[2025-05-08T16:16:18.241+0000] {processor.py:179} INFO - Processing /home/airflow/.local/lib/python3.8/site-packages/airflow/example_dags/example_setup_teardown.py took 0.153 seconds
[2025-05-08T16:16:48.788+0000] {processor.py:157} INFO - Started process (PID=697) to work on /home/airflow/.local/lib/python3.8/site-packages/airflow/example_dags/example_setup_teardown.py
[2025-05-08T16:16:48.790+0000] {processor.py:829} INFO - Processing file /home/airflow/.local/lib/python3.8/site-packages/airflow/example_dags/example_setup_teardown.py for tasks to queue
[2025-05-08T16:16:48.802+0000] {logging_mixin.py:154} INFO - [2025-05-08T16:16:48.802+0000] {dagbag.py:536} INFO - Filling up the DagBag from /home/airflow/.local/lib/python3.8/site-packages/airflow/example_dags/example_setup_teardown.py
[2025-05-08T16:16:48.821+0000] {processor.py:839} INFO - DAG(s) dict_keys(['example_setup_teardown']) retrieved from /home/airflow/.local/lib/python3.8/site-packages/airflow/example_dags/example_setup_teardown.py
[2025-05-08T16:16:48.936+0000] {logging_mixin.py:154} INFO - [2025-05-08T16:16:48.936+0000] {dag.py:2941} INFO - Sync 1 DAGs
[2025-05-08T16:16:48.982+0000] {logging_mixin.py:154} INFO - [2025-05-08T16:16:48.982+0000] {dag.py:3722} INFO - Setting next_dagrun for example_setup_teardown to 2025-05-07T16:16:48.981968+00:00, run_after=2025-05-08T16:16:48.981968+00:00
[2025-05-08T16:16:49.022+0000] {processor.py:179} INFO - Processing /home/airflow/.local/lib/python3.8/site-packages/airflow/example_dags/example_setup_teardown.py took 0.245 seconds
[2025-05-08T16:17:19.832+0000] {processor.py:157} INFO - Started process (PID=752) to work on /home/airflow/.local/lib/python3.8/site-packages/airflow/example_dags/example_setup_teardown.py
[2025-05-08T16:17:19.833+0000] {processor.py:829} INFO - Processing file /home/airflow/.local/lib/python3.8/site-packages/airflow/example_dags/example_setup_teardown.py for tasks to queue
[2025-05-08T16:17:19.836+0000] {logging_mixin.py:154} INFO - [2025-05-08T16:17:19.836+0000] {dagbag.py:536} INFO - Filling up the DagBag from /home/airflow/.local/lib/python3.8/site-packages/airflow/example_dags/example_setup_teardown.py
[2025-05-08T16:17:19.845+0000] {processor.py:839} INFO - DAG(s) dict_keys(['example_setup_teardown']) retrieved from /home/airflow/.local/lib/python3.8/site-packages/airflow/example_dags/example_setup_teardown.py
[2025-05-08T16:17:19.920+0000] {logging_mixin.py:154} INFO - [2025-05-08T16:17:19.920+0000] {dag.py:2941} INFO - Sync 1 DAGs
[2025-05-08T16:17:19.948+0000] {logging_mixin.py:154} INFO - [2025-05-08T16:17:19.947+0000] {dag.py:3722} INFO - Setting next_dagrun for example_setup_teardown to 2025-05-07T16:17:19.947483+00:00, run_after=2025-05-08T16:17:19.947483+00:00
[2025-05-08T16:17:19.979+0000] {processor.py:179} INFO - Processing /home/airflow/.local/lib/python3.8/site-packages/airflow/example_dags/example_setup_teardown.py took 0.151 seconds
[2025-05-08T16:17:50.029+0000] {processor.py:157} INFO - Started process (PID=806) to work on /home/airflow/.local/lib/python3.8/site-packages/airflow/example_dags/example_setup_teardown.py
[2025-05-08T16:17:50.031+0000] {processor.py:829} INFO - Processing file /home/airflow/.local/lib/python3.8/site-packages/airflow/example_dags/example_setup_teardown.py for tasks to queue
[2025-05-08T16:17:50.034+0000] {logging_mixin.py:154} INFO - [2025-05-08T16:17:50.034+0000] {dagbag.py:536} INFO - Filling up the DagBag from /home/airflow/.local/lib/python3.8/site-packages/airflow/example_dags/example_setup_teardown.py
[2025-05-08T16:17:50.043+0000] {processor.py:839} INFO - DAG(s) dict_keys(['example_setup_teardown']) retrieved from /home/airflow/.local/lib/python3.8/site-packages/airflow/example_dags/example_setup_teardown.py
[2025-05-08T16:17:50.080+0000] {logging_mixin.py:154} INFO - [2025-05-08T16:17:50.080+0000] {dag.py:2941} INFO - Sync 1 DAGs
[2025-05-08T16:17:50.118+0000] {logging_mixin.py:154} INFO - [2025-05-08T16:17:50.118+0000] {dag.py:3722} INFO - Setting next_dagrun for example_setup_teardown to 2025-05-07T16:17:50.118061+00:00, run_after=2025-05-08T16:17:50.118061+00:00
[2025-05-08T16:17:50.145+0000] {processor.py:179} INFO - Processing /home/airflow/.local/lib/python3.8/site-packages/airflow/example_dags/example_setup_teardown.py took 0.120 seconds
