[2025-05-08T16:11:09.097+0000] {processor.py:157} INFO - Started process (PID=82) to work on /home/airflow/.local/lib/python3.8/site-packages/airflow/example_dags/tutorial_taskflow_api.py
[2025-05-08T16:11:09.103+0000] {processor.py:829} INFO - Processing file /home/airflow/.local/lib/python3.8/site-packages/airflow/example_dags/tutorial_taskflow_api.py for tasks to queue
[2025-05-08T16:11:09.108+0000] {logging_mixin.py:154} INFO - [2025-05-08T16:11:09.108+0000] {dagbag.py:536} INFO - Filling up the DagBag from /home/airflow/.local/lib/python3.8/site-packages/airflow/example_dags/tutorial_taskflow_api.py
[2025-05-08T16:11:09.123+0000] {processor.py:839} INFO - DAG(s) dict_keys(['tutorial_taskflow_api']) retrieved from /home/airflow/.local/lib/python3.8/site-packages/airflow/example_dags/tutorial_taskflow_api.py
[2025-05-08T16:11:09.179+0000] {logging_mixin.py:154} INFO - [2025-05-08T16:11:09.179+0000] {dag.py:2941} INFO - Sync 1 DAGs
[2025-05-08T16:11:09.220+0000] {logging_mixin.py:154} INFO - [2025-05-08T16:11:09.219+0000] {dag.py:3722} INFO - Setting next_dagrun for tutorial_taskflow_api to None, run_after=None
[2025-05-08T16:11:09.258+0000] {processor.py:179} INFO - Processing /home/airflow/.local/lib/python3.8/site-packages/airflow/example_dags/tutorial_taskflow_api.py took 0.176 seconds
[2025-05-08T16:11:39.800+0000] {processor.py:157} INFO - Started process (PID=137) to work on /home/airflow/.local/lib/python3.8/site-packages/airflow/example_dags/tutorial_taskflow_api.py
[2025-05-08T16:11:39.803+0000] {processor.py:829} INFO - Processing file /home/airflow/.local/lib/python3.8/site-packages/airflow/example_dags/tutorial_taskflow_api.py for tasks to queue
[2025-05-08T16:11:39.808+0000] {logging_mixin.py:154} INFO - [2025-05-08T16:11:39.808+0000] {dagbag.py:536} INFO - Filling up the DagBag from /home/airflow/.local/lib/python3.8/site-packages/airflow/example_dags/tutorial_taskflow_api.py
[2025-05-08T16:11:39.821+0000] {processor.py:839} INFO - DAG(s) dict_keys(['tutorial_taskflow_api']) retrieved from /home/airflow/.local/lib/python3.8/site-packages/airflow/example_dags/tutorial_taskflow_api.py
[2025-05-08T16:11:39.876+0000] {logging_mixin.py:154} INFO - [2025-05-08T16:11:39.876+0000] {dag.py:2941} INFO - Sync 1 DAGs
[2025-05-08T16:11:39.901+0000] {logging_mixin.py:154} INFO - [2025-05-08T16:11:39.901+0000] {dag.py:3722} INFO - Setting next_dagrun for tutorial_taskflow_api to None, run_after=None
[2025-05-08T16:11:39.947+0000] {processor.py:179} INFO - Processing /home/airflow/.local/lib/python3.8/site-packages/airflow/example_dags/tutorial_taskflow_api.py took 0.153 seconds
[2025-05-08T16:12:10.665+0000] {processor.py:157} INFO - Started process (PID=192) to work on /home/airflow/.local/lib/python3.8/site-packages/airflow/example_dags/tutorial_taskflow_api.py
[2025-05-08T16:12:10.667+0000] {processor.py:829} INFO - Processing file /home/airflow/.local/lib/python3.8/site-packages/airflow/example_dags/tutorial_taskflow_api.py for tasks to queue
[2025-05-08T16:12:10.672+0000] {logging_mixin.py:154} INFO - [2025-05-08T16:12:10.671+0000] {dagbag.py:536} INFO - Filling up the DagBag from /home/airflow/.local/lib/python3.8/site-packages/airflow/example_dags/tutorial_taskflow_api.py
[2025-05-08T16:12:10.686+0000] {processor.py:839} INFO - DAG(s) dict_keys(['tutorial_taskflow_api']) retrieved from /home/airflow/.local/lib/python3.8/site-packages/airflow/example_dags/tutorial_taskflow_api.py
[2025-05-08T16:12:10.725+0000] {logging_mixin.py:154} INFO - [2025-05-08T16:12:10.725+0000] {dag.py:2941} INFO - Sync 1 DAGs
[2025-05-08T16:12:10.744+0000] {logging_mixin.py:154} INFO - [2025-05-08T16:12:10.744+0000] {dag.py:3722} INFO - Setting next_dagrun for tutorial_taskflow_api to None, run_after=None
[2025-05-08T16:12:10.781+0000] {processor.py:179} INFO - Processing /home/airflow/.local/lib/python3.8/site-packages/airflow/example_dags/tutorial_taskflow_api.py took 0.122 seconds
[2025-05-08T16:12:41.177+0000] {processor.py:157} INFO - Started process (PID=247) to work on /home/airflow/.local/lib/python3.8/site-packages/airflow/example_dags/tutorial_taskflow_api.py
[2025-05-08T16:12:41.187+0000] {processor.py:829} INFO - Processing file /home/airflow/.local/lib/python3.8/site-packages/airflow/example_dags/tutorial_taskflow_api.py for tasks to queue
[2025-05-08T16:12:41.191+0000] {logging_mixin.py:154} INFO - [2025-05-08T16:12:41.190+0000] {dagbag.py:536} INFO - Filling up the DagBag from /home/airflow/.local/lib/python3.8/site-packages/airflow/example_dags/tutorial_taskflow_api.py
[2025-05-08T16:12:41.199+0000] {processor.py:839} INFO - DAG(s) dict_keys(['tutorial_taskflow_api']) retrieved from /home/airflow/.local/lib/python3.8/site-packages/airflow/example_dags/tutorial_taskflow_api.py
[2025-05-08T16:12:41.235+0000] {logging_mixin.py:154} INFO - [2025-05-08T16:12:41.235+0000] {dag.py:2941} INFO - Sync 1 DAGs
[2025-05-08T16:12:41.260+0000] {logging_mixin.py:154} INFO - [2025-05-08T16:12:41.260+0000] {dag.py:3722} INFO - Setting next_dagrun for tutorial_taskflow_api to None, run_after=None
[2025-05-08T16:12:41.294+0000] {processor.py:179} INFO - Processing /home/airflow/.local/lib/python3.8/site-packages/airflow/example_dags/tutorial_taskflow_api.py took 0.123 seconds
[2025-05-08T16:13:11.480+0000] {processor.py:157} INFO - Started process (PID=301) to work on /home/airflow/.local/lib/python3.8/site-packages/airflow/example_dags/tutorial_taskflow_api.py
[2025-05-08T16:13:11.490+0000] {processor.py:829} INFO - Processing file /home/airflow/.local/lib/python3.8/site-packages/airflow/example_dags/tutorial_taskflow_api.py for tasks to queue
[2025-05-08T16:13:11.493+0000] {logging_mixin.py:154} INFO - [2025-05-08T16:13:11.493+0000] {dagbag.py:536} INFO - Filling up the DagBag from /home/airflow/.local/lib/python3.8/site-packages/airflow/example_dags/tutorial_taskflow_api.py
[2025-05-08T16:13:11.504+0000] {processor.py:839} INFO - DAG(s) dict_keys(['tutorial_taskflow_api']) retrieved from /home/airflow/.local/lib/python3.8/site-packages/airflow/example_dags/tutorial_taskflow_api.py
[2025-05-08T16:13:11.543+0000] {logging_mixin.py:154} INFO - [2025-05-08T16:13:11.543+0000] {dag.py:2941} INFO - Sync 1 DAGs
[2025-05-08T16:13:11.564+0000] {logging_mixin.py:154} INFO - [2025-05-08T16:13:11.563+0000] {dag.py:3722} INFO - Setting next_dagrun for tutorial_taskflow_api to None, run_after=None
[2025-05-08T16:13:11.628+0000] {processor.py:179} INFO - Processing /home/airflow/.local/lib/python3.8/site-packages/airflow/example_dags/tutorial_taskflow_api.py took 0.154 seconds
[2025-05-08T16:13:42.121+0000] {processor.py:157} INFO - Started process (PID=356) to work on /home/airflow/.local/lib/python3.8/site-packages/airflow/example_dags/tutorial_taskflow_api.py
[2025-05-08T16:13:42.124+0000] {processor.py:829} INFO - Processing file /home/airflow/.local/lib/python3.8/site-packages/airflow/example_dags/tutorial_taskflow_api.py for tasks to queue
[2025-05-08T16:13:42.134+0000] {logging_mixin.py:154} INFO - [2025-05-08T16:13:42.133+0000] {dagbag.py:536} INFO - Filling up the DagBag from /home/airflow/.local/lib/python3.8/site-packages/airflow/example_dags/tutorial_taskflow_api.py
[2025-05-08T16:13:42.160+0000] {processor.py:839} INFO - DAG(s) dict_keys(['tutorial_taskflow_api']) retrieved from /home/airflow/.local/lib/python3.8/site-packages/airflow/example_dags/tutorial_taskflow_api.py
[2025-05-08T16:13:42.231+0000] {logging_mixin.py:154} INFO - [2025-05-08T16:13:42.231+0000] {dag.py:2941} INFO - Sync 1 DAGs
[2025-05-08T16:13:42.256+0000] {logging_mixin.py:154} INFO - [2025-05-08T16:13:42.256+0000] {dag.py:3722} INFO - Setting next_dagrun for tutorial_taskflow_api to None, run_after=None
[2025-05-08T16:13:42.299+0000] {processor.py:179} INFO - Processing /home/airflow/.local/lib/python3.8/site-packages/airflow/example_dags/tutorial_taskflow_api.py took 0.189 seconds
[2025-05-08T16:14:12.746+0000] {processor.py:157} INFO - Started process (PID=411) to work on /home/airflow/.local/lib/python3.8/site-packages/airflow/example_dags/tutorial_taskflow_api.py
[2025-05-08T16:14:12.748+0000] {processor.py:829} INFO - Processing file /home/airflow/.local/lib/python3.8/site-packages/airflow/example_dags/tutorial_taskflow_api.py for tasks to queue
[2025-05-08T16:14:12.751+0000] {logging_mixin.py:154} INFO - [2025-05-08T16:14:12.751+0000] {dagbag.py:536} INFO - Filling up the DagBag from /home/airflow/.local/lib/python3.8/site-packages/airflow/example_dags/tutorial_taskflow_api.py
[2025-05-08T16:14:12.760+0000] {processor.py:839} INFO - DAG(s) dict_keys(['tutorial_taskflow_api']) retrieved from /home/airflow/.local/lib/python3.8/site-packages/airflow/example_dags/tutorial_taskflow_api.py
[2025-05-08T16:14:12.799+0000] {logging_mixin.py:154} INFO - [2025-05-08T16:14:12.799+0000] {dag.py:2941} INFO - Sync 1 DAGs
[2025-05-08T16:14:12.821+0000] {logging_mixin.py:154} INFO - [2025-05-08T16:14:12.821+0000] {dag.py:3722} INFO - Setting next_dagrun for tutorial_taskflow_api to None, run_after=None
[2025-05-08T16:14:12.870+0000] {processor.py:179} INFO - Processing /home/airflow/.local/lib/python3.8/site-packages/airflow/example_dags/tutorial_taskflow_api.py took 0.130 seconds
[2025-05-08T16:14:43.021+0000] {processor.py:157} INFO - Started process (PID=466) to work on /home/airflow/.local/lib/python3.8/site-packages/airflow/example_dags/tutorial_taskflow_api.py
[2025-05-08T16:14:43.022+0000] {processor.py:829} INFO - Processing file /home/airflow/.local/lib/python3.8/site-packages/airflow/example_dags/tutorial_taskflow_api.py for tasks to queue
[2025-05-08T16:14:43.025+0000] {logging_mixin.py:154} INFO - [2025-05-08T16:14:43.025+0000] {dagbag.py:536} INFO - Filling up the DagBag from /home/airflow/.local/lib/python3.8/site-packages/airflow/example_dags/tutorial_taskflow_api.py
[2025-05-08T16:14:43.032+0000] {processor.py:839} INFO - DAG(s) dict_keys(['tutorial_taskflow_api']) retrieved from /home/airflow/.local/lib/python3.8/site-packages/airflow/example_dags/tutorial_taskflow_api.py
[2025-05-08T16:14:43.056+0000] {logging_mixin.py:154} INFO - [2025-05-08T16:14:43.056+0000] {dag.py:2941} INFO - Sync 1 DAGs
[2025-05-08T16:14:43.074+0000] {logging_mixin.py:154} INFO - [2025-05-08T16:14:43.074+0000] {dag.py:3722} INFO - Setting next_dagrun for tutorial_taskflow_api to None, run_after=None
[2025-05-08T16:14:43.108+0000] {processor.py:179} INFO - Processing /home/airflow/.local/lib/python3.8/site-packages/airflow/example_dags/tutorial_taskflow_api.py took 0.091 seconds
[2025-05-08T16:15:13.992+0000] {processor.py:157} INFO - Started process (PID=521) to work on /home/airflow/.local/lib/python3.8/site-packages/airflow/example_dags/tutorial_taskflow_api.py
[2025-05-08T16:15:13.993+0000] {processor.py:829} INFO - Processing file /home/airflow/.local/lib/python3.8/site-packages/airflow/example_dags/tutorial_taskflow_api.py for tasks to queue
[2025-05-08T16:15:13.997+0000] {logging_mixin.py:154} INFO - [2025-05-08T16:15:13.997+0000] {dagbag.py:536} INFO - Filling up the DagBag from /home/airflow/.local/lib/python3.8/site-packages/airflow/example_dags/tutorial_taskflow_api.py
[2025-05-08T16:15:14.006+0000] {processor.py:839} INFO - DAG(s) dict_keys(['tutorial_taskflow_api']) retrieved from /home/airflow/.local/lib/python3.8/site-packages/airflow/example_dags/tutorial_taskflow_api.py
[2025-05-08T16:15:14.034+0000] {logging_mixin.py:154} INFO - [2025-05-08T16:15:14.033+0000] {dag.py:2941} INFO - Sync 1 DAGs
[2025-05-08T16:15:14.051+0000] {logging_mixin.py:154} INFO - [2025-05-08T16:15:14.051+0000] {dag.py:3722} INFO - Setting next_dagrun for tutorial_taskflow_api to None, run_after=None
[2025-05-08T16:15:14.077+0000] {processor.py:179} INFO - Processing /home/airflow/.local/lib/python3.8/site-packages/airflow/example_dags/tutorial_taskflow_api.py took 0.089 seconds
[2025-05-08T16:15:44.296+0000] {processor.py:157} INFO - Started process (PID=576) to work on /home/airflow/.local/lib/python3.8/site-packages/airflow/example_dags/tutorial_taskflow_api.py
[2025-05-08T16:15:44.297+0000] {processor.py:829} INFO - Processing file /home/airflow/.local/lib/python3.8/site-packages/airflow/example_dags/tutorial_taskflow_api.py for tasks to queue
[2025-05-08T16:15:44.300+0000] {logging_mixin.py:154} INFO - [2025-05-08T16:15:44.299+0000] {dagbag.py:536} INFO - Filling up the DagBag from /home/airflow/.local/lib/python3.8/site-packages/airflow/example_dags/tutorial_taskflow_api.py
[2025-05-08T16:15:44.309+0000] {processor.py:839} INFO - DAG(s) dict_keys(['tutorial_taskflow_api']) retrieved from /home/airflow/.local/lib/python3.8/site-packages/airflow/example_dags/tutorial_taskflow_api.py
[2025-05-08T16:15:44.335+0000] {logging_mixin.py:154} INFO - [2025-05-08T16:15:44.335+0000] {dag.py:2941} INFO - Sync 1 DAGs
[2025-05-08T16:15:44.357+0000] {logging_mixin.py:154} INFO - [2025-05-08T16:15:44.357+0000] {dag.py:3722} INFO - Setting next_dagrun for tutorial_taskflow_api to None, run_after=None
[2025-05-08T16:15:44.390+0000] {processor.py:179} INFO - Processing /home/airflow/.local/lib/python3.8/site-packages/airflow/example_dags/tutorial_taskflow_api.py took 0.099 seconds
[2025-05-08T16:16:14.695+0000] {processor.py:157} INFO - Started process (PID=631) to work on /home/airflow/.local/lib/python3.8/site-packages/airflow/example_dags/tutorial_taskflow_api.py
[2025-05-08T16:16:14.696+0000] {processor.py:829} INFO - Processing file /home/airflow/.local/lib/python3.8/site-packages/airflow/example_dags/tutorial_taskflow_api.py for tasks to queue
[2025-05-08T16:16:14.700+0000] {logging_mixin.py:154} INFO - [2025-05-08T16:16:14.700+0000] {dagbag.py:536} INFO - Filling up the DagBag from /home/airflow/.local/lib/python3.8/site-packages/airflow/example_dags/tutorial_taskflow_api.py
[2025-05-08T16:16:14.711+0000] {processor.py:839} INFO - DAG(s) dict_keys(['tutorial_taskflow_api']) retrieved from /home/airflow/.local/lib/python3.8/site-packages/airflow/example_dags/tutorial_taskflow_api.py
[2025-05-08T16:16:14.755+0000] {logging_mixin.py:154} INFO - [2025-05-08T16:16:14.754+0000] {dag.py:2941} INFO - Sync 1 DAGs
[2025-05-08T16:16:14.782+0000] {logging_mixin.py:154} INFO - [2025-05-08T16:16:14.782+0000] {dag.py:3722} INFO - Setting next_dagrun for tutorial_taskflow_api to None, run_after=None
[2025-05-08T16:16:14.834+0000] {processor.py:179} INFO - Processing /home/airflow/.local/lib/python3.8/site-packages/airflow/example_dags/tutorial_taskflow_api.py took 0.143 seconds
[2025-05-08T16:16:45.809+0000] {processor.py:157} INFO - Started process (PID=686) to work on /home/airflow/.local/lib/python3.8/site-packages/airflow/example_dags/tutorial_taskflow_api.py
[2025-05-08T16:16:45.811+0000] {processor.py:829} INFO - Processing file /home/airflow/.local/lib/python3.8/site-packages/airflow/example_dags/tutorial_taskflow_api.py for tasks to queue
[2025-05-08T16:16:45.815+0000] {logging_mixin.py:154} INFO - [2025-05-08T16:16:45.815+0000] {dagbag.py:536} INFO - Filling up the DagBag from /home/airflow/.local/lib/python3.8/site-packages/airflow/example_dags/tutorial_taskflow_api.py
[2025-05-08T16:16:45.826+0000] {processor.py:839} INFO - DAG(s) dict_keys(['tutorial_taskflow_api']) retrieved from /home/airflow/.local/lib/python3.8/site-packages/airflow/example_dags/tutorial_taskflow_api.py
[2025-05-08T16:16:45.859+0000] {logging_mixin.py:154} INFO - [2025-05-08T16:16:45.858+0000] {dag.py:2941} INFO - Sync 1 DAGs
[2025-05-08T16:16:45.881+0000] {logging_mixin.py:154} INFO - [2025-05-08T16:16:45.881+0000] {dag.py:3722} INFO - Setting next_dagrun for tutorial_taskflow_api to None, run_after=None
[2025-05-08T16:16:45.919+0000] {processor.py:179} INFO - Processing /home/airflow/.local/lib/python3.8/site-packages/airflow/example_dags/tutorial_taskflow_api.py took 0.115 seconds
[2025-05-08T16:17:16.060+0000] {processor.py:157} INFO - Started process (PID=741) to work on /home/airflow/.local/lib/python3.8/site-packages/airflow/example_dags/tutorial_taskflow_api.py
[2025-05-08T16:17:16.062+0000] {processor.py:829} INFO - Processing file /home/airflow/.local/lib/python3.8/site-packages/airflow/example_dags/tutorial_taskflow_api.py for tasks to queue
[2025-05-08T16:17:16.066+0000] {logging_mixin.py:154} INFO - [2025-05-08T16:17:16.065+0000] {dagbag.py:536} INFO - Filling up the DagBag from /home/airflow/.local/lib/python3.8/site-packages/airflow/example_dags/tutorial_taskflow_api.py
[2025-05-08T16:17:16.076+0000] {processor.py:839} INFO - DAG(s) dict_keys(['tutorial_taskflow_api']) retrieved from /home/airflow/.local/lib/python3.8/site-packages/airflow/example_dags/tutorial_taskflow_api.py
[2025-05-08T16:17:16.106+0000] {logging_mixin.py:154} INFO - [2025-05-08T16:17:16.105+0000] {dag.py:2941} INFO - Sync 1 DAGs
[2025-05-08T16:17:16.129+0000] {logging_mixin.py:154} INFO - [2025-05-08T16:17:16.129+0000] {dag.py:3722} INFO - Setting next_dagrun for tutorial_taskflow_api to None, run_after=None
[2025-05-08T16:17:16.155+0000] {processor.py:179} INFO - Processing /home/airflow/.local/lib/python3.8/site-packages/airflow/example_dags/tutorial_taskflow_api.py took 0.102 seconds
[2025-05-08T16:17:46.363+0000] {processor.py:157} INFO - Started process (PID=796) to work on /home/airflow/.local/lib/python3.8/site-packages/airflow/example_dags/tutorial_taskflow_api.py
[2025-05-08T16:17:46.365+0000] {processor.py:829} INFO - Processing file /home/airflow/.local/lib/python3.8/site-packages/airflow/example_dags/tutorial_taskflow_api.py for tasks to queue
[2025-05-08T16:17:46.368+0000] {logging_mixin.py:154} INFO - [2025-05-08T16:17:46.368+0000] {dagbag.py:536} INFO - Filling up the DagBag from /home/airflow/.local/lib/python3.8/site-packages/airflow/example_dags/tutorial_taskflow_api.py
[2025-05-08T16:17:46.377+0000] {processor.py:839} INFO - DAG(s) dict_keys(['tutorial_taskflow_api']) retrieved from /home/airflow/.local/lib/python3.8/site-packages/airflow/example_dags/tutorial_taskflow_api.py
[2025-05-08T16:17:46.420+0000] {logging_mixin.py:154} INFO - [2025-05-08T16:17:46.419+0000] {dag.py:2941} INFO - Sync 1 DAGs
[2025-05-08T16:17:46.440+0000] {logging_mixin.py:154} INFO - [2025-05-08T16:17:46.440+0000] {dag.py:3722} INFO - Setting next_dagrun for tutorial_taskflow_api to None, run_after=None
[2025-05-08T16:17:46.484+0000] {processor.py:179} INFO - Processing /home/airflow/.local/lib/python3.8/site-packages/airflow/example_dags/tutorial_taskflow_api.py took 0.127 seconds
