[2025-05-08T16:11:11.808+0000] {processor.py:157} INFO - Started process (PID=96) to work on /home/airflow/.local/lib/python3.8/site-packages/airflow/example_dags/tutorial_dag.py
[2025-05-08T16:11:11.810+0000] {processor.py:829} INFO - Processing file /home/airflow/.local/lib/python3.8/site-packages/airflow/example_dags/tutorial_dag.py for tasks to queue
[2025-05-08T16:11:11.819+0000] {logging_mixin.py:154} INFO - [2025-05-08T16:11:11.818+0000] {dagbag.py:536} INFO - Filling up the DagBag from /home/airflow/.local/lib/python3.8/site-packages/airflow/example_dags/tutorial_dag.py
[2025-05-08T16:11:11.842+0000] {processor.py:839} INFO - DAG(s) dict_keys(['tutorial_dag']) retrieved from /home/airflow/.local/lib/python3.8/site-packages/airflow/example_dags/tutorial_dag.py
[2025-05-08T16:11:11.948+0000] {logging_mixin.py:154} INFO - [2025-05-08T16:11:11.948+0000] {dag.py:2941} INFO - Sync 1 DAGs
[2025-05-08T16:11:11.995+0000] {logging_mixin.py:154} INFO - [2025-05-08T16:11:11.995+0000] {dag.py:3722} INFO - Setting next_dagrun for tutorial_dag to None, run_after=None
[2025-05-08T16:11:12.046+0000] {processor.py:179} INFO - Processing /home/airflow/.local/lib/python3.8/site-packages/airflow/example_dags/tutorial_dag.py took 0.251 seconds
[2025-05-08T16:11:42.653+0000] {processor.py:157} INFO - Started process (PID=151) to work on /home/airflow/.local/lib/python3.8/site-packages/airflow/example_dags/tutorial_dag.py
[2025-05-08T16:11:42.654+0000] {processor.py:829} INFO - Processing file /home/airflow/.local/lib/python3.8/site-packages/airflow/example_dags/tutorial_dag.py for tasks to queue
[2025-05-08T16:11:42.658+0000] {logging_mixin.py:154} INFO - [2025-05-08T16:11:42.657+0000] {dagbag.py:536} INFO - Filling up the DagBag from /home/airflow/.local/lib/python3.8/site-packages/airflow/example_dags/tutorial_dag.py
[2025-05-08T16:11:42.668+0000] {processor.py:839} INFO - DAG(s) dict_keys(['tutorial_dag']) retrieved from /home/airflow/.local/lib/python3.8/site-packages/airflow/example_dags/tutorial_dag.py
[2025-05-08T16:11:42.718+0000] {logging_mixin.py:154} INFO - [2025-05-08T16:11:42.718+0000] {dag.py:2941} INFO - Sync 1 DAGs
[2025-05-08T16:11:42.747+0000] {logging_mixin.py:154} INFO - [2025-05-08T16:11:42.747+0000] {dag.py:3722} INFO - Setting next_dagrun for tutorial_dag to None, run_after=None
[2025-05-08T16:11:42.799+0000] {processor.py:179} INFO - Processing /home/airflow/.local/lib/python3.8/site-packages/airflow/example_dags/tutorial_dag.py took 0.152 seconds
[2025-05-08T16:12:12.888+0000] {processor.py:157} INFO - Started process (PID=206) to work on /home/airflow/.local/lib/python3.8/site-packages/airflow/example_dags/tutorial_dag.py
[2025-05-08T16:12:12.889+0000] {processor.py:829} INFO - Processing file /home/airflow/.local/lib/python3.8/site-packages/airflow/example_dags/tutorial_dag.py for tasks to queue
[2025-05-08T16:12:12.893+0000] {logging_mixin.py:154} INFO - [2025-05-08T16:12:12.893+0000] {dagbag.py:536} INFO - Filling up the DagBag from /home/airflow/.local/lib/python3.8/site-packages/airflow/example_dags/tutorial_dag.py
[2025-05-08T16:12:12.900+0000] {processor.py:839} INFO - DAG(s) dict_keys(['tutorial_dag']) retrieved from /home/airflow/.local/lib/python3.8/site-packages/airflow/example_dags/tutorial_dag.py
[2025-05-08T16:12:12.940+0000] {logging_mixin.py:154} INFO - [2025-05-08T16:12:12.940+0000] {dag.py:2941} INFO - Sync 1 DAGs
[2025-05-08T16:12:12.961+0000] {logging_mixin.py:154} INFO - [2025-05-08T16:12:12.961+0000] {dag.py:3722} INFO - Setting next_dagrun for tutorial_dag to None, run_after=None
[2025-05-08T16:12:13.003+0000] {processor.py:179} INFO - Processing /home/airflow/.local/lib/python3.8/site-packages/airflow/example_dags/tutorial_dag.py took 0.119 seconds
[2025-05-08T16:12:43.590+0000] {processor.py:157} INFO - Started process (PID=261) to work on /home/airflow/.local/lib/python3.8/site-packages/airflow/example_dags/tutorial_dag.py
[2025-05-08T16:12:43.592+0000] {processor.py:829} INFO - Processing file /home/airflow/.local/lib/python3.8/site-packages/airflow/example_dags/tutorial_dag.py for tasks to queue
[2025-05-08T16:12:43.595+0000] {logging_mixin.py:154} INFO - [2025-05-08T16:12:43.594+0000] {dagbag.py:536} INFO - Filling up the DagBag from /home/airflow/.local/lib/python3.8/site-packages/airflow/example_dags/tutorial_dag.py
[2025-05-08T16:12:43.603+0000] {processor.py:839} INFO - DAG(s) dict_keys(['tutorial_dag']) retrieved from /home/airflow/.local/lib/python3.8/site-packages/airflow/example_dags/tutorial_dag.py
[2025-05-08T16:12:43.640+0000] {logging_mixin.py:154} INFO - [2025-05-08T16:12:43.640+0000] {dag.py:2941} INFO - Sync 1 DAGs
[2025-05-08T16:12:43.659+0000] {logging_mixin.py:154} INFO - [2025-05-08T16:12:43.659+0000] {dag.py:3722} INFO - Setting next_dagrun for tutorial_dag to None, run_after=None
[2025-05-08T16:12:43.695+0000] {processor.py:179} INFO - Processing /home/airflow/.local/lib/python3.8/site-packages/airflow/example_dags/tutorial_dag.py took 0.109 seconds
[2025-05-08T16:13:14.301+0000] {processor.py:157} INFO - Started process (PID=316) to work on /home/airflow/.local/lib/python3.8/site-packages/airflow/example_dags/tutorial_dag.py
[2025-05-08T16:13:14.302+0000] {processor.py:829} INFO - Processing file /home/airflow/.local/lib/python3.8/site-packages/airflow/example_dags/tutorial_dag.py for tasks to queue
[2025-05-08T16:13:14.305+0000] {logging_mixin.py:154} INFO - [2025-05-08T16:13:14.305+0000] {dagbag.py:536} INFO - Filling up the DagBag from /home/airflow/.local/lib/python3.8/site-packages/airflow/example_dags/tutorial_dag.py
[2025-05-08T16:13:14.315+0000] {processor.py:839} INFO - DAG(s) dict_keys(['tutorial_dag']) retrieved from /home/airflow/.local/lib/python3.8/site-packages/airflow/example_dags/tutorial_dag.py
[2025-05-08T16:13:14.349+0000] {logging_mixin.py:154} INFO - [2025-05-08T16:13:14.349+0000] {dag.py:2941} INFO - Sync 1 DAGs
[2025-05-08T16:13:14.370+0000] {logging_mixin.py:154} INFO - [2025-05-08T16:13:14.370+0000] {dag.py:3722} INFO - Setting next_dagrun for tutorial_dag to None, run_after=None
[2025-05-08T16:13:14.406+0000] {processor.py:179} INFO - Processing /home/airflow/.local/lib/python3.8/site-packages/airflow/example_dags/tutorial_dag.py took 0.110 seconds
[2025-05-08T16:13:44.925+0000] {processor.py:157} INFO - Started process (PID=371) to work on /home/airflow/.local/lib/python3.8/site-packages/airflow/example_dags/tutorial_dag.py
[2025-05-08T16:13:44.927+0000] {processor.py:829} INFO - Processing file /home/airflow/.local/lib/python3.8/site-packages/airflow/example_dags/tutorial_dag.py for tasks to queue
[2025-05-08T16:13:44.930+0000] {logging_mixin.py:154} INFO - [2025-05-08T16:13:44.930+0000] {dagbag.py:536} INFO - Filling up the DagBag from /home/airflow/.local/lib/python3.8/site-packages/airflow/example_dags/tutorial_dag.py
[2025-05-08T16:13:44.940+0000] {processor.py:839} INFO - DAG(s) dict_keys(['tutorial_dag']) retrieved from /home/airflow/.local/lib/python3.8/site-packages/airflow/example_dags/tutorial_dag.py
[2025-05-08T16:13:44.975+0000] {logging_mixin.py:154} INFO - [2025-05-08T16:13:44.975+0000] {dag.py:2941} INFO - Sync 1 DAGs
[2025-05-08T16:13:45.012+0000] {logging_mixin.py:154} INFO - [2025-05-08T16:13:45.012+0000] {dag.py:3722} INFO - Setting next_dagrun for tutorial_dag to None, run_after=None
[2025-05-08T16:13:45.069+0000] {processor.py:179} INFO - Processing /home/airflow/.local/lib/python3.8/site-packages/airflow/example_dags/tutorial_dag.py took 0.150 seconds
[2025-05-08T16:14:15.667+0000] {processor.py:157} INFO - Started process (PID=426) to work on /home/airflow/.local/lib/python3.8/site-packages/airflow/example_dags/tutorial_dag.py
[2025-05-08T16:14:15.669+0000] {processor.py:829} INFO - Processing file /home/airflow/.local/lib/python3.8/site-packages/airflow/example_dags/tutorial_dag.py for tasks to queue
[2025-05-08T16:14:15.673+0000] {logging_mixin.py:154} INFO - [2025-05-08T16:14:15.672+0000] {dagbag.py:536} INFO - Filling up the DagBag from /home/airflow/.local/lib/python3.8/site-packages/airflow/example_dags/tutorial_dag.py
[2025-05-08T16:14:15.685+0000] {processor.py:839} INFO - DAG(s) dict_keys(['tutorial_dag']) retrieved from /home/airflow/.local/lib/python3.8/site-packages/airflow/example_dags/tutorial_dag.py
[2025-05-08T16:14:15.719+0000] {logging_mixin.py:154} INFO - [2025-05-08T16:14:15.719+0000] {dag.py:2941} INFO - Sync 1 DAGs
[2025-05-08T16:14:15.737+0000] {logging_mixin.py:154} INFO - [2025-05-08T16:14:15.737+0000] {dag.py:3722} INFO - Setting next_dagrun for tutorial_dag to None, run_after=None
[2025-05-08T16:14:15.768+0000] {processor.py:179} INFO - Processing /home/airflow/.local/lib/python3.8/site-packages/airflow/example_dags/tutorial_dag.py took 0.107 seconds
[2025-05-08T16:14:46.339+0000] {processor.py:157} INFO - Started process (PID=481) to work on /home/airflow/.local/lib/python3.8/site-packages/airflow/example_dags/tutorial_dag.py
[2025-05-08T16:14:46.341+0000] {processor.py:829} INFO - Processing file /home/airflow/.local/lib/python3.8/site-packages/airflow/example_dags/tutorial_dag.py for tasks to queue
[2025-05-08T16:14:46.345+0000] {logging_mixin.py:154} INFO - [2025-05-08T16:14:46.345+0000] {dagbag.py:536} INFO - Filling up the DagBag from /home/airflow/.local/lib/python3.8/site-packages/airflow/example_dags/tutorial_dag.py
[2025-05-08T16:14:46.354+0000] {processor.py:839} INFO - DAG(s) dict_keys(['tutorial_dag']) retrieved from /home/airflow/.local/lib/python3.8/site-packages/airflow/example_dags/tutorial_dag.py
[2025-05-08T16:14:46.391+0000] {logging_mixin.py:154} INFO - [2025-05-08T16:14:46.390+0000] {dag.py:2941} INFO - Sync 1 DAGs
[2025-05-08T16:14:46.409+0000] {logging_mixin.py:154} INFO - [2025-05-08T16:14:46.409+0000] {dag.py:3722} INFO - Setting next_dagrun for tutorial_dag to None, run_after=None
[2025-05-08T16:14:46.439+0000] {processor.py:179} INFO - Processing /home/airflow/.local/lib/python3.8/site-packages/airflow/example_dags/tutorial_dag.py took 0.105 seconds
[2025-05-08T16:15:17.431+0000] {processor.py:157} INFO - Started process (PID=536) to work on /home/airflow/.local/lib/python3.8/site-packages/airflow/example_dags/tutorial_dag.py
[2025-05-08T16:15:17.433+0000] {processor.py:829} INFO - Processing file /home/airflow/.local/lib/python3.8/site-packages/airflow/example_dags/tutorial_dag.py for tasks to queue
[2025-05-08T16:15:17.436+0000] {logging_mixin.py:154} INFO - [2025-05-08T16:15:17.436+0000] {dagbag.py:536} INFO - Filling up the DagBag from /home/airflow/.local/lib/python3.8/site-packages/airflow/example_dags/tutorial_dag.py
[2025-05-08T16:15:17.444+0000] {processor.py:839} INFO - DAG(s) dict_keys(['tutorial_dag']) retrieved from /home/airflow/.local/lib/python3.8/site-packages/airflow/example_dags/tutorial_dag.py
[2025-05-08T16:15:17.475+0000] {logging_mixin.py:154} INFO - [2025-05-08T16:15:17.475+0000] {dag.py:2941} INFO - Sync 1 DAGs
[2025-05-08T16:15:17.495+0000] {logging_mixin.py:154} INFO - [2025-05-08T16:15:17.494+0000] {dag.py:3722} INFO - Setting next_dagrun for tutorial_dag to None, run_after=None
[2025-05-08T16:15:17.523+0000] {processor.py:179} INFO - Processing /home/airflow/.local/lib/python3.8/site-packages/airflow/example_dags/tutorial_dag.py took 0.097 seconds
[2025-05-08T16:15:47.672+0000] {processor.py:157} INFO - Started process (PID=591) to work on /home/airflow/.local/lib/python3.8/site-packages/airflow/example_dags/tutorial_dag.py
[2025-05-08T16:15:47.673+0000] {processor.py:829} INFO - Processing file /home/airflow/.local/lib/python3.8/site-packages/airflow/example_dags/tutorial_dag.py for tasks to queue
[2025-05-08T16:15:47.677+0000] {logging_mixin.py:154} INFO - [2025-05-08T16:15:47.677+0000] {dagbag.py:536} INFO - Filling up the DagBag from /home/airflow/.local/lib/python3.8/site-packages/airflow/example_dags/tutorial_dag.py
[2025-05-08T16:15:47.686+0000] {processor.py:839} INFO - DAG(s) dict_keys(['tutorial_dag']) retrieved from /home/airflow/.local/lib/python3.8/site-packages/airflow/example_dags/tutorial_dag.py
[2025-05-08T16:15:47.726+0000] {logging_mixin.py:154} INFO - [2025-05-08T16:15:47.725+0000] {dag.py:2941} INFO - Sync 1 DAGs
[2025-05-08T16:15:47.743+0000] {logging_mixin.py:154} INFO - [2025-05-08T16:15:47.743+0000] {dag.py:3722} INFO - Setting next_dagrun for tutorial_dag to None, run_after=None
[2025-05-08T16:15:47.787+0000] {processor.py:179} INFO - Processing /home/airflow/.local/lib/python3.8/site-packages/airflow/example_dags/tutorial_dag.py took 0.120 seconds
[2025-05-08T16:16:18.560+0000] {processor.py:157} INFO - Started process (PID=646) to work on /home/airflow/.local/lib/python3.8/site-packages/airflow/example_dags/tutorial_dag.py
[2025-05-08T16:16:18.562+0000] {processor.py:829} INFO - Processing file /home/airflow/.local/lib/python3.8/site-packages/airflow/example_dags/tutorial_dag.py for tasks to queue
[2025-05-08T16:16:18.566+0000] {logging_mixin.py:154} INFO - [2025-05-08T16:16:18.566+0000] {dagbag.py:536} INFO - Filling up the DagBag from /home/airflow/.local/lib/python3.8/site-packages/airflow/example_dags/tutorial_dag.py
[2025-05-08T16:16:18.575+0000] {processor.py:839} INFO - DAG(s) dict_keys(['tutorial_dag']) retrieved from /home/airflow/.local/lib/python3.8/site-packages/airflow/example_dags/tutorial_dag.py
[2025-05-08T16:16:18.601+0000] {logging_mixin.py:154} INFO - [2025-05-08T16:16:18.600+0000] {dag.py:2941} INFO - Sync 1 DAGs
[2025-05-08T16:16:18.623+0000] {logging_mixin.py:154} INFO - [2025-05-08T16:16:18.623+0000] {dag.py:3722} INFO - Setting next_dagrun for tutorial_dag to None, run_after=None
[2025-05-08T16:16:18.654+0000] {processor.py:179} INFO - Processing /home/airflow/.local/lib/python3.8/site-packages/airflow/example_dags/tutorial_dag.py took 0.099 seconds
[2025-05-08T16:16:49.186+0000] {processor.py:157} INFO - Started process (PID=701) to work on /home/airflow/.local/lib/python3.8/site-packages/airflow/example_dags/tutorial_dag.py
[2025-05-08T16:16:49.187+0000] {processor.py:829} INFO - Processing file /home/airflow/.local/lib/python3.8/site-packages/airflow/example_dags/tutorial_dag.py for tasks to queue
[2025-05-08T16:16:49.189+0000] {logging_mixin.py:154} INFO - [2025-05-08T16:16:49.189+0000] {dagbag.py:536} INFO - Filling up the DagBag from /home/airflow/.local/lib/python3.8/site-packages/airflow/example_dags/tutorial_dag.py
[2025-05-08T16:16:49.205+0000] {processor.py:839} INFO - DAG(s) dict_keys(['tutorial_dag']) retrieved from /home/airflow/.local/lib/python3.8/site-packages/airflow/example_dags/tutorial_dag.py
[2025-05-08T16:16:49.239+0000] {logging_mixin.py:154} INFO - [2025-05-08T16:16:49.238+0000] {dag.py:2941} INFO - Sync 1 DAGs
[2025-05-08T16:16:49.267+0000] {logging_mixin.py:154} INFO - [2025-05-08T16:16:49.267+0000] {dag.py:3722} INFO - Setting next_dagrun for tutorial_dag to None, run_after=None
[2025-05-08T16:16:49.319+0000] {processor.py:179} INFO - Processing /home/airflow/.local/lib/python3.8/site-packages/airflow/example_dags/tutorial_dag.py took 0.138 seconds
[2025-05-08T16:17:20.335+0000] {processor.py:157} INFO - Started process (PID=756) to work on /home/airflow/.local/lib/python3.8/site-packages/airflow/example_dags/tutorial_dag.py
[2025-05-08T16:17:20.336+0000] {processor.py:829} INFO - Processing file /home/airflow/.local/lib/python3.8/site-packages/airflow/example_dags/tutorial_dag.py for tasks to queue
[2025-05-08T16:17:20.339+0000] {logging_mixin.py:154} INFO - [2025-05-08T16:17:20.338+0000] {dagbag.py:536} INFO - Filling up the DagBag from /home/airflow/.local/lib/python3.8/site-packages/airflow/example_dags/tutorial_dag.py
[2025-05-08T16:17:20.345+0000] {processor.py:839} INFO - DAG(s) dict_keys(['tutorial_dag']) retrieved from /home/airflow/.local/lib/python3.8/site-packages/airflow/example_dags/tutorial_dag.py
[2025-05-08T16:17:20.381+0000] {logging_mixin.py:154} INFO - [2025-05-08T16:17:20.380+0000] {dag.py:2941} INFO - Sync 1 DAGs
[2025-05-08T16:17:20.399+0000] {logging_mixin.py:154} INFO - [2025-05-08T16:17:20.399+0000] {dag.py:3722} INFO - Setting next_dagrun for tutorial_dag to None, run_after=None
[2025-05-08T16:17:20.428+0000] {processor.py:179} INFO - Processing /home/airflow/.local/lib/python3.8/site-packages/airflow/example_dags/tutorial_dag.py took 0.098 seconds
[2025-05-08T16:17:51.029+0000] {processor.py:157} INFO - Started process (PID=811) to work on /home/airflow/.local/lib/python3.8/site-packages/airflow/example_dags/tutorial_dag.py
[2025-05-08T16:17:51.031+0000] {processor.py:829} INFO - Processing file /home/airflow/.local/lib/python3.8/site-packages/airflow/example_dags/tutorial_dag.py for tasks to queue
[2025-05-08T16:17:51.040+0000] {logging_mixin.py:154} INFO - [2025-05-08T16:17:51.039+0000] {dagbag.py:536} INFO - Filling up the DagBag from /home/airflow/.local/lib/python3.8/site-packages/airflow/example_dags/tutorial_dag.py
[2025-05-08T16:17:51.053+0000] {processor.py:839} INFO - DAG(s) dict_keys(['tutorial_dag']) retrieved from /home/airflow/.local/lib/python3.8/site-packages/airflow/example_dags/tutorial_dag.py
[2025-05-08T16:17:51.096+0000] {logging_mixin.py:154} INFO - [2025-05-08T16:17:51.096+0000] {dag.py:2941} INFO - Sync 1 DAGs
[2025-05-08T16:17:51.123+0000] {logging_mixin.py:154} INFO - [2025-05-08T16:17:51.123+0000] {dag.py:3722} INFO - Setting next_dagrun for tutorial_dag to None, run_after=None
[2025-05-08T16:17:51.167+0000] {processor.py:179} INFO - Processing /home/airflow/.local/lib/python3.8/site-packages/airflow/example_dags/tutorial_dag.py took 0.144 seconds
